[0.070s] Invoking command in '/home/vboxuser/Haste/build/custom_interfaces': CMAKE_PREFIX_PATH=${CMAKE_PREFIX_PATH}:/home/vboxuser/ros2_humble/install/rqt_bag_plugins:/home/vboxuser/ros2_humble/install/rqt_bag:/home/vboxuser/ros2_humble/install/ros2bag:/home/vboxuser/ros2_humble/install/tracetools_test:/home/vboxuser/ros2_humble/install/tracetools_launch:/home/vboxuser/ros2_humble/install/topic_monitor:/home/vboxuser/ros2_humble/install/tf2_tools:/home/vboxuser/ros2_humble/install/examples_tf2_py:/home/vboxuser/ros2_humble/install/tf2_ros_py:/home/vboxuser/ros2_humble/install/sros2:/home/vboxuser/ros2_humble/install/rqt_topic:/home/vboxuser/ros2_humble/install/rqt_srv:/home/vboxuser/ros2_humble/install/rqt_shell:/home/vboxuser/ros2_humble/install/rqt_service_caller:/home/vboxuser/ros2_humble/install/rqt_reconfigure:/home/vboxuser/ros2_humble/install/rqt_py_console:/home/vboxuser/ros2_humble/install/rqt_publisher:/home/vboxuser/ros2_humble/install/rqt_plot:/home/vboxuser/ros2_humble/install/rqt_action:/home/vboxuser/ros2_humble/install/rqt_msg:/home/vboxuser/ros2_humble/install/rqt_console:/home/vboxuser/ros2_humble/install/rqt:/home/vboxuser/ros2_humble/install/rqt_graph:/home/vboxuser/ros2_humble/install/rqt_gui_py:/home/vboxuser/ros2_humble/install/rqt_gui:/home/vboxuser/ros2_humble/install/ros2trace:/home/vboxuser/ros2_humble/install/ros2topic:/home/vboxuser/ros2_humble/install/ros2test:/home/vboxuser/ros2_humble/install/ros2component:/home/vboxuser/ros2_humble/install/ros2param:/home/vboxuser/ros2_humble/install/ros2lifecycle:/home/vboxuser/ros2_humble/install/ros2service:/home/vboxuser/ros2_humble/install/ros2run:/home/vboxuser/ros2_humble/install/ros2launch:/home/vboxuser/ros2_humble/install/ros2pkg:/home/vboxuser/ros2_humble/install/ros2node:/home/vboxuser/ros2_humble/install/ros2multicast:/home/vboxuser/ros2_humble/install/ros2interface:/home/vboxuser/ros2_humble/install/ros2doctor:/home/vboxuser/ros2_humble/install/ros2action:/home/vboxuser/ros2_humble/install/ros2cli:/home/vboxuser/ros2_humble/install/quality_of_service_demo_py:/home/vboxuser/ros2_humble/install/lifecycle_py:/home/vboxuser/ros2_humble/install/launch_testing_ros:/home/vboxuser/ros2_humble/install/launch_ros:/home/vboxuser/ros2_humble/install/examples_rclpy_pointcloud_publisher:/home/vboxuser/ros2_humble/install/examples_rclpy_minimal_subscriber:/home/vboxuser/ros2_humble/install/examples_rclpy_minimal_service:/home/vboxuser/ros2_humble/install/examples_rclpy_minimal_publisher:/home/vboxuser/ros2_humble/install/examples_rclpy_minimal_client:/home/vboxuser/ros2_humble/install/examples_rclpy_minimal_action_server:/home/vboxuser/ros2_humble/install/examples_rclpy_minimal_action_client:/home/vboxuser/ros2_humble/install/examples_rclpy_guard_conditions:/home/vboxuser/ros2_humble/install/examples_rclpy_executors:/home/vboxuser/ros2_humble/install/demo_nodes_py:/home/vboxuser/ros2_humble/install/action_tutorials_py:/home/vboxuser/ros2_humble/install/ament_uncrustify:/home/vboxuser/ros2_humble/install/tracetools_trace:/home/vboxuser/ros2_humble/install/tracetools_read:/home/vboxuser/ros2_humble/install/test_tracetools_launch:/home/vboxuser/ros2_humble/install/test_launch_ros:/home/vboxuser/ros2_humble/install/sensor_msgs_py:/home/vboxuser/ros2_humble/install/rpyutils:/home/vboxuser/ros2_humble/install/rosidl_runtime_py:/home/vboxuser/ros2_humble/install/rosidl_cli:/home/vboxuser/ros2_humble/install/launch_pytest:/home/vboxuser/ros2_humble/install/launch_testing:/home/vboxuser/ros2_humble/install/launch_yaml:/home/vboxuser/ros2_humble/install/launch_xml:/home/vboxuser/ros2_humble/install/launch:/home/vboxuser/ros2_humble/install/osrf_pycommon:/home/vboxuser/ros2_humble/install/launch_testing_examples:/home/vboxuser/ros2_humble/install/domain_coordinator:/home/vboxuser/ros2_humble/install/ament_xmllint:/home/vboxuser/ros2_humble/install/ament_pyflakes:/home/vboxuser/ros2_humble/install/ament_pycodestyle:/home/vboxuser/ros2_humble/install/ament_pep257:/home/vboxuser/ros2_humble/install/ament_pclint:/home/vboxuser/ros2_humble/install/ament_package:/home/vboxuser/ros2_humble/install/ament_mypy:/home/vboxuser/ros2_humble/install/ament_lint_cmake:/home/vboxuser/ros2_humble/install/ament_flake8:/home/vboxuser/ros2_humble/install/ament_copyright:/home/vboxuser/ros2_humble/install/ament_lint:/home/vboxuser/ros2_humble/install/ament_index_python:/home/vboxuser/ros2_humble/install/ament_cpplint:/home/vboxuser/ros2_humble/install/ament_cppcheck:/home/vboxuser/ros2_humble/install/ament_clang_tidy:/home/vboxuser/ros2_humble/install/ament_clang_format /usr/bin/cmake --build /home/vboxuser/Haste/build/custom_interfaces -- -j4 -l4
[0.177s] [35m[1mConsolidate compiler generated dependencies of target custom_interfaces__rosidl_generator_c[0m
[0.190s] [  1%] Built target custom_interfaces__cpp
[0.202s] [ 12%] Built target custom_interfaces__rosidl_generator_c
[0.215s] [35m[1mConsolidate compiler generated dependencies of target custom_interfaces__rosidl_typesupport_cpp[0m
[0.215s] [ 12%] Built target ament_cmake_python_copy_custom_interfaces
[0.215s] [35m[1mConsolidate compiler generated dependencies of target custom_interfaces__rosidl_typesupport_fastrtps_cpp[0m
[0.225s] [35m[1mConsolidate compiler generated dependencies of target custom_interfaces__rosidl_typesupport_introspection_cpp[0m
[0.242s] [35m[1mConsolidate compiler generated dependencies of target custom_interfaces__rosidl_typesupport_fastrtps_c[0m
[0.242s] [ 23%] Built target custom_interfaces__rosidl_typesupport_cpp
[0.266s] [ 34%] Built target custom_interfaces__rosidl_typesupport_fastrtps_cpp
[0.274s] [35m[1mConsolidate compiler generated dependencies of target custom_interfaces__rosidl_typesupport_introspection_c[0m
[0.274s] [ 52%] Built target custom_interfaces__rosidl_typesupport_fastrtps_c
[0.274s] [ 56%] Built target custom_interfaces__rosidl_typesupport_introspection_cpp
[0.292s] [35m[1mConsolidate compiler generated dependencies of target custom_interfaces__rosidl_typesupport_c[0m
[0.306s] [ 67%] Built target custom_interfaces__rosidl_typesupport_introspection_c
[0.316s] [ 78%] Built target custom_interfaces__rosidl_typesupport_c
[0.371s] [ 78%] Built target custom_interfaces
[0.412s] [ 80%] Built target custom_interfaces__py
[0.443s] [35m[1mConsolidate compiler generated dependencies of target custom_interfaces__rosidl_generator_py[0m
[0.473s] [ 89%] Built target custom_interfaces__rosidl_generator_py
[0.545s] [35m[1mConsolidate compiler generated dependencies of target custom_interfaces__rosidl_typesupport_fastrtps_c__pyext[0m
[0.553s] [35m[1mConsolidate compiler generated dependencies of target custom_interfaces__rosidl_typesupport_c__pyext[0m
[0.560s] [35m[1mConsolidate compiler generated dependencies of target custom_interfaces__rosidl_typesupport_introspection_c__pyext[0m
[0.619s] [ 92%] Built target custom_interfaces__rosidl_typesupport_introspection_c__pyext
[0.629s] [ 96%] Built target custom_interfaces__rosidl_typesupport_c__pyext
[0.630s] [100%] Built target custom_interfaces__rosidl_typesupport_fastrtps_c__pyext
[0.771s] running egg_info
[0.771s] writing custom_interfaces.egg-info/PKG-INFO
[0.772s] writing dependency_links to custom_interfaces.egg-info/dependency_links.txt
[0.772s] writing top-level names to custom_interfaces.egg-info/top_level.txt
[0.775s] reading manifest file 'custom_interfaces.egg-info/SOURCES.txt'
[0.775s] writing manifest file 'custom_interfaces.egg-info/SOURCES.txt'
[0.808s] [100%] Built target ament_cmake_python_build_custom_interfaces_egg
[0.835s] Invoked command in '/home/vboxuser/Haste/build/custom_interfaces' returned '0': CMAKE_PREFIX_PATH=${CMAKE_PREFIX_PATH}:/home/vboxuser/ros2_humble/install/rqt_bag_plugins:/home/vboxuser/ros2_humble/install/rqt_bag:/home/vboxuser/ros2_humble/install/ros2bag:/home/vboxuser/ros2_humble/install/tracetools_test:/home/vboxuser/ros2_humble/install/tracetools_launch:/home/vboxuser/ros2_humble/install/topic_monitor:/home/vboxuser/ros2_humble/install/tf2_tools:/home/vboxuser/ros2_humble/install/examples_tf2_py:/home/vboxuser/ros2_humble/install/tf2_ros_py:/home/vboxuser/ros2_humble/install/sros2:/home/vboxuser/ros2_humble/install/rqt_topic:/home/vboxuser/ros2_humble/install/rqt_srv:/home/vboxuser/ros2_humble/install/rqt_shell:/home/vboxuser/ros2_humble/install/rqt_service_caller:/home/vboxuser/ros2_humble/install/rqt_reconfigure:/home/vboxuser/ros2_humble/install/rqt_py_console:/home/vboxuser/ros2_humble/install/rqt_publisher:/home/vboxuser/ros2_humble/install/rqt_plot:/home/vboxuser/ros2_humble/install/rqt_action:/home/vboxuser/ros2_humble/install/rqt_msg:/home/vboxuser/ros2_humble/install/rqt_console:/home/vboxuser/ros2_humble/install/rqt:/home/vboxuser/ros2_humble/install/rqt_graph:/home/vboxuser/ros2_humble/install/rqt_gui_py:/home/vboxuser/ros2_humble/install/rqt_gui:/home/vboxuser/ros2_humble/install/ros2trace:/home/vboxuser/ros2_humble/install/ros2topic:/home/vboxuser/ros2_humble/install/ros2test:/home/vboxuser/ros2_humble/install/ros2component:/home/vboxuser/ros2_humble/install/ros2param:/home/vboxuser/ros2_humble/install/ros2lifecycle:/home/vboxuser/ros2_humble/install/ros2service:/home/vboxuser/ros2_humble/install/ros2run:/home/vboxuser/ros2_humble/install/ros2launch:/home/vboxuser/ros2_humble/install/ros2pkg:/home/vboxuser/ros2_humble/install/ros2node:/home/vboxuser/ros2_humble/install/ros2multicast:/home/vboxuser/ros2_humble/install/ros2interface:/home/vboxuser/ros2_humble/install/ros2doctor:/home/vboxuser/ros2_humble/install/ros2action:/home/vboxuser/ros2_humble/install/ros2cli:/home/vboxuser/ros2_humble/install/quality_of_service_demo_py:/home/vboxuser/ros2_humble/install/lifecycle_py:/home/vboxuser/ros2_humble/install/launch_testing_ros:/home/vboxuser/ros2_humble/install/launch_ros:/home/vboxuser/ros2_humble/install/examples_rclpy_pointcloud_publisher:/home/vboxuser/ros2_humble/install/examples_rclpy_minimal_subscriber:/home/vboxuser/ros2_humble/install/examples_rclpy_minimal_service:/home/vboxuser/ros2_humble/install/examples_rclpy_minimal_publisher:/home/vboxuser/ros2_humble/install/examples_rclpy_minimal_client:/home/vboxuser/ros2_humble/install/examples_rclpy_minimal_action_server:/home/vboxuser/ros2_humble/install/examples_rclpy_minimal_action_client:/home/vboxuser/ros2_humble/install/examples_rclpy_guard_conditions:/home/vboxuser/ros2_humble/install/examples_rclpy_executors:/home/vboxuser/ros2_humble/install/demo_nodes_py:/home/vboxuser/ros2_humble/install/action_tutorials_py:/home/vboxuser/ros2_humble/install/ament_uncrustify:/home/vboxuser/ros2_humble/install/tracetools_trace:/home/vboxuser/ros2_humble/install/tracetools_read:/home/vboxuser/ros2_humble/install/test_tracetools_launch:/home/vboxuser/ros2_humble/install/test_launch_ros:/home/vboxuser/ros2_humble/install/sensor_msgs_py:/home/vboxuser/ros2_humble/install/rpyutils:/home/vboxuser/ros2_humble/install/rosidl_runtime_py:/home/vboxuser/ros2_humble/install/rosidl_cli:/home/vboxuser/ros2_humble/install/launch_pytest:/home/vboxuser/ros2_humble/install/launch_testing:/home/vboxuser/ros2_humble/install/launch_yaml:/home/vboxuser/ros2_humble/install/launch_xml:/home/vboxuser/ros2_humble/install/launch:/home/vboxuser/ros2_humble/install/osrf_pycommon:/home/vboxuser/ros2_humble/install/launch_testing_examples:/home/vboxuser/ros2_humble/install/domain_coordinator:/home/vboxuser/ros2_humble/install/ament_xmllint:/home/vboxuser/ros2_humble/install/ament_pyflakes:/home/vboxuser/ros2_humble/install/ament_pycodestyle:/home/vboxuser/ros2_humble/install/ament_pep257:/home/vboxuser/ros2_humble/install/ament_pclint:/home/vboxuser/ros2_humble/install/ament_package:/home/vboxuser/ros2_humble/install/ament_mypy:/home/vboxuser/ros2_humble/install/ament_lint_cmake:/home/vboxuser/ros2_humble/install/ament_flake8:/home/vboxuser/ros2_humble/install/ament_copyright:/home/vboxuser/ros2_humble/install/ament_lint:/home/vboxuser/ros2_humble/install/ament_index_python:/home/vboxuser/ros2_humble/install/ament_cpplint:/home/vboxuser/ros2_humble/install/ament_cppcheck:/home/vboxuser/ros2_humble/install/ament_clang_tidy:/home/vboxuser/ros2_humble/install/ament_clang_format /usr/bin/cmake --build /home/vboxuser/Haste/build/custom_interfaces -- -j4 -l4
[1.357s] Invoking command in '/home/vboxuser/Haste/build/custom_interfaces': CMAKE_PREFIX_PATH=${CMAKE_PREFIX_PATH}:/home/vboxuser/ros2_humble/install/rqt_bag_plugins:/home/vboxuser/ros2_humble/install/rqt_bag:/home/vboxuser/ros2_humble/install/ros2bag:/home/vboxuser/ros2_humble/install/tracetools_test:/home/vboxuser/ros2_humble/install/tracetools_launch:/home/vboxuser/ros2_humble/install/topic_monitor:/home/vboxuser/ros2_humble/install/tf2_tools:/home/vboxuser/ros2_humble/install/examples_tf2_py:/home/vboxuser/ros2_humble/install/tf2_ros_py:/home/vboxuser/ros2_humble/install/sros2:/home/vboxuser/ros2_humble/install/rqt_topic:/home/vboxuser/ros2_humble/install/rqt_srv:/home/vboxuser/ros2_humble/install/rqt_shell:/home/vboxuser/ros2_humble/install/rqt_service_caller:/home/vboxuser/ros2_humble/install/rqt_reconfigure:/home/vboxuser/ros2_humble/install/rqt_py_console:/home/vboxuser/ros2_humble/install/rqt_publisher:/home/vboxuser/ros2_humble/install/rqt_plot:/home/vboxuser/ros2_humble/install/rqt_action:/home/vboxuser/ros2_humble/install/rqt_msg:/home/vboxuser/ros2_humble/install/rqt_console:/home/vboxuser/ros2_humble/install/rqt:/home/vboxuser/ros2_humble/install/rqt_graph:/home/vboxuser/ros2_humble/install/rqt_gui_py:/home/vboxuser/ros2_humble/install/rqt_gui:/home/vboxuser/ros2_humble/install/ros2trace:/home/vboxuser/ros2_humble/install/ros2topic:/home/vboxuser/ros2_humble/install/ros2test:/home/vboxuser/ros2_humble/install/ros2component:/home/vboxuser/ros2_humble/install/ros2param:/home/vboxuser/ros2_humble/install/ros2lifecycle:/home/vboxuser/ros2_humble/install/ros2service:/home/vboxuser/ros2_humble/install/ros2run:/home/vboxuser/ros2_humble/install/ros2launch:/home/vboxuser/ros2_humble/install/ros2pkg:/home/vboxuser/ros2_humble/install/ros2node:/home/vboxuser/ros2_humble/install/ros2multicast:/home/vboxuser/ros2_humble/install/ros2interface:/home/vboxuser/ros2_humble/install/ros2doctor:/home/vboxuser/ros2_humble/install/ros2action:/home/vboxuser/ros2_humble/install/ros2cli:/home/vboxuser/ros2_humble/install/quality_of_service_demo_py:/home/vboxuser/ros2_humble/install/lifecycle_py:/home/vboxuser/ros2_humble/install/launch_testing_ros:/home/vboxuser/ros2_humble/install/launch_ros:/home/vboxuser/ros2_humble/install/examples_rclpy_pointcloud_publisher:/home/vboxuser/ros2_humble/install/examples_rclpy_minimal_subscriber:/home/vboxuser/ros2_humble/install/examples_rclpy_minimal_service:/home/vboxuser/ros2_humble/install/examples_rclpy_minimal_publisher:/home/vboxuser/ros2_humble/install/examples_rclpy_minimal_client:/home/vboxuser/ros2_humble/install/examples_rclpy_minimal_action_server:/home/vboxuser/ros2_humble/install/examples_rclpy_minimal_action_client:/home/vboxuser/ros2_humble/install/examples_rclpy_guard_conditions:/home/vboxuser/ros2_humble/install/examples_rclpy_executors:/home/vboxuser/ros2_humble/install/demo_nodes_py:/home/vboxuser/ros2_humble/install/action_tutorials_py:/home/vboxuser/ros2_humble/install/ament_uncrustify:/home/vboxuser/ros2_humble/install/tracetools_trace:/home/vboxuser/ros2_humble/install/tracetools_read:/home/vboxuser/ros2_humble/install/test_tracetools_launch:/home/vboxuser/ros2_humble/install/test_launch_ros:/home/vboxuser/ros2_humble/install/sensor_msgs_py:/home/vboxuser/ros2_humble/install/rpyutils:/home/vboxuser/ros2_humble/install/rosidl_runtime_py:/home/vboxuser/ros2_humble/install/rosidl_cli:/home/vboxuser/ros2_humble/install/launch_pytest:/home/vboxuser/ros2_humble/install/launch_testing:/home/vboxuser/ros2_humble/install/launch_yaml:/home/vboxuser/ros2_humble/install/launch_xml:/home/vboxuser/ros2_humble/install/launch:/home/vboxuser/ros2_humble/install/osrf_pycommon:/home/vboxuser/ros2_humble/install/launch_testing_examples:/home/vboxuser/ros2_humble/install/domain_coordinator:/home/vboxuser/ros2_humble/install/ament_xmllint:/home/vboxuser/ros2_humble/install/ament_pyflakes:/home/vboxuser/ros2_humble/install/ament_pycodestyle:/home/vboxuser/ros2_humble/install/ament_pep257:/home/vboxuser/ros2_humble/install/ament_pclint:/home/vboxuser/ros2_humble/install/ament_package:/home/vboxuser/ros2_humble/install/ament_mypy:/home/vboxuser/ros2_humble/install/ament_lint_cmake:/home/vboxuser/ros2_humble/install/ament_flake8:/home/vboxuser/ros2_humble/install/ament_copyright:/home/vboxuser/ros2_humble/install/ament_lint:/home/vboxuser/ros2_humble/install/ament_index_python:/home/vboxuser/ros2_humble/install/ament_cpplint:/home/vboxuser/ros2_humble/install/ament_cppcheck:/home/vboxuser/ros2_humble/install/ament_clang_tidy:/home/vboxuser/ros2_humble/install/ament_clang_format /usr/bin/cmake --install /home/vboxuser/Haste/build/custom_interfaces
[1.376s] -- Install configuration: ""
[1.376s] -- Up-to-date: /home/vboxuser/Haste/install/custom_interfaces/share/ament_index/resource_index/rosidl_interfaces/custom_interfaces
[1.376s] -- Up-to-date: /home/vboxuser/Haste/install/custom_interfaces/include/custom_interfaces/custom_interfaces
[1.376s] -- Up-to-date: /home/vboxuser/Haste/install/custom_interfaces/include/custom_interfaces/custom_interfaces/msg
[1.376s] -- Up-to-date: /home/vboxuser/Haste/install/custom_interfaces/include/custom_interfaces/custom_interfaces/msg/rosidl_generator_c__visibility_control.h
[1.376s] -- Up-to-date: /home/vboxuser/Haste/install/custom_interfaces/include/custom_interfaces/custom_interfaces/msg/sphere.h
[1.376s] -- Up-to-date: /home/vboxuser/Haste/install/custom_interfaces/include/custom_interfaces/custom_interfaces/msg/detail
[1.376s] -- Up-to-date: /home/vboxuser/Haste/install/custom_interfaces/include/custom_interfaces/custom_interfaces/msg/detail/num__struct.h
[1.376s] -- Up-to-date: /home/vboxuser/Haste/install/custom_interfaces/include/custom_interfaces/custom_interfaces/msg/detail/sphere__struct.h
[1.376s] -- Up-to-date: /home/vboxuser/Haste/install/custom_interfaces/include/custom_interfaces/custom_interfaces/msg/detail/num__functions.c
[1.376s] -- Up-to-date: /home/vboxuser/Haste/install/custom_interfaces/include/custom_interfaces/custom_interfaces/msg/detail/sphere__functions.c
[1.376s] -- Up-to-date: /home/vboxuser/Haste/install/custom_interfaces/include/custom_interfaces/custom_interfaces/msg/detail/num__functions.h
[1.376s] -- Up-to-date: /home/vboxuser/Haste/install/custom_interfaces/include/custom_interfaces/custom_interfaces/msg/detail/num__type_support.h
[1.376s] -- Up-to-date: /home/vboxuser/Haste/install/custom_interfaces/include/custom_interfaces/custom_interfaces/msg/detail/sphere__type_support.h
[1.376s] -- Up-to-date: /home/vboxuser/Haste/install/custom_interfaces/include/custom_interfaces/custom_interfaces/msg/detail/sphere__functions.h
[1.376s] -- Up-to-date: /home/vboxuser/Haste/install/custom_interfaces/include/custom_interfaces/custom_interfaces/msg/num.h
[1.377s] -- Up-to-date: /home/vboxuser/Haste/install/custom_interfaces/include/custom_interfaces/custom_interfaces/srv
[1.377s] -- Up-to-date: /home/vboxuser/Haste/install/custom_interfaces/include/custom_interfaces/custom_interfaces/srv/detail
[1.377s] -- Up-to-date: /home/vboxuser/Haste/install/custom_interfaces/include/custom_interfaces/custom_interfaces/srv/detail/add_three_ints__struct.h
[1.377s] -- Up-to-date: /home/vboxuser/Haste/install/custom_interfaces/include/custom_interfaces/custom_interfaces/srv/detail/add_three_ints__functions.c
[1.377s] -- Up-to-date: /home/vboxuser/Haste/install/custom_interfaces/include/custom_interfaces/custom_interfaces/srv/detail/scan_twi__type_support.h
[1.377s] -- Up-to-date: /home/vboxuser/Haste/install/custom_interfaces/include/custom_interfaces/custom_interfaces/srv/detail/scan_twi__functions.c
[1.377s] -- Up-to-date: /home/vboxuser/Haste/install/custom_interfaces/include/custom_interfaces/custom_interfaces/srv/detail/add_three_ints__type_support.h
[1.377s] -- Up-to-date: /home/vboxuser/Haste/install/custom_interfaces/include/custom_interfaces/custom_interfaces/srv/detail/scan_twi__struct.h
[1.377s] -- Up-to-date: /home/vboxuser/Haste/install/custom_interfaces/include/custom_interfaces/custom_interfaces/srv/detail/add_three_ints__functions.h
[1.377s] -- Up-to-date: /home/vboxuser/Haste/install/custom_interfaces/include/custom_interfaces/custom_interfaces/srv/detail/scan_twi__functions.h
[1.377s] -- Up-to-date: /home/vboxuser/Haste/install/custom_interfaces/include/custom_interfaces/custom_interfaces/srv/add_three_ints.h
[1.377s] -- Up-to-date: /home/vboxuser/Haste/install/custom_interfaces/include/custom_interfaces/custom_interfaces/srv/scan_twi.h
[1.377s] -- Up-to-date: /home/vboxuser/Haste/install/custom_interfaces/share/custom_interfaces/environment/library_path.sh
[1.377s] -- Up-to-date: /home/vboxuser/Haste/install/custom_interfaces/share/custom_interfaces/environment/library_path.dsv
[1.377s] -- Up-to-date: /home/vboxuser/Haste/install/custom_interfaces/lib/libcustom_interfaces__rosidl_generator_c.so
[1.377s] -- Up-to-date: /home/vboxuser/Haste/install/custom_interfaces/include/custom_interfaces/custom_interfaces
[1.378s] -- Up-to-date: /home/vboxuser/Haste/install/custom_interfaces/include/custom_interfaces/custom_interfaces/msg
[1.378s] -- Up-to-date: /home/vboxuser/Haste/install/custom_interfaces/include/custom_interfaces/custom_interfaces/msg/detail
[1.378s] -- Up-to-date: /home/vboxuser/Haste/install/custom_interfaces/include/custom_interfaces/custom_interfaces/msg/detail/num__rosidl_typesupport_fastrtps_c.h
[1.378s] -- Up-to-date: /home/vboxuser/Haste/install/custom_interfaces/include/custom_interfaces/custom_interfaces/msg/detail/sphere__rosidl_typesupport_fastrtps_c.h
[1.378s] -- Up-to-date: /home/vboxuser/Haste/install/custom_interfaces/include/custom_interfaces/custom_interfaces/msg/rosidl_typesupport_fastrtps_c__visibility_control.h
[1.378s] -- Up-to-date: /home/vboxuser/Haste/install/custom_interfaces/include/custom_interfaces/custom_interfaces/srv
[1.378s] -- Up-to-date: /home/vboxuser/Haste/install/custom_interfaces/include/custom_interfaces/custom_interfaces/srv/detail
[1.378s] -- Up-to-date: /home/vboxuser/Haste/install/custom_interfaces/include/custom_interfaces/custom_interfaces/srv/detail/add_three_ints__rosidl_typesupport_fastrtps_c.h
[1.378s] -- Up-to-date: /home/vboxuser/Haste/install/custom_interfaces/include/custom_interfaces/custom_interfaces/srv/detail/scan_twi__rosidl_typesupport_fastrtps_c.h
[1.378s] -- Up-to-date: /home/vboxuser/Haste/install/custom_interfaces/lib/libcustom_interfaces__rosidl_typesupport_fastrtps_c.so
[1.378s] -- Up-to-date: /home/vboxuser/Haste/install/custom_interfaces/include/custom_interfaces/custom_interfaces
[1.378s] -- Up-to-date: /home/vboxuser/Haste/install/custom_interfaces/include/custom_interfaces/custom_interfaces/msg
[1.378s] -- Up-to-date: /home/vboxuser/Haste/install/custom_interfaces/include/custom_interfaces/custom_interfaces/msg/num.hpp
[1.378s] -- Up-to-date: /home/vboxuser/Haste/install/custom_interfaces/include/custom_interfaces/custom_interfaces/msg/detail
[1.378s] -- Up-to-date: /home/vboxuser/Haste/install/custom_interfaces/include/custom_interfaces/custom_interfaces/msg/detail/num__struct.hpp
[1.378s] -- Up-to-date: /home/vboxuser/Haste/install/custom_interfaces/include/custom_interfaces/custom_interfaces/msg/detail/num__traits.hpp
[1.378s] -- Up-to-date: /home/vboxuser/Haste/install/custom_interfaces/include/custom_interfaces/custom_interfaces/msg/detail/sphere__traits.hpp
[1.378s] -- Up-to-date: /home/vboxuser/Haste/install/custom_interfaces/include/custom_interfaces/custom_interfaces/msg/detail/sphere__builder.hpp
[1.378s] -- Up-to-date: /home/vboxuser/Haste/install/custom_interfaces/include/custom_interfaces/custom_interfaces/msg/detail/num__builder.hpp
[1.379s] -- Up-to-date: /home/vboxuser/Haste/install/custom_interfaces/include/custom_interfaces/custom_interfaces/msg/detail/sphere__struct.hpp
[1.379s] -- Up-to-date: /home/vboxuser/Haste/install/custom_interfaces/include/custom_interfaces/custom_interfaces/msg/sphere.hpp
[1.379s] -- Up-to-date: /home/vboxuser/Haste/install/custom_interfaces/include/custom_interfaces/custom_interfaces/srv
[1.379s] -- Up-to-date: /home/vboxuser/Haste/install/custom_interfaces/include/custom_interfaces/custom_interfaces/srv/detail
[1.379s] -- Up-to-date: /home/vboxuser/Haste/install/custom_interfaces/include/custom_interfaces/custom_interfaces/srv/detail/add_three_ints__traits.hpp
[1.379s] -- Up-to-date: /home/vboxuser/Haste/install/custom_interfaces/include/custom_interfaces/custom_interfaces/srv/detail/scan_twi__struct.hpp
[1.379s] -- Up-to-date: /home/vboxuser/Haste/install/custom_interfaces/include/custom_interfaces/custom_interfaces/srv/detail/add_three_ints__struct.hpp
[1.379s] -- Up-to-date: /home/vboxuser/Haste/install/custom_interfaces/include/custom_interfaces/custom_interfaces/srv/detail/scan_twi__traits.hpp
[1.379s] -- Up-to-date: /home/vboxuser/Haste/install/custom_interfaces/include/custom_interfaces/custom_interfaces/srv/detail/scan_twi__builder.hpp
[1.379s] -- Up-to-date: /home/vboxuser/Haste/install/custom_interfaces/include/custom_interfaces/custom_interfaces/srv/detail/add_three_ints__builder.hpp
[1.379s] -- Up-to-date: /home/vboxuser/Haste/install/custom_interfaces/include/custom_interfaces/custom_interfaces/srv/scan_twi.hpp
[1.379s] -- Up-to-date: /home/vboxuser/Haste/install/custom_interfaces/include/custom_interfaces/custom_interfaces/srv/add_three_ints.hpp
[1.379s] -- Up-to-date: /home/vboxuser/Haste/install/custom_interfaces/include/custom_interfaces/custom_interfaces
[1.379s] -- Up-to-date: /home/vboxuser/Haste/install/custom_interfaces/include/custom_interfaces/custom_interfaces/msg
[1.379s] -- Up-to-date: /home/vboxuser/Haste/install/custom_interfaces/include/custom_interfaces/custom_interfaces/msg/rosidl_typesupport_fastrtps_cpp__visibility_control.h
[1.379s] -- Up-to-date: /home/vboxuser/Haste/install/custom_interfaces/include/custom_interfaces/custom_interfaces/msg/detail
[1.379s] -- Up-to-date: /home/vboxuser/Haste/install/custom_interfaces/include/custom_interfaces/custom_interfaces/msg/detail/dds_fastrtps
[1.379s] -- Up-to-date: /home/vboxuser/Haste/install/custom_interfaces/include/custom_interfaces/custom_interfaces/msg/detail/num__rosidl_typesupport_fastrtps_cpp.hpp
[1.379s] -- Up-to-date: /home/vboxuser/Haste/install/custom_interfaces/include/custom_interfaces/custom_interfaces/msg/detail/sphere__rosidl_typesupport_fastrtps_cpp.hpp
[1.379s] -- Up-to-date: /home/vboxuser/Haste/install/custom_interfaces/include/custom_interfaces/custom_interfaces/srv
[1.380s] -- Up-to-date: /home/vboxuser/Haste/install/custom_interfaces/include/custom_interfaces/custom_interfaces/srv/detail
[1.380s] -- Up-to-date: /home/vboxuser/Haste/install/custom_interfaces/include/custom_interfaces/custom_interfaces/srv/detail/add_three_ints__rosidl_typesupport_fastrtps_cpp.hpp
[1.380s] -- Up-to-date: /home/vboxuser/Haste/install/custom_interfaces/include/custom_interfaces/custom_interfaces/srv/detail/dds_fastrtps
[1.380s] -- Up-to-date: /home/vboxuser/Haste/install/custom_interfaces/include/custom_interfaces/custom_interfaces/srv/detail/scan_twi__rosidl_typesupport_fastrtps_cpp.hpp
[1.380s] -- Up-to-date: /home/vboxuser/Haste/install/custom_interfaces/lib/libcustom_interfaces__rosidl_typesupport_fastrtps_cpp.so
[1.380s] -- Up-to-date: /home/vboxuser/Haste/install/custom_interfaces/include/custom_interfaces/custom_interfaces
[1.380s] -- Up-to-date: /home/vboxuser/Haste/install/custom_interfaces/include/custom_interfaces/custom_interfaces/msg
[1.380s] -- Up-to-date: /home/vboxuser/Haste/install/custom_interfaces/include/custom_interfaces/custom_interfaces/msg/detail
[1.380s] -- Up-to-date: /home/vboxuser/Haste/install/custom_interfaces/include/custom_interfaces/custom_interfaces/msg/detail/num__rosidl_typesupport_introspection_c.h
[1.380s] -- Up-to-date: /home/vboxuser/Haste/install/custom_interfaces/include/custom_interfaces/custom_interfaces/msg/detail/sphere__type_support.c
[1.380s] -- Up-to-date: /home/vboxuser/Haste/install/custom_interfaces/include/custom_interfaces/custom_interfaces/msg/detail/sphere__rosidl_typesupport_introspection_c.h
[1.380s] -- Up-to-date: /home/vboxuser/Haste/install/custom_interfaces/include/custom_interfaces/custom_interfaces/msg/detail/num__type_support.c
[1.380s] -- Up-to-date: /home/vboxuser/Haste/install/custom_interfaces/include/custom_interfaces/custom_interfaces/msg/rosidl_typesupport_introspection_c__visibility_control.h
[1.380s] -- Up-to-date: /home/vboxuser/Haste/install/custom_interfaces/include/custom_interfaces/custom_interfaces/srv
[1.380s] -- Up-to-date: /home/vboxuser/Haste/install/custom_interfaces/include/custom_interfaces/custom_interfaces/srv/detail
[1.380s] -- Up-to-date: /home/vboxuser/Haste/install/custom_interfaces/include/custom_interfaces/custom_interfaces/srv/detail/add_three_ints__rosidl_typesupport_introspection_c.h
[1.380s] -- Up-to-date: /home/vboxuser/Haste/install/custom_interfaces/include/custom_interfaces/custom_interfaces/srv/detail/scan_twi__rosidl_typesupport_introspection_c.h
[1.380s] -- Up-to-date: /home/vboxuser/Haste/install/custom_interfaces/include/custom_interfaces/custom_interfaces/srv/detail/add_three_ints__type_support.c
[1.380s] -- Up-to-date: /home/vboxuser/Haste/install/custom_interfaces/include/custom_interfaces/custom_interfaces/srv/detail/scan_twi__type_support.c
[1.381s] -- Up-to-date: /home/vboxuser/Haste/install/custom_interfaces/lib/libcustom_interfaces__rosidl_typesupport_introspection_c.so
[1.381s] -- Up-to-date: /home/vboxuser/Haste/install/custom_interfaces/lib/libcustom_interfaces__rosidl_typesupport_c.so
[1.381s] -- Up-to-date: /home/vboxuser/Haste/install/custom_interfaces/include/custom_interfaces/custom_interfaces
[1.381s] -- Up-to-date: /home/vboxuser/Haste/install/custom_interfaces/include/custom_interfaces/custom_interfaces/msg
[1.381s] -- Up-to-date: /home/vboxuser/Haste/install/custom_interfaces/include/custom_interfaces/custom_interfaces/msg/detail
[1.381s] -- Up-to-date: /home/vboxuser/Haste/install/custom_interfaces/include/custom_interfaces/custom_interfaces/msg/detail/num__rosidl_typesupport_introspection_cpp.hpp
[1.381s] -- Up-to-date: /home/vboxuser/Haste/install/custom_interfaces/include/custom_interfaces/custom_interfaces/msg/detail/sphere__type_support.cpp
[1.381s] -- Up-to-date: /home/vboxuser/Haste/install/custom_interfaces/include/custom_interfaces/custom_interfaces/msg/detail/sphere__rosidl_typesupport_introspection_cpp.hpp
[1.381s] -- Up-to-date: /home/vboxuser/Haste/install/custom_interfaces/include/custom_interfaces/custom_interfaces/msg/detail/num__type_support.cpp
[1.381s] -- Up-to-date: /home/vboxuser/Haste/install/custom_interfaces/include/custom_interfaces/custom_interfaces/srv
[1.381s] -- Up-to-date: /home/vboxuser/Haste/install/custom_interfaces/include/custom_interfaces/custom_interfaces/srv/detail
[1.381s] -- Up-to-date: /home/vboxuser/Haste/install/custom_interfaces/include/custom_interfaces/custom_interfaces/srv/detail/scan_twi__type_support.cpp
[1.381s] -- Up-to-date: /home/vboxuser/Haste/install/custom_interfaces/include/custom_interfaces/custom_interfaces/srv/detail/scan_twi__rosidl_typesupport_introspection_cpp.hpp
[1.381s] -- Up-to-date: /home/vboxuser/Haste/install/custom_interfaces/include/custom_interfaces/custom_interfaces/srv/detail/add_three_ints__rosidl_typesupport_introspection_cpp.hpp
[1.381s] -- Up-to-date: /home/vboxuser/Haste/install/custom_interfaces/include/custom_interfaces/custom_interfaces/srv/detail/add_three_ints__type_support.cpp
[1.381s] -- Up-to-date: /home/vboxuser/Haste/install/custom_interfaces/lib/libcustom_interfaces__rosidl_typesupport_introspection_cpp.so
[1.381s] -- Up-to-date: /home/vboxuser/Haste/install/custom_interfaces/lib/libcustom_interfaces__rosidl_typesupport_cpp.so
[1.381s] -- Up-to-date: /home/vboxuser/Haste/install/custom_interfaces/share/custom_interfaces/environment/pythonpath.sh
[1.381s] -- Up-to-date: /home/vboxuser/Haste/install/custom_interfaces/share/custom_interfaces/environment/pythonpath.dsv
[1.381s] -- Up-to-date: /home/vboxuser/Haste/install/custom_interfaces/local/lib/python3.10/dist-packages/custom_interfaces-0.0.0-py3.10.egg-info
[1.382s] -- Installing: /home/vboxuser/Haste/install/custom_interfaces/local/lib/python3.10/dist-packages/custom_interfaces-0.0.0-py3.10.egg-info/PKG-INFO
[1.382s] -- Installing: /home/vboxuser/Haste/install/custom_interfaces/local/lib/python3.10/dist-packages/custom_interfaces-0.0.0-py3.10.egg-info/SOURCES.txt
[1.382s] -- Installing: /home/vboxuser/Haste/install/custom_interfaces/local/lib/python3.10/dist-packages/custom_interfaces-0.0.0-py3.10.egg-info/dependency_links.txt
[1.382s] -- Installing: /home/vboxuser/Haste/install/custom_interfaces/local/lib/python3.10/dist-packages/custom_interfaces-0.0.0-py3.10.egg-info/top_level.txt
[1.382s] -- Up-to-date: /home/vboxuser/Haste/install/custom_interfaces/local/lib/python3.10/dist-packages/custom_interfaces
[1.382s] -- Up-to-date: /home/vboxuser/Haste/install/custom_interfaces/local/lib/python3.10/dist-packages/custom_interfaces/_custom_interfaces_s.ep.rosidl_typesupport_c.c
[1.382s] -- Up-to-date: /home/vboxuser/Haste/install/custom_interfaces/local/lib/python3.10/dist-packages/custom_interfaces/msg
[1.382s] -- Up-to-date: /home/vboxuser/Haste/install/custom_interfaces/local/lib/python3.10/dist-packages/custom_interfaces/msg/_num_s.c
[1.382s] -- Up-to-date: /home/vboxuser/Haste/install/custom_interfaces/local/lib/python3.10/dist-packages/custom_interfaces/msg/_sphere_s.c
[1.382s] -- Up-to-date: /home/vboxuser/Haste/install/custom_interfaces/local/lib/python3.10/dist-packages/custom_interfaces/msg/_sphere.py
[1.382s] -- Up-to-date: /home/vboxuser/Haste/install/custom_interfaces/local/lib/python3.10/dist-packages/custom_interfaces/msg/_num.py
[1.382s] -- Up-to-date: /home/vboxuser/Haste/install/custom_interfaces/local/lib/python3.10/dist-packages/custom_interfaces/msg/__init__.py
[1.382s] -- Up-to-date: /home/vboxuser/Haste/install/custom_interfaces/local/lib/python3.10/dist-packages/custom_interfaces/custom_interfaces_s__rosidl_typesupport_fastrtps_c.cpython-310-x86_64-linux-gnu.so
[1.382s] -- Up-to-date: /home/vboxuser/Haste/install/custom_interfaces/local/lib/python3.10/dist-packages/custom_interfaces/custom_interfaces_s__rosidl_typesupport_c.cpython-310-x86_64-linux-gnu.so
[1.382s] -- Up-to-date: /home/vboxuser/Haste/install/custom_interfaces/local/lib/python3.10/dist-packages/custom_interfaces/srv
[1.382s] -- Up-to-date: /home/vboxuser/Haste/install/custom_interfaces/local/lib/python3.10/dist-packages/custom_interfaces/srv/_add_three_ints_s.c
[1.382s] -- Up-to-date: /home/vboxuser/Haste/install/custom_interfaces/local/lib/python3.10/dist-packages/custom_interfaces/srv/_scan_twi.py
[1.382s] -- Up-to-date: /home/vboxuser/Haste/install/custom_interfaces/local/lib/python3.10/dist-packages/custom_interfaces/srv/_add_three_ints.py
[1.382s] -- Up-to-date: /home/vboxuser/Haste/install/custom_interfaces/local/lib/python3.10/dist-packages/custom_interfaces/srv/__init__.py
[1.382s] -- Up-to-date: /home/vboxuser/Haste/install/custom_interfaces/local/lib/python3.10/dist-packages/custom_interfaces/srv/_scan_twi_s.c
[1.382s] -- Up-to-date: /home/vboxuser/Haste/install/custom_interfaces/local/lib/python3.10/dist-packages/custom_interfaces/_custom_interfaces_s.ep.rosidl_typesupport_introspection_c.c
[1.382s] -- Up-to-date: /home/vboxuser/Haste/install/custom_interfaces/local/lib/python3.10/dist-packages/custom_interfaces/__init__.py
[1.382s] -- Up-to-date: /home/vboxuser/Haste/install/custom_interfaces/local/lib/python3.10/dist-packages/custom_interfaces/_custom_interfaces_s.ep.rosidl_typesupport_fastrtps_c.c
[1.382s] -- Up-to-date: /home/vboxuser/Haste/install/custom_interfaces/local/lib/python3.10/dist-packages/custom_interfaces/custom_interfaces_s__rosidl_typesupport_introspection_c.cpython-310-x86_64-linux-gnu.so
[1.382s] -- Up-to-date: /home/vboxuser/Haste/install/custom_interfaces/local/lib/python3.10/dist-packages/custom_interfaces/libcustom_interfaces__rosidl_generator_py.so
[1.470s] Listing '/home/vboxuser/Haste/install/custom_interfaces/local/lib/python3.10/dist-packages/custom_interfaces'...
[1.471s] Listing '/home/vboxuser/Haste/install/custom_interfaces/local/lib/python3.10/dist-packages/custom_interfaces/msg'...
[1.471s] Listing '/home/vboxuser/Haste/install/custom_interfaces/local/lib/python3.10/dist-packages/custom_interfaces/srv'...
[1.475s] -- Up-to-date: /home/vboxuser/Haste/install/custom_interfaces/local/lib/python3.10/dist-packages/custom_interfaces/custom_interfaces_s__rosidl_typesupport_introspection_c.cpython-310-x86_64-linux-gnu.so
[1.476s] -- Up-to-date: /home/vboxuser/Haste/install/custom_interfaces/local/lib/python3.10/dist-packages/custom_interfaces/custom_interfaces_s__rosidl_typesupport_fastrtps_c.cpython-310-x86_64-linux-gnu.so
[1.476s] -- Up-to-date: /home/vboxuser/Haste/install/custom_interfaces/local/lib/python3.10/dist-packages/custom_interfaces/custom_interfaces_s__rosidl_typesupport_c.cpython-310-x86_64-linux-gnu.so
[1.479s] -- Up-to-date: /home/vboxuser/Haste/install/custom_interfaces/lib/libcustom_interfaces__rosidl_generator_py.so
[1.480s] -- Up-to-date: /home/vboxuser/Haste/install/custom_interfaces/share/custom_interfaces/msg/Num.idl
[1.480s] -- Up-to-date: /home/vboxuser/Haste/install/custom_interfaces/share/custom_interfaces/msg/Sphere.idl
[1.480s] -- Up-to-date: /home/vboxuser/Haste/install/custom_interfaces/share/custom_interfaces/srv/AddThreeInts.idl
[1.480s] -- Up-to-date: /home/vboxuser/Haste/install/custom_interfaces/share/custom_interfaces/srv/ScanTwi.idl
[1.480s] -- Up-to-date: /home/vboxuser/Haste/install/custom_interfaces/share/custom_interfaces/msg/Num.msg
[1.481s] -- Up-to-date: /home/vboxuser/Haste/install/custom_interfaces/share/custom_interfaces/msg/Sphere.msg
[1.481s] -- Up-to-date: /home/vboxuser/Haste/install/custom_interfaces/share/custom_interfaces/srv/AddThreeInts.srv
[1.481s] -- Up-to-date: /home/vboxuser/Haste/install/custom_interfaces/share/custom_interfaces/srv/AddThreeInts_Request.msg
[1.481s] -- Up-to-date: /home/vboxuser/Haste/install/custom_interfaces/share/custom_interfaces/srv/AddThreeInts_Response.msg
[1.481s] -- Up-to-date: /home/vboxuser/Haste/install/custom_interfaces/share/custom_interfaces/srv/ScanTwi.srv
[1.481s] -- Up-to-date: /home/vboxuser/Haste/install/custom_interfaces/share/custom_interfaces/srv/ScanTwi_Request.msg
[1.481s] -- Up-to-date: /home/vboxuser/Haste/install/custom_interfaces/share/custom_interfaces/srv/ScanTwi_Response.msg
[1.481s] -- Up-to-date: /home/vboxuser/Haste/install/custom_interfaces/share/ament_index/resource_index/package_run_dependencies/custom_interfaces
[1.481s] -- Up-to-date: /home/vboxuser/Haste/install/custom_interfaces/share/ament_index/resource_index/parent_prefix_path/custom_interfaces
[1.481s] -- Up-to-date: /home/vboxuser/Haste/install/custom_interfaces/share/custom_interfaces/environment/ament_prefix_path.dsv
[1.481s] -- Up-to-date: /home/vboxuser/Haste/install/custom_interfaces/share/custom_interfaces/environment/path.dsv
[1.481s] -- Up-to-date: /home/vboxuser/Haste/install/custom_interfaces/share/custom_interfaces/local_setup.bash
[1.482s] -- Up-to-date: /home/vboxuser/Haste/install/custom_interfaces/share/custom_interfaces/local_setup.sh
[1.482s] -- Up-to-date: /home/vboxuser/Haste/install/custom_interfaces/share/custom_interfaces/local_setup.zsh
[1.482s] -- Up-to-date: /home/vboxuser/Haste/install/custom_interfaces/share/custom_interfaces/local_setup.dsv
[1.482s] -- Installing: /home/vboxuser/Haste/install/custom_interfaces/share/custom_interfaces/package.dsv
[1.482s] -- Up-to-date: /home/vboxuser/Haste/install/custom_interfaces/share/ament_index/resource_index/packages/custom_interfaces
[1.482s] -- Up-to-date: /home/vboxuser/Haste/install/custom_interfaces/share/custom_interfaces/cmake/export_custom_interfaces__rosidl_generator_cExport.cmake
[1.482s] -- Up-to-date: /home/vboxuser/Haste/install/custom_interfaces/share/custom_interfaces/cmake/export_custom_interfaces__rosidl_generator_cExport-noconfig.cmake
[1.482s] -- Up-to-date: /home/vboxuser/Haste/install/custom_interfaces/share/custom_interfaces/cmake/export_custom_interfaces__rosidl_typesupport_fastrtps_cExport.cmake
[1.482s] -- Up-to-date: /home/vboxuser/Haste/install/custom_interfaces/share/custom_interfaces/cmake/export_custom_interfaces__rosidl_typesupport_fastrtps_cExport-noconfig.cmake
[1.482s] -- Up-to-date: /home/vboxuser/Haste/install/custom_interfaces/share/custom_interfaces/cmake/export_custom_interfaces__rosidl_generator_cppExport.cmake
[1.482s] -- Up-to-date: /home/vboxuser/Haste/install/custom_interfaces/share/custom_interfaces/cmake/export_custom_interfaces__rosidl_typesupport_fastrtps_cppExport.cmake
[1.482s] -- Up-to-date: /home/vboxuser/Haste/install/custom_interfaces/share/custom_interfaces/cmake/export_custom_interfaces__rosidl_typesupport_fastrtps_cppExport-noconfig.cmake
[1.482s] -- Up-to-date: /home/vboxuser/Haste/install/custom_interfaces/share/custom_interfaces/cmake/custom_interfaces__rosidl_typesupport_introspection_cExport.cmake
[1.482s] -- Up-to-date: /home/vboxuser/Haste/install/custom_interfaces/share/custom_interfaces/cmake/custom_interfaces__rosidl_typesupport_introspection_cExport-noconfig.cmake
[1.482s] -- Up-to-date: /home/vboxuser/Haste/install/custom_interfaces/share/custom_interfaces/cmake/custom_interfaces__rosidl_typesupport_cExport.cmake
[1.482s] -- Up-to-date: /home/vboxuser/Haste/install/custom_interfaces/share/custom_interfaces/cmake/custom_interfaces__rosidl_typesupport_cExport-noconfig.cmake
[1.482s] -- Up-to-date: /home/vboxuser/Haste/install/custom_interfaces/share/custom_interfaces/cmake/custom_interfaces__rosidl_typesupport_introspection_cppExport.cmake
[1.482s] -- Up-to-date: /home/vboxuser/Haste/install/custom_interfaces/share/custom_interfaces/cmake/custom_interfaces__rosidl_typesupport_introspection_cppExport-noconfig.cmake
[1.482s] -- Up-to-date: /home/vboxuser/Haste/install/custom_interfaces/share/custom_interfaces/cmake/custom_interfaces__rosidl_typesupport_cppExport.cmake
[1.482s] -- Up-to-date: /home/vboxuser/Haste/install/custom_interfaces/share/custom_interfaces/cmake/custom_interfaces__rosidl_typesupport_cppExport-noconfig.cmake
[1.482s] -- Up-to-date: /home/vboxuser/Haste/install/custom_interfaces/share/custom_interfaces/cmake/export_custom_interfaces__rosidl_generator_pyExport.cmake
[1.482s] -- Up-to-date: /home/vboxuser/Haste/install/custom_interfaces/share/custom_interfaces/cmake/export_custom_interfaces__rosidl_generator_pyExport-noconfig.cmake
[1.482s] -- Up-to-date: /home/vboxuser/Haste/install/custom_interfaces/share/custom_interfaces/cmake/rosidl_cmake-extras.cmake
[1.482s] -- Up-to-date: /home/vboxuser/Haste/install/custom_interfaces/share/custom_interfaces/cmake/ament_cmake_export_dependencies-extras.cmake
[1.482s] -- Up-to-date: /home/vboxuser/Haste/install/custom_interfaces/share/custom_interfaces/cmake/ament_cmake_export_include_directories-extras.cmake
[1.483s] -- Up-to-date: /home/vboxuser/Haste/install/custom_interfaces/share/custom_interfaces/cmake/ament_cmake_export_libraries-extras.cmake
[1.483s] -- Up-to-date: /home/vboxuser/Haste/install/custom_interfaces/share/custom_interfaces/cmake/ament_cmake_export_targets-extras.cmake
[1.483s] -- Up-to-date: /home/vboxuser/Haste/install/custom_interfaces/share/custom_interfaces/cmake/rosidl_cmake_export_typesupport_targets-extras.cmake
[1.483s] -- Up-to-date: /home/vboxuser/Haste/install/custom_interfaces/share/custom_interfaces/cmake/rosidl_cmake_export_typesupport_libraries-extras.cmake
[1.483s] -- Up-to-date: /home/vboxuser/Haste/install/custom_interfaces/share/custom_interfaces/cmake/custom_interfacesConfig.cmake
[1.483s] -- Up-to-date: /home/vboxuser/Haste/install/custom_interfaces/share/custom_interfaces/cmake/custom_interfacesConfig-version.cmake
[1.484s] -- Up-to-date: /home/vboxuser/Haste/install/custom_interfaces/share/custom_interfaces/package.xml
[1.487s] Invoked command in '/home/vboxuser/Haste/build/custom_interfaces' returned '0': CMAKE_PREFIX_PATH=${CMAKE_PREFIX_PATH}:/home/vboxuser/ros2_humble/install/rqt_bag_plugins:/home/vboxuser/ros2_humble/install/rqt_bag:/home/vboxuser/ros2_humble/install/ros2bag:/home/vboxuser/ros2_humble/install/tracetools_test:/home/vboxuser/ros2_humble/install/tracetools_launch:/home/vboxuser/ros2_humble/install/topic_monitor:/home/vboxuser/ros2_humble/install/tf2_tools:/home/vboxuser/ros2_humble/install/examples_tf2_py:/home/vboxuser/ros2_humble/install/tf2_ros_py:/home/vboxuser/ros2_humble/install/sros2:/home/vboxuser/ros2_humble/install/rqt_topic:/home/vboxuser/ros2_humble/install/rqt_srv:/home/vboxuser/ros2_humble/install/rqt_shell:/home/vboxuser/ros2_humble/install/rqt_service_caller:/home/vboxuser/ros2_humble/install/rqt_reconfigure:/home/vboxuser/ros2_humble/install/rqt_py_console:/home/vboxuser/ros2_humble/install/rqt_publisher:/home/vboxuser/ros2_humble/install/rqt_plot:/home/vboxuser/ros2_humble/install/rqt_action:/home/vboxuser/ros2_humble/install/rqt_msg:/home/vboxuser/ros2_humble/install/rqt_console:/home/vboxuser/ros2_humble/install/rqt:/home/vboxuser/ros2_humble/install/rqt_graph:/home/vboxuser/ros2_humble/install/rqt_gui_py:/home/vboxuser/ros2_humble/install/rqt_gui:/home/vboxuser/ros2_humble/install/ros2trace:/home/vboxuser/ros2_humble/install/ros2topic:/home/vboxuser/ros2_humble/install/ros2test:/home/vboxuser/ros2_humble/install/ros2component:/home/vboxuser/ros2_humble/install/ros2param:/home/vboxuser/ros2_humble/install/ros2lifecycle:/home/vboxuser/ros2_humble/install/ros2service:/home/vboxuser/ros2_humble/install/ros2run:/home/vboxuser/ros2_humble/install/ros2launch:/home/vboxuser/ros2_humble/install/ros2pkg:/home/vboxuser/ros2_humble/install/ros2node:/home/vboxuser/ros2_humble/install/ros2multicast:/home/vboxuser/ros2_humble/install/ros2interface:/home/vboxuser/ros2_humble/install/ros2doctor:/home/vboxuser/ros2_humble/install/ros2action:/home/vboxuser/ros2_humble/install/ros2cli:/home/vboxuser/ros2_humble/install/quality_of_service_demo_py:/home/vboxuser/ros2_humble/install/lifecycle_py:/home/vboxuser/ros2_humble/install/launch_testing_ros:/home/vboxuser/ros2_humble/install/launch_ros:/home/vboxuser/ros2_humble/install/examples_rclpy_pointcloud_publisher:/home/vboxuser/ros2_humble/install/examples_rclpy_minimal_subscriber:/home/vboxuser/ros2_humble/install/examples_rclpy_minimal_service:/home/vboxuser/ros2_humble/install/examples_rclpy_minimal_publisher:/home/vboxuser/ros2_humble/install/examples_rclpy_minimal_client:/home/vboxuser/ros2_humble/install/examples_rclpy_minimal_action_server:/home/vboxuser/ros2_humble/install/examples_rclpy_minimal_action_client:/home/vboxuser/ros2_humble/install/examples_rclpy_guard_conditions:/home/vboxuser/ros2_humble/install/examples_rclpy_executors:/home/vboxuser/ros2_humble/install/demo_nodes_py:/home/vboxuser/ros2_humble/install/action_tutorials_py:/home/vboxuser/ros2_humble/install/ament_uncrustify:/home/vboxuser/ros2_humble/install/tracetools_trace:/home/vboxuser/ros2_humble/install/tracetools_read:/home/vboxuser/ros2_humble/install/test_tracetools_launch:/home/vboxuser/ros2_humble/install/test_launch_ros:/home/vboxuser/ros2_humble/install/sensor_msgs_py:/home/vboxuser/ros2_humble/install/rpyutils:/home/vboxuser/ros2_humble/install/rosidl_runtime_py:/home/vboxuser/ros2_humble/install/rosidl_cli:/home/vboxuser/ros2_humble/install/launch_pytest:/home/vboxuser/ros2_humble/install/launch_testing:/home/vboxuser/ros2_humble/install/launch_yaml:/home/vboxuser/ros2_humble/install/launch_xml:/home/vboxuser/ros2_humble/install/launch:/home/vboxuser/ros2_humble/install/osrf_pycommon:/home/vboxuser/ros2_humble/install/launch_testing_examples:/home/vboxuser/ros2_humble/install/domain_coordinator:/home/vboxuser/ros2_humble/install/ament_xmllint:/home/vboxuser/ros2_humble/install/ament_pyflakes:/home/vboxuser/ros2_humble/install/ament_pycodestyle:/home/vboxuser/ros2_humble/install/ament_pep257:/home/vboxuser/ros2_humble/install/ament_pclint:/home/vboxuser/ros2_humble/install/ament_package:/home/vboxuser/ros2_humble/install/ament_mypy:/home/vboxuser/ros2_humble/install/ament_lint_cmake:/home/vboxuser/ros2_humble/install/ament_flake8:/home/vboxuser/ros2_humble/install/ament_copyright:/home/vboxuser/ros2_humble/install/ament_lint:/home/vboxuser/ros2_humble/install/ament_index_python:/home/vboxuser/ros2_humble/install/ament_cpplint:/home/vboxuser/ros2_humble/install/ament_cppcheck:/home/vboxuser/ros2_humble/install/ament_clang_tidy:/home/vboxuser/ros2_humble/install/ament_clang_format /usr/bin/cmake --install /home/vboxuser/Haste/build/custom_interfaces
