[0.037s] Invoking command in '/home/vboxuser/ros2_ws/build/custom_interfaces': CMAKE_PREFIX_PATH=${CMAKE_PREFIX_PATH}:/home/vboxuser/ros2_humble/install/rqt_bag_plugins:/home/vboxuser/ros2_humble/install/rqt_bag:/home/vboxuser/ros2_humble/install/ros2bag:/home/vboxuser/ros2_humble/install/tracetools_test:/home/vboxuser/ros2_humble/install/tracetools_launch:/home/vboxuser/ros2_humble/install/topic_monitor:/home/vboxuser/ros2_humble/install/tf2_tools:/home/vboxuser/ros2_humble/install/examples_tf2_py:/home/vboxuser/ros2_humble/install/tf2_ros_py:/home/vboxuser/ros2_humble/install/sros2:/home/vboxuser/ros2_humble/install/rqt_topic:/home/vboxuser/ros2_humble/install/rqt_srv:/home/vboxuser/ros2_humble/install/rqt_shell:/home/vboxuser/ros2_humble/install/rqt_service_caller:/home/vboxuser/ros2_humble/install/rqt_reconfigure:/home/vboxuser/ros2_humble/install/rqt_py_console:/home/vboxuser/ros2_humble/install/rqt_publisher:/home/vboxuser/ros2_humble/install/rqt_plot:/home/vboxuser/ros2_humble/install/rqt_action:/home/vboxuser/ros2_humble/install/rqt_msg:/home/vboxuser/ros2_humble/install/rqt_console:/home/vboxuser/ros2_humble/install/rqt:/home/vboxuser/ros2_humble/install/rqt_graph:/home/vboxuser/ros2_humble/install/rqt_gui_py:/home/vboxuser/ros2_humble/install/rqt_gui:/home/vboxuser/ros2_humble/install/ros2trace:/home/vboxuser/ros2_humble/install/ros2topic:/home/vboxuser/ros2_humble/install/ros2test:/home/vboxuser/ros2_humble/install/ros2component:/home/vboxuser/ros2_humble/install/ros2param:/home/vboxuser/ros2_humble/install/ros2lifecycle:/home/vboxuser/ros2_humble/install/ros2service:/home/vboxuser/ros2_humble/install/ros2run:/home/vboxuser/ros2_humble/install/ros2launch:/home/vboxuser/ros2_humble/install/ros2pkg:/home/vboxuser/ros2_humble/install/ros2node:/home/vboxuser/ros2_humble/install/ros2multicast:/home/vboxuser/ros2_humble/install/ros2interface:/home/vboxuser/ros2_humble/install/ros2doctor:/home/vboxuser/ros2_humble/install/ros2action:/home/vboxuser/ros2_humble/install/ros2cli:/home/vboxuser/ros2_humble/install/quality_of_service_demo_py:/home/vboxuser/ros2_humble/install/lifecycle_py:/home/vboxuser/ros2_humble/install/launch_testing_ros:/home/vboxuser/ros2_humble/install/launch_ros:/home/vboxuser/ros2_humble/install/examples_rclpy_pointcloud_publisher:/home/vboxuser/ros2_humble/install/examples_rclpy_minimal_subscriber:/home/vboxuser/ros2_humble/install/examples_rclpy_minimal_service:/home/vboxuser/ros2_humble/install/examples_rclpy_minimal_publisher:/home/vboxuser/ros2_humble/install/examples_rclpy_minimal_client:/home/vboxuser/ros2_humble/install/examples_rclpy_minimal_action_server:/home/vboxuser/ros2_humble/install/examples_rclpy_minimal_action_client:/home/vboxuser/ros2_humble/install/examples_rclpy_guard_conditions:/home/vboxuser/ros2_humble/install/examples_rclpy_executors:/home/vboxuser/ros2_humble/install/demo_nodes_py:/home/vboxuser/ros2_humble/install/action_tutorials_py:/home/vboxuser/ros2_humble/install/ament_uncrustify:/home/vboxuser/ros2_humble/install/tracetools_trace:/home/vboxuser/ros2_humble/install/tracetools_read:/home/vboxuser/ros2_humble/install/test_tracetools_launch:/home/vboxuser/ros2_humble/install/test_launch_ros:/home/vboxuser/ros2_humble/install/sensor_msgs_py:/home/vboxuser/ros2_humble/install/rpyutils:/home/vboxuser/ros2_humble/install/rosidl_runtime_py:/home/vboxuser/ros2_humble/install/rosidl_cli:/home/vboxuser/ros2_humble/install/launch_pytest:/home/vboxuser/ros2_humble/install/launch_testing:/home/vboxuser/ros2_humble/install/launch_yaml:/home/vboxuser/ros2_humble/install/launch_xml:/home/vboxuser/ros2_humble/install/launch:/home/vboxuser/ros2_humble/install/osrf_pycommon:/home/vboxuser/ros2_humble/install/launch_testing_examples:/home/vboxuser/ros2_humble/install/domain_coordinator:/home/vboxuser/ros2_humble/install/ament_xmllint:/home/vboxuser/ros2_humble/install/ament_pyflakes:/home/vboxuser/ros2_humble/install/ament_pycodestyle:/home/vboxuser/ros2_humble/install/ament_pep257:/home/vboxuser/ros2_humble/install/ament_pclint:/home/vboxuser/ros2_humble/install/ament_package:/home/vboxuser/ros2_humble/install/ament_mypy:/home/vboxuser/ros2_humble/install/ament_lint_cmake:/home/vboxuser/ros2_humble/install/ament_flake8:/home/vboxuser/ros2_humble/install/ament_copyright:/home/vboxuser/ros2_humble/install/ament_lint:/home/vboxuser/ros2_humble/install/ament_index_python:/home/vboxuser/ros2_humble/install/ament_cpplint:/home/vboxuser/ros2_humble/install/ament_cppcheck:/home/vboxuser/ros2_humble/install/ament_clang_tidy:/home/vboxuser/ros2_humble/install/ament_clang_format /usr/bin/cmake --build /home/vboxuser/ros2_ws/build/custom_interfaces -- -j4 -l4
[0.098s] -- Found ament_cmake: 1.3.3 (/home/vboxuser/ros2_humble/install/ament_cmake/share/ament_cmake/cmake)
[0.530s] -- Found geometry_msgs: 4.2.3 (/home/vboxuser/ros2_humble/install/geometry_msgs/share/geometry_msgs/cmake)
[0.576s] -- Found rosidl_generator_c: 3.1.4 (/home/vboxuser/ros2_humble/install/rosidl_generator_c/share/rosidl_generator_c/cmake)
[0.577s] -- Found rosidl_adapter: 3.1.4 (/home/vboxuser/ros2_humble/install/rosidl_adapter/share/rosidl_adapter/cmake)
[0.582s] -- Found rosidl_generator_cpp: 3.1.4 (/home/vboxuser/ros2_humble/install/rosidl_generator_cpp/share/rosidl_generator_cpp/cmake)
[0.742s] -- Using all available rosidl_typesupport_c: rosidl_typesupport_introspection_c;rosidl_typesupport_fastrtps_c
[0.778s] -- Using all available rosidl_typesupport_cpp: rosidl_typesupport_introspection_cpp;rosidl_typesupport_fastrtps_cpp
[0.887s] -- Found rosidl_default_generators: 1.2.0 (/home/vboxuser/ros2_humble/install/rosidl_default_generators/share/rosidl_default_generators/cmake)
[1.732s] -- Found ament_cmake_ros: 0.10.0 (/home/vboxuser/ros2_humble/install/ament_cmake_ros/share/ament_cmake_ros/cmake)
[2.714s] -- Using all available rosidl_typesupport_c: rosidl_typesupport_introspection_c;rosidl_typesupport_fastrtps_c
[3.129s] -- Using all available rosidl_typesupport_cpp: rosidl_typesupport_introspection_cpp;rosidl_typesupport_fastrtps_cpp
[3.181s] -- Found python_cmake_module: 0.10.0 (/home/vboxuser/ros2_humble/install/python_cmake_module/share/python_cmake_module/cmake)
[3.245s] -- Using PYTHON_EXECUTABLE: /usr/bin/python3
[3.245s] -- Using PYTHON_INCLUDE_DIRS: /usr/include/python3.10
[3.245s] -- Using PYTHON_LIBRARIES: /usr/lib/x86_64-linux-gnu/libpython3.10.so
[3.645s] -- Found ament_lint_auto: 0.12.5 (/home/vboxuser/ros2_humble/install/ament_lint_auto/share/ament_lint_auto/cmake)
[3.653s] -- Added test 'lint_cmake' to check CMake code style
[3.654s] -- Added test 'xmllint' to check XML markup files
[3.656s] -- Configuring done
[3.772s] -- Generating done
[3.774s] -- Build files have been written to: /home/vboxuser/ros2_ws/build/custom_interfaces
[3.861s] [  1%] [34m[1mGenerating C code for ROS interfaces[0m
[3.913s] [  3%] [34m[1mGenerating C++ code for ROS interfaces[0m
[3.938s] [  3%] Built target ament_cmake_python_copy_custom_interfaces
[4.339s] running egg_info
[4.340s] writing custom_interfaces.egg-info/PKG-INFO
[4.342s] writing dependency_links to custom_interfaces.egg-info/dependency_links.txt
[4.342s] writing top-level names to custom_interfaces.egg-info/top_level.txt
[4.344s] reading manifest file 'custom_interfaces.egg-info/SOURCES.txt'
[4.345s] writing manifest file 'custom_interfaces.egg-info/SOURCES.txt'
[4.394s] [  3%] Built target ament_cmake_python_build_custom_interfaces_egg
[4.497s] [  3%] Built target custom_interfaces__cpp
[4.530s] [  5%] [34m[1mGenerating C++ type support dispatch for ROS interfaces[0m
[4.549s] [  7%] [34m[1mGenerating C++ type support for eProsima Fast-RTPS[0m
[4.556s] [35m[1mConsolidate compiler generated dependencies of target custom_interfaces__rosidl_generator_c[0m
[4.566s] [  9%] [34m[1mGenerating C++ introspection for ROS interfaces[0m
[4.581s] [ 10%] [32mBuilding C object CMakeFiles/custom_interfaces__rosidl_generator_c.dir/rosidl_generator_c/custom_interfaces/msg/detail/num__functions.c.o[0m
[4.655s] [ 12%] [32mBuilding C object CMakeFiles/custom_interfaces__rosidl_generator_c.dir/rosidl_generator_c/custom_interfaces/msg/detail/sphere__functions.c.o[0m
[4.710s] [ 14%] [32mBuilding C object CMakeFiles/custom_interfaces__rosidl_generator_c.dir/rosidl_generator_c/custom_interfaces/srv/detail/add_three_ints__functions.c.o[0m
[4.785s] [ 16%] [32mBuilding C object CMakeFiles/custom_interfaces__rosidl_generator_c.dir/rosidl_generator_c/custom_interfaces/srv/detail/scan_twi__functions.c.o[0m
[4.899s] [ 18%] [32m[1mLinking C shared library libcustom_interfaces__rosidl_generator_c.so[0m
[4.965s] [ 18%] Built target custom_interfaces__rosidl_generator_c
[5.000s] [ 20%] [34m[1mGenerating C type support for eProsima Fast-RTPS[0m
[5.019s] [35m[1mConsolidate compiler generated dependencies of target custom_interfaces__rosidl_typesupport_cpp[0m
[5.048s] [ 21%] [32mBuilding CXX object CMakeFiles/custom_interfaces__rosidl_typesupport_cpp.dir/rosidl_typesupport_cpp/custom_interfaces/msg/num__type_support.cpp.o[0m
[5.170s] [35m[1mConsolidate compiler generated dependencies of target custom_interfaces__rosidl_typesupport_fastrtps_cpp[0m
[5.170s] [35m[1mConsolidate compiler generated dependencies of target custom_interfaces__rosidl_typesupport_introspection_cpp[0m
[5.206s] [ 25%] [32mBuilding CXX object CMakeFiles/custom_interfaces__rosidl_typesupport_fastrtps_cpp.dir/rosidl_typesupport_fastrtps_cpp/custom_interfaces/msg/detail/dds_fastrtps/num__type_support.cpp.o[0m
[5.206s] [ 25%] [32mBuilding CXX object CMakeFiles/custom_interfaces__rosidl_typesupport_introspection_cpp.dir/rosidl_typesupport_introspection_cpp/custom_interfaces/msg/detail/num__type_support.cpp.o[0m
[5.312s] [ 27%] [32mBuilding CXX object CMakeFiles/custom_interfaces__rosidl_typesupport_cpp.dir/rosidl_typesupport_cpp/custom_interfaces/msg/sphere__type_support.cpp.o[0m
[5.530s] [35m[1mConsolidate compiler generated dependencies of target custom_interfaces__rosidl_typesupport_fastrtps_c[0m
[5.535s] [ 29%] [32mBuilding CXX object CMakeFiles/custom_interfaces__rosidl_typesupport_introspection_cpp.dir/rosidl_typesupport_introspection_cpp/custom_interfaces/msg/detail/sphere__type_support.cpp.o[0m
[5.570s] [ 30%] [32mBuilding CXX object CMakeFiles/custom_interfaces__rosidl_typesupport_fastrtps_cpp.dir/rosidl_typesupport_fastrtps_cpp/custom_interfaces/msg/detail/dds_fastrtps/sphere__type_support.cpp.o[0m
[5.586s] [ 32%] [32mBuilding CXX object CMakeFiles/custom_interfaces__rosidl_typesupport_cpp.dir/rosidl_typesupport_cpp/custom_interfaces/srv/add_three_ints__type_support.cpp.o[0m
[5.594s] [ 34%] [32mBuilding CXX object CMakeFiles/custom_interfaces__rosidl_typesupport_fastrtps_c.dir/rosidl_typesupport_fastrtps_c/custom_interfaces/msg/detail/num__type_support_c.cpp.o[0m
[5.904s] [ 38%] [32mBuilding CXX object CMakeFiles/custom_interfaces__rosidl_typesupport_introspection_cpp.dir/rosidl_typesupport_introspection_cpp/custom_interfaces/srv/detail/add_three_ints__type_support.cpp.o[0m
[5.904s] [ 38%] [32mBuilding CXX object CMakeFiles/custom_interfaces__rosidl_typesupport_fastrtps_c.dir/rosidl_typesupport_fastrtps_c/custom_interfaces/msg/detail/sphere__type_support_c.cpp.o[0m
[5.960s] [ 40%] [32mBuilding CXX object CMakeFiles/custom_interfaces__rosidl_typesupport_cpp.dir/rosidl_typesupport_cpp/custom_interfaces/srv/scan_twi__type_support.cpp.o[0m
[5.994s] [ 41%] [32mBuilding CXX object CMakeFiles/custom_interfaces__rosidl_typesupport_fastrtps_cpp.dir/rosidl_typesupport_fastrtps_cpp/custom_interfaces/srv/detail/dds_fastrtps/add_three_ints__type_support.cpp.o[0m
[6.182s] [ 43%] [32mBuilding CXX object CMakeFiles/custom_interfaces__rosidl_typesupport_fastrtps_c.dir/rosidl_typesupport_fastrtps_c/custom_interfaces/srv/detail/add_three_ints__type_support_c.cpp.o[0m
[6.190s] [ 45%] [32m[1mLinking CXX shared library libcustom_interfaces__rosidl_typesupport_cpp.so[0m
[6.232s] [ 47%] [32mBuilding CXX object CMakeFiles/custom_interfaces__rosidl_typesupport_introspection_cpp.dir/rosidl_typesupport_introspection_cpp/custom_interfaces/srv/detail/scan_twi__type_support.cpp.o[0m
[6.270s] [ 47%] Built target custom_interfaces__rosidl_typesupport_cpp
[6.303s] [ 49%] [34m[1mGenerating C introspection for ROS interfaces[0m
[6.346s] [ 50%] [32mBuilding CXX object CMakeFiles/custom_interfaces__rosidl_typesupport_fastrtps_cpp.dir/rosidl_typesupport_fastrtps_cpp/custom_interfaces/srv/detail/dds_fastrtps/scan_twi__type_support.cpp.o[0m
[6.463s] [ 52%] [32mBuilding CXX object CMakeFiles/custom_interfaces__rosidl_typesupport_fastrtps_c.dir/rosidl_typesupport_fastrtps_c/custom_interfaces/srv/detail/scan_twi__type_support_c.cpp.o[0m
[6.561s] [ 54%] [32m[1mLinking CXX shared library libcustom_interfaces__rosidl_typesupport_introspection_cpp.so[0m
[6.655s] [ 54%] Built target custom_interfaces__rosidl_typesupport_introspection_cpp
[6.677s] [ 56%] [34m[1mGenerating C type support dispatch for ROS interfaces[0m
[6.684s] [ 58%] [32m[1mLinking CXX shared library libcustom_interfaces__rosidl_typesupport_fastrtps_cpp.so[0m
[6.800s] [ 58%] Built target custom_interfaces__rosidl_typesupport_fastrtps_cpp
[6.806s] [ 60%] [32m[1mLinking CXX shared library libcustom_interfaces__rosidl_typesupport_fastrtps_c.so[0m
[6.839s] [35m[1mConsolidate compiler generated dependencies of target custom_interfaces__rosidl_typesupport_introspection_c[0m
[6.864s] [ 61%] [32mBuilding C object CMakeFiles/custom_interfaces__rosidl_typesupport_introspection_c.dir/rosidl_typesupport_introspection_c/custom_interfaces/msg/detail/num__type_support.c.o[0m
[6.882s] [ 63%] [32mBuilding C object CMakeFiles/custom_interfaces__rosidl_typesupport_introspection_c.dir/rosidl_typesupport_introspection_c/custom_interfaces/msg/detail/sphere__type_support.c.o[0m
[6.901s] [ 63%] Built target custom_interfaces__rosidl_typesupport_fastrtps_c
[6.933s] [ 65%] [32mBuilding C object CMakeFiles/custom_interfaces__rosidl_typesupport_introspection_c.dir/rosidl_typesupport_introspection_c/custom_interfaces/srv/detail/add_three_ints__type_support.c.o[0m
[6.946s] [ 67%] [32mBuilding C object CMakeFiles/custom_interfaces__rosidl_typesupport_introspection_c.dir/rosidl_typesupport_introspection_c/custom_interfaces/srv/detail/scan_twi__type_support.c.o[0m
[6.992s] [ 69%] [32m[1mLinking C shared library libcustom_interfaces__rosidl_typesupport_introspection_c.so[0m
[7.063s] [ 69%] Built target custom_interfaces__rosidl_typesupport_introspection_c
[7.134s] [35m[1mConsolidate compiler generated dependencies of target custom_interfaces__rosidl_typesupport_c[0m
[7.162s] [ 70%] [32mBuilding CXX object CMakeFiles/custom_interfaces__rosidl_typesupport_c.dir/rosidl_typesupport_c/custom_interfaces/msg/sphere__type_support.cpp.o[0m
[7.165s] [ 72%] [32mBuilding CXX object CMakeFiles/custom_interfaces__rosidl_typesupport_c.dir/rosidl_typesupport_c/custom_interfaces/msg/num__type_support.cpp.o[0m
[7.167s] [ 74%] [32mBuilding CXX object CMakeFiles/custom_interfaces__rosidl_typesupport_c.dir/rosidl_typesupport_c/custom_interfaces/srv/scan_twi__type_support.cpp.o[0m
[7.169s] [ 76%] [32mBuilding CXX object CMakeFiles/custom_interfaces__rosidl_typesupport_c.dir/rosidl_typesupport_c/custom_interfaces/srv/add_three_ints__type_support.cpp.o[0m
[7.234s] [ 78%] [32m[1mLinking CXX shared library libcustom_interfaces__rosidl_typesupport_c.so[0m
[7.310s] [ 78%] Built target custom_interfaces__rosidl_typesupport_c
[7.373s] [ 78%] Built target custom_interfaces
[7.420s] [ 80%] [34m[1mGenerating Python code for ROS interfaces[0m
[8.126s] [ 80%] Built target custom_interfaces__py
[8.153s] [35m[1mConsolidate compiler generated dependencies of target custom_interfaces__rosidl_generator_py[0m
[8.185s] [ 81%] [32mBuilding C object CMakeFiles/custom_interfaces__rosidl_generator_py.dir/rosidl_generator_py/custom_interfaces/msg/_sphere_s.c.o[0m
[8.185s] [ 83%] [32mBuilding C object CMakeFiles/custom_interfaces__rosidl_generator_py.dir/rosidl_generator_py/custom_interfaces/srv/_scan_twi_s.c.o[0m
[8.189s] [ 85%] [32mBuilding C object CMakeFiles/custom_interfaces__rosidl_generator_py.dir/rosidl_generator_py/custom_interfaces/msg/_num_s.c.o[0m
[8.189s] [ 87%] [32mBuilding C object CMakeFiles/custom_interfaces__rosidl_generator_py.dir/rosidl_generator_py/custom_interfaces/srv/_add_three_ints_s.c.o[0m
[8.395s] [ 89%] [32m[1mLinking C shared library rosidl_generator_py/custom_interfaces/libcustom_interfaces__rosidl_generator_py.so[0m
[8.481s] [ 89%] Built target custom_interfaces__rosidl_generator_py
[8.504s] [35m[1mConsolidate compiler generated dependencies of target custom_interfaces__rosidl_typesupport_c__pyext[0m
[8.508s] [35m[1mConsolidate compiler generated dependencies of target custom_interfaces__rosidl_typesupport_fastrtps_c__pyext[0m
[8.532s] [35m[1mConsolidate compiler generated dependencies of target custom_interfaces__rosidl_typesupport_introspection_c__pyext[0m
[8.553s] [ 90%] [32mBuilding C object CMakeFiles/custom_interfaces__rosidl_typesupport_c__pyext.dir/rosidl_generator_py/custom_interfaces/_custom_interfaces_s.ep.rosidl_typesupport_c.c.o[0m
[8.557s] [ 94%] [32mBuilding C object CMakeFiles/custom_interfaces__rosidl_typesupport_fastrtps_c__pyext.dir/rosidl_generator_py/custom_interfaces/_custom_interfaces_s.ep.rosidl_typesupport_fastrtps_c.c.o[0m
[8.557s] [ 94%] [32mBuilding C object CMakeFiles/custom_interfaces__rosidl_typesupport_introspection_c__pyext.dir/rosidl_generator_py/custom_interfaces/_custom_interfaces_s.ep.rosidl_typesupport_introspection_c.c.o[0m
[8.682s] [ 96%] [32m[1mLinking C shared library rosidl_generator_py/custom_interfaces/custom_interfaces_s__rosidl_typesupport_introspection_c.cpython-310-x86_64-linux-gnu.so[0m
[8.689s] [ 98%] [32m[1mLinking C shared library rosidl_generator_py/custom_interfaces/custom_interfaces_s__rosidl_typesupport_c.cpython-310-x86_64-linux-gnu.so[0m
[8.698s] [100%] [32m[1mLinking C shared library rosidl_generator_py/custom_interfaces/custom_interfaces_s__rosidl_typesupport_fastrtps_c.cpython-310-x86_64-linux-gnu.so[0m
[8.779s] [100%] Built target custom_interfaces__rosidl_typesupport_introspection_c__pyext
[8.792s] [100%] Built target custom_interfaces__rosidl_typesupport_c__pyext
[8.792s] [100%] Built target custom_interfaces__rosidl_typesupport_fastrtps_c__pyext
[8.815s] Invoked command in '/home/vboxuser/ros2_ws/build/custom_interfaces' returned '0': CMAKE_PREFIX_PATH=${CMAKE_PREFIX_PATH}:/home/vboxuser/ros2_humble/install/rqt_bag_plugins:/home/vboxuser/ros2_humble/install/rqt_bag:/home/vboxuser/ros2_humble/install/ros2bag:/home/vboxuser/ros2_humble/install/tracetools_test:/home/vboxuser/ros2_humble/install/tracetools_launch:/home/vboxuser/ros2_humble/install/topic_monitor:/home/vboxuser/ros2_humble/install/tf2_tools:/home/vboxuser/ros2_humble/install/examples_tf2_py:/home/vboxuser/ros2_humble/install/tf2_ros_py:/home/vboxuser/ros2_humble/install/sros2:/home/vboxuser/ros2_humble/install/rqt_topic:/home/vboxuser/ros2_humble/install/rqt_srv:/home/vboxuser/ros2_humble/install/rqt_shell:/home/vboxuser/ros2_humble/install/rqt_service_caller:/home/vboxuser/ros2_humble/install/rqt_reconfigure:/home/vboxuser/ros2_humble/install/rqt_py_console:/home/vboxuser/ros2_humble/install/rqt_publisher:/home/vboxuser/ros2_humble/install/rqt_plot:/home/vboxuser/ros2_humble/install/rqt_action:/home/vboxuser/ros2_humble/install/rqt_msg:/home/vboxuser/ros2_humble/install/rqt_console:/home/vboxuser/ros2_humble/install/rqt:/home/vboxuser/ros2_humble/install/rqt_graph:/home/vboxuser/ros2_humble/install/rqt_gui_py:/home/vboxuser/ros2_humble/install/rqt_gui:/home/vboxuser/ros2_humble/install/ros2trace:/home/vboxuser/ros2_humble/install/ros2topic:/home/vboxuser/ros2_humble/install/ros2test:/home/vboxuser/ros2_humble/install/ros2component:/home/vboxuser/ros2_humble/install/ros2param:/home/vboxuser/ros2_humble/install/ros2lifecycle:/home/vboxuser/ros2_humble/install/ros2service:/home/vboxuser/ros2_humble/install/ros2run:/home/vboxuser/ros2_humble/install/ros2launch:/home/vboxuser/ros2_humble/install/ros2pkg:/home/vboxuser/ros2_humble/install/ros2node:/home/vboxuser/ros2_humble/install/ros2multicast:/home/vboxuser/ros2_humble/install/ros2interface:/home/vboxuser/ros2_humble/install/ros2doctor:/home/vboxuser/ros2_humble/install/ros2action:/home/vboxuser/ros2_humble/install/ros2cli:/home/vboxuser/ros2_humble/install/quality_of_service_demo_py:/home/vboxuser/ros2_humble/install/lifecycle_py:/home/vboxuser/ros2_humble/install/launch_testing_ros:/home/vboxuser/ros2_humble/install/launch_ros:/home/vboxuser/ros2_humble/install/examples_rclpy_pointcloud_publisher:/home/vboxuser/ros2_humble/install/examples_rclpy_minimal_subscriber:/home/vboxuser/ros2_humble/install/examples_rclpy_minimal_service:/home/vboxuser/ros2_humble/install/examples_rclpy_minimal_publisher:/home/vboxuser/ros2_humble/install/examples_rclpy_minimal_client:/home/vboxuser/ros2_humble/install/examples_rclpy_minimal_action_server:/home/vboxuser/ros2_humble/install/examples_rclpy_minimal_action_client:/home/vboxuser/ros2_humble/install/examples_rclpy_guard_conditions:/home/vboxuser/ros2_humble/install/examples_rclpy_executors:/home/vboxuser/ros2_humble/install/demo_nodes_py:/home/vboxuser/ros2_humble/install/action_tutorials_py:/home/vboxuser/ros2_humble/install/ament_uncrustify:/home/vboxuser/ros2_humble/install/tracetools_trace:/home/vboxuser/ros2_humble/install/tracetools_read:/home/vboxuser/ros2_humble/install/test_tracetools_launch:/home/vboxuser/ros2_humble/install/test_launch_ros:/home/vboxuser/ros2_humble/install/sensor_msgs_py:/home/vboxuser/ros2_humble/install/rpyutils:/home/vboxuser/ros2_humble/install/rosidl_runtime_py:/home/vboxuser/ros2_humble/install/rosidl_cli:/home/vboxuser/ros2_humble/install/launch_pytest:/home/vboxuser/ros2_humble/install/launch_testing:/home/vboxuser/ros2_humble/install/launch_yaml:/home/vboxuser/ros2_humble/install/launch_xml:/home/vboxuser/ros2_humble/install/launch:/home/vboxuser/ros2_humble/install/osrf_pycommon:/home/vboxuser/ros2_humble/install/launch_testing_examples:/home/vboxuser/ros2_humble/install/domain_coordinator:/home/vboxuser/ros2_humble/install/ament_xmllint:/home/vboxuser/ros2_humble/install/ament_pyflakes:/home/vboxuser/ros2_humble/install/ament_pycodestyle:/home/vboxuser/ros2_humble/install/ament_pep257:/home/vboxuser/ros2_humble/install/ament_pclint:/home/vboxuser/ros2_humble/install/ament_package:/home/vboxuser/ros2_humble/install/ament_mypy:/home/vboxuser/ros2_humble/install/ament_lint_cmake:/home/vboxuser/ros2_humble/install/ament_flake8:/home/vboxuser/ros2_humble/install/ament_copyright:/home/vboxuser/ros2_humble/install/ament_lint:/home/vboxuser/ros2_humble/install/ament_index_python:/home/vboxuser/ros2_humble/install/ament_cpplint:/home/vboxuser/ros2_humble/install/ament_cppcheck:/home/vboxuser/ros2_humble/install/ament_clang_tidy:/home/vboxuser/ros2_humble/install/ament_clang_format /usr/bin/cmake --build /home/vboxuser/ros2_ws/build/custom_interfaces -- -j4 -l4
[9.680s] Invoking command in '/home/vboxuser/ros2_ws/build/custom_interfaces': CMAKE_PREFIX_PATH=${CMAKE_PREFIX_PATH}:/home/vboxuser/ros2_humble/install/rqt_bag_plugins:/home/vboxuser/ros2_humble/install/rqt_bag:/home/vboxuser/ros2_humble/install/ros2bag:/home/vboxuser/ros2_humble/install/tracetools_test:/home/vboxuser/ros2_humble/install/tracetools_launch:/home/vboxuser/ros2_humble/install/topic_monitor:/home/vboxuser/ros2_humble/install/tf2_tools:/home/vboxuser/ros2_humble/install/examples_tf2_py:/home/vboxuser/ros2_humble/install/tf2_ros_py:/home/vboxuser/ros2_humble/install/sros2:/home/vboxuser/ros2_humble/install/rqt_topic:/home/vboxuser/ros2_humble/install/rqt_srv:/home/vboxuser/ros2_humble/install/rqt_shell:/home/vboxuser/ros2_humble/install/rqt_service_caller:/home/vboxuser/ros2_humble/install/rqt_reconfigure:/home/vboxuser/ros2_humble/install/rqt_py_console:/home/vboxuser/ros2_humble/install/rqt_publisher:/home/vboxuser/ros2_humble/install/rqt_plot:/home/vboxuser/ros2_humble/install/rqt_action:/home/vboxuser/ros2_humble/install/rqt_msg:/home/vboxuser/ros2_humble/install/rqt_console:/home/vboxuser/ros2_humble/install/rqt:/home/vboxuser/ros2_humble/install/rqt_graph:/home/vboxuser/ros2_humble/install/rqt_gui_py:/home/vboxuser/ros2_humble/install/rqt_gui:/home/vboxuser/ros2_humble/install/ros2trace:/home/vboxuser/ros2_humble/install/ros2topic:/home/vboxuser/ros2_humble/install/ros2test:/home/vboxuser/ros2_humble/install/ros2component:/home/vboxuser/ros2_humble/install/ros2param:/home/vboxuser/ros2_humble/install/ros2lifecycle:/home/vboxuser/ros2_humble/install/ros2service:/home/vboxuser/ros2_humble/install/ros2run:/home/vboxuser/ros2_humble/install/ros2launch:/home/vboxuser/ros2_humble/install/ros2pkg:/home/vboxuser/ros2_humble/install/ros2node:/home/vboxuser/ros2_humble/install/ros2multicast:/home/vboxuser/ros2_humble/install/ros2interface:/home/vboxuser/ros2_humble/install/ros2doctor:/home/vboxuser/ros2_humble/install/ros2action:/home/vboxuser/ros2_humble/install/ros2cli:/home/vboxuser/ros2_humble/install/quality_of_service_demo_py:/home/vboxuser/ros2_humble/install/lifecycle_py:/home/vboxuser/ros2_humble/install/launch_testing_ros:/home/vboxuser/ros2_humble/install/launch_ros:/home/vboxuser/ros2_humble/install/examples_rclpy_pointcloud_publisher:/home/vboxuser/ros2_humble/install/examples_rclpy_minimal_subscriber:/home/vboxuser/ros2_humble/install/examples_rclpy_minimal_service:/home/vboxuser/ros2_humble/install/examples_rclpy_minimal_publisher:/home/vboxuser/ros2_humble/install/examples_rclpy_minimal_client:/home/vboxuser/ros2_humble/install/examples_rclpy_minimal_action_server:/home/vboxuser/ros2_humble/install/examples_rclpy_minimal_action_client:/home/vboxuser/ros2_humble/install/examples_rclpy_guard_conditions:/home/vboxuser/ros2_humble/install/examples_rclpy_executors:/home/vboxuser/ros2_humble/install/demo_nodes_py:/home/vboxuser/ros2_humble/install/action_tutorials_py:/home/vboxuser/ros2_humble/install/ament_uncrustify:/home/vboxuser/ros2_humble/install/tracetools_trace:/home/vboxuser/ros2_humble/install/tracetools_read:/home/vboxuser/ros2_humble/install/test_tracetools_launch:/home/vboxuser/ros2_humble/install/test_launch_ros:/home/vboxuser/ros2_humble/install/sensor_msgs_py:/home/vboxuser/ros2_humble/install/rpyutils:/home/vboxuser/ros2_humble/install/rosidl_runtime_py:/home/vboxuser/ros2_humble/install/rosidl_cli:/home/vboxuser/ros2_humble/install/launch_pytest:/home/vboxuser/ros2_humble/install/launch_testing:/home/vboxuser/ros2_humble/install/launch_yaml:/home/vboxuser/ros2_humble/install/launch_xml:/home/vboxuser/ros2_humble/install/launch:/home/vboxuser/ros2_humble/install/osrf_pycommon:/home/vboxuser/ros2_humble/install/launch_testing_examples:/home/vboxuser/ros2_humble/install/domain_coordinator:/home/vboxuser/ros2_humble/install/ament_xmllint:/home/vboxuser/ros2_humble/install/ament_pyflakes:/home/vboxuser/ros2_humble/install/ament_pycodestyle:/home/vboxuser/ros2_humble/install/ament_pep257:/home/vboxuser/ros2_humble/install/ament_pclint:/home/vboxuser/ros2_humble/install/ament_package:/home/vboxuser/ros2_humble/install/ament_mypy:/home/vboxuser/ros2_humble/install/ament_lint_cmake:/home/vboxuser/ros2_humble/install/ament_flake8:/home/vboxuser/ros2_humble/install/ament_copyright:/home/vboxuser/ros2_humble/install/ament_lint:/home/vboxuser/ros2_humble/install/ament_index_python:/home/vboxuser/ros2_humble/install/ament_cpplint:/home/vboxuser/ros2_humble/install/ament_cppcheck:/home/vboxuser/ros2_humble/install/ament_clang_tidy:/home/vboxuser/ros2_humble/install/ament_clang_format /usr/bin/cmake --install /home/vboxuser/ros2_ws/build/custom_interfaces
[9.703s] -- Install configuration: ""
[9.704s] -- Up-to-date: /home/vboxuser/ros2_ws/install/custom_interfaces/share/ament_index/resource_index/rosidl_interfaces/custom_interfaces
[9.704s] -- Up-to-date: /home/vboxuser/ros2_ws/install/custom_interfaces/include/custom_interfaces/custom_interfaces
[9.704s] -- Up-to-date: /home/vboxuser/ros2_ws/install/custom_interfaces/include/custom_interfaces/custom_interfaces/msg
[9.705s] -- Up-to-date: /home/vboxuser/ros2_ws/install/custom_interfaces/include/custom_interfaces/custom_interfaces/msg/rosidl_generator_c__visibility_control.h
[9.705s] -- Installing: /home/vboxuser/ros2_ws/install/custom_interfaces/include/custom_interfaces/custom_interfaces/msg/sphere.h
[9.705s] -- Up-to-date: /home/vboxuser/ros2_ws/install/custom_interfaces/include/custom_interfaces/custom_interfaces/msg/detail
[9.705s] -- Installing: /home/vboxuser/ros2_ws/install/custom_interfaces/include/custom_interfaces/custom_interfaces/msg/detail/num__struct.h
[9.705s] -- Installing: /home/vboxuser/ros2_ws/install/custom_interfaces/include/custom_interfaces/custom_interfaces/msg/detail/sphere__struct.h
[9.706s] -- Installing: /home/vboxuser/ros2_ws/install/custom_interfaces/include/custom_interfaces/custom_interfaces/msg/detail/num__functions.c
[9.706s] -- Installing: /home/vboxuser/ros2_ws/install/custom_interfaces/include/custom_interfaces/custom_interfaces/msg/detail/sphere__functions.c
[9.707s] -- Installing: /home/vboxuser/ros2_ws/install/custom_interfaces/include/custom_interfaces/custom_interfaces/msg/detail/num__functions.h
[9.708s] -- Installing: /home/vboxuser/ros2_ws/install/custom_interfaces/include/custom_interfaces/custom_interfaces/msg/detail/num__type_support.h
[9.709s] -- Installing: /home/vboxuser/ros2_ws/install/custom_interfaces/include/custom_interfaces/custom_interfaces/msg/detail/sphere__type_support.h
[9.710s] -- Installing: /home/vboxuser/ros2_ws/install/custom_interfaces/include/custom_interfaces/custom_interfaces/msg/detail/sphere__functions.h
[9.711s] -- Installing: /home/vboxuser/ros2_ws/install/custom_interfaces/include/custom_interfaces/custom_interfaces/msg/num.h
[9.711s] -- Up-to-date: /home/vboxuser/ros2_ws/install/custom_interfaces/include/custom_interfaces/custom_interfaces/srv
[9.711s] -- Up-to-date: /home/vboxuser/ros2_ws/install/custom_interfaces/include/custom_interfaces/custom_interfaces/srv/detail
[9.712s] -- Up-to-date: /home/vboxuser/ros2_ws/install/custom_interfaces/include/custom_interfaces/custom_interfaces/srv/detail/scan_i2_cconnect__functions.c
[9.712s] -- Installing: /home/vboxuser/ros2_ws/install/custom_interfaces/include/custom_interfaces/custom_interfaces/srv/detail/add_three_ints__struct.h
[9.712s] -- Installing: /home/vboxuser/ros2_ws/install/custom_interfaces/include/custom_interfaces/custom_interfaces/srv/detail/add_three_ints__functions.c
[9.713s] -- Up-to-date: /home/vboxuser/ros2_ws/install/custom_interfaces/include/custom_interfaces/custom_interfaces/srv/detail/scan_i2_cconnect__functions.h
[9.713s] -- Up-to-date: /home/vboxuser/ros2_ws/install/custom_interfaces/include/custom_interfaces/custom_interfaces/srv/detail/scan_i2_cconnect__type_support.h
[9.713s] -- Up-to-date: /home/vboxuser/ros2_ws/install/custom_interfaces/include/custom_interfaces/custom_interfaces/srv/detail/scan_i2_cconnect__struct.h
[9.713s] -- Installing: /home/vboxuser/ros2_ws/install/custom_interfaces/include/custom_interfaces/custom_interfaces/srv/detail/scan_twi__type_support.h
[9.714s] -- Installing: /home/vboxuser/ros2_ws/install/custom_interfaces/include/custom_interfaces/custom_interfaces/srv/detail/scan_twi__functions.c
[9.714s] -- Installing: /home/vboxuser/ros2_ws/install/custom_interfaces/include/custom_interfaces/custom_interfaces/srv/detail/add_three_ints__type_support.h
[9.714s] -- Installing: /home/vboxuser/ros2_ws/install/custom_interfaces/include/custom_interfaces/custom_interfaces/srv/detail/scan_twi__struct.h
[9.715s] -- Installing: /home/vboxuser/ros2_ws/install/custom_interfaces/include/custom_interfaces/custom_interfaces/srv/detail/add_three_ints__functions.h
[9.715s] -- Installing: /home/vboxuser/ros2_ws/install/custom_interfaces/include/custom_interfaces/custom_interfaces/srv/detail/scan_twi__functions.h
[9.715s] -- Installing: /home/vboxuser/ros2_ws/install/custom_interfaces/include/custom_interfaces/custom_interfaces/srv/add_three_ints.h
[9.715s] -- Installing: /home/vboxuser/ros2_ws/install/custom_interfaces/include/custom_interfaces/custom_interfaces/srv/scan_twi.h
[9.715s] -- Up-to-date: /home/vboxuser/ros2_ws/install/custom_interfaces/include/custom_interfaces/custom_interfaces/srv/scan_i2_cconnect.h
[9.715s] -- Up-to-date: /home/vboxuser/ros2_ws/install/custom_interfaces/share/custom_interfaces/environment/library_path.sh
[9.715s] -- Installing: /home/vboxuser/ros2_ws/install/custom_interfaces/share/custom_interfaces/environment/library_path.dsv
[9.715s] -- Installing: /home/vboxuser/ros2_ws/install/custom_interfaces/lib/libcustom_interfaces__rosidl_generator_c.so
[9.715s] -- Set runtime path of "/home/vboxuser/ros2_ws/install/custom_interfaces/lib/libcustom_interfaces__rosidl_generator_c.so" to ""
[9.716s] -- Up-to-date: /home/vboxuser/ros2_ws/install/custom_interfaces/include/custom_interfaces/custom_interfaces
[9.716s] -- Up-to-date: /home/vboxuser/ros2_ws/install/custom_interfaces/include/custom_interfaces/custom_interfaces/msg
[9.716s] -- Up-to-date: /home/vboxuser/ros2_ws/install/custom_interfaces/include/custom_interfaces/custom_interfaces/msg/detail
[9.716s] -- Installing: /home/vboxuser/ros2_ws/install/custom_interfaces/include/custom_interfaces/custom_interfaces/msg/detail/num__rosidl_typesupport_fastrtps_c.h
[9.716s] -- Installing: /home/vboxuser/ros2_ws/install/custom_interfaces/include/custom_interfaces/custom_interfaces/msg/detail/sphere__rosidl_typesupport_fastrtps_c.h
[9.716s] -- Up-to-date: /home/vboxuser/ros2_ws/install/custom_interfaces/include/custom_interfaces/custom_interfaces/msg/rosidl_typesupport_fastrtps_c__visibility_control.h
[9.716s] -- Up-to-date: /home/vboxuser/ros2_ws/install/custom_interfaces/include/custom_interfaces/custom_interfaces/srv
[9.716s] -- Up-to-date: /home/vboxuser/ros2_ws/install/custom_interfaces/include/custom_interfaces/custom_interfaces/srv/detail
[9.716s] -- Up-to-date: /home/vboxuser/ros2_ws/install/custom_interfaces/include/custom_interfaces/custom_interfaces/srv/detail/scan_i2_cconnect__rosidl_typesupport_fastrtps_c.h
[9.716s] -- Installing: /home/vboxuser/ros2_ws/install/custom_interfaces/include/custom_interfaces/custom_interfaces/srv/detail/add_three_ints__rosidl_typesupport_fastrtps_c.h
[9.716s] -- Installing: /home/vboxuser/ros2_ws/install/custom_interfaces/include/custom_interfaces/custom_interfaces/srv/detail/scan_twi__rosidl_typesupport_fastrtps_c.h
[9.716s] -- Installing: /home/vboxuser/ros2_ws/install/custom_interfaces/lib/libcustom_interfaces__rosidl_typesupport_fastrtps_c.so
[9.716s] -- Set runtime path of "/home/vboxuser/ros2_ws/install/custom_interfaces/lib/libcustom_interfaces__rosidl_typesupport_fastrtps_c.so" to ""
[9.716s] -- Up-to-date: /home/vboxuser/ros2_ws/install/custom_interfaces/include/custom_interfaces/custom_interfaces
[9.717s] -- Up-to-date: /home/vboxuser/ros2_ws/install/custom_interfaces/include/custom_interfaces/custom_interfaces/msg
[9.717s] -- Installing: /home/vboxuser/ros2_ws/install/custom_interfaces/include/custom_interfaces/custom_interfaces/msg/num.hpp
[9.717s] -- Up-to-date: /home/vboxuser/ros2_ws/install/custom_interfaces/include/custom_interfaces/custom_interfaces/msg/detail
[9.717s] -- Installing: /home/vboxuser/ros2_ws/install/custom_interfaces/include/custom_interfaces/custom_interfaces/msg/detail/num__struct.hpp
[9.717s] -- Installing: /home/vboxuser/ros2_ws/install/custom_interfaces/include/custom_interfaces/custom_interfaces/msg/detail/num__traits.hpp
[9.717s] -- Installing: /home/vboxuser/ros2_ws/install/custom_interfaces/include/custom_interfaces/custom_interfaces/msg/detail/sphere__traits.hpp
[9.718s] -- Installing: /home/vboxuser/ros2_ws/install/custom_interfaces/include/custom_interfaces/custom_interfaces/msg/detail/sphere__builder.hpp
[9.718s] -- Installing: /home/vboxuser/ros2_ws/install/custom_interfaces/include/custom_interfaces/custom_interfaces/msg/detail/num__builder.hpp
[9.718s] -- Installing: /home/vboxuser/ros2_ws/install/custom_interfaces/include/custom_interfaces/custom_interfaces/msg/detail/sphere__struct.hpp
[9.718s] -- Installing: /home/vboxuser/ros2_ws/install/custom_interfaces/include/custom_interfaces/custom_interfaces/msg/sphere.hpp
[9.718s] -- Up-to-date: /home/vboxuser/ros2_ws/install/custom_interfaces/include/custom_interfaces/custom_interfaces/srv
[9.718s] -- Up-to-date: /home/vboxuser/ros2_ws/install/custom_interfaces/include/custom_interfaces/custom_interfaces/srv/detail
[9.721s] -- Up-to-date: /home/vboxuser/ros2_ws/install/custom_interfaces/include/custom_interfaces/custom_interfaces/srv/detail/scan_i2_cconnect__traits.hpp
[9.721s] -- Installing: /home/vboxuser/ros2_ws/install/custom_interfaces/include/custom_interfaces/custom_interfaces/srv/detail/add_three_ints__traits.hpp
[9.722s] -- Installing: /home/vboxuser/ros2_ws/install/custom_interfaces/include/custom_interfaces/custom_interfaces/srv/detail/scan_twi__struct.hpp
[9.723s] -- Up-to-date: /home/vboxuser/ros2_ws/install/custom_interfaces/include/custom_interfaces/custom_interfaces/srv/detail/scan_i2_cconnect__struct.hpp
[9.723s] -- Installing: /home/vboxuser/ros2_ws/install/custom_interfaces/include/custom_interfaces/custom_interfaces/srv/detail/add_three_ints__struct.hpp
[9.723s] -- Installing: /home/vboxuser/ros2_ws/install/custom_interfaces/include/custom_interfaces/custom_interfaces/srv/detail/scan_twi__traits.hpp
[9.724s] -- Up-to-date: /home/vboxuser/ros2_ws/install/custom_interfaces/include/custom_interfaces/custom_interfaces/srv/detail/scan_i2_cconnect__builder.hpp
[9.724s] -- Installing: /home/vboxuser/ros2_ws/install/custom_interfaces/include/custom_interfaces/custom_interfaces/srv/detail/scan_twi__builder.hpp
[9.724s] -- Installing: /home/vboxuser/ros2_ws/install/custom_interfaces/include/custom_interfaces/custom_interfaces/srv/detail/add_three_ints__builder.hpp
[9.724s] -- Installing: /home/vboxuser/ros2_ws/install/custom_interfaces/include/custom_interfaces/custom_interfaces/srv/scan_twi.hpp
[9.724s] -- Up-to-date: /home/vboxuser/ros2_ws/install/custom_interfaces/include/custom_interfaces/custom_interfaces/srv/scan_i2_cconnect.hpp
[9.725s] -- Installing: /home/vboxuser/ros2_ws/install/custom_interfaces/include/custom_interfaces/custom_interfaces/srv/add_three_ints.hpp
[9.725s] -- Up-to-date: /home/vboxuser/ros2_ws/install/custom_interfaces/include/custom_interfaces/custom_interfaces
[9.725s] -- Up-to-date: /home/vboxuser/ros2_ws/install/custom_interfaces/include/custom_interfaces/custom_interfaces/msg
[9.725s] -- Up-to-date: /home/vboxuser/ros2_ws/install/custom_interfaces/include/custom_interfaces/custom_interfaces/msg/rosidl_typesupport_fastrtps_cpp__visibility_control.h
[9.725s] -- Up-to-date: /home/vboxuser/ros2_ws/install/custom_interfaces/include/custom_interfaces/custom_interfaces/msg/detail
[9.725s] -- Up-to-date: /home/vboxuser/ros2_ws/install/custom_interfaces/include/custom_interfaces/custom_interfaces/msg/detail/dds_fastrtps
[9.725s] -- Installing: /home/vboxuser/ros2_ws/install/custom_interfaces/include/custom_interfaces/custom_interfaces/msg/detail/num__rosidl_typesupport_fastrtps_cpp.hpp
[9.725s] -- Installing: /home/vboxuser/ros2_ws/install/custom_interfaces/include/custom_interfaces/custom_interfaces/msg/detail/sphere__rosidl_typesupport_fastrtps_cpp.hpp
[9.725s] -- Up-to-date: /home/vboxuser/ros2_ws/install/custom_interfaces/include/custom_interfaces/custom_interfaces/srv
[9.725s] -- Up-to-date: /home/vboxuser/ros2_ws/install/custom_interfaces/include/custom_interfaces/custom_interfaces/srv/detail
[9.725s] -- Up-to-date: /home/vboxuser/ros2_ws/install/custom_interfaces/include/custom_interfaces/custom_interfaces/srv/detail/scan_i2_cconnect__rosidl_typesupport_fastrtps_cpp.hpp
[9.725s] -- Installing: /home/vboxuser/ros2_ws/install/custom_interfaces/include/custom_interfaces/custom_interfaces/srv/detail/add_three_ints__rosidl_typesupport_fastrtps_cpp.hpp
[9.725s] -- Up-to-date: /home/vboxuser/ros2_ws/install/custom_interfaces/include/custom_interfaces/custom_interfaces/srv/detail/dds_fastrtps
[9.725s] -- Installing: /home/vboxuser/ros2_ws/install/custom_interfaces/include/custom_interfaces/custom_interfaces/srv/detail/scan_twi__rosidl_typesupport_fastrtps_cpp.hpp
[9.725s] -- Installing: /home/vboxuser/ros2_ws/install/custom_interfaces/lib/libcustom_interfaces__rosidl_typesupport_fastrtps_cpp.so
[9.725s] -- Set runtime path of "/home/vboxuser/ros2_ws/install/custom_interfaces/lib/libcustom_interfaces__rosidl_typesupport_fastrtps_cpp.so" to ""
[9.725s] -- Up-to-date: /home/vboxuser/ros2_ws/install/custom_interfaces/include/custom_interfaces/custom_interfaces
[9.725s] -- Up-to-date: /home/vboxuser/ros2_ws/install/custom_interfaces/include/custom_interfaces/custom_interfaces/msg
[9.725s] -- Up-to-date: /home/vboxuser/ros2_ws/install/custom_interfaces/include/custom_interfaces/custom_interfaces/msg/detail
[9.725s] -- Installing: /home/vboxuser/ros2_ws/install/custom_interfaces/include/custom_interfaces/custom_interfaces/msg/detail/num__rosidl_typesupport_introspection_c.h
[9.725s] -- Installing: /home/vboxuser/ros2_ws/install/custom_interfaces/include/custom_interfaces/custom_interfaces/msg/detail/sphere__type_support.c
[9.725s] -- Installing: /home/vboxuser/ros2_ws/install/custom_interfaces/include/custom_interfaces/custom_interfaces/msg/detail/sphere__rosidl_typesupport_introspection_c.h
[9.725s] -- Installing: /home/vboxuser/ros2_ws/install/custom_interfaces/include/custom_interfaces/custom_interfaces/msg/detail/num__type_support.c
[9.725s] -- Up-to-date: /home/vboxuser/ros2_ws/install/custom_interfaces/include/custom_interfaces/custom_interfaces/msg/rosidl_typesupport_introspection_c__visibility_control.h
[9.725s] -- Up-to-date: /home/vboxuser/ros2_ws/install/custom_interfaces/include/custom_interfaces/custom_interfaces/srv
[9.726s] -- Up-to-date: /home/vboxuser/ros2_ws/install/custom_interfaces/include/custom_interfaces/custom_interfaces/srv/detail
[9.726s] -- Up-to-date: /home/vboxuser/ros2_ws/install/custom_interfaces/include/custom_interfaces/custom_interfaces/srv/detail/scan_i2_cconnect__rosidl_typesupport_introspection_c.h
[9.726s] -- Installing: /home/vboxuser/ros2_ws/install/custom_interfaces/include/custom_interfaces/custom_interfaces/srv/detail/add_three_ints__rosidl_typesupport_introspection_c.h
[9.726s] -- Installing: /home/vboxuser/ros2_ws/install/custom_interfaces/include/custom_interfaces/custom_interfaces/srv/detail/scan_twi__rosidl_typesupport_introspection_c.h
[9.726s] -- Up-to-date: /home/vboxuser/ros2_ws/install/custom_interfaces/include/custom_interfaces/custom_interfaces/srv/detail/scan_i2_cconnect__type_support.c
[9.726s] -- Installing: /home/vboxuser/ros2_ws/install/custom_interfaces/include/custom_interfaces/custom_interfaces/srv/detail/add_three_ints__type_support.c
[9.726s] -- Installing: /home/vboxuser/ros2_ws/install/custom_interfaces/include/custom_interfaces/custom_interfaces/srv/detail/scan_twi__type_support.c
[9.726s] -- Installing: /home/vboxuser/ros2_ws/install/custom_interfaces/lib/libcustom_interfaces__rosidl_typesupport_introspection_c.so
[9.726s] -- Set runtime path of "/home/vboxuser/ros2_ws/install/custom_interfaces/lib/libcustom_interfaces__rosidl_typesupport_introspection_c.so" to ""
[9.726s] -- Installing: /home/vboxuser/ros2_ws/install/custom_interfaces/lib/libcustom_interfaces__rosidl_typesupport_c.so
[9.726s] -- Set runtime path of "/home/vboxuser/ros2_ws/install/custom_interfaces/lib/libcustom_interfaces__rosidl_typesupport_c.so" to ""
[9.726s] -- Up-to-date: /home/vboxuser/ros2_ws/install/custom_interfaces/include/custom_interfaces/custom_interfaces
[9.726s] -- Up-to-date: /home/vboxuser/ros2_ws/install/custom_interfaces/include/custom_interfaces/custom_interfaces/msg
[9.726s] -- Up-to-date: /home/vboxuser/ros2_ws/install/custom_interfaces/include/custom_interfaces/custom_interfaces/msg/detail
[9.726s] -- Installing: /home/vboxuser/ros2_ws/install/custom_interfaces/include/custom_interfaces/custom_interfaces/msg/detail/num__rosidl_typesupport_introspection_cpp.hpp
[9.726s] -- Installing: /home/vboxuser/ros2_ws/install/custom_interfaces/include/custom_interfaces/custom_interfaces/msg/detail/sphere__type_support.cpp
[9.726s] -- Installing: /home/vboxuser/ros2_ws/install/custom_interfaces/include/custom_interfaces/custom_interfaces/msg/detail/sphere__rosidl_typesupport_introspection_cpp.hpp
[9.726s] -- Installing: /home/vboxuser/ros2_ws/install/custom_interfaces/include/custom_interfaces/custom_interfaces/msg/detail/num__type_support.cpp
[9.726s] -- Up-to-date: /home/vboxuser/ros2_ws/install/custom_interfaces/include/custom_interfaces/custom_interfaces/srv
[9.726s] -- Up-to-date: /home/vboxuser/ros2_ws/install/custom_interfaces/include/custom_interfaces/custom_interfaces/srv/detail
[9.726s] -- Installing: /home/vboxuser/ros2_ws/install/custom_interfaces/include/custom_interfaces/custom_interfaces/srv/detail/scan_twi__type_support.cpp
[9.726s] -- Installing: /home/vboxuser/ros2_ws/install/custom_interfaces/include/custom_interfaces/custom_interfaces/srv/detail/scan_twi__rosidl_typesupport_introspection_cpp.hpp
[9.726s] -- Installing: /home/vboxuser/ros2_ws/install/custom_interfaces/include/custom_interfaces/custom_interfaces/srv/detail/add_three_ints__rosidl_typesupport_introspection_cpp.hpp
[9.726s] -- Installing: /home/vboxuser/ros2_ws/install/custom_interfaces/include/custom_interfaces/custom_interfaces/srv/detail/add_three_ints__type_support.cpp
[9.726s] -- Up-to-date: /home/vboxuser/ros2_ws/install/custom_interfaces/include/custom_interfaces/custom_interfaces/srv/detail/scan_i2_cconnect__type_support.cpp
[9.726s] -- Up-to-date: /home/vboxuser/ros2_ws/install/custom_interfaces/include/custom_interfaces/custom_interfaces/srv/detail/scan_i2_cconnect__rosidl_typesupport_introspection_cpp.hpp
[9.726s] -- Installing: /home/vboxuser/ros2_ws/install/custom_interfaces/lib/libcustom_interfaces__rosidl_typesupport_introspection_cpp.so
[9.726s] -- Set runtime path of "/home/vboxuser/ros2_ws/install/custom_interfaces/lib/libcustom_interfaces__rosidl_typesupport_introspection_cpp.so" to ""
[9.726s] -- Installing: /home/vboxuser/ros2_ws/install/custom_interfaces/lib/libcustom_interfaces__rosidl_typesupport_cpp.so
[9.727s] -- Set runtime path of "/home/vboxuser/ros2_ws/install/custom_interfaces/lib/libcustom_interfaces__rosidl_typesupport_cpp.so" to ""
[9.727s] -- Up-to-date: /home/vboxuser/ros2_ws/install/custom_interfaces/share/custom_interfaces/environment/pythonpath.sh
[9.727s] -- Installing: /home/vboxuser/ros2_ws/install/custom_interfaces/share/custom_interfaces/environment/pythonpath.dsv
[9.727s] -- Up-to-date: /home/vboxuser/ros2_ws/install/custom_interfaces/local/lib/python3.10/dist-packages/custom_interfaces-0.0.0-py3.10.egg-info
[9.727s] -- Installing: /home/vboxuser/ros2_ws/install/custom_interfaces/local/lib/python3.10/dist-packages/custom_interfaces-0.0.0-py3.10.egg-info/PKG-INFO
[9.727s] -- Installing: /home/vboxuser/ros2_ws/install/custom_interfaces/local/lib/python3.10/dist-packages/custom_interfaces-0.0.0-py3.10.egg-info/SOURCES.txt
[9.727s] -- Installing: /home/vboxuser/ros2_ws/install/custom_interfaces/local/lib/python3.10/dist-packages/custom_interfaces-0.0.0-py3.10.egg-info/dependency_links.txt
[9.727s] -- Installing: /home/vboxuser/ros2_ws/install/custom_interfaces/local/lib/python3.10/dist-packages/custom_interfaces-0.0.0-py3.10.egg-info/top_level.txt
[9.727s] -- Up-to-date: /home/vboxuser/ros2_ws/install/custom_interfaces/local/lib/python3.10/dist-packages/custom_interfaces
[9.727s] -- Installing: /home/vboxuser/ros2_ws/install/custom_interfaces/local/lib/python3.10/dist-packages/custom_interfaces/_custom_interfaces_s.ep.rosidl_typesupport_c.c
[9.727s] -- Up-to-date: /home/vboxuser/ros2_ws/install/custom_interfaces/local/lib/python3.10/dist-packages/custom_interfaces/msg
[9.727s] -- Installing: /home/vboxuser/ros2_ws/install/custom_interfaces/local/lib/python3.10/dist-packages/custom_interfaces/msg/_num_s.c
[9.727s] -- Installing: /home/vboxuser/ros2_ws/install/custom_interfaces/local/lib/python3.10/dist-packages/custom_interfaces/msg/_sphere_s.c
[9.727s] -- Installing: /home/vboxuser/ros2_ws/install/custom_interfaces/local/lib/python3.10/dist-packages/custom_interfaces/msg/_sphere.py
[9.727s] -- Installing: /home/vboxuser/ros2_ws/install/custom_interfaces/local/lib/python3.10/dist-packages/custom_interfaces/msg/_num.py
[9.727s] -- Installing: /home/vboxuser/ros2_ws/install/custom_interfaces/local/lib/python3.10/dist-packages/custom_interfaces/msg/__init__.py
[9.727s] -- Installing: /home/vboxuser/ros2_ws/install/custom_interfaces/local/lib/python3.10/dist-packages/custom_interfaces/custom_interfaces_s__rosidl_typesupport_fastrtps_c.cpython-310-x86_64-linux-gnu.so
[9.727s] -- Installing: /home/vboxuser/ros2_ws/install/custom_interfaces/local/lib/python3.10/dist-packages/custom_interfaces/custom_interfaces_s__rosidl_typesupport_c.cpython-310-x86_64-linux-gnu.so
[9.727s] -- Up-to-date: /home/vboxuser/ros2_ws/install/custom_interfaces/local/lib/python3.10/dist-packages/custom_interfaces/srv
[9.727s] -- Installing: /home/vboxuser/ros2_ws/install/custom_interfaces/local/lib/python3.10/dist-packages/custom_interfaces/srv/_add_three_ints_s.c
[9.727s] -- Up-to-date: /home/vboxuser/ros2_ws/install/custom_interfaces/local/lib/python3.10/dist-packages/custom_interfaces/srv/_scan_i2_cconnect.py
[9.727s] -- Installing: /home/vboxuser/ros2_ws/install/custom_interfaces/local/lib/python3.10/dist-packages/custom_interfaces/srv/_scan_twi.py
[9.727s] -- Installing: /home/vboxuser/ros2_ws/install/custom_interfaces/local/lib/python3.10/dist-packages/custom_interfaces/srv/_add_three_ints.py
[9.728s] -- Installing: /home/vboxuser/ros2_ws/install/custom_interfaces/local/lib/python3.10/dist-packages/custom_interfaces/srv/__init__.py
[9.728s] -- Installing: /home/vboxuser/ros2_ws/install/custom_interfaces/local/lib/python3.10/dist-packages/custom_interfaces/srv/_scan_twi_s.c
[9.728s] -- Up-to-date: /home/vboxuser/ros2_ws/install/custom_interfaces/local/lib/python3.10/dist-packages/custom_interfaces/srv/_scan_i2_cconnect_s.c
[9.728s] -- Installing: /home/vboxuser/ros2_ws/install/custom_interfaces/local/lib/python3.10/dist-packages/custom_interfaces/_custom_interfaces_s.ep.rosidl_typesupport_introspection_c.c
[9.728s] -- Installing: /home/vboxuser/ros2_ws/install/custom_interfaces/local/lib/python3.10/dist-packages/custom_interfaces/__init__.py
[9.728s] -- Installing: /home/vboxuser/ros2_ws/install/custom_interfaces/local/lib/python3.10/dist-packages/custom_interfaces/_custom_interfaces_s.ep.rosidl_typesupport_fastrtps_c.c
[9.728s] -- Installing: /home/vboxuser/ros2_ws/install/custom_interfaces/local/lib/python3.10/dist-packages/custom_interfaces/custom_interfaces_s__rosidl_typesupport_introspection_c.cpython-310-x86_64-linux-gnu.so
[9.728s] -- Installing: /home/vboxuser/ros2_ws/install/custom_interfaces/local/lib/python3.10/dist-packages/custom_interfaces/libcustom_interfaces__rosidl_generator_py.so
[9.855s] Listing '/home/vboxuser/ros2_ws/install/custom_interfaces/local/lib/python3.10/dist-packages/custom_interfaces'...
[9.855s] Compiling '/home/vboxuser/ros2_ws/install/custom_interfaces/local/lib/python3.10/dist-packages/custom_interfaces/__init__.py'...
[9.855s] Listing '/home/vboxuser/ros2_ws/install/custom_interfaces/local/lib/python3.10/dist-packages/custom_interfaces/msg'...
[9.855s] Compiling '/home/vboxuser/ros2_ws/install/custom_interfaces/local/lib/python3.10/dist-packages/custom_interfaces/msg/__init__.py'...
[9.855s] Compiling '/home/vboxuser/ros2_ws/install/custom_interfaces/local/lib/python3.10/dist-packages/custom_interfaces/msg/_num.py'...
[9.855s] Compiling '/home/vboxuser/ros2_ws/install/custom_interfaces/local/lib/python3.10/dist-packages/custom_interfaces/msg/_sphere.py'...
[9.855s] Listing '/home/vboxuser/ros2_ws/install/custom_interfaces/local/lib/python3.10/dist-packages/custom_interfaces/srv'...
[9.855s] Compiling '/home/vboxuser/ros2_ws/install/custom_interfaces/local/lib/python3.10/dist-packages/custom_interfaces/srv/__init__.py'...
[9.855s] Compiling '/home/vboxuser/ros2_ws/install/custom_interfaces/local/lib/python3.10/dist-packages/custom_interfaces/srv/_add_three_ints.py'...
[9.855s] Compiling '/home/vboxuser/ros2_ws/install/custom_interfaces/local/lib/python3.10/dist-packages/custom_interfaces/srv/_scan_twi.py'...
[9.887s] -- Installing: /home/vboxuser/ros2_ws/install/custom_interfaces/local/lib/python3.10/dist-packages/custom_interfaces/custom_interfaces_s__rosidl_typesupport_introspection_c.cpython-310-x86_64-linux-gnu.so
[9.887s] -- Set runtime path of "/home/vboxuser/ros2_ws/install/custom_interfaces/local/lib/python3.10/dist-packages/custom_interfaces/custom_interfaces_s__rosidl_typesupport_introspection_c.cpython-310-x86_64-linux-gnu.so" to ""
[9.887s] -- Installing: /home/vboxuser/ros2_ws/install/custom_interfaces/local/lib/python3.10/dist-packages/custom_interfaces/custom_interfaces_s__rosidl_typesupport_fastrtps_c.cpython-310-x86_64-linux-gnu.so
[9.887s] -- Set runtime path of "/home/vboxuser/ros2_ws/install/custom_interfaces/local/lib/python3.10/dist-packages/custom_interfaces/custom_interfaces_s__rosidl_typesupport_fastrtps_c.cpython-310-x86_64-linux-gnu.so" to ""
[9.887s] -- Installing: /home/vboxuser/ros2_ws/install/custom_interfaces/local/lib/python3.10/dist-packages/custom_interfaces/custom_interfaces_s__rosidl_typesupport_c.cpython-310-x86_64-linux-gnu.so
[9.888s] -- Set runtime path of "/home/vboxuser/ros2_ws/install/custom_interfaces/local/lib/python3.10/dist-packages/custom_interfaces/custom_interfaces_s__rosidl_typesupport_c.cpython-310-x86_64-linux-gnu.so" to ""
[9.889s] -- Installing: /home/vboxuser/ros2_ws/install/custom_interfaces/lib/libcustom_interfaces__rosidl_generator_py.so
[9.889s] -- Set runtime path of "/home/vboxuser/ros2_ws/install/custom_interfaces/lib/libcustom_interfaces__rosidl_generator_py.so" to ""
[9.889s] -- Up-to-date: /home/vboxuser/ros2_ws/install/custom_interfaces/share/custom_interfaces/msg/Num.idl
[9.890s] -- Up-to-date: /home/vboxuser/ros2_ws/install/custom_interfaces/share/custom_interfaces/msg/Sphere.idl
[9.890s] -- Up-to-date: /home/vboxuser/ros2_ws/install/custom_interfaces/share/custom_interfaces/srv/AddThreeInts.idl
[9.891s] -- Installing: /home/vboxuser/ros2_ws/install/custom_interfaces/share/custom_interfaces/srv/ScanTwi.idl
[9.891s] -- Up-to-date: /home/vboxuser/ros2_ws/install/custom_interfaces/share/custom_interfaces/msg/Num.msg
[9.891s] -- Up-to-date: /home/vboxuser/ros2_ws/install/custom_interfaces/share/custom_interfaces/msg/Sphere.msg
[9.892s] -- Up-to-date: /home/vboxuser/ros2_ws/install/custom_interfaces/share/custom_interfaces/srv/AddThreeInts.srv
[9.893s] -- Up-to-date: /home/vboxuser/ros2_ws/install/custom_interfaces/share/custom_interfaces/srv/AddThreeInts_Request.msg
[9.893s] -- Up-to-date: /home/vboxuser/ros2_ws/install/custom_interfaces/share/custom_interfaces/srv/AddThreeInts_Response.msg
[9.893s] -- Installing: /home/vboxuser/ros2_ws/install/custom_interfaces/share/custom_interfaces/srv/ScanTwi.srv
[9.893s] -- Up-to-date: /home/vboxuser/ros2_ws/install/custom_interfaces/share/custom_interfaces/srv/ScanTwi_Request.msg
[9.894s] -- Installing: /home/vboxuser/ros2_ws/install/custom_interfaces/share/custom_interfaces/srv/ScanTwi_Response.msg
[9.894s] -- Up-to-date: /home/vboxuser/ros2_ws/install/custom_interfaces/share/ament_index/resource_index/package_run_dependencies/custom_interfaces
[9.894s] -- Up-to-date: /home/vboxuser/ros2_ws/install/custom_interfaces/share/ament_index/resource_index/parent_prefix_path/custom_interfaces
[9.894s] -- Installing: /home/vboxuser/ros2_ws/install/custom_interfaces/share/custom_interfaces/environment/ament_prefix_path.dsv
[9.894s] -- Installing: /home/vboxuser/ros2_ws/install/custom_interfaces/share/custom_interfaces/environment/path.dsv
[9.894s] -- Up-to-date: /home/vboxuser/ros2_ws/install/custom_interfaces/share/custom_interfaces/local_setup.bash
[9.894s] -- Up-to-date: /home/vboxuser/ros2_ws/install/custom_interfaces/share/custom_interfaces/local_setup.sh
[9.894s] -- Up-to-date: /home/vboxuser/ros2_ws/install/custom_interfaces/share/custom_interfaces/local_setup.zsh
[9.894s] -- Installing: /home/vboxuser/ros2_ws/install/custom_interfaces/share/custom_interfaces/local_setup.dsv
[9.895s] -- Installing: /home/vboxuser/ros2_ws/install/custom_interfaces/share/custom_interfaces/package.dsv
[9.895s] -- Up-to-date: /home/vboxuser/ros2_ws/install/custom_interfaces/share/ament_index/resource_index/packages/custom_interfaces
[9.895s] -- Up-to-date: /home/vboxuser/ros2_ws/install/custom_interfaces/share/custom_interfaces/cmake/export_custom_interfaces__rosidl_generator_cExport.cmake
[9.895s] -- Up-to-date: /home/vboxuser/ros2_ws/install/custom_interfaces/share/custom_interfaces/cmake/export_custom_interfaces__rosidl_generator_cExport-noconfig.cmake
[9.895s] -- Up-to-date: /home/vboxuser/ros2_ws/install/custom_interfaces/share/custom_interfaces/cmake/export_custom_interfaces__rosidl_typesupport_fastrtps_cExport.cmake
[9.895s] -- Up-to-date: /home/vboxuser/ros2_ws/install/custom_interfaces/share/custom_interfaces/cmake/export_custom_interfaces__rosidl_typesupport_fastrtps_cExport-noconfig.cmake
[9.895s] -- Up-to-date: /home/vboxuser/ros2_ws/install/custom_interfaces/share/custom_interfaces/cmake/export_custom_interfaces__rosidl_generator_cppExport.cmake
[9.895s] -- Up-to-date: /home/vboxuser/ros2_ws/install/custom_interfaces/share/custom_interfaces/cmake/export_custom_interfaces__rosidl_typesupport_fastrtps_cppExport.cmake
[9.896s] -- Up-to-date: /home/vboxuser/ros2_ws/install/custom_interfaces/share/custom_interfaces/cmake/export_custom_interfaces__rosidl_typesupport_fastrtps_cppExport-noconfig.cmake
[9.896s] -- Up-to-date: /home/vboxuser/ros2_ws/install/custom_interfaces/share/custom_interfaces/cmake/custom_interfaces__rosidl_typesupport_introspection_cExport.cmake
[9.896s] -- Up-to-date: /home/vboxuser/ros2_ws/install/custom_interfaces/share/custom_interfaces/cmake/custom_interfaces__rosidl_typesupport_introspection_cExport-noconfig.cmake
[9.896s] -- Up-to-date: /home/vboxuser/ros2_ws/install/custom_interfaces/share/custom_interfaces/cmake/custom_interfaces__rosidl_typesupport_cExport.cmake
[9.896s] -- Up-to-date: /home/vboxuser/ros2_ws/install/custom_interfaces/share/custom_interfaces/cmake/custom_interfaces__rosidl_typesupport_cExport-noconfig.cmake
[9.896s] -- Up-to-date: /home/vboxuser/ros2_ws/install/custom_interfaces/share/custom_interfaces/cmake/custom_interfaces__rosidl_typesupport_introspection_cppExport.cmake
[9.896s] -- Up-to-date: /home/vboxuser/ros2_ws/install/custom_interfaces/share/custom_interfaces/cmake/custom_interfaces__rosidl_typesupport_introspection_cppExport-noconfig.cmake
[9.896s] -- Up-to-date: /home/vboxuser/ros2_ws/install/custom_interfaces/share/custom_interfaces/cmake/custom_interfaces__rosidl_typesupport_cppExport.cmake
[9.896s] -- Up-to-date: /home/vboxuser/ros2_ws/install/custom_interfaces/share/custom_interfaces/cmake/custom_interfaces__rosidl_typesupport_cppExport-noconfig.cmake
[9.896s] -- Up-to-date: /home/vboxuser/ros2_ws/install/custom_interfaces/share/custom_interfaces/cmake/export_custom_interfaces__rosidl_generator_pyExport.cmake
[9.896s] -- Up-to-date: /home/vboxuser/ros2_ws/install/custom_interfaces/share/custom_interfaces/cmake/export_custom_interfaces__rosidl_generator_pyExport-noconfig.cmake
[9.896s] -- Up-to-date: /home/vboxuser/ros2_ws/install/custom_interfaces/share/custom_interfaces/cmake/rosidl_cmake-extras.cmake
[9.896s] -- Up-to-date: /home/vboxuser/ros2_ws/install/custom_interfaces/share/custom_interfaces/cmake/ament_cmake_export_dependencies-extras.cmake
[9.896s] -- Up-to-date: /home/vboxuser/ros2_ws/install/custom_interfaces/share/custom_interfaces/cmake/ament_cmake_export_include_directories-extras.cmake
[9.896s] -- Up-to-date: /home/vboxuser/ros2_ws/install/custom_interfaces/share/custom_interfaces/cmake/ament_cmake_export_libraries-extras.cmake
[9.896s] -- Up-to-date: /home/vboxuser/ros2_ws/install/custom_interfaces/share/custom_interfaces/cmake/ament_cmake_export_targets-extras.cmake
[9.896s] -- Up-to-date: /home/vboxuser/ros2_ws/install/custom_interfaces/share/custom_interfaces/cmake/rosidl_cmake_export_typesupport_targets-extras.cmake
[9.896s] -- Up-to-date: /home/vboxuser/ros2_ws/install/custom_interfaces/share/custom_interfaces/cmake/rosidl_cmake_export_typesupport_libraries-extras.cmake
[9.896s] -- Up-to-date: /home/vboxuser/ros2_ws/install/custom_interfaces/share/custom_interfaces/cmake/custom_interfacesConfig.cmake
[9.896s] -- Up-to-date: /home/vboxuser/ros2_ws/install/custom_interfaces/share/custom_interfaces/cmake/custom_interfacesConfig-version.cmake
[9.896s] -- Up-to-date: /home/vboxuser/ros2_ws/install/custom_interfaces/share/custom_interfaces/package.xml
[9.900s] Invoked command in '/home/vboxuser/ros2_ws/build/custom_interfaces' returned '0': CMAKE_PREFIX_PATH=${CMAKE_PREFIX_PATH}:/home/vboxuser/ros2_humble/install/rqt_bag_plugins:/home/vboxuser/ros2_humble/install/rqt_bag:/home/vboxuser/ros2_humble/install/ros2bag:/home/vboxuser/ros2_humble/install/tracetools_test:/home/vboxuser/ros2_humble/install/tracetools_launch:/home/vboxuser/ros2_humble/install/topic_monitor:/home/vboxuser/ros2_humble/install/tf2_tools:/home/vboxuser/ros2_humble/install/examples_tf2_py:/home/vboxuser/ros2_humble/install/tf2_ros_py:/home/vboxuser/ros2_humble/install/sros2:/home/vboxuser/ros2_humble/install/rqt_topic:/home/vboxuser/ros2_humble/install/rqt_srv:/home/vboxuser/ros2_humble/install/rqt_shell:/home/vboxuser/ros2_humble/install/rqt_service_caller:/home/vboxuser/ros2_humble/install/rqt_reconfigure:/home/vboxuser/ros2_humble/install/rqt_py_console:/home/vboxuser/ros2_humble/install/rqt_publisher:/home/vboxuser/ros2_humble/install/rqt_plot:/home/vboxuser/ros2_humble/install/rqt_action:/home/vboxuser/ros2_humble/install/rqt_msg:/home/vboxuser/ros2_humble/install/rqt_console:/home/vboxuser/ros2_humble/install/rqt:/home/vboxuser/ros2_humble/install/rqt_graph:/home/vboxuser/ros2_humble/install/rqt_gui_py:/home/vboxuser/ros2_humble/install/rqt_gui:/home/vboxuser/ros2_humble/install/ros2trace:/home/vboxuser/ros2_humble/install/ros2topic:/home/vboxuser/ros2_humble/install/ros2test:/home/vboxuser/ros2_humble/install/ros2component:/home/vboxuser/ros2_humble/install/ros2param:/home/vboxuser/ros2_humble/install/ros2lifecycle:/home/vboxuser/ros2_humble/install/ros2service:/home/vboxuser/ros2_humble/install/ros2run:/home/vboxuser/ros2_humble/install/ros2launch:/home/vboxuser/ros2_humble/install/ros2pkg:/home/vboxuser/ros2_humble/install/ros2node:/home/vboxuser/ros2_humble/install/ros2multicast:/home/vboxuser/ros2_humble/install/ros2interface:/home/vboxuser/ros2_humble/install/ros2doctor:/home/vboxuser/ros2_humble/install/ros2action:/home/vboxuser/ros2_humble/install/ros2cli:/home/vboxuser/ros2_humble/install/quality_of_service_demo_py:/home/vboxuser/ros2_humble/install/lifecycle_py:/home/vboxuser/ros2_humble/install/launch_testing_ros:/home/vboxuser/ros2_humble/install/launch_ros:/home/vboxuser/ros2_humble/install/examples_rclpy_pointcloud_publisher:/home/vboxuser/ros2_humble/install/examples_rclpy_minimal_subscriber:/home/vboxuser/ros2_humble/install/examples_rclpy_minimal_service:/home/vboxuser/ros2_humble/install/examples_rclpy_minimal_publisher:/home/vboxuser/ros2_humble/install/examples_rclpy_minimal_client:/home/vboxuser/ros2_humble/install/examples_rclpy_minimal_action_server:/home/vboxuser/ros2_humble/install/examples_rclpy_minimal_action_client:/home/vboxuser/ros2_humble/install/examples_rclpy_guard_conditions:/home/vboxuser/ros2_humble/install/examples_rclpy_executors:/home/vboxuser/ros2_humble/install/demo_nodes_py:/home/vboxuser/ros2_humble/install/action_tutorials_py:/home/vboxuser/ros2_humble/install/ament_uncrustify:/home/vboxuser/ros2_humble/install/tracetools_trace:/home/vboxuser/ros2_humble/install/tracetools_read:/home/vboxuser/ros2_humble/install/test_tracetools_launch:/home/vboxuser/ros2_humble/install/test_launch_ros:/home/vboxuser/ros2_humble/install/sensor_msgs_py:/home/vboxuser/ros2_humble/install/rpyutils:/home/vboxuser/ros2_humble/install/rosidl_runtime_py:/home/vboxuser/ros2_humble/install/rosidl_cli:/home/vboxuser/ros2_humble/install/launch_pytest:/home/vboxuser/ros2_humble/install/launch_testing:/home/vboxuser/ros2_humble/install/launch_yaml:/home/vboxuser/ros2_humble/install/launch_xml:/home/vboxuser/ros2_humble/install/launch:/home/vboxuser/ros2_humble/install/osrf_pycommon:/home/vboxuser/ros2_humble/install/launch_testing_examples:/home/vboxuser/ros2_humble/install/domain_coordinator:/home/vboxuser/ros2_humble/install/ament_xmllint:/home/vboxuser/ros2_humble/install/ament_pyflakes:/home/vboxuser/ros2_humble/install/ament_pycodestyle:/home/vboxuser/ros2_humble/install/ament_pep257:/home/vboxuser/ros2_humble/install/ament_pclint:/home/vboxuser/ros2_humble/install/ament_package:/home/vboxuser/ros2_humble/install/ament_mypy:/home/vboxuser/ros2_humble/install/ament_lint_cmake:/home/vboxuser/ros2_humble/install/ament_flake8:/home/vboxuser/ros2_humble/install/ament_copyright:/home/vboxuser/ros2_humble/install/ament_lint:/home/vboxuser/ros2_humble/install/ament_index_python:/home/vboxuser/ros2_humble/install/ament_cpplint:/home/vboxuser/ros2_humble/install/ament_cppcheck:/home/vboxuser/ros2_humble/install/ament_clang_tidy:/home/vboxuser/ros2_humble/install/ament_clang_format /usr/bin/cmake --install /home/vboxuser/ros2_ws/build/custom_interfaces
