[0.335s] DEBUG:colcon:Command line arguments: ['/usr/bin/colcon', 'build', '--packages-select', 'cpp_pubsub']
[0.335s] DEBUG:colcon:Parsed command line arguments: Namespace(log_base=None, log_level=None, verb_name='build', build_base='build', install_base='install', merge_install=False, symlink_install=False, test_result_base=None, continue_on_error=False, executor='parallel', parallel_workers=4, event_handlers=None, ignore_user_meta=False, metas=['./colcon.meta'], base_paths=['.'], packages_ignore=None, packages_ignore_regex=None, paths=None, packages_up_to=None, packages_up_to_regex=None, packages_above=None, packages_above_and_dependencies=None, packages_above_depth=None, packages_select_by_dep=None, packages_skip_by_dep=None, packages_skip_up_to=None, packages_select_build_failed=False, packages_skip_build_finished=False, packages_select_test_failures=False, packages_skip_test_passed=False, packages_select=['cpp_pubsub'], packages_skip=None, packages_select_regex=None, packages_skip_regex=None, packages_start=None, packages_end=None, allow_overriding=[], cmake_args=None, cmake_target=None, cmake_target_skip_unavailable=False, cmake_clean_cache=False, cmake_clean_first=False, cmake_force_configure=False, ament_cmake_args=None, catkin_cmake_args=None, catkin_skip_building_tests=False, verb_parser=<colcon_defaults.argument_parser.defaults.DefaultArgumentsDecorator object at 0x7f071dfcae90>, verb_extension=<colcon_core.verb.build.BuildVerb object at 0x7f071e8282b0>, main=<bound method BuildVerb.main of <colcon_core.verb.build.BuildVerb object at 0x7f071e8282b0>>)
[0.373s] Level 1:colcon.colcon_core.package_discovery:discover_packages(colcon_meta) check parameters
[0.373s] Level 1:colcon.colcon_core.package_discovery:discover_packages(recursive) check parameters
[0.373s] Level 1:colcon.colcon_core.package_discovery:discover_packages(ignore) check parameters
[0.373s] Level 1:colcon.colcon_core.package_discovery:discover_packages(path) check parameters
[0.373s] Level 1:colcon.colcon_core.package_discovery:discover_packages(colcon_meta) discover
[0.373s] Level 1:colcon.colcon_core.package_discovery:discover_packages(recursive) discover
[0.373s] INFO:colcon.colcon_core.package_discovery:Crawling recursively for packages in '/home/vboxuser/ros2_ws'
[0.373s] Level 1:colcon.colcon_core.package_identification:_identify(.) by extensions ['ignore', 'ignore_ament_install']
[0.373s] Level 1:colcon.colcon_core.package_identification:_identify(.) by extension 'ignore'
[0.373s] Level 1:colcon.colcon_core.package_identification:_identify(.) by extension 'ignore_ament_install'
[0.373s] Level 1:colcon.colcon_core.package_identification:_identify(.) by extensions ['colcon_pkg']
[0.373s] Level 1:colcon.colcon_core.package_identification:_identify(.) by extension 'colcon_pkg'
[0.373s] Level 1:colcon.colcon_core.package_identification:_identify(.) by extensions ['colcon_meta']
[0.373s] Level 1:colcon.colcon_core.package_identification:_identify(.) by extension 'colcon_meta'
[0.373s] Level 1:colcon.colcon_core.package_identification:_identify(.) by extensions ['ros']
[0.373s] Level 1:colcon.colcon_core.package_identification:_identify(.) by extension 'ros'
[0.383s] Level 1:colcon.colcon_core.package_identification:_identify(.) by extensions ['cmake', 'python']
[0.383s] Level 1:colcon.colcon_core.package_identification:_identify(.) by extension 'cmake'
[0.383s] Level 1:colcon.colcon_core.package_identification:_identify(.) by extension 'python'
[0.383s] Level 1:colcon.colcon_core.package_identification:_identify(.) by extensions ['python_setup_py']
[0.383s] Level 1:colcon.colcon_core.package_identification:_identify(.) by extension 'python_setup_py'
[0.383s] Level 1:colcon.colcon_core.package_identification:_identify(build) by extensions ['ignore', 'ignore_ament_install']
[0.383s] Level 1:colcon.colcon_core.package_identification:_identify(build) by extension 'ignore'
[0.383s] Level 1:colcon.colcon_core.package_identification:_identify(build) ignored
[0.383s] Level 1:colcon.colcon_core.package_identification:_identify(install) by extensions ['ignore', 'ignore_ament_install']
[0.383s] Level 1:colcon.colcon_core.package_identification:_identify(install) by extension 'ignore'
[0.383s] Level 1:colcon.colcon_core.package_identification:_identify(install) ignored
[0.383s] Level 1:colcon.colcon_core.package_identification:_identify(log) by extensions ['ignore', 'ignore_ament_install']
[0.383s] Level 1:colcon.colcon_core.package_identification:_identify(log) by extension 'ignore'
[0.383s] Level 1:colcon.colcon_core.package_identification:_identify(log) ignored
[0.383s] Level 1:colcon.colcon_core.package_identification:_identify(src) by extensions ['ignore', 'ignore_ament_install']
[0.384s] Level 1:colcon.colcon_core.package_identification:_identify(src) by extension 'ignore'
[0.384s] Level 1:colcon.colcon_core.package_identification:_identify(src) by extension 'ignore_ament_install'
[0.384s] Level 1:colcon.colcon_core.package_identification:_identify(src) by extensions ['colcon_pkg']
[0.384s] Level 1:colcon.colcon_core.package_identification:_identify(src) by extension 'colcon_pkg'
[0.384s] Level 1:colcon.colcon_core.package_identification:_identify(src) by extensions ['colcon_meta']
[0.384s] Level 1:colcon.colcon_core.package_identification:_identify(src) by extension 'colcon_meta'
[0.384s] Level 1:colcon.colcon_core.package_identification:_identify(src) by extensions ['ros']
[0.384s] Level 1:colcon.colcon_core.package_identification:_identify(src) by extension 'ros'
[0.384s] Level 1:colcon.colcon_core.package_identification:_identify(src) by extensions ['cmake', 'python']
[0.384s] Level 1:colcon.colcon_core.package_identification:_identify(src) by extension 'cmake'
[0.384s] Level 1:colcon.colcon_core.package_identification:_identify(src) by extension 'python'
[0.384s] Level 1:colcon.colcon_core.package_identification:_identify(src) by extensions ['python_setup_py']
[0.384s] Level 1:colcon.colcon_core.package_identification:_identify(src) by extension 'python_setup_py'
[0.384s] Level 1:colcon.colcon_core.package_identification:_identify(src/cpp_pubsub) by extensions ['ignore', 'ignore_ament_install']
[0.384s] Level 1:colcon.colcon_core.package_identification:_identify(src/cpp_pubsub) by extension 'ignore'
[0.384s] Level 1:colcon.colcon_core.package_identification:_identify(src/cpp_pubsub) by extension 'ignore_ament_install'
[0.384s] Level 1:colcon.colcon_core.package_identification:_identify(src/cpp_pubsub) by extensions ['colcon_pkg']
[0.384s] Level 1:colcon.colcon_core.package_identification:_identify(src/cpp_pubsub) by extension 'colcon_pkg'
[0.384s] Level 1:colcon.colcon_core.package_identification:_identify(src/cpp_pubsub) by extensions ['colcon_meta']
[0.384s] Level 1:colcon.colcon_core.package_identification:_identify(src/cpp_pubsub) by extension 'colcon_meta'
[0.384s] Level 1:colcon.colcon_core.package_identification:_identify(src/cpp_pubsub) by extensions ['ros']
[0.384s] Level 1:colcon.colcon_core.package_identification:_identify(src/cpp_pubsub) by extension 'ros'
[0.386s] DEBUG:colcon.colcon_core.package_identification:Package 'src/cpp_pubsub' with type 'ros.ament_cmake' and name 'cpp_pubsub'
[0.386s] Level 1:colcon.colcon_core.package_identification:_identify(src/my_package) by extensions ['ignore', 'ignore_ament_install']
[0.386s] Level 1:colcon.colcon_core.package_identification:_identify(src/my_package) by extension 'ignore'
[0.386s] Level 1:colcon.colcon_core.package_identification:_identify(src/my_package) by extension 'ignore_ament_install'
[0.386s] Level 1:colcon.colcon_core.package_identification:_identify(src/my_package) by extensions ['colcon_pkg']
[0.386s] Level 1:colcon.colcon_core.package_identification:_identify(src/my_package) by extension 'colcon_pkg'
[0.386s] Level 1:colcon.colcon_core.package_identification:_identify(src/my_package) by extensions ['colcon_meta']
[0.386s] Level 1:colcon.colcon_core.package_identification:_identify(src/my_package) by extension 'colcon_meta'
[0.386s] Level 1:colcon.colcon_core.package_identification:_identify(src/my_package) by extensions ['ros']
[0.386s] Level 1:colcon.colcon_core.package_identification:_identify(src/my_package) by extension 'ros'
[0.387s] DEBUG:colcon.colcon_core.package_identification:Package 'src/my_package' with type 'ros.ament_cmake' and name 'my_package'
[0.387s] Level 1:colcon.colcon_core.package_identification:_identify(src/ros_tutorials) by extensions ['ignore', 'ignore_ament_install']
[0.387s] Level 1:colcon.colcon_core.package_identification:_identify(src/ros_tutorials) by extension 'ignore'
[0.387s] Level 1:colcon.colcon_core.package_identification:_identify(src/ros_tutorials) by extension 'ignore_ament_install'
[0.387s] Level 1:colcon.colcon_core.package_identification:_identify(src/ros_tutorials) by extensions ['colcon_pkg']
[0.387s] Level 1:colcon.colcon_core.package_identification:_identify(src/ros_tutorials) by extension 'colcon_pkg'
[0.387s] Level 1:colcon.colcon_core.package_identification:_identify(src/ros_tutorials) by extensions ['colcon_meta']
[0.387s] Level 1:colcon.colcon_core.package_identification:_identify(src/ros_tutorials) by extension 'colcon_meta'
[0.387s] Level 1:colcon.colcon_core.package_identification:_identify(src/ros_tutorials) by extensions ['ros']
[0.387s] Level 1:colcon.colcon_core.package_identification:_identify(src/ros_tutorials) by extension 'ros'
[0.387s] Level 1:colcon.colcon_core.package_identification:_identify(src/ros_tutorials) by extensions ['cmake', 'python']
[0.387s] Level 1:colcon.colcon_core.package_identification:_identify(src/ros_tutorials) by extension 'cmake'
[0.387s] Level 1:colcon.colcon_core.package_identification:_identify(src/ros_tutorials) by extension 'python'
[0.387s] Level 1:colcon.colcon_core.package_identification:_identify(src/ros_tutorials) by extensions ['python_setup_py']
[0.387s] Level 1:colcon.colcon_core.package_identification:_identify(src/ros_tutorials) by extension 'python_setup_py'
[0.387s] Level 1:colcon.colcon_core.package_identification:_identify(src/ros_tutorials/ros_tutorials) by extensions ['ignore', 'ignore_ament_install']
[0.387s] Level 1:colcon.colcon_core.package_identification:_identify(src/ros_tutorials/ros_tutorials) by extension 'ignore'
[0.387s] Level 1:colcon.colcon_core.package_identification:_identify(src/ros_tutorials/ros_tutorials) ignored
[0.387s] Level 1:colcon.colcon_core.package_identification:_identify(src/ros_tutorials/roscpp_tutorials) by extensions ['ignore', 'ignore_ament_install']
[0.387s] Level 1:colcon.colcon_core.package_identification:_identify(src/ros_tutorials/roscpp_tutorials) by extension 'ignore'
[0.387s] Level 1:colcon.colcon_core.package_identification:_identify(src/ros_tutorials/roscpp_tutorials) ignored
[0.387s] Level 1:colcon.colcon_core.package_identification:_identify(src/ros_tutorials/rospy_tutorials) by extensions ['ignore', 'ignore_ament_install']
[0.387s] Level 1:colcon.colcon_core.package_identification:_identify(src/ros_tutorials/rospy_tutorials) by extension 'ignore'
[0.387s] Level 1:colcon.colcon_core.package_identification:_identify(src/ros_tutorials/rospy_tutorials) ignored
[0.388s] Level 1:colcon.colcon_core.package_identification:_identify(src/ros_tutorials/turtlesim) by extensions ['ignore', 'ignore_ament_install']
[0.388s] Level 1:colcon.colcon_core.package_identification:_identify(src/ros_tutorials/turtlesim) by extension 'ignore'
[0.388s] Level 1:colcon.colcon_core.package_identification:_identify(src/ros_tutorials/turtlesim) by extension 'ignore_ament_install'
[0.388s] Level 1:colcon.colcon_core.package_identification:_identify(src/ros_tutorials/turtlesim) by extensions ['colcon_pkg']
[0.388s] Level 1:colcon.colcon_core.package_identification:_identify(src/ros_tutorials/turtlesim) by extension 'colcon_pkg'
[0.388s] Level 1:colcon.colcon_core.package_identification:_identify(src/ros_tutorials/turtlesim) by extensions ['colcon_meta']
[0.388s] Level 1:colcon.colcon_core.package_identification:_identify(src/ros_tutorials/turtlesim) by extension 'colcon_meta'
[0.388s] Level 1:colcon.colcon_core.package_identification:_identify(src/ros_tutorials/turtlesim) by extensions ['ros']
[0.388s] Level 1:colcon.colcon_core.package_identification:_identify(src/ros_tutorials/turtlesim) by extension 'ros'
[0.388s] DEBUG:colcon.colcon_core.package_identification:Package 'src/ros_tutorials/turtlesim' with type 'ros.ament_cmake' and name 'turtlesim'
[0.388s] Level 1:colcon.colcon_core.package_discovery:discover_packages(recursive) using defaults
[0.388s] Level 1:colcon.colcon_core.package_discovery:discover_packages(ignore) discover
[0.388s] Level 1:colcon.colcon_core.package_discovery:discover_packages(ignore) using defaults
[0.388s] Level 1:colcon.colcon_core.package_discovery:discover_packages(path) discover
[0.388s] Level 1:colcon.colcon_core.package_discovery:discover_packages(path) using defaults
[0.420s] INFO:colcon.colcon_core.package_selection:Skipping not selected package 'my_package' in 'src/my_package'
[0.420s] INFO:colcon.colcon_core.package_selection:Skipping not selected package 'turtlesim' in 'src/ros_tutorials/turtlesim'
[0.421s] Level 1:colcon.colcon_core.package_discovery:discover_packages(prefix_path) check parameters
[0.421s] Level 1:colcon.colcon_core.package_discovery:discover_packages(prefix_path) discover
[0.430s] DEBUG:colcon.colcon_installed_package_information.package_discovery:Found 3 installed packages in /home/vboxuser/ros2_ws/install
[0.436s] DEBUG:colcon.colcon_installed_package_information.package_discovery:Found 344 installed packages in /home/vboxuser/ros2_humble/install
[0.438s] Level 1:colcon.colcon_core.package_discovery:discover_packages(prefix_path) using defaults
[0.457s] Level 5:colcon.colcon_core.verb:set package 'cpp_pubsub' build argument 'cmake_args' from command line to 'None'
[0.457s] Level 5:colcon.colcon_core.verb:set package 'cpp_pubsub' build argument 'cmake_target' from command line to 'None'
[0.457s] Level 5:colcon.colcon_core.verb:set package 'cpp_pubsub' build argument 'cmake_target_skip_unavailable' from command line to 'False'
[0.457s] Level 5:colcon.colcon_core.verb:set package 'cpp_pubsub' build argument 'cmake_clean_cache' from command line to 'False'
[0.457s] Level 5:colcon.colcon_core.verb:set package 'cpp_pubsub' build argument 'cmake_clean_first' from command line to 'False'
[0.457s] Level 5:colcon.colcon_core.verb:set package 'cpp_pubsub' build argument 'cmake_force_configure' from command line to 'False'
[0.458s] Level 5:colcon.colcon_core.verb:set package 'cpp_pubsub' build argument 'ament_cmake_args' from command line to 'None'
[0.458s] Level 5:colcon.colcon_core.verb:set package 'cpp_pubsub' build argument 'catkin_cmake_args' from command line to 'None'
[0.458s] Level 5:colcon.colcon_core.verb:set package 'cpp_pubsub' build argument 'catkin_skip_building_tests' from command line to 'False'
[0.458s] DEBUG:colcon.colcon_core.verb:Building package 'cpp_pubsub' with the following arguments: {'ament_cmake_args': None, 'build_base': '/home/vboxuser/ros2_ws/build/cpp_pubsub', 'catkin_cmake_args': None, 'catkin_skip_building_tests': False, 'cmake_args': None, 'cmake_clean_cache': False, 'cmake_clean_first': False, 'cmake_force_configure': False, 'cmake_target': None, 'cmake_target_skip_unavailable': False, 'install_base': '/home/vboxuser/ros2_ws/install/cpp_pubsub', 'merge_install': False, 'path': '/home/vboxuser/ros2_ws/src/cpp_pubsub', 'symlink_install': False, 'test_result_base': None}
[0.458s] INFO:colcon.colcon_core.executor:Executing jobs using 'parallel' executor
[0.471s] DEBUG:colcon.colcon_parallel_executor.executor.parallel:run_until_complete
[0.472s] INFO:colcon.colcon_ros.task.ament_cmake.build:Building ROS package in '/home/vboxuser/ros2_ws/src/cpp_pubsub' with build type 'ament_cmake'
[0.472s] INFO:colcon.colcon_cmake.task.cmake.build:Building CMake package in '/home/vboxuser/ros2_ws/src/cpp_pubsub'
[0.490s] INFO:colcon.colcon_core.plugin_system:Skipping extension 'colcon_core.shell.bat': Not used on non-Windows systems
[0.491s] INFO:colcon.colcon_core.shell:Skip shell extension 'powershell' for command environment: Not usable outside of PowerShell
[0.491s] DEBUG:colcon.colcon_core.shell:Skip shell extension 'dsv' for command environment
[0.541s] DEBUG:colcon.colcon_core.event_handler.log_command:Invoking command in '/home/vboxuser/ros2_ws/build/cpp_pubsub': CMAKE_PREFIX_PATH=${CMAKE_PREFIX_PATH}:/home/vboxuser/ros2_humble/install/rqt_bag_plugins:/home/vboxuser/ros2_humble/install/rqt_bag:/home/vboxuser/ros2_humble/install/ros2bag:/home/vboxuser/ros2_humble/install/tracetools_test:/home/vboxuser/ros2_humble/install/tracetools_launch:/home/vboxuser/ros2_humble/install/topic_monitor:/home/vboxuser/ros2_humble/install/tf2_tools:/home/vboxuser/ros2_humble/install/examples_tf2_py:/home/vboxuser/ros2_humble/install/tf2_ros_py:/home/vboxuser/ros2_humble/install/sros2:/home/vboxuser/ros2_humble/install/rqt_topic:/home/vboxuser/ros2_humble/install/rqt_srv:/home/vboxuser/ros2_humble/install/rqt_shell:/home/vboxuser/ros2_humble/install/rqt_service_caller:/home/vboxuser/ros2_humble/install/rqt_reconfigure:/home/vboxuser/ros2_humble/install/rqt_py_console:/home/vboxuser/ros2_humble/install/rqt_publisher:/home/vboxuser/ros2_humble/install/rqt_plot:/home/vboxuser/ros2_humble/install/rqt_action:/home/vboxuser/ros2_humble/install/rqt_msg:/home/vboxuser/ros2_humble/install/rqt_console:/home/vboxuser/ros2_humble/install/rqt:/home/vboxuser/ros2_humble/install/rqt_graph:/home/vboxuser/ros2_humble/install/rqt_gui_py:/home/vboxuser/ros2_humble/install/rqt_gui:/home/vboxuser/ros2_humble/install/ros2trace:/home/vboxuser/ros2_humble/install/ros2topic:/home/vboxuser/ros2_humble/install/ros2test:/home/vboxuser/ros2_humble/install/ros2component:/home/vboxuser/ros2_humble/install/ros2param:/home/vboxuser/ros2_humble/install/ros2lifecycle:/home/vboxuser/ros2_humble/install/ros2service:/home/vboxuser/ros2_humble/install/ros2run:/home/vboxuser/ros2_humble/install/ros2launch:/home/vboxuser/ros2_humble/install/ros2pkg:/home/vboxuser/ros2_humble/install/ros2node:/home/vboxuser/ros2_humble/install/ros2multicast:/home/vboxuser/ros2_humble/install/ros2interface:/home/vboxuser/ros2_humble/install/ros2doctor:/home/vboxuser/ros2_humble/install/ros2action:/home/vboxuser/ros2_humble/install/ros2cli:/home/vboxuser/ros2_humble/install/quality_of_service_demo_py:/home/vboxuser/ros2_humble/install/lifecycle_py:/home/vboxuser/ros2_humble/install/launch_testing_ros:/home/vboxuser/ros2_humble/install/launch_ros:/home/vboxuser/ros2_humble/install/examples_rclpy_pointcloud_publisher:/home/vboxuser/ros2_humble/install/examples_rclpy_minimal_subscriber:/home/vboxuser/ros2_humble/install/examples_rclpy_minimal_service:/home/vboxuser/ros2_humble/install/examples_rclpy_minimal_publisher:/home/vboxuser/ros2_humble/install/examples_rclpy_minimal_client:/home/vboxuser/ros2_humble/install/examples_rclpy_minimal_action_server:/home/vboxuser/ros2_humble/install/examples_rclpy_minimal_action_client:/home/vboxuser/ros2_humble/install/examples_rclpy_guard_conditions:/home/vboxuser/ros2_humble/install/examples_rclpy_executors:/home/vboxuser/ros2_humble/install/demo_nodes_py:/home/vboxuser/ros2_humble/install/action_tutorials_py:/home/vboxuser/ros2_humble/install/ament_uncrustify:/home/vboxuser/ros2_humble/install/tracetools_trace:/home/vboxuser/ros2_humble/install/tracetools_read:/home/vboxuser/ros2_humble/install/test_tracetools_launch:/home/vboxuser/ros2_humble/install/test_launch_ros:/home/vboxuser/ros2_humble/install/sensor_msgs_py:/home/vboxuser/ros2_humble/install/rpyutils:/home/vboxuser/ros2_humble/install/rosidl_runtime_py:/home/vboxuser/ros2_humble/install/rosidl_cli:/home/vboxuser/ros2_humble/install/launch_pytest:/home/vboxuser/ros2_humble/install/launch_testing:/home/vboxuser/ros2_humble/install/launch_yaml:/home/vboxuser/ros2_humble/install/launch_xml:/home/vboxuser/ros2_humble/install/launch:/home/vboxuser/ros2_humble/install/osrf_pycommon:/home/vboxuser/ros2_humble/install/launch_testing_examples:/home/vboxuser/ros2_humble/install/domain_coordinator:/home/vboxuser/ros2_humble/install/ament_xmllint:/home/vboxuser/ros2_humble/install/ament_pyflakes:/home/vboxuser/ros2_humble/install/ament_pycodestyle:/home/vboxuser/ros2_humble/install/ament_pep257:/home/vboxuser/ros2_humble/install/ament_pclint:/home/vboxuser/ros2_humble/install/ament_package:/home/vboxuser/ros2_humble/install/ament_mypy:/home/vboxuser/ros2_humble/install/ament_lint_cmake:/home/vboxuser/ros2_humble/install/ament_flake8:/home/vboxuser/ros2_humble/install/ament_copyright:/home/vboxuser/ros2_humble/install/ament_lint:/home/vboxuser/ros2_humble/install/ament_index_python:/home/vboxuser/ros2_humble/install/ament_cpplint:/home/vboxuser/ros2_humble/install/ament_cppcheck:/home/vboxuser/ros2_humble/install/ament_clang_tidy:/home/vboxuser/ros2_humble/install/ament_clang_format /usr/bin/cmake --build /home/vboxuser/ros2_ws/build/cpp_pubsub -- -j4 -l4
[4.446s] DEBUG:colcon.colcon_core.event_handler.log_command:Invoked command in '/home/vboxuser/ros2_ws/build/cpp_pubsub' returned '2': CMAKE_PREFIX_PATH=${CMAKE_PREFIX_PATH}:/home/vboxuser/ros2_humble/install/rqt_bag_plugins:/home/vboxuser/ros2_humble/install/rqt_bag:/home/vboxuser/ros2_humble/install/ros2bag:/home/vboxuser/ros2_humble/install/tracetools_test:/home/vboxuser/ros2_humble/install/tracetools_launch:/home/vboxuser/ros2_humble/install/topic_monitor:/home/vboxuser/ros2_humble/install/tf2_tools:/home/vboxuser/ros2_humble/install/examples_tf2_py:/home/vboxuser/ros2_humble/install/tf2_ros_py:/home/vboxuser/ros2_humble/install/sros2:/home/vboxuser/ros2_humble/install/rqt_topic:/home/vboxuser/ros2_humble/install/rqt_srv:/home/vboxuser/ros2_humble/install/rqt_shell:/home/vboxuser/ros2_humble/install/rqt_service_caller:/home/vboxuser/ros2_humble/install/rqt_reconfigure:/home/vboxuser/ros2_humble/install/rqt_py_console:/home/vboxuser/ros2_humble/install/rqt_publisher:/home/vboxuser/ros2_humble/install/rqt_plot:/home/vboxuser/ros2_humble/install/rqt_action:/home/vboxuser/ros2_humble/install/rqt_msg:/home/vboxuser/ros2_humble/install/rqt_console:/home/vboxuser/ros2_humble/install/rqt:/home/vboxuser/ros2_humble/install/rqt_graph:/home/vboxuser/ros2_humble/install/rqt_gui_py:/home/vboxuser/ros2_humble/install/rqt_gui:/home/vboxuser/ros2_humble/install/ros2trace:/home/vboxuser/ros2_humble/install/ros2topic:/home/vboxuser/ros2_humble/install/ros2test:/home/vboxuser/ros2_humble/install/ros2component:/home/vboxuser/ros2_humble/install/ros2param:/home/vboxuser/ros2_humble/install/ros2lifecycle:/home/vboxuser/ros2_humble/install/ros2service:/home/vboxuser/ros2_humble/install/ros2run:/home/vboxuser/ros2_humble/install/ros2launch:/home/vboxuser/ros2_humble/install/ros2pkg:/home/vboxuser/ros2_humble/install/ros2node:/home/vboxuser/ros2_humble/install/ros2multicast:/home/vboxuser/ros2_humble/install/ros2interface:/home/vboxuser/ros2_humble/install/ros2doctor:/home/vboxuser/ros2_humble/install/ros2action:/home/vboxuser/ros2_humble/install/ros2cli:/home/vboxuser/ros2_humble/install/quality_of_service_demo_py:/home/vboxuser/ros2_humble/install/lifecycle_py:/home/vboxuser/ros2_humble/install/launch_testing_ros:/home/vboxuser/ros2_humble/install/launch_ros:/home/vboxuser/ros2_humble/install/examples_rclpy_pointcloud_publisher:/home/vboxuser/ros2_humble/install/examples_rclpy_minimal_subscriber:/home/vboxuser/ros2_humble/install/examples_rclpy_minimal_service:/home/vboxuser/ros2_humble/install/examples_rclpy_minimal_publisher:/home/vboxuser/ros2_humble/install/examples_rclpy_minimal_client:/home/vboxuser/ros2_humble/install/examples_rclpy_minimal_action_server:/home/vboxuser/ros2_humble/install/examples_rclpy_minimal_action_client:/home/vboxuser/ros2_humble/install/examples_rclpy_guard_conditions:/home/vboxuser/ros2_humble/install/examples_rclpy_executors:/home/vboxuser/ros2_humble/install/demo_nodes_py:/home/vboxuser/ros2_humble/install/action_tutorials_py:/home/vboxuser/ros2_humble/install/ament_uncrustify:/home/vboxuser/ros2_humble/install/tracetools_trace:/home/vboxuser/ros2_humble/install/tracetools_read:/home/vboxuser/ros2_humble/install/test_tracetools_launch:/home/vboxuser/ros2_humble/install/test_launch_ros:/home/vboxuser/ros2_humble/install/sensor_msgs_py:/home/vboxuser/ros2_humble/install/rpyutils:/home/vboxuser/ros2_humble/install/rosidl_runtime_py:/home/vboxuser/ros2_humble/install/rosidl_cli:/home/vboxuser/ros2_humble/install/launch_pytest:/home/vboxuser/ros2_humble/install/launch_testing:/home/vboxuser/ros2_humble/install/launch_yaml:/home/vboxuser/ros2_humble/install/launch_xml:/home/vboxuser/ros2_humble/install/launch:/home/vboxuser/ros2_humble/install/osrf_pycommon:/home/vboxuser/ros2_humble/install/launch_testing_examples:/home/vboxuser/ros2_humble/install/domain_coordinator:/home/vboxuser/ros2_humble/install/ament_xmllint:/home/vboxuser/ros2_humble/install/ament_pyflakes:/home/vboxuser/ros2_humble/install/ament_pycodestyle:/home/vboxuser/ros2_humble/install/ament_pep257:/home/vboxuser/ros2_humble/install/ament_pclint:/home/vboxuser/ros2_humble/install/ament_package:/home/vboxuser/ros2_humble/install/ament_mypy:/home/vboxuser/ros2_humble/install/ament_lint_cmake:/home/vboxuser/ros2_humble/install/ament_flake8:/home/vboxuser/ros2_humble/install/ament_copyright:/home/vboxuser/ros2_humble/install/ament_lint:/home/vboxuser/ros2_humble/install/ament_index_python:/home/vboxuser/ros2_humble/install/ament_cpplint:/home/vboxuser/ros2_humble/install/ament_cppcheck:/home/vboxuser/ros2_humble/install/ament_clang_tidy:/home/vboxuser/ros2_humble/install/ament_clang_format /usr/bin/cmake --build /home/vboxuser/ros2_ws/build/cpp_pubsub -- -j4 -l4
[4.580s] Level 1:colcon.colcon_core.environment:create_environment_scripts_only(cpp_pubsub)
[4.599s] Level 1:colcon.colcon_core.environment:checking '/home/vboxuser/ros2_ws/install/cpp_pubsub' for CMake module files
[4.599s] Level 1:colcon.colcon_core.environment:checking '/home/vboxuser/ros2_ws/install/cpp_pubsub' for CMake config files
[4.599s] Level 1:colcon.colcon_core.shell:create_environment_hook('cpp_pubsub', 'cmake_prefix_path')
[4.601s] INFO:colcon.colcon_core.shell:Creating environment hook '/home/vboxuser/ros2_ws/install/cpp_pubsub/share/cpp_pubsub/hook/cmake_prefix_path.ps1'
[4.602s] INFO:colcon.colcon_core.shell:Creating environment descriptor '/home/vboxuser/ros2_ws/install/cpp_pubsub/share/cpp_pubsub/hook/cmake_prefix_path.dsv'
[4.602s] INFO:colcon.colcon_core.shell:Creating environment hook '/home/vboxuser/ros2_ws/install/cpp_pubsub/share/cpp_pubsub/hook/cmake_prefix_path.sh'
[4.604s] Level 1:colcon.colcon_core.environment:checking '/home/vboxuser/ros2_ws/install/cpp_pubsub/lib'
[4.604s] Level 1:colcon.colcon_core.environment:checking '/home/vboxuser/ros2_ws/install/cpp_pubsub/bin'
[4.604s] Level 1:colcon.colcon_core.environment:checking '/home/vboxuser/ros2_ws/install/cpp_pubsub/lib/pkgconfig/cpp_pubsub.pc'
[4.606s] Level 1:colcon.colcon_core.environment:checking '/home/vboxuser/ros2_ws/install/cpp_pubsub/lib/python3.10/site-packages'
[4.606s] Level 1:colcon.colcon_core.environment:checking '/home/vboxuser/ros2_ws/install/cpp_pubsub/bin'
[4.608s] INFO:colcon.colcon_core.shell:Creating package script '/home/vboxuser/ros2_ws/install/cpp_pubsub/share/cpp_pubsub/package.ps1'
[4.609s] INFO:colcon.colcon_core.shell:Creating package descriptor '/home/vboxuser/ros2_ws/install/cpp_pubsub/share/cpp_pubsub/package.dsv'
[4.610s] INFO:colcon.colcon_core.shell:Creating package script '/home/vboxuser/ros2_ws/install/cpp_pubsub/share/cpp_pubsub/package.sh'
[4.611s] INFO:colcon.colcon_core.shell:Creating package script '/home/vboxuser/ros2_ws/install/cpp_pubsub/share/cpp_pubsub/package.bash'
[4.612s] INFO:colcon.colcon_core.shell:Creating package script '/home/vboxuser/ros2_ws/install/cpp_pubsub/share/cpp_pubsub/package.zsh'
[4.613s] Level 1:colcon.colcon_core.environment:create_file_with_runtime_dependencies(/home/vboxuser/ros2_ws/install/cpp_pubsub/share/colcon-core/packages/cpp_pubsub)
[4.615s] DEBUG:colcon.colcon_parallel_executor.executor.parallel:closing loop
[4.615s] DEBUG:colcon.colcon_parallel_executor.executor.parallel:loop closed
[4.615s] DEBUG:colcon.colcon_parallel_executor.executor.parallel:run_until_complete finished with '2'
[4.615s] DEBUG:colcon.colcon_core.event_reactor:joining thread
[4.626s] INFO:colcon.colcon_core.plugin_system:Skipping extension 'colcon_notification.desktop_notification.terminal_notifier': Not used on non-Darwin systems
[4.626s] INFO:colcon.colcon_core.plugin_system:Skipping extension 'colcon_notification.desktop_notification.win32': Not used on non-Windows systems
[4.626s] INFO:colcon.colcon_notification.desktop_notification:Sending desktop notification using 'notify2'
[4.663s] DEBUG:colcon.colcon_core.event_reactor:joined thread
[4.666s] INFO:colcon.colcon_core.shell:Creating prefix script '/home/vboxuser/ros2_ws/install/local_setup.ps1'
[4.667s] INFO:colcon.colcon_core.shell:Creating prefix util module '/home/vboxuser/ros2_ws/install/_local_setup_util_ps1.py'
[4.669s] INFO:colcon.colcon_core.shell:Creating prefix chain script '/home/vboxuser/ros2_ws/install/setup.ps1'
[4.679s] INFO:colcon.colcon_core.shell:Creating prefix script '/home/vboxuser/ros2_ws/install/local_setup.sh'
[4.680s] INFO:colcon.colcon_core.shell:Creating prefix util module '/home/vboxuser/ros2_ws/install/_local_setup_util_sh.py'
[4.681s] INFO:colcon.colcon_core.shell:Creating prefix chain script '/home/vboxuser/ros2_ws/install/setup.sh'
[4.691s] INFO:colcon.colcon_core.shell:Creating prefix script '/home/vboxuser/ros2_ws/install/local_setup.bash'
[4.692s] INFO:colcon.colcon_core.shell:Creating prefix chain script '/home/vboxuser/ros2_ws/install/setup.bash'
[4.703s] INFO:colcon.colcon_core.shell:Creating prefix script '/home/vboxuser/ros2_ws/install/local_setup.zsh'
[4.721s] INFO:colcon.colcon_core.shell:Creating prefix chain script '/home/vboxuser/ros2_ws/install/setup.zsh'
