[0.099s] Invoking command in '/home/vboxuser/ros2_ws/build/custom_interfaces': CMAKE_PREFIX_PATH=${CMAKE_PREFIX_PATH}:/home/vboxuser/ros2_humble/install/rqt_bag_plugins:/home/vboxuser/ros2_humble/install/rqt_bag:/home/vboxuser/ros2_humble/install/ros2bag:/home/vboxuser/ros2_humble/install/tracetools_test:/home/vboxuser/ros2_humble/install/tracetools_launch:/home/vboxuser/ros2_humble/install/topic_monitor:/home/vboxuser/ros2_humble/install/tf2_tools:/home/vboxuser/ros2_humble/install/examples_tf2_py:/home/vboxuser/ros2_humble/install/tf2_ros_py:/home/vboxuser/ros2_humble/install/sros2:/home/vboxuser/ros2_humble/install/rqt_topic:/home/vboxuser/ros2_humble/install/rqt_srv:/home/vboxuser/ros2_humble/install/rqt_shell:/home/vboxuser/ros2_humble/install/rqt_service_caller:/home/vboxuser/ros2_humble/install/rqt_reconfigure:/home/vboxuser/ros2_humble/install/rqt_py_console:/home/vboxuser/ros2_humble/install/rqt_publisher:/home/vboxuser/ros2_humble/install/rqt_plot:/home/vboxuser/ros2_humble/install/rqt_action:/home/vboxuser/ros2_humble/install/rqt_msg:/home/vboxuser/ros2_humble/install/rqt_console:/home/vboxuser/ros2_humble/install/rqt:/home/vboxuser/ros2_humble/install/rqt_graph:/home/vboxuser/ros2_humble/install/rqt_gui_py:/home/vboxuser/ros2_humble/install/rqt_gui:/home/vboxuser/ros2_humble/install/ros2trace:/home/vboxuser/ros2_humble/install/ros2topic:/home/vboxuser/ros2_humble/install/ros2test:/home/vboxuser/ros2_humble/install/ros2component:/home/vboxuser/ros2_humble/install/ros2param:/home/vboxuser/ros2_humble/install/ros2lifecycle:/home/vboxuser/ros2_humble/install/ros2service:/home/vboxuser/ros2_humble/install/ros2run:/home/vboxuser/ros2_humble/install/ros2launch:/home/vboxuser/ros2_humble/install/ros2pkg:/home/vboxuser/ros2_humble/install/ros2node:/home/vboxuser/ros2_humble/install/ros2multicast:/home/vboxuser/ros2_humble/install/ros2interface:/home/vboxuser/ros2_humble/install/ros2doctor:/home/vboxuser/ros2_humble/install/ros2action:/home/vboxuser/ros2_humble/install/ros2cli:/home/vboxuser/ros2_humble/install/quality_of_service_demo_py:/home/vboxuser/ros2_humble/install/lifecycle_py:/home/vboxuser/ros2_humble/install/launch_testing_ros:/home/vboxuser/ros2_humble/install/launch_ros:/home/vboxuser/ros2_humble/install/examples_rclpy_pointcloud_publisher:/home/vboxuser/ros2_humble/install/examples_rclpy_minimal_subscriber:/home/vboxuser/ros2_humble/install/examples_rclpy_minimal_service:/home/vboxuser/ros2_humble/install/examples_rclpy_minimal_publisher:/home/vboxuser/ros2_humble/install/examples_rclpy_minimal_client:/home/vboxuser/ros2_humble/install/examples_rclpy_minimal_action_server:/home/vboxuser/ros2_humble/install/examples_rclpy_minimal_action_client:/home/vboxuser/ros2_humble/install/examples_rclpy_guard_conditions:/home/vboxuser/ros2_humble/install/examples_rclpy_executors:/home/vboxuser/ros2_humble/install/demo_nodes_py:/home/vboxuser/ros2_humble/install/action_tutorials_py:/home/vboxuser/ros2_humble/install/ament_uncrustify:/home/vboxuser/ros2_humble/install/tracetools_trace:/home/vboxuser/ros2_humble/install/tracetools_read:/home/vboxuser/ros2_humble/install/test_tracetools_launch:/home/vboxuser/ros2_humble/install/test_launch_ros:/home/vboxuser/ros2_humble/install/sensor_msgs_py:/home/vboxuser/ros2_humble/install/rpyutils:/home/vboxuser/ros2_humble/install/rosidl_runtime_py:/home/vboxuser/ros2_humble/install/rosidl_cli:/home/vboxuser/ros2_humble/install/launch_pytest:/home/vboxuser/ros2_humble/install/launch_testing:/home/vboxuser/ros2_humble/install/launch_yaml:/home/vboxuser/ros2_humble/install/launch_xml:/home/vboxuser/ros2_humble/install/launch:/home/vboxuser/ros2_humble/install/osrf_pycommon:/home/vboxuser/ros2_humble/install/launch_testing_examples:/home/vboxuser/ros2_humble/install/domain_coordinator:/home/vboxuser/ros2_humble/install/ament_xmllint:/home/vboxuser/ros2_humble/install/ament_pyflakes:/home/vboxuser/ros2_humble/install/ament_pycodestyle:/home/vboxuser/ros2_humble/install/ament_pep257:/home/vboxuser/ros2_humble/install/ament_pclint:/home/vboxuser/ros2_humble/install/ament_package:/home/vboxuser/ros2_humble/install/ament_mypy:/home/vboxuser/ros2_humble/install/ament_lint_cmake:/home/vboxuser/ros2_humble/install/ament_flake8:/home/vboxuser/ros2_humble/install/ament_copyright:/home/vboxuser/ros2_humble/install/ament_lint:/home/vboxuser/ros2_humble/install/ament_index_python:/home/vboxuser/ros2_humble/install/ament_cpplint:/home/vboxuser/ros2_humble/install/ament_cppcheck:/home/vboxuser/ros2_humble/install/ament_clang_tidy:/home/vboxuser/ros2_humble/install/ament_clang_format /usr/bin/cmake --build /home/vboxuser/ros2_ws/build/custom_interfaces -- -j4 -l4
[0.424s] -- Found ament_cmake: 1.3.3 (/home/vboxuser/ros2_humble/install/ament_cmake/share/ament_cmake/cmake)
[0.877s] -- Found geometry_msgs: 4.2.3 (/home/vboxuser/ros2_humble/install/geometry_msgs/share/geometry_msgs/cmake)
[0.990s] -- Found rosidl_generator_c: 3.1.4 (/home/vboxuser/ros2_humble/install/rosidl_generator_c/share/rosidl_generator_c/cmake)
[0.992s] -- Found rosidl_adapter: 3.1.4 (/home/vboxuser/ros2_humble/install/rosidl_adapter/share/rosidl_adapter/cmake)
[1.000s] -- Found rosidl_generator_cpp: 3.1.4 (/home/vboxuser/ros2_humble/install/rosidl_generator_cpp/share/rosidl_generator_cpp/cmake)
[1.050s] -- Using all available rosidl_typesupport_c: rosidl_typesupport_introspection_c;rosidl_typesupport_fastrtps_c
[1.113s] -- Using all available rosidl_typesupport_cpp: rosidl_typesupport_introspection_cpp;rosidl_typesupport_fastrtps_cpp
[1.246s] -- Found rosidl_default_generators: 1.2.0 (/home/vboxuser/ros2_humble/install/rosidl_default_generators/share/rosidl_default_generators/cmake)
[2.189s] -- Found ament_cmake_ros: 0.10.0 (/home/vboxuser/ros2_humble/install/ament_cmake_ros/share/ament_cmake_ros/cmake)
[3.343s] -- Using all available rosidl_typesupport_c: rosidl_typesupport_introspection_c;rosidl_typesupport_fastrtps_c
[3.859s] -- Using all available rosidl_typesupport_cpp: rosidl_typesupport_introspection_cpp;rosidl_typesupport_fastrtps_cpp
[3.931s] -- Found python_cmake_module: 0.10.0 (/home/vboxuser/ros2_humble/install/python_cmake_module/share/python_cmake_module/cmake)
[3.990s] -- Using PYTHON_EXECUTABLE: /usr/bin/python3
[3.991s] -- Using PYTHON_INCLUDE_DIRS: /usr/include/python3.10
[3.991s] -- Using PYTHON_LIBRARIES: /usr/lib/x86_64-linux-gnu/libpython3.10.so
[4.412s] -- Found ament_lint_auto: 0.12.5 (/home/vboxuser/ros2_humble/install/ament_lint_auto/share/ament_lint_auto/cmake)
[4.453s] -- Added test 'lint_cmake' to check CMake code style
[4.456s] -- Added test 'xmllint' to check XML markup files
[4.461s] -- Configuring done
[4.714s] -- Generating done
[4.768s] -- Build files have been written to: /home/vboxuser/ros2_ws/build/custom_interfaces
[4.845s] [  1%] [34m[1mGenerating C code for ROS interfaces[0m
[4.893s] [  3%] [34m[1mGenerating C++ code for ROS interfaces[0m
[4.974s] [  3%] Built target ament_cmake_python_copy_custom_interfaces
[5.435s] running egg_info
[5.435s] writing custom_interfaces.egg-info/PKG-INFO
[5.436s] writing dependency_links to custom_interfaces.egg-info/dependency_links.txt
[5.436s] writing top-level names to custom_interfaces.egg-info/top_level.txt
[5.438s] reading manifest file 'custom_interfaces.egg-info/SOURCES.txt'
[5.440s] writing manifest file 'custom_interfaces.egg-info/SOURCES.txt'
[5.501s] [  3%] Built target ament_cmake_python_build_custom_interfaces_egg
[5.587s] [  3%] Built target custom_interfaces__cpp
[5.637s] [  5%] [34m[1mGenerating C++ type support dispatch for ROS interfaces[0m
[5.692s] [35m[1mConsolidate compiler generated dependencies of target custom_interfaces__rosidl_generator_c[0m
[5.699s] [  7%] [34m[1mGenerating C++ type support for eProsima Fast-RTPS[0m
[5.705s] [  9%] [34m[1mGenerating C++ introspection for ROS interfaces[0m
[5.721s] [ 10%] [32mBuilding C object CMakeFiles/custom_interfaces__rosidl_generator_c.dir/rosidl_generator_c/custom_interfaces/msg/detail/num__functions.c.o[0m
[5.955s] [ 12%] [32mBuilding C object CMakeFiles/custom_interfaces__rosidl_generator_c.dir/rosidl_generator_c/custom_interfaces/msg/detail/sphere__functions.c.o[0m
[6.051s] [ 14%] [32mBuilding C object CMakeFiles/custom_interfaces__rosidl_generator_c.dir/rosidl_generator_c/custom_interfaces/srv/detail/add_three_ints__functions.c.o[0m
[6.155s] [ 16%] [32mBuilding C object CMakeFiles/custom_interfaces__rosidl_generator_c.dir/rosidl_generator_c/custom_interfaces/srv/detail/scan_twi__functions.c.o[0m
[6.159s] [35m[1mConsolidate compiler generated dependencies of target custom_interfaces__rosidl_typesupport_cpp[0m
[6.224s] [ 18%] [32mBuilding CXX object CMakeFiles/custom_interfaces__rosidl_typesupport_cpp.dir/rosidl_typesupport_cpp/custom_interfaces/msg/num__type_support.cpp.o[0m
[6.269s] [ 20%] [32m[1mLinking C shared library libcustom_interfaces__rosidl_generator_c.so[0m
[6.373s] [ 20%] Built target custom_interfaces__rosidl_generator_c
[6.373s] [35m[1mConsolidate compiler generated dependencies of target custom_interfaces__rosidl_typesupport_introspection_cpp[0m
[6.394s] [35m[1mConsolidate compiler generated dependencies of target custom_interfaces__rosidl_typesupport_fastrtps_cpp[0m
[6.397s] [ 21%] [34m[1mGenerating C type support for eProsima Fast-RTPS[0m
[6.408s] [ 23%] [32mBuilding CXX object CMakeFiles/custom_interfaces__rosidl_typesupport_introspection_cpp.dir/rosidl_typesupport_introspection_cpp/custom_interfaces/msg/detail/num__type_support.cpp.o[0m
[6.430s] [ 25%] [32mBuilding CXX object CMakeFiles/custom_interfaces__rosidl_typesupport_fastrtps_cpp.dir/rosidl_typesupport_fastrtps_cpp/custom_interfaces/msg/detail/dds_fastrtps/num__type_support.cpp.o[0m
[6.774s] [ 27%] [32mBuilding CXX object CMakeFiles/custom_interfaces__rosidl_typesupport_cpp.dir/rosidl_typesupport_cpp/custom_interfaces/msg/sphere__type_support.cpp.o[0m
[6.835s] [ 29%] [32mBuilding CXX object CMakeFiles/custom_interfaces__rosidl_typesupport_introspection_cpp.dir/rosidl_typesupport_introspection_cpp/custom_interfaces/msg/detail/sphere__type_support.cpp.o[0m
[7.013s] [ 30%] [32mBuilding CXX object CMakeFiles/custom_interfaces__rosidl_typesupport_fastrtps_cpp.dir/rosidl_typesupport_fastrtps_cpp/custom_interfaces/msg/detail/dds_fastrtps/sphere__type_support.cpp.o[0m
[7.113s] [ 32%] [32mBuilding CXX object CMakeFiles/custom_interfaces__rosidl_typesupport_cpp.dir/rosidl_typesupport_cpp/custom_interfaces/srv/add_three_ints__type_support.cpp.o[0m
[7.218s] [35m[1mConsolidate compiler generated dependencies of target custom_interfaces__rosidl_typesupport_fastrtps_c[0m
[7.275s] [ 34%] [32mBuilding CXX object CMakeFiles/custom_interfaces__rosidl_typesupport_fastrtps_c.dir/rosidl_typesupport_fastrtps_c/custom_interfaces/msg/detail/num__type_support_c.cpp.o[0m
[7.281s] [ 36%] [32mBuilding CXX object CMakeFiles/custom_interfaces__rosidl_typesupport_introspection_cpp.dir/rosidl_typesupport_introspection_cpp/custom_interfaces/srv/detail/add_three_ints__type_support.cpp.o[0m
[7.382s] [ 38%] [32mBuilding CXX object CMakeFiles/custom_interfaces__rosidl_typesupport_cpp.dir/rosidl_typesupport_cpp/custom_interfaces/srv/scan_twi__type_support.cpp.o[0m
[7.389s] [ 40%] [32mBuilding CXX object CMakeFiles/custom_interfaces__rosidl_typesupport_fastrtps_cpp.dir/rosidl_typesupport_fastrtps_cpp/custom_interfaces/srv/detail/dds_fastrtps/add_three_ints__type_support.cpp.o[0m
[7.556s] [ 41%] [32mBuilding CXX object CMakeFiles/custom_interfaces__rosidl_typesupport_fastrtps_c.dir/rosidl_typesupport_fastrtps_c/custom_interfaces/msg/detail/sphere__type_support_c.cpp.o[0m
[7.621s] [ 43%] [32m[1mLinking CXX shared library libcustom_interfaces__rosidl_typesupport_cpp.so[0m
[7.652s] [ 45%] [32mBuilding CXX object CMakeFiles/custom_interfaces__rosidl_typesupport_introspection_cpp.dir/rosidl_typesupport_introspection_cpp/custom_interfaces/srv/detail/scan_twi__type_support.cpp.o[0m
[7.705s] [ 45%] Built target custom_interfaces__rosidl_typesupport_cpp
[7.723s] [ 47%] [32mBuilding CXX object CMakeFiles/custom_interfaces__rosidl_typesupport_fastrtps_cpp.dir/rosidl_typesupport_fastrtps_cpp/custom_interfaces/srv/detail/dds_fastrtps/scan_twi__type_support.cpp.o[0m
[7.741s] [ 49%] [34m[1mGenerating C introspection for ROS interfaces[0m
[7.920s] [ 50%] [32mBuilding CXX object CMakeFiles/custom_interfaces__rosidl_typesupport_fastrtps_c.dir/rosidl_typesupport_fastrtps_c/custom_interfaces/srv/detail/add_three_ints__type_support_c.cpp.o[0m
[8.131s] [ 52%] [32m[1mLinking CXX shared library libcustom_interfaces__rosidl_typesupport_introspection_cpp.so[0m
[8.168s] [ 54%] [32m[1mLinking CXX shared library libcustom_interfaces__rosidl_typesupport_fastrtps_cpp.so[0m
[8.338s] [ 54%] Built target custom_interfaces__rosidl_typesupport_introspection_cpp
[8.345s] [ 54%] Built target custom_interfaces__rosidl_typesupport_fastrtps_cpp
[8.365s] [ 56%] [32mBuilding CXX object CMakeFiles/custom_interfaces__rosidl_typesupport_fastrtps_c.dir/rosidl_typesupport_fastrtps_c/custom_interfaces/srv/detail/scan_twi__type_support_c.cpp.o[0m
[8.367s] [ 58%] [34m[1mGenerating C type support dispatch for ROS interfaces[0m
[8.417s] [35m[1mConsolidate compiler generated dependencies of target custom_interfaces__rosidl_typesupport_introspection_c[0m
[8.467s] [ 61%] [32mBuilding C object CMakeFiles/custom_interfaces__rosidl_typesupport_introspection_c.dir/rosidl_typesupport_introspection_c/custom_interfaces/msg/detail/sphere__type_support.c.o[0m
[8.467s] [ 61%] [32mBuilding C object CMakeFiles/custom_interfaces__rosidl_typesupport_introspection_c.dir/rosidl_typesupport_introspection_c/custom_interfaces/msg/detail/num__type_support.c.o[0m
[8.528s] [ 63%] [32mBuilding C object CMakeFiles/custom_interfaces__rosidl_typesupport_introspection_c.dir/rosidl_typesupport_introspection_c/custom_interfaces/srv/detail/scan_twi__type_support.c.o[0m
[8.528s] [ 65%] [32mBuilding C object CMakeFiles/custom_interfaces__rosidl_typesupport_introspection_c.dir/rosidl_typesupport_introspection_c/custom_interfaces/srv/detail/add_three_ints__type_support.c.o[0m
[8.648s] [ 67%] [32m[1mLinking C shared library libcustom_interfaces__rosidl_typesupport_introspection_c.so[0m
[8.780s] [ 67%] Built target custom_interfaces__rosidl_typesupport_introspection_c
[8.786s] [ 69%] [32m[1mLinking CXX shared library libcustom_interfaces__rosidl_typesupport_fastrtps_c.so[0m
[8.904s] [35m[1mConsolidate compiler generated dependencies of target custom_interfaces__rosidl_typesupport_c[0m
[8.947s] [ 69%] Built target custom_interfaces__rosidl_typesupport_fastrtps_c
[8.953s] [ 70%] [32mBuilding CXX object CMakeFiles/custom_interfaces__rosidl_typesupport_c.dir/rosidl_typesupport_c/custom_interfaces/msg/num__type_support.cpp.o[0m
[8.955s] [ 72%] [32mBuilding CXX object CMakeFiles/custom_interfaces__rosidl_typesupport_c.dir/rosidl_typesupport_c/custom_interfaces/msg/sphere__type_support.cpp.o[0m
[8.964s] [ 74%] [32mBuilding CXX object CMakeFiles/custom_interfaces__rosidl_typesupport_c.dir/rosidl_typesupport_c/custom_interfaces/srv/add_three_ints__type_support.cpp.o[0m
[8.982s] [ 76%] [32mBuilding CXX object CMakeFiles/custom_interfaces__rosidl_typesupport_c.dir/rosidl_typesupport_c/custom_interfaces/srv/scan_twi__type_support.cpp.o[0m
[9.063s] [ 78%] [32m[1mLinking CXX shared library libcustom_interfaces__rosidl_typesupport_c.so[0m
[9.226s] [ 78%] Built target custom_interfaces__rosidl_typesupport_c
[9.331s] [ 78%] Built target custom_interfaces
[9.397s] [ 80%] [34m[1mGenerating Python code for ROS interfaces[0m
[10.460s] [ 80%] Built target custom_interfaces__py
[10.509s] [35m[1mConsolidate compiler generated dependencies of target custom_interfaces__rosidl_generator_py[0m
[10.592s] [ 83%] [32mBuilding C object CMakeFiles/custom_interfaces__rosidl_generator_py.dir/rosidl_generator_py/custom_interfaces/msg/_num_s.c.o[0m
[10.594s] [ 85%] [32mBuilding C object CMakeFiles/custom_interfaces__rosidl_generator_py.dir/rosidl_generator_py/custom_interfaces/srv/_add_three_ints_s.c.o[0m
[10.598s] [ 87%] [32mBuilding C object CMakeFiles/custom_interfaces__rosidl_generator_py.dir/rosidl_generator_py/custom_interfaces/msg/_sphere_s.c.o[0m
[10.598s] [ 87%] [32mBuilding C object CMakeFiles/custom_interfaces__rosidl_generator_py.dir/rosidl_generator_py/custom_interfaces/srv/_scan_twi_s.c.o[0m
[10.817s] [ 89%] [32m[1mLinking C shared library rosidl_generator_py/custom_interfaces/libcustom_interfaces__rosidl_generator_py.so[0m
[11.002s] [ 89%] Built target custom_interfaces__rosidl_generator_py
[11.060s] [35m[1mConsolidate compiler generated dependencies of target custom_interfaces__rosidl_typesupport_c__pyext[0m
[11.061s] [35m[1mConsolidate compiler generated dependencies of target custom_interfaces__rosidl_typesupport_fastrtps_c__pyext[0m
[11.061s] [35m[1mConsolidate compiler generated dependencies of target custom_interfaces__rosidl_typesupport_introspection_c__pyext[0m
[11.097s] [ 90%] [32mBuilding C object CMakeFiles/custom_interfaces__rosidl_typesupport_introspection_c__pyext.dir/rosidl_generator_py/custom_interfaces/_custom_interfaces_s.ep.rosidl_typesupport_introspection_c.c.o[0m
[11.115s] [ 92%] [32mBuilding C object CMakeFiles/custom_interfaces__rosidl_typesupport_c__pyext.dir/rosidl_generator_py/custom_interfaces/_custom_interfaces_s.ep.rosidl_typesupport_c.c.o[0m
[11.115s] [ 94%] [32mBuilding C object CMakeFiles/custom_interfaces__rosidl_typesupport_fastrtps_c__pyext.dir/rosidl_generator_py/custom_interfaces/_custom_interfaces_s.ep.rosidl_typesupport_fastrtps_c.c.o[0m
[11.308s] [ 96%] [32m[1mLinking C shared library rosidl_generator_py/custom_interfaces/custom_interfaces_s__rosidl_typesupport_introspection_c.cpython-310-x86_64-linux-gnu.so[0m
[11.323s] [ 98%] [32m[1mLinking C shared library rosidl_generator_py/custom_interfaces/custom_interfaces_s__rosidl_typesupport_c.cpython-310-x86_64-linux-gnu.so[0m
[11.333s] [100%] [32m[1mLinking C shared library rosidl_generator_py/custom_interfaces/custom_interfaces_s__rosidl_typesupport_fastrtps_c.cpython-310-x86_64-linux-gnu.so[0m
[11.416s] [100%] Built target custom_interfaces__rosidl_typesupport_c__pyext
[11.417s] [100%] Built target custom_interfaces__rosidl_typesupport_introspection_c__pyext
[11.440s] [100%] Built target custom_interfaces__rosidl_typesupport_fastrtps_c__pyext
[11.484s] Invoked command in '/home/vboxuser/ros2_ws/build/custom_interfaces' returned '0': CMAKE_PREFIX_PATH=${CMAKE_PREFIX_PATH}:/home/vboxuser/ros2_humble/install/rqt_bag_plugins:/home/vboxuser/ros2_humble/install/rqt_bag:/home/vboxuser/ros2_humble/install/ros2bag:/home/vboxuser/ros2_humble/install/tracetools_test:/home/vboxuser/ros2_humble/install/tracetools_launch:/home/vboxuser/ros2_humble/install/topic_monitor:/home/vboxuser/ros2_humble/install/tf2_tools:/home/vboxuser/ros2_humble/install/examples_tf2_py:/home/vboxuser/ros2_humble/install/tf2_ros_py:/home/vboxuser/ros2_humble/install/sros2:/home/vboxuser/ros2_humble/install/rqt_topic:/home/vboxuser/ros2_humble/install/rqt_srv:/home/vboxuser/ros2_humble/install/rqt_shell:/home/vboxuser/ros2_humble/install/rqt_service_caller:/home/vboxuser/ros2_humble/install/rqt_reconfigure:/home/vboxuser/ros2_humble/install/rqt_py_console:/home/vboxuser/ros2_humble/install/rqt_publisher:/home/vboxuser/ros2_humble/install/rqt_plot:/home/vboxuser/ros2_humble/install/rqt_action:/home/vboxuser/ros2_humble/install/rqt_msg:/home/vboxuser/ros2_humble/install/rqt_console:/home/vboxuser/ros2_humble/install/rqt:/home/vboxuser/ros2_humble/install/rqt_graph:/home/vboxuser/ros2_humble/install/rqt_gui_py:/home/vboxuser/ros2_humble/install/rqt_gui:/home/vboxuser/ros2_humble/install/ros2trace:/home/vboxuser/ros2_humble/install/ros2topic:/home/vboxuser/ros2_humble/install/ros2test:/home/vboxuser/ros2_humble/install/ros2component:/home/vboxuser/ros2_humble/install/ros2param:/home/vboxuser/ros2_humble/install/ros2lifecycle:/home/vboxuser/ros2_humble/install/ros2service:/home/vboxuser/ros2_humble/install/ros2run:/home/vboxuser/ros2_humble/install/ros2launch:/home/vboxuser/ros2_humble/install/ros2pkg:/home/vboxuser/ros2_humble/install/ros2node:/home/vboxuser/ros2_humble/install/ros2multicast:/home/vboxuser/ros2_humble/install/ros2interface:/home/vboxuser/ros2_humble/install/ros2doctor:/home/vboxuser/ros2_humble/install/ros2action:/home/vboxuser/ros2_humble/install/ros2cli:/home/vboxuser/ros2_humble/install/quality_of_service_demo_py:/home/vboxuser/ros2_humble/install/lifecycle_py:/home/vboxuser/ros2_humble/install/launch_testing_ros:/home/vboxuser/ros2_humble/install/launch_ros:/home/vboxuser/ros2_humble/install/examples_rclpy_pointcloud_publisher:/home/vboxuser/ros2_humble/install/examples_rclpy_minimal_subscriber:/home/vboxuser/ros2_humble/install/examples_rclpy_minimal_service:/home/vboxuser/ros2_humble/install/examples_rclpy_minimal_publisher:/home/vboxuser/ros2_humble/install/examples_rclpy_minimal_client:/home/vboxuser/ros2_humble/install/examples_rclpy_minimal_action_server:/home/vboxuser/ros2_humble/install/examples_rclpy_minimal_action_client:/home/vboxuser/ros2_humble/install/examples_rclpy_guard_conditions:/home/vboxuser/ros2_humble/install/examples_rclpy_executors:/home/vboxuser/ros2_humble/install/demo_nodes_py:/home/vboxuser/ros2_humble/install/action_tutorials_py:/home/vboxuser/ros2_humble/install/ament_uncrustify:/home/vboxuser/ros2_humble/install/tracetools_trace:/home/vboxuser/ros2_humble/install/tracetools_read:/home/vboxuser/ros2_humble/install/test_tracetools_launch:/home/vboxuser/ros2_humble/install/test_launch_ros:/home/vboxuser/ros2_humble/install/sensor_msgs_py:/home/vboxuser/ros2_humble/install/rpyutils:/home/vboxuser/ros2_humble/install/rosidl_runtime_py:/home/vboxuser/ros2_humble/install/rosidl_cli:/home/vboxuser/ros2_humble/install/launch_pytest:/home/vboxuser/ros2_humble/install/launch_testing:/home/vboxuser/ros2_humble/install/launch_yaml:/home/vboxuser/ros2_humble/install/launch_xml:/home/vboxuser/ros2_humble/install/launch:/home/vboxuser/ros2_humble/install/osrf_pycommon:/home/vboxuser/ros2_humble/install/launch_testing_examples:/home/vboxuser/ros2_humble/install/domain_coordinator:/home/vboxuser/ros2_humble/install/ament_xmllint:/home/vboxuser/ros2_humble/install/ament_pyflakes:/home/vboxuser/ros2_humble/install/ament_pycodestyle:/home/vboxuser/ros2_humble/install/ament_pep257:/home/vboxuser/ros2_humble/install/ament_pclint:/home/vboxuser/ros2_humble/install/ament_package:/home/vboxuser/ros2_humble/install/ament_mypy:/home/vboxuser/ros2_humble/install/ament_lint_cmake:/home/vboxuser/ros2_humble/install/ament_flake8:/home/vboxuser/ros2_humble/install/ament_copyright:/home/vboxuser/ros2_humble/install/ament_lint:/home/vboxuser/ros2_humble/install/ament_index_python:/home/vboxuser/ros2_humble/install/ament_cpplint:/home/vboxuser/ros2_humble/install/ament_cppcheck:/home/vboxuser/ros2_humble/install/ament_clang_tidy:/home/vboxuser/ros2_humble/install/ament_clang_format /usr/bin/cmake --build /home/vboxuser/ros2_ws/build/custom_interfaces -- -j4 -l4
[12.556s] Invoking command in '/home/vboxuser/ros2_ws/build/custom_interfaces': CMAKE_PREFIX_PATH=${CMAKE_PREFIX_PATH}:/home/vboxuser/ros2_humble/install/rqt_bag_plugins:/home/vboxuser/ros2_humble/install/rqt_bag:/home/vboxuser/ros2_humble/install/ros2bag:/home/vboxuser/ros2_humble/install/tracetools_test:/home/vboxuser/ros2_humble/install/tracetools_launch:/home/vboxuser/ros2_humble/install/topic_monitor:/home/vboxuser/ros2_humble/install/tf2_tools:/home/vboxuser/ros2_humble/install/examples_tf2_py:/home/vboxuser/ros2_humble/install/tf2_ros_py:/home/vboxuser/ros2_humble/install/sros2:/home/vboxuser/ros2_humble/install/rqt_topic:/home/vboxuser/ros2_humble/install/rqt_srv:/home/vboxuser/ros2_humble/install/rqt_shell:/home/vboxuser/ros2_humble/install/rqt_service_caller:/home/vboxuser/ros2_humble/install/rqt_reconfigure:/home/vboxuser/ros2_humble/install/rqt_py_console:/home/vboxuser/ros2_humble/install/rqt_publisher:/home/vboxuser/ros2_humble/install/rqt_plot:/home/vboxuser/ros2_humble/install/rqt_action:/home/vboxuser/ros2_humble/install/rqt_msg:/home/vboxuser/ros2_humble/install/rqt_console:/home/vboxuser/ros2_humble/install/rqt:/home/vboxuser/ros2_humble/install/rqt_graph:/home/vboxuser/ros2_humble/install/rqt_gui_py:/home/vboxuser/ros2_humble/install/rqt_gui:/home/vboxuser/ros2_humble/install/ros2trace:/home/vboxuser/ros2_humble/install/ros2topic:/home/vboxuser/ros2_humble/install/ros2test:/home/vboxuser/ros2_humble/install/ros2component:/home/vboxuser/ros2_humble/install/ros2param:/home/vboxuser/ros2_humble/install/ros2lifecycle:/home/vboxuser/ros2_humble/install/ros2service:/home/vboxuser/ros2_humble/install/ros2run:/home/vboxuser/ros2_humble/install/ros2launch:/home/vboxuser/ros2_humble/install/ros2pkg:/home/vboxuser/ros2_humble/install/ros2node:/home/vboxuser/ros2_humble/install/ros2multicast:/home/vboxuser/ros2_humble/install/ros2interface:/home/vboxuser/ros2_humble/install/ros2doctor:/home/vboxuser/ros2_humble/install/ros2action:/home/vboxuser/ros2_humble/install/ros2cli:/home/vboxuser/ros2_humble/install/quality_of_service_demo_py:/home/vboxuser/ros2_humble/install/lifecycle_py:/home/vboxuser/ros2_humble/install/launch_testing_ros:/home/vboxuser/ros2_humble/install/launch_ros:/home/vboxuser/ros2_humble/install/examples_rclpy_pointcloud_publisher:/home/vboxuser/ros2_humble/install/examples_rclpy_minimal_subscriber:/home/vboxuser/ros2_humble/install/examples_rclpy_minimal_service:/home/vboxuser/ros2_humble/install/examples_rclpy_minimal_publisher:/home/vboxuser/ros2_humble/install/examples_rclpy_minimal_client:/home/vboxuser/ros2_humble/install/examples_rclpy_minimal_action_server:/home/vboxuser/ros2_humble/install/examples_rclpy_minimal_action_client:/home/vboxuser/ros2_humble/install/examples_rclpy_guard_conditions:/home/vboxuser/ros2_humble/install/examples_rclpy_executors:/home/vboxuser/ros2_humble/install/demo_nodes_py:/home/vboxuser/ros2_humble/install/action_tutorials_py:/home/vboxuser/ros2_humble/install/ament_uncrustify:/home/vboxuser/ros2_humble/install/tracetools_trace:/home/vboxuser/ros2_humble/install/tracetools_read:/home/vboxuser/ros2_humble/install/test_tracetools_launch:/home/vboxuser/ros2_humble/install/test_launch_ros:/home/vboxuser/ros2_humble/install/sensor_msgs_py:/home/vboxuser/ros2_humble/install/rpyutils:/home/vboxuser/ros2_humble/install/rosidl_runtime_py:/home/vboxuser/ros2_humble/install/rosidl_cli:/home/vboxuser/ros2_humble/install/launch_pytest:/home/vboxuser/ros2_humble/install/launch_testing:/home/vboxuser/ros2_humble/install/launch_yaml:/home/vboxuser/ros2_humble/install/launch_xml:/home/vboxuser/ros2_humble/install/launch:/home/vboxuser/ros2_humble/install/osrf_pycommon:/home/vboxuser/ros2_humble/install/launch_testing_examples:/home/vboxuser/ros2_humble/install/domain_coordinator:/home/vboxuser/ros2_humble/install/ament_xmllint:/home/vboxuser/ros2_humble/install/ament_pyflakes:/home/vboxuser/ros2_humble/install/ament_pycodestyle:/home/vboxuser/ros2_humble/install/ament_pep257:/home/vboxuser/ros2_humble/install/ament_pclint:/home/vboxuser/ros2_humble/install/ament_package:/home/vboxuser/ros2_humble/install/ament_mypy:/home/vboxuser/ros2_humble/install/ament_lint_cmake:/home/vboxuser/ros2_humble/install/ament_flake8:/home/vboxuser/ros2_humble/install/ament_copyright:/home/vboxuser/ros2_humble/install/ament_lint:/home/vboxuser/ros2_humble/install/ament_index_python:/home/vboxuser/ros2_humble/install/ament_cpplint:/home/vboxuser/ros2_humble/install/ament_cppcheck:/home/vboxuser/ros2_humble/install/ament_clang_tidy:/home/vboxuser/ros2_humble/install/ament_clang_format /usr/bin/cmake --install /home/vboxuser/ros2_ws/build/custom_interfaces
[12.572s] -- Install configuration: ""
[12.572s] -- Installing: /home/vboxuser/ros2_ws/install/custom_interfaces/share/ament_index/resource_index/rosidl_interfaces/custom_interfaces
[12.574s] -- Up-to-date: /home/vboxuser/ros2_ws/install/custom_interfaces/include/custom_interfaces/custom_interfaces
[12.575s] -- Up-to-date: /home/vboxuser/ros2_ws/install/custom_interfaces/include/custom_interfaces/custom_interfaces/msg
[12.576s] -- Up-to-date: /home/vboxuser/ros2_ws/install/custom_interfaces/include/custom_interfaces/custom_interfaces/msg/rosidl_generator_c__visibility_control.h
[12.576s] -- Installing: /home/vboxuser/ros2_ws/install/custom_interfaces/include/custom_interfaces/custom_interfaces/msg/sphere.h
[12.577s] -- Up-to-date: /home/vboxuser/ros2_ws/install/custom_interfaces/include/custom_interfaces/custom_interfaces/msg/detail
[12.578s] -- Installing: /home/vboxuser/ros2_ws/install/custom_interfaces/include/custom_interfaces/custom_interfaces/msg/detail/num__struct.h
[12.578s] -- Installing: /home/vboxuser/ros2_ws/install/custom_interfaces/include/custom_interfaces/custom_interfaces/msg/detail/sphere__struct.h
[12.579s] -- Installing: /home/vboxuser/ros2_ws/install/custom_interfaces/include/custom_interfaces/custom_interfaces/msg/detail/num__functions.c
[12.579s] -- Installing: /home/vboxuser/ros2_ws/install/custom_interfaces/include/custom_interfaces/custom_interfaces/msg/detail/sphere__functions.c
[12.581s] -- Installing: /home/vboxuser/ros2_ws/install/custom_interfaces/include/custom_interfaces/custom_interfaces/msg/detail/num__functions.h
[12.582s] -- Installing: /home/vboxuser/ros2_ws/install/custom_interfaces/include/custom_interfaces/custom_interfaces/msg/detail/num__type_support.h
[12.590s] -- Installing: /home/vboxuser/ros2_ws/install/custom_interfaces/include/custom_interfaces/custom_interfaces/msg/detail/sphere__type_support.h
[12.590s] -- Installing: /home/vboxuser/ros2_ws/install/custom_interfaces/include/custom_interfaces/custom_interfaces/msg/detail/sphere__functions.h
[12.590s] -- Installing: /home/vboxuser/ros2_ws/install/custom_interfaces/include/custom_interfaces/custom_interfaces/msg/num.h
[12.590s] -- Up-to-date: /home/vboxuser/ros2_ws/install/custom_interfaces/include/custom_interfaces/custom_interfaces/srv
[12.591s] -- Up-to-date: /home/vboxuser/ros2_ws/install/custom_interfaces/include/custom_interfaces/custom_interfaces/srv/detail
[12.591s] -- Up-to-date: /home/vboxuser/ros2_ws/install/custom_interfaces/include/custom_interfaces/custom_interfaces/srv/detail/scan_i2_cconnect__functions.c
[12.591s] -- Installing: /home/vboxuser/ros2_ws/install/custom_interfaces/include/custom_interfaces/custom_interfaces/srv/detail/add_three_ints__struct.h
[12.591s] -- Installing: /home/vboxuser/ros2_ws/install/custom_interfaces/include/custom_interfaces/custom_interfaces/srv/detail/add_three_ints__functions.c
[12.605s] -- Up-to-date: /home/vboxuser/ros2_ws/install/custom_interfaces/include/custom_interfaces/custom_interfaces/srv/detail/scan_i2_cconnect__functions.h
[12.605s] -- Up-to-date: /home/vboxuser/ros2_ws/install/custom_interfaces/include/custom_interfaces/custom_interfaces/srv/detail/scan_i2_cconnect__type_support.h
[12.605s] -- Up-to-date: /home/vboxuser/ros2_ws/install/custom_interfaces/include/custom_interfaces/custom_interfaces/srv/detail/scan_i2_cconnect__struct.h
[12.606s] -- Installing: /home/vboxuser/ros2_ws/install/custom_interfaces/include/custom_interfaces/custom_interfaces/srv/detail/scan_twi__type_support.h
[12.606s] -- Installing: /home/vboxuser/ros2_ws/install/custom_interfaces/include/custom_interfaces/custom_interfaces/srv/detail/scan_twi__functions.c
[12.606s] -- Installing: /home/vboxuser/ros2_ws/install/custom_interfaces/include/custom_interfaces/custom_interfaces/srv/detail/add_three_ints__type_support.h
[12.614s] -- Installing: /home/vboxuser/ros2_ws/install/custom_interfaces/include/custom_interfaces/custom_interfaces/srv/detail/scan_twi__struct.h
[12.618s] -- Installing: /home/vboxuser/ros2_ws/install/custom_interfaces/include/custom_interfaces/custom_interfaces/srv/detail/add_three_ints__functions.h
[12.620s] -- Installing: /home/vboxuser/ros2_ws/install/custom_interfaces/include/custom_interfaces/custom_interfaces/srv/detail/scan_twi__functions.h
[12.621s] -- Installing: /home/vboxuser/ros2_ws/install/custom_interfaces/include/custom_interfaces/custom_interfaces/srv/add_three_ints.h
[12.621s] -- Installing: /home/vboxuser/ros2_ws/install/custom_interfaces/include/custom_interfaces/custom_interfaces/srv/scan_twi.h
[12.621s] -- Up-to-date: /home/vboxuser/ros2_ws/install/custom_interfaces/include/custom_interfaces/custom_interfaces/srv/scan_i2_cconnect.h
[12.621s] -- Up-to-date: /home/vboxuser/ros2_ws/install/custom_interfaces/share/custom_interfaces/environment/library_path.sh
[12.621s] -- Installing: /home/vboxuser/ros2_ws/install/custom_interfaces/share/custom_interfaces/environment/library_path.dsv
[12.626s] -- Installing: /home/vboxuser/ros2_ws/install/custom_interfaces/lib/libcustom_interfaces__rosidl_generator_c.so
[12.627s] -- Set runtime path of "/home/vboxuser/ros2_ws/install/custom_interfaces/lib/libcustom_interfaces__rosidl_generator_c.so" to ""
[12.627s] -- Up-to-date: /home/vboxuser/ros2_ws/install/custom_interfaces/include/custom_interfaces/custom_interfaces
[12.627s] -- Up-to-date: /home/vboxuser/ros2_ws/install/custom_interfaces/include/custom_interfaces/custom_interfaces/msg
[12.627s] -- Up-to-date: /home/vboxuser/ros2_ws/install/custom_interfaces/include/custom_interfaces/custom_interfaces/msg/detail
[12.627s] -- Installing: /home/vboxuser/ros2_ws/install/custom_interfaces/include/custom_interfaces/custom_interfaces/msg/detail/num__rosidl_typesupport_fastrtps_c.h
[12.628s] -- Installing: /home/vboxuser/ros2_ws/install/custom_interfaces/include/custom_interfaces/custom_interfaces/msg/detail/sphere__rosidl_typesupport_fastrtps_c.h
[12.629s] -- Up-to-date: /home/vboxuser/ros2_ws/install/custom_interfaces/include/custom_interfaces/custom_interfaces/msg/rosidl_typesupport_fastrtps_c__visibility_control.h
[12.629s] -- Up-to-date: /home/vboxuser/ros2_ws/install/custom_interfaces/include/custom_interfaces/custom_interfaces/srv
[12.629s] -- Up-to-date: /home/vboxuser/ros2_ws/install/custom_interfaces/include/custom_interfaces/custom_interfaces/srv/detail
[12.629s] -- Up-to-date: /home/vboxuser/ros2_ws/install/custom_interfaces/include/custom_interfaces/custom_interfaces/srv/detail/scan_i2_cconnect__rosidl_typesupport_fastrtps_c.h
[12.629s] -- Installing: /home/vboxuser/ros2_ws/install/custom_interfaces/include/custom_interfaces/custom_interfaces/srv/detail/add_three_ints__rosidl_typesupport_fastrtps_c.h
[12.630s] -- Installing: /home/vboxuser/ros2_ws/install/custom_interfaces/include/custom_interfaces/custom_interfaces/srv/detail/scan_twi__rosidl_typesupport_fastrtps_c.h
[12.630s] -- Installing: /home/vboxuser/ros2_ws/install/custom_interfaces/lib/libcustom_interfaces__rosidl_typesupport_fastrtps_c.so
[12.631s] -- Set runtime path of "/home/vboxuser/ros2_ws/install/custom_interfaces/lib/libcustom_interfaces__rosidl_typesupport_fastrtps_c.so" to ""
[12.631s] -- Up-to-date: /home/vboxuser/ros2_ws/install/custom_interfaces/include/custom_interfaces/custom_interfaces
[12.631s] -- Up-to-date: /home/vboxuser/ros2_ws/install/custom_interfaces/include/custom_interfaces/custom_interfaces/msg
[12.632s] -- Installing: /home/vboxuser/ros2_ws/install/custom_interfaces/include/custom_interfaces/custom_interfaces/msg/num.hpp
[12.632s] -- Up-to-date: /home/vboxuser/ros2_ws/install/custom_interfaces/include/custom_interfaces/custom_interfaces/msg/detail
[12.632s] -- Installing: /home/vboxuser/ros2_ws/install/custom_interfaces/include/custom_interfaces/custom_interfaces/msg/detail/num__struct.hpp
[12.632s] -- Installing: /home/vboxuser/ros2_ws/install/custom_interfaces/include/custom_interfaces/custom_interfaces/msg/detail/num__traits.hpp
[12.633s] -- Installing: /home/vboxuser/ros2_ws/install/custom_interfaces/include/custom_interfaces/custom_interfaces/msg/detail/sphere__traits.hpp
[12.633s] -- Installing: /home/vboxuser/ros2_ws/install/custom_interfaces/include/custom_interfaces/custom_interfaces/msg/detail/sphere__builder.hpp
[12.634s] -- Installing: /home/vboxuser/ros2_ws/install/custom_interfaces/include/custom_interfaces/custom_interfaces/msg/detail/num__builder.hpp
[12.635s] -- Installing: /home/vboxuser/ros2_ws/install/custom_interfaces/include/custom_interfaces/custom_interfaces/msg/detail/sphere__struct.hpp
[12.636s] -- Installing: /home/vboxuser/ros2_ws/install/custom_interfaces/include/custom_interfaces/custom_interfaces/msg/sphere.hpp
[12.636s] -- Up-to-date: /home/vboxuser/ros2_ws/install/custom_interfaces/include/custom_interfaces/custom_interfaces/srv
[12.636s] -- Up-to-date: /home/vboxuser/ros2_ws/install/custom_interfaces/include/custom_interfaces/custom_interfaces/srv/detail
[12.636s] -- Up-to-date: /home/vboxuser/ros2_ws/install/custom_interfaces/include/custom_interfaces/custom_interfaces/srv/detail/scan_i2_cconnect__traits.hpp
[12.637s] -- Installing: /home/vboxuser/ros2_ws/install/custom_interfaces/include/custom_interfaces/custom_interfaces/srv/detail/add_three_ints__traits.hpp
[12.637s] -- Installing: /home/vboxuser/ros2_ws/install/custom_interfaces/include/custom_interfaces/custom_interfaces/srv/detail/scan_twi__struct.hpp
[12.637s] -- Up-to-date: /home/vboxuser/ros2_ws/install/custom_interfaces/include/custom_interfaces/custom_interfaces/srv/detail/scan_i2_cconnect__struct.hpp
[12.637s] -- Installing: /home/vboxuser/ros2_ws/install/custom_interfaces/include/custom_interfaces/custom_interfaces/srv/detail/add_three_ints__struct.hpp
[12.637s] -- Installing: /home/vboxuser/ros2_ws/install/custom_interfaces/include/custom_interfaces/custom_interfaces/srv/detail/scan_twi__traits.hpp
[12.638s] -- Up-to-date: /home/vboxuser/ros2_ws/install/custom_interfaces/include/custom_interfaces/custom_interfaces/srv/detail/scan_i2_cconnect__builder.hpp
[12.638s] -- Installing: /home/vboxuser/ros2_ws/install/custom_interfaces/include/custom_interfaces/custom_interfaces/srv/detail/scan_twi__builder.hpp
[12.638s] -- Installing: /home/vboxuser/ros2_ws/install/custom_interfaces/include/custom_interfaces/custom_interfaces/srv/detail/add_three_ints__builder.hpp
[12.638s] -- Installing: /home/vboxuser/ros2_ws/install/custom_interfaces/include/custom_interfaces/custom_interfaces/srv/scan_twi.hpp
[12.639s] -- Up-to-date: /home/vboxuser/ros2_ws/install/custom_interfaces/include/custom_interfaces/custom_interfaces/srv/scan_i2_cconnect.hpp
[12.639s] -- Installing: /home/vboxuser/ros2_ws/install/custom_interfaces/include/custom_interfaces/custom_interfaces/srv/add_three_ints.hpp
[12.642s] -- Up-to-date: /home/vboxuser/ros2_ws/install/custom_interfaces/include/custom_interfaces/custom_interfaces
[12.642s] -- Up-to-date: /home/vboxuser/ros2_ws/install/custom_interfaces/include/custom_interfaces/custom_interfaces/msg
[12.642s] -- Up-to-date: /home/vboxuser/ros2_ws/install/custom_interfaces/include/custom_interfaces/custom_interfaces/msg/rosidl_typesupport_fastrtps_cpp__visibility_control.h
[12.642s] -- Up-to-date: /home/vboxuser/ros2_ws/install/custom_interfaces/include/custom_interfaces/custom_interfaces/msg/detail
[12.643s] -- Up-to-date: /home/vboxuser/ros2_ws/install/custom_interfaces/include/custom_interfaces/custom_interfaces/msg/detail/dds_fastrtps
[12.643s] -- Installing: /home/vboxuser/ros2_ws/install/custom_interfaces/include/custom_interfaces/custom_interfaces/msg/detail/num__rosidl_typesupport_fastrtps_cpp.hpp
[12.643s] -- Installing: /home/vboxuser/ros2_ws/install/custom_interfaces/include/custom_interfaces/custom_interfaces/msg/detail/sphere__rosidl_typesupport_fastrtps_cpp.hpp
[12.644s] -- Up-to-date: /home/vboxuser/ros2_ws/install/custom_interfaces/include/custom_interfaces/custom_interfaces/srv
[12.644s] -- Up-to-date: /home/vboxuser/ros2_ws/install/custom_interfaces/include/custom_interfaces/custom_interfaces/srv/detail
[12.644s] -- Up-to-date: /home/vboxuser/ros2_ws/install/custom_interfaces/include/custom_interfaces/custom_interfaces/srv/detail/scan_i2_cconnect__rosidl_typesupport_fastrtps_cpp.hpp
[12.644s] -- Installing: /home/vboxuser/ros2_ws/install/custom_interfaces/include/custom_interfaces/custom_interfaces/srv/detail/add_three_ints__rosidl_typesupport_fastrtps_cpp.hpp
[12.645s] -- Up-to-date: /home/vboxuser/ros2_ws/install/custom_interfaces/include/custom_interfaces/custom_interfaces/srv/detail/dds_fastrtps
[12.645s] -- Installing: /home/vboxuser/ros2_ws/install/custom_interfaces/include/custom_interfaces/custom_interfaces/srv/detail/scan_twi__rosidl_typesupport_fastrtps_cpp.hpp
[12.647s] -- Installing: /home/vboxuser/ros2_ws/install/custom_interfaces/lib/libcustom_interfaces__rosidl_typesupport_fastrtps_cpp.so
[12.649s] -- Set runtime path of "/home/vboxuser/ros2_ws/install/custom_interfaces/lib/libcustom_interfaces__rosidl_typesupport_fastrtps_cpp.so" to ""
[12.649s] -- Up-to-date: /home/vboxuser/ros2_ws/install/custom_interfaces/include/custom_interfaces/custom_interfaces
[12.649s] -- Up-to-date: /home/vboxuser/ros2_ws/install/custom_interfaces/include/custom_interfaces/custom_interfaces/msg
[12.649s] -- Up-to-date: /home/vboxuser/ros2_ws/install/custom_interfaces/include/custom_interfaces/custom_interfaces/msg/detail
[12.649s] -- Installing: /home/vboxuser/ros2_ws/install/custom_interfaces/include/custom_interfaces/custom_interfaces/msg/detail/num__rosidl_typesupport_introspection_c.h
[12.650s] -- Installing: /home/vboxuser/ros2_ws/install/custom_interfaces/include/custom_interfaces/custom_interfaces/msg/detail/sphere__type_support.c
[12.652s] -- Installing: /home/vboxuser/ros2_ws/install/custom_interfaces/include/custom_interfaces/custom_interfaces/msg/detail/sphere__rosidl_typesupport_introspection_c.h
[12.653s] -- Installing: /home/vboxuser/ros2_ws/install/custom_interfaces/include/custom_interfaces/custom_interfaces/msg/detail/num__type_support.c
[12.653s] -- Up-to-date: /home/vboxuser/ros2_ws/install/custom_interfaces/include/custom_interfaces/custom_interfaces/msg/rosidl_typesupport_introspection_c__visibility_control.h
[12.654s] -- Up-to-date: /home/vboxuser/ros2_ws/install/custom_interfaces/include/custom_interfaces/custom_interfaces/srv
[12.654s] -- Up-to-date: /home/vboxuser/ros2_ws/install/custom_interfaces/include/custom_interfaces/custom_interfaces/srv/detail
[12.654s] -- Up-to-date: /home/vboxuser/ros2_ws/install/custom_interfaces/include/custom_interfaces/custom_interfaces/srv/detail/scan_i2_cconnect__rosidl_typesupport_introspection_c.h
[12.654s] -- Installing: /home/vboxuser/ros2_ws/install/custom_interfaces/include/custom_interfaces/custom_interfaces/srv/detail/add_three_ints__rosidl_typesupport_introspection_c.h
[12.654s] -- Installing: /home/vboxuser/ros2_ws/install/custom_interfaces/include/custom_interfaces/custom_interfaces/srv/detail/scan_twi__rosidl_typesupport_introspection_c.h
[12.654s] -- Up-to-date: /home/vboxuser/ros2_ws/install/custom_interfaces/include/custom_interfaces/custom_interfaces/srv/detail/scan_i2_cconnect__type_support.c
[12.654s] -- Installing: /home/vboxuser/ros2_ws/install/custom_interfaces/include/custom_interfaces/custom_interfaces/srv/detail/add_three_ints__type_support.c
[12.656s] -- Installing: /home/vboxuser/ros2_ws/install/custom_interfaces/include/custom_interfaces/custom_interfaces/srv/detail/scan_twi__type_support.c
[12.658s] -- Installing: /home/vboxuser/ros2_ws/install/custom_interfaces/lib/libcustom_interfaces__rosidl_typesupport_introspection_c.so
[12.658s] -- Set runtime path of "/home/vboxuser/ros2_ws/install/custom_interfaces/lib/libcustom_interfaces__rosidl_typesupport_introspection_c.so" to ""
[12.662s] -- Installing: /home/vboxuser/ros2_ws/install/custom_interfaces/lib/libcustom_interfaces__rosidl_typesupport_c.so
[12.664s] -- Set runtime path of "/home/vboxuser/ros2_ws/install/custom_interfaces/lib/libcustom_interfaces__rosidl_typesupport_c.so" to ""
[12.664s] -- Up-to-date: /home/vboxuser/ros2_ws/install/custom_interfaces/include/custom_interfaces/custom_interfaces
[12.664s] -- Up-to-date: /home/vboxuser/ros2_ws/install/custom_interfaces/include/custom_interfaces/custom_interfaces/msg
[12.664s] -- Up-to-date: /home/vboxuser/ros2_ws/install/custom_interfaces/include/custom_interfaces/custom_interfaces/msg/detail
[12.665s] -- Installing: /home/vboxuser/ros2_ws/install/custom_interfaces/include/custom_interfaces/custom_interfaces/msg/detail/num__rosidl_typesupport_introspection_cpp.hpp
[12.666s] -- Installing: /home/vboxuser/ros2_ws/install/custom_interfaces/include/custom_interfaces/custom_interfaces/msg/detail/sphere__type_support.cpp
[12.667s] -- Installing: /home/vboxuser/ros2_ws/install/custom_interfaces/include/custom_interfaces/custom_interfaces/msg/detail/sphere__rosidl_typesupport_introspection_cpp.hpp
[12.667s] -- Installing: /home/vboxuser/ros2_ws/install/custom_interfaces/include/custom_interfaces/custom_interfaces/msg/detail/num__type_support.cpp
[12.669s] -- Up-to-date: /home/vboxuser/ros2_ws/install/custom_interfaces/include/custom_interfaces/custom_interfaces/srv
[12.669s] -- Up-to-date: /home/vboxuser/ros2_ws/install/custom_interfaces/include/custom_interfaces/custom_interfaces/srv/detail
[12.670s] -- Installing: /home/vboxuser/ros2_ws/install/custom_interfaces/include/custom_interfaces/custom_interfaces/srv/detail/scan_twi__type_support.cpp
[12.671s] -- Installing: /home/vboxuser/ros2_ws/install/custom_interfaces/include/custom_interfaces/custom_interfaces/srv/detail/scan_twi__rosidl_typesupport_introspection_cpp.hpp
[12.671s] -- Installing: /home/vboxuser/ros2_ws/install/custom_interfaces/include/custom_interfaces/custom_interfaces/srv/detail/add_three_ints__rosidl_typesupport_introspection_cpp.hpp
[12.672s] -- Installing: /home/vboxuser/ros2_ws/install/custom_interfaces/include/custom_interfaces/custom_interfaces/srv/detail/add_three_ints__type_support.cpp
[12.672s] -- Up-to-date: /home/vboxuser/ros2_ws/install/custom_interfaces/include/custom_interfaces/custom_interfaces/srv/detail/scan_i2_cconnect__type_support.cpp
[12.672s] -- Up-to-date: /home/vboxuser/ros2_ws/install/custom_interfaces/include/custom_interfaces/custom_interfaces/srv/detail/scan_i2_cconnect__rosidl_typesupport_introspection_cpp.hpp
[12.673s] -- Installing: /home/vboxuser/ros2_ws/install/custom_interfaces/lib/libcustom_interfaces__rosidl_typesupport_introspection_cpp.so
[12.676s] -- Set runtime path of "/home/vboxuser/ros2_ws/install/custom_interfaces/lib/libcustom_interfaces__rosidl_typesupport_introspection_cpp.so" to ""
[12.676s] -- Installing: /home/vboxuser/ros2_ws/install/custom_interfaces/lib/libcustom_interfaces__rosidl_typesupport_cpp.so
[12.679s] -- Set runtime path of "/home/vboxuser/ros2_ws/install/custom_interfaces/lib/libcustom_interfaces__rosidl_typesupport_cpp.so" to ""
[12.679s] -- Up-to-date: /home/vboxuser/ros2_ws/install/custom_interfaces/share/custom_interfaces/environment/pythonpath.sh
[12.679s] -- Installing: /home/vboxuser/ros2_ws/install/custom_interfaces/share/custom_interfaces/environment/pythonpath.dsv
[12.679s] -- Up-to-date: /home/vboxuser/ros2_ws/install/custom_interfaces/local/lib/python3.10/dist-packages/custom_interfaces-0.0.0-py3.10.egg-info
[12.680s] -- Installing: /home/vboxuser/ros2_ws/install/custom_interfaces/local/lib/python3.10/dist-packages/custom_interfaces-0.0.0-py3.10.egg-info/PKG-INFO
[12.680s] -- Installing: /home/vboxuser/ros2_ws/install/custom_interfaces/local/lib/python3.10/dist-packages/custom_interfaces-0.0.0-py3.10.egg-info/SOURCES.txt
[12.680s] -- Installing: /home/vboxuser/ros2_ws/install/custom_interfaces/local/lib/python3.10/dist-packages/custom_interfaces-0.0.0-py3.10.egg-info/dependency_links.txt
[12.680s] -- Installing: /home/vboxuser/ros2_ws/install/custom_interfaces/local/lib/python3.10/dist-packages/custom_interfaces-0.0.0-py3.10.egg-info/top_level.txt
[12.681s] -- Up-to-date: /home/vboxuser/ros2_ws/install/custom_interfaces/local/lib/python3.10/dist-packages/custom_interfaces
[12.681s] -- Installing: /home/vboxuser/ros2_ws/install/custom_interfaces/local/lib/python3.10/dist-packages/custom_interfaces/_custom_interfaces_s.ep.rosidl_typesupport_c.c
[12.682s] -- Up-to-date: /home/vboxuser/ros2_ws/install/custom_interfaces/local/lib/python3.10/dist-packages/custom_interfaces/msg
[12.682s] -- Installing: /home/vboxuser/ros2_ws/install/custom_interfaces/local/lib/python3.10/dist-packages/custom_interfaces/msg/_num_s.c
[12.683s] -- Installing: /home/vboxuser/ros2_ws/install/custom_interfaces/local/lib/python3.10/dist-packages/custom_interfaces/msg/_sphere_s.c
[12.684s] -- Installing: /home/vboxuser/ros2_ws/install/custom_interfaces/local/lib/python3.10/dist-packages/custom_interfaces/msg/_sphere.py
[12.685s] -- Installing: /home/vboxuser/ros2_ws/install/custom_interfaces/local/lib/python3.10/dist-packages/custom_interfaces/msg/_num.py
[12.686s] -- Installing: /home/vboxuser/ros2_ws/install/custom_interfaces/local/lib/python3.10/dist-packages/custom_interfaces/msg/__init__.py
[12.693s] -- Installing: /home/vboxuser/ros2_ws/install/custom_interfaces/local/lib/python3.10/dist-packages/custom_interfaces/custom_interfaces_s__rosidl_typesupport_fastrtps_c.cpython-310-x86_64-linux-gnu.so
[12.693s] -- Installing: /home/vboxuser/ros2_ws/install/custom_interfaces/local/lib/python3.10/dist-packages/custom_interfaces/custom_interfaces_s__rosidl_typesupport_c.cpython-310-x86_64-linux-gnu.so
[12.693s] -- Up-to-date: /home/vboxuser/ros2_ws/install/custom_interfaces/local/lib/python3.10/dist-packages/custom_interfaces/srv
[12.694s] -- Installing: /home/vboxuser/ros2_ws/install/custom_interfaces/local/lib/python3.10/dist-packages/custom_interfaces/srv/_add_three_ints_s.c
[12.712s] -- Up-to-date: /home/vboxuser/ros2_ws/install/custom_interfaces/local/lib/python3.10/dist-packages/custom_interfaces/srv/_scan_i2_cconnect.py
[12.712s] -- Installing: /home/vboxuser/ros2_ws/install/custom_interfaces/local/lib/python3.10/dist-packages/custom_interfaces/srv/_scan_twi.py
[12.712s] -- Installing: /home/vboxuser/ros2_ws/install/custom_interfaces/local/lib/python3.10/dist-packages/custom_interfaces/srv/_add_three_ints.py
[12.716s] -- Installing: /home/vboxuser/ros2_ws/install/custom_interfaces/local/lib/python3.10/dist-packages/custom_interfaces/srv/__init__.py
[12.721s] -- Installing: /home/vboxuser/ros2_ws/install/custom_interfaces/local/lib/python3.10/dist-packages/custom_interfaces/srv/_scan_twi_s.c
[12.721s] -- Up-to-date: /home/vboxuser/ros2_ws/install/custom_interfaces/local/lib/python3.10/dist-packages/custom_interfaces/srv/_scan_i2_cconnect_s.c
[12.721s] -- Installing: /home/vboxuser/ros2_ws/install/custom_interfaces/local/lib/python3.10/dist-packages/custom_interfaces/_custom_interfaces_s.ep.rosidl_typesupport_introspection_c.c
[12.721s] -- Installing: /home/vboxuser/ros2_ws/install/custom_interfaces/local/lib/python3.10/dist-packages/custom_interfaces/__init__.py
[12.721s] -- Installing: /home/vboxuser/ros2_ws/install/custom_interfaces/local/lib/python3.10/dist-packages/custom_interfaces/_custom_interfaces_s.ep.rosidl_typesupport_fastrtps_c.c
[12.721s] -- Installing: /home/vboxuser/ros2_ws/install/custom_interfaces/local/lib/python3.10/dist-packages/custom_interfaces/custom_interfaces_s__rosidl_typesupport_introspection_c.cpython-310-x86_64-linux-gnu.so
[12.723s] -- Installing: /home/vboxuser/ros2_ws/install/custom_interfaces/local/lib/python3.10/dist-packages/custom_interfaces/libcustom_interfaces__rosidl_generator_py.so
[12.881s] Listing '/home/vboxuser/ros2_ws/install/custom_interfaces/local/lib/python3.10/dist-packages/custom_interfaces'...
[12.881s] Compiling '/home/vboxuser/ros2_ws/install/custom_interfaces/local/lib/python3.10/dist-packages/custom_interfaces/__init__.py'...
[12.881s] Listing '/home/vboxuser/ros2_ws/install/custom_interfaces/local/lib/python3.10/dist-packages/custom_interfaces/msg'...
[12.881s] Compiling '/home/vboxuser/ros2_ws/install/custom_interfaces/local/lib/python3.10/dist-packages/custom_interfaces/msg/__init__.py'...
[12.881s] Compiling '/home/vboxuser/ros2_ws/install/custom_interfaces/local/lib/python3.10/dist-packages/custom_interfaces/msg/_num.py'...
[12.881s] Compiling '/home/vboxuser/ros2_ws/install/custom_interfaces/local/lib/python3.10/dist-packages/custom_interfaces/msg/_sphere.py'...
[12.881s] Listing '/home/vboxuser/ros2_ws/install/custom_interfaces/local/lib/python3.10/dist-packages/custom_interfaces/srv'...
[12.881s] Compiling '/home/vboxuser/ros2_ws/install/custom_interfaces/local/lib/python3.10/dist-packages/custom_interfaces/srv/__init__.py'...
[12.881s] Compiling '/home/vboxuser/ros2_ws/install/custom_interfaces/local/lib/python3.10/dist-packages/custom_interfaces/srv/_add_three_ints.py'...
[12.881s] Compiling '/home/vboxuser/ros2_ws/install/custom_interfaces/local/lib/python3.10/dist-packages/custom_interfaces/srv/_scan_twi.py'...
[12.887s] -- Installing: /home/vboxuser/ros2_ws/install/custom_interfaces/local/lib/python3.10/dist-packages/custom_interfaces/custom_interfaces_s__rosidl_typesupport_introspection_c.cpython-310-x86_64-linux-gnu.so
[12.887s] -- Set runtime path of "/home/vboxuser/ros2_ws/install/custom_interfaces/local/lib/python3.10/dist-packages/custom_interfaces/custom_interfaces_s__rosidl_typesupport_introspection_c.cpython-310-x86_64-linux-gnu.so" to ""
[12.887s] -- Installing: /home/vboxuser/ros2_ws/install/custom_interfaces/local/lib/python3.10/dist-packages/custom_interfaces/custom_interfaces_s__rosidl_typesupport_fastrtps_c.cpython-310-x86_64-linux-gnu.so
[12.888s] -- Set runtime path of "/home/vboxuser/ros2_ws/install/custom_interfaces/local/lib/python3.10/dist-packages/custom_interfaces/custom_interfaces_s__rosidl_typesupport_fastrtps_c.cpython-310-x86_64-linux-gnu.so" to ""
[12.888s] -- Installing: /home/vboxuser/ros2_ws/install/custom_interfaces/local/lib/python3.10/dist-packages/custom_interfaces/custom_interfaces_s__rosidl_typesupport_c.cpython-310-x86_64-linux-gnu.so
[12.889s] -- Set runtime path of "/home/vboxuser/ros2_ws/install/custom_interfaces/local/lib/python3.10/dist-packages/custom_interfaces/custom_interfaces_s__rosidl_typesupport_c.cpython-310-x86_64-linux-gnu.so" to ""
[12.889s] -- Installing: /home/vboxuser/ros2_ws/install/custom_interfaces/lib/libcustom_interfaces__rosidl_generator_py.so
[12.891s] -- Set runtime path of "/home/vboxuser/ros2_ws/install/custom_interfaces/lib/libcustom_interfaces__rosidl_generator_py.so" to ""
[12.892s] -- Up-to-date: /home/vboxuser/ros2_ws/install/custom_interfaces/share/custom_interfaces/msg/Num.idl
[12.892s] -- Up-to-date: /home/vboxuser/ros2_ws/install/custom_interfaces/share/custom_interfaces/msg/Sphere.idl
[12.892s] -- Up-to-date: /home/vboxuser/ros2_ws/install/custom_interfaces/share/custom_interfaces/srv/AddThreeInts.idl
[12.894s] -- Installing: /home/vboxuser/ros2_ws/install/custom_interfaces/share/custom_interfaces/srv/ScanTwi.idl
[12.895s] -- Up-to-date: /home/vboxuser/ros2_ws/install/custom_interfaces/share/custom_interfaces/msg/Num.msg
[12.895s] -- Up-to-date: /home/vboxuser/ros2_ws/install/custom_interfaces/share/custom_interfaces/msg/Sphere.msg
[12.896s] -- Up-to-date: /home/vboxuser/ros2_ws/install/custom_interfaces/share/custom_interfaces/srv/AddThreeInts.srv
[12.896s] -- Up-to-date: /home/vboxuser/ros2_ws/install/custom_interfaces/share/custom_interfaces/srv/AddThreeInts_Request.msg
[12.896s] -- Up-to-date: /home/vboxuser/ros2_ws/install/custom_interfaces/share/custom_interfaces/srv/AddThreeInts_Response.msg
[12.896s] -- Installing: /home/vboxuser/ros2_ws/install/custom_interfaces/share/custom_interfaces/srv/ScanTwi.srv
[12.896s] -- Installing: /home/vboxuser/ros2_ws/install/custom_interfaces/share/custom_interfaces/srv/ScanTwi_Request.msg
[12.896s] -- Installing: /home/vboxuser/ros2_ws/install/custom_interfaces/share/custom_interfaces/srv/ScanTwi_Response.msg
[12.896s] -- Up-to-date: /home/vboxuser/ros2_ws/install/custom_interfaces/share/ament_index/resource_index/package_run_dependencies/custom_interfaces
[12.896s] -- Up-to-date: /home/vboxuser/ros2_ws/install/custom_interfaces/share/ament_index/resource_index/parent_prefix_path/custom_interfaces
[12.896s] -- Installing: /home/vboxuser/ros2_ws/install/custom_interfaces/share/custom_interfaces/environment/ament_prefix_path.dsv
[12.902s] -- Installing: /home/vboxuser/ros2_ws/install/custom_interfaces/share/custom_interfaces/environment/path.dsv
[12.911s] -- Up-to-date: /home/vboxuser/ros2_ws/install/custom_interfaces/share/custom_interfaces/local_setup.bash
[12.911s] -- Up-to-date: /home/vboxuser/ros2_ws/install/custom_interfaces/share/custom_interfaces/local_setup.sh
[12.911s] -- Up-to-date: /home/vboxuser/ros2_ws/install/custom_interfaces/share/custom_interfaces/local_setup.zsh
[12.911s] -- Installing: /home/vboxuser/ros2_ws/install/custom_interfaces/share/custom_interfaces/local_setup.dsv
[12.911s] -- Installing: /home/vboxuser/ros2_ws/install/custom_interfaces/share/custom_interfaces/package.dsv
[12.911s] -- Up-to-date: /home/vboxuser/ros2_ws/install/custom_interfaces/share/ament_index/resource_index/packages/custom_interfaces
[12.911s] -- Up-to-date: /home/vboxuser/ros2_ws/install/custom_interfaces/share/custom_interfaces/cmake/export_custom_interfaces__rosidl_generator_cExport.cmake
[12.911s] -- Up-to-date: /home/vboxuser/ros2_ws/install/custom_interfaces/share/custom_interfaces/cmake/export_custom_interfaces__rosidl_generator_cExport-noconfig.cmake
[12.911s] -- Up-to-date: /home/vboxuser/ros2_ws/install/custom_interfaces/share/custom_interfaces/cmake/export_custom_interfaces__rosidl_typesupport_fastrtps_cExport.cmake
[12.912s] -- Up-to-date: /home/vboxuser/ros2_ws/install/custom_interfaces/share/custom_interfaces/cmake/export_custom_interfaces__rosidl_typesupport_fastrtps_cExport-noconfig.cmake
[12.912s] -- Up-to-date: /home/vboxuser/ros2_ws/install/custom_interfaces/share/custom_interfaces/cmake/export_custom_interfaces__rosidl_generator_cppExport.cmake
[12.912s] -- Up-to-date: /home/vboxuser/ros2_ws/install/custom_interfaces/share/custom_interfaces/cmake/export_custom_interfaces__rosidl_typesupport_fastrtps_cppExport.cmake
[12.912s] -- Up-to-date: /home/vboxuser/ros2_ws/install/custom_interfaces/share/custom_interfaces/cmake/export_custom_interfaces__rosidl_typesupport_fastrtps_cppExport-noconfig.cmake
[12.912s] -- Up-to-date: /home/vboxuser/ros2_ws/install/custom_interfaces/share/custom_interfaces/cmake/custom_interfaces__rosidl_typesupport_introspection_cExport.cmake
[12.912s] -- Up-to-date: /home/vboxuser/ros2_ws/install/custom_interfaces/share/custom_interfaces/cmake/custom_interfaces__rosidl_typesupport_introspection_cExport-noconfig.cmake
[12.912s] -- Up-to-date: /home/vboxuser/ros2_ws/install/custom_interfaces/share/custom_interfaces/cmake/custom_interfaces__rosidl_typesupport_cExport.cmake
[12.912s] -- Up-to-date: /home/vboxuser/ros2_ws/install/custom_interfaces/share/custom_interfaces/cmake/custom_interfaces__rosidl_typesupport_cExport-noconfig.cmake
[12.913s] -- Up-to-date: /home/vboxuser/ros2_ws/install/custom_interfaces/share/custom_interfaces/cmake/custom_interfaces__rosidl_typesupport_introspection_cppExport.cmake
[12.913s] -- Up-to-date: /home/vboxuser/ros2_ws/install/custom_interfaces/share/custom_interfaces/cmake/custom_interfaces__rosidl_typesupport_introspection_cppExport-noconfig.cmake
[12.913s] -- Up-to-date: /home/vboxuser/ros2_ws/install/custom_interfaces/share/custom_interfaces/cmake/custom_interfaces__rosidl_typesupport_cppExport.cmake
[12.914s] -- Up-to-date: /home/vboxuser/ros2_ws/install/custom_interfaces/share/custom_interfaces/cmake/custom_interfaces__rosidl_typesupport_cppExport-noconfig.cmake
[12.914s] -- Up-to-date: /home/vboxuser/ros2_ws/install/custom_interfaces/share/custom_interfaces/cmake/export_custom_interfaces__rosidl_generator_pyExport.cmake
[12.914s] -- Up-to-date: /home/vboxuser/ros2_ws/install/custom_interfaces/share/custom_interfaces/cmake/export_custom_interfaces__rosidl_generator_pyExport-noconfig.cmake
[12.914s] -- Installing: /home/vboxuser/ros2_ws/install/custom_interfaces/share/custom_interfaces/cmake/rosidl_cmake-extras.cmake
[12.926s] -- Up-to-date: /home/vboxuser/ros2_ws/install/custom_interfaces/share/custom_interfaces/cmake/ament_cmake_export_dependencies-extras.cmake
[12.926s] -- Up-to-date: /home/vboxuser/ros2_ws/install/custom_interfaces/share/custom_interfaces/cmake/ament_cmake_export_include_directories-extras.cmake
[12.926s] -- Up-to-date: /home/vboxuser/ros2_ws/install/custom_interfaces/share/custom_interfaces/cmake/ament_cmake_export_libraries-extras.cmake
[12.927s] -- Up-to-date: /home/vboxuser/ros2_ws/install/custom_interfaces/share/custom_interfaces/cmake/ament_cmake_export_targets-extras.cmake
[12.927s] -- Up-to-date: /home/vboxuser/ros2_ws/install/custom_interfaces/share/custom_interfaces/cmake/rosidl_cmake_export_typesupport_targets-extras.cmake
[12.927s] -- Up-to-date: /home/vboxuser/ros2_ws/install/custom_interfaces/share/custom_interfaces/cmake/rosidl_cmake_export_typesupport_libraries-extras.cmake
[12.927s] -- Up-to-date: /home/vboxuser/ros2_ws/install/custom_interfaces/share/custom_interfaces/cmake/custom_interfacesConfig.cmake
[12.927s] -- Up-to-date: /home/vboxuser/ros2_ws/install/custom_interfaces/share/custom_interfaces/cmake/custom_interfacesConfig-version.cmake
[12.927s] -- Up-to-date: /home/vboxuser/ros2_ws/install/custom_interfaces/share/custom_interfaces/package.xml
[12.945s] Invoked command in '/home/vboxuser/ros2_ws/build/custom_interfaces' returned '0': CMAKE_PREFIX_PATH=${CMAKE_PREFIX_PATH}:/home/vboxuser/ros2_humble/install/rqt_bag_plugins:/home/vboxuser/ros2_humble/install/rqt_bag:/home/vboxuser/ros2_humble/install/ros2bag:/home/vboxuser/ros2_humble/install/tracetools_test:/home/vboxuser/ros2_humble/install/tracetools_launch:/home/vboxuser/ros2_humble/install/topic_monitor:/home/vboxuser/ros2_humble/install/tf2_tools:/home/vboxuser/ros2_humble/install/examples_tf2_py:/home/vboxuser/ros2_humble/install/tf2_ros_py:/home/vboxuser/ros2_humble/install/sros2:/home/vboxuser/ros2_humble/install/rqt_topic:/home/vboxuser/ros2_humble/install/rqt_srv:/home/vboxuser/ros2_humble/install/rqt_shell:/home/vboxuser/ros2_humble/install/rqt_service_caller:/home/vboxuser/ros2_humble/install/rqt_reconfigure:/home/vboxuser/ros2_humble/install/rqt_py_console:/home/vboxuser/ros2_humble/install/rqt_publisher:/home/vboxuser/ros2_humble/install/rqt_plot:/home/vboxuser/ros2_humble/install/rqt_action:/home/vboxuser/ros2_humble/install/rqt_msg:/home/vboxuser/ros2_humble/install/rqt_console:/home/vboxuser/ros2_humble/install/rqt:/home/vboxuser/ros2_humble/install/rqt_graph:/home/vboxuser/ros2_humble/install/rqt_gui_py:/home/vboxuser/ros2_humble/install/rqt_gui:/home/vboxuser/ros2_humble/install/ros2trace:/home/vboxuser/ros2_humble/install/ros2topic:/home/vboxuser/ros2_humble/install/ros2test:/home/vboxuser/ros2_humble/install/ros2component:/home/vboxuser/ros2_humble/install/ros2param:/home/vboxuser/ros2_humble/install/ros2lifecycle:/home/vboxuser/ros2_humble/install/ros2service:/home/vboxuser/ros2_humble/install/ros2run:/home/vboxuser/ros2_humble/install/ros2launch:/home/vboxuser/ros2_humble/install/ros2pkg:/home/vboxuser/ros2_humble/install/ros2node:/home/vboxuser/ros2_humble/install/ros2multicast:/home/vboxuser/ros2_humble/install/ros2interface:/home/vboxuser/ros2_humble/install/ros2doctor:/home/vboxuser/ros2_humble/install/ros2action:/home/vboxuser/ros2_humble/install/ros2cli:/home/vboxuser/ros2_humble/install/quality_of_service_demo_py:/home/vboxuser/ros2_humble/install/lifecycle_py:/home/vboxuser/ros2_humble/install/launch_testing_ros:/home/vboxuser/ros2_humble/install/launch_ros:/home/vboxuser/ros2_humble/install/examples_rclpy_pointcloud_publisher:/home/vboxuser/ros2_humble/install/examples_rclpy_minimal_subscriber:/home/vboxuser/ros2_humble/install/examples_rclpy_minimal_service:/home/vboxuser/ros2_humble/install/examples_rclpy_minimal_publisher:/home/vboxuser/ros2_humble/install/examples_rclpy_minimal_client:/home/vboxuser/ros2_humble/install/examples_rclpy_minimal_action_server:/home/vboxuser/ros2_humble/install/examples_rclpy_minimal_action_client:/home/vboxuser/ros2_humble/install/examples_rclpy_guard_conditions:/home/vboxuser/ros2_humble/install/examples_rclpy_executors:/home/vboxuser/ros2_humble/install/demo_nodes_py:/home/vboxuser/ros2_humble/install/action_tutorials_py:/home/vboxuser/ros2_humble/install/ament_uncrustify:/home/vboxuser/ros2_humble/install/tracetools_trace:/home/vboxuser/ros2_humble/install/tracetools_read:/home/vboxuser/ros2_humble/install/test_tracetools_launch:/home/vboxuser/ros2_humble/install/test_launch_ros:/home/vboxuser/ros2_humble/install/sensor_msgs_py:/home/vboxuser/ros2_humble/install/rpyutils:/home/vboxuser/ros2_humble/install/rosidl_runtime_py:/home/vboxuser/ros2_humble/install/rosidl_cli:/home/vboxuser/ros2_humble/install/launch_pytest:/home/vboxuser/ros2_humble/install/launch_testing:/home/vboxuser/ros2_humble/install/launch_yaml:/home/vboxuser/ros2_humble/install/launch_xml:/home/vboxuser/ros2_humble/install/launch:/home/vboxuser/ros2_humble/install/osrf_pycommon:/home/vboxuser/ros2_humble/install/launch_testing_examples:/home/vboxuser/ros2_humble/install/domain_coordinator:/home/vboxuser/ros2_humble/install/ament_xmllint:/home/vboxuser/ros2_humble/install/ament_pyflakes:/home/vboxuser/ros2_humble/install/ament_pycodestyle:/home/vboxuser/ros2_humble/install/ament_pep257:/home/vboxuser/ros2_humble/install/ament_pclint:/home/vboxuser/ros2_humble/install/ament_package:/home/vboxuser/ros2_humble/install/ament_mypy:/home/vboxuser/ros2_humble/install/ament_lint_cmake:/home/vboxuser/ros2_humble/install/ament_flake8:/home/vboxuser/ros2_humble/install/ament_copyright:/home/vboxuser/ros2_humble/install/ament_lint:/home/vboxuser/ros2_humble/install/ament_index_python:/home/vboxuser/ros2_humble/install/ament_cpplint:/home/vboxuser/ros2_humble/install/ament_cppcheck:/home/vboxuser/ros2_humble/install/ament_clang_tidy:/home/vboxuser/ros2_humble/install/ament_clang_format /usr/bin/cmake --install /home/vboxuser/ros2_ws/build/custom_interfaces
