-- The C compiler identification is GNU 11.3.0
-- The CXX compiler identification is GNU 11.3.0
-- Detecting C compiler ABI info
-- Detecting C compiler ABI info - done
-- Check for working C compiler: /usr/bin/cc - skipped
-- Detecting C compile features
-- Detecting C compile features - done
-- Detecting CXX compiler ABI info
-- Detecting CXX compiler ABI info - done
-- Check for working CXX compiler: /usr/bin/c++ - skipped
-- Detecting CXX compile features
-- Detecting CXX compile features - done
-- Found ament_cmake: 1.3.3 (/home/vboxuser/ros2_humble/install/ament_cmake/share/ament_cmake/cmake)
-- Found Python3: /usr/bin/python3.10 (found version "3.10.6") found components: Interpreter 
-- Found rclcpp: 16.0.3 (/home/vboxuser/ros2_humble/install/rclcpp/share/rclcpp/cmake)
-- Found rosidl_generator_c: 3.1.4 (/home/vboxuser/ros2_humble/install/rosidl_generator_c/share/rosidl_generator_c/cmake)
-- Found rosidl_adapter: 3.1.4 (/home/vboxuser/ros2_humble/install/rosidl_adapter/share/rosidl_adapter/cmake)
-- Found rosidl_generator_cpp: 3.1.4 (/home/vboxuser/ros2_humble/install/rosidl_generator_cpp/share/rosidl_generator_cpp/cmake)
-- Using all available rosidl_typesupport_c: rosidl_typesupport_introspection_c;rosidl_typesupport_fastrtps_c
-- Using all available rosidl_typesupport_cpp: rosidl_typesupport_introspection_cpp;rosidl_typesupport_fastrtps_cpp
-- Found rmw_implementation_cmake: 6.1.1 (/home/vboxuser/ros2_humble/install/rmw_implementation_cmake/share/rmw_implementation_cmake/cmake)
-- Found rmw_fastrtps_cpp: 6.2.2 (/home/vboxuser/ros2_humble/install/rmw_fastrtps_cpp/share/rmw_fastrtps_cpp/cmake)
-- Found OpenSSL: /usr/lib/x86_64-linux-gnu/libcrypto.so (found version "3.0.2")  
-- Found FastRTPS: /home/vboxuser/ros2_humble/install/fastrtps/include  
-- Using RMW implementation 'rmw_fastrtps_cpp' as default
-- Looking for pthread.h
-- Looking for pthread.h - found
-- Performing Test CMAKE_HAVE_LIBC_PTHREAD
-- Performing Test CMAKE_HAVE_LIBC_PTHREAD - Success
-- Found Threads: TRUE  
-- Found my_library: 0.0.0 (/home/vboxuser/Haste/src/install/my_library/share/my_library/cmake)
-- Found ament_lint_auto: 0.12.5 (/home/vboxuser/ros2_humble/install/ament_lint_auto/share/ament_lint_auto/cmake)
-- Added test 'cppcheck' to perform static code analysis on C / C++ code
-- Configured cppcheck include dirs: 
-- Configured cppcheck exclude dirs and/or files: 
-- Added test 'lint_cmake' to check CMake code style
-- Added test 'uncrustify' to check C / C++ code style
-- Configured uncrustify additional arguments: 
-- Added test 'xmllint' to check XML markup files
-- Configuring done
-- Generating done
-- Build files have been written to: /home/vboxuser/Haste/src/build/i2c_scan
[ 50%] [32mBuilding CXX object CMakeFiles/i2c_Scan_Print.dir/src/Request.cpp.o[0m
[01m[K/home/vboxuser/Haste/src/i2c_scan/src/Request.cpp:[m[K In constructor ‘[01m[KI2cScanner::I2cScanner()[m[K’:
[01m[K/home/vboxuser/Haste/src/i2c_scan/src/Request.cpp:89:19:[m[K [01;35m[Kwarning: [m[KISO C++ forbids converting a string constant to ‘[01m[Kchar*[m[K’ [[01;35m[K]8;;https://gcc.gnu.org/onlinedocs/gcc/Warning-Options.html#index-Wwrite-strings-Wwrite-strings]8;;[m[K]
   89 |       char *bus = [01;35m[K"/dev/i2c-1"[m[K;
      |                   [01;35m[K^~~~~~~~~~~~[m[K
[100%] [32m[1mLinking CXX executable i2c_Scan_Print[0m
[100%] Built target i2c_Scan_Print
-- Install configuration: ""
-- Installing: /home/vboxuser/Haste/src/install/i2c_scan/lib/i2c_scan/i2c_Scan_Print
-- Set runtime path of "/home/vboxuser/Haste/src/install/i2c_scan/lib/i2c_scan/i2c_Scan_Print" to ""
-- Installing: /home/vboxuser/Haste/src/install/i2c_scan/share/ament_index/resource_index/package_run_dependencies/i2c_scan
-- Installing: /home/vboxuser/Haste/src/install/i2c_scan/share/ament_index/resource_index/parent_prefix_path/i2c_scan
-- Installing: /home/vboxuser/Haste/src/install/i2c_scan/share/i2c_scan/environment/ament_prefix_path.sh
-- Installing: /home/vboxuser/Haste/src/install/i2c_scan/share/i2c_scan/environment/ament_prefix_path.dsv
-- Installing: /home/vboxuser/Haste/src/install/i2c_scan/share/i2c_scan/environment/path.sh
-- Installing: /home/vboxuser/Haste/src/install/i2c_scan/share/i2c_scan/environment/path.dsv
-- Installing: /home/vboxuser/Haste/src/install/i2c_scan/share/i2c_scan/local_setup.bash
-- Installing: /home/vboxuser/Haste/src/install/i2c_scan/share/i2c_scan/local_setup.sh
-- Installing: /home/vboxuser/Haste/src/install/i2c_scan/share/i2c_scan/local_setup.zsh
-- Installing: /home/vboxuser/Haste/src/install/i2c_scan/share/i2c_scan/local_setup.dsv
-- Installing: /home/vboxuser/Haste/src/install/i2c_scan/share/i2c_scan/package.dsv
-- Installing: /home/vboxuser/Haste/src/install/i2c_scan/share/ament_index/resource_index/packages/i2c_scan
-- Installing: /home/vboxuser/Haste/src/install/i2c_scan/share/i2c_scan/cmake/i2c_scanConfig.cmake
-- Installing: /home/vboxuser/Haste/src/install/i2c_scan/share/i2c_scan/cmake/i2c_scanConfig-version.cmake
-- Installing: /home/vboxuser/Haste/src/install/i2c_scan/share/i2c_scan/package.xml
