[35m[1mConsolidate compiler generated dependencies of target scan_Twi_Server[0m
[35m[1mConsolidate compiler generated dependencies of target scan_Twi_Client[0m
[ 25%] [32mBuilding CXX object CMakeFiles/scan_Twi_Server.dir/src/Scan_Twi_Server.cpp.o[0m
[ 75%] Built target scan_Twi_Client
[01m[K/home/vboxuser/ros2_ws/src/my_package/src/Scan_Twi_Server.cpp:[m[K In function ‘[01m[Kvoid Scan(std::shared_ptr<custom_interfaces::srv::ScanTwi_Request_<std::allocator<void> > >, std::shared_ptr<custom_interfaces::srv::ScanTwi_Response_<std::allocator<void> > >)[m[K’:
[01m[K/home/vboxuser/ros2_ws/src/my_package/src/Scan_Twi_Server.cpp:9:75:[m[K [01;35m[Kwarning: [m[Kunused parameter ‘[01m[Krequest[m[K’ [[01;35m[K]8;;https://gcc.gnu.org/onlinedocs/gcc/Warning-Options.html#index-Wunused-parameter-Wunused-parameter]8;;[m[K]
    9 | void Scan([01;35m[Kconst std::shared_ptr<custom_interfaces::srv::ScanTwi::Request> request[m[K,
      |           [01;35m[K~~~~~~~~~~~~~~~~~~~~~~~~~~~~~~~~~~~~~~~~~~~~~~~~~~~~~~~~~~~~~~~~^~~~~~~[m[K
[100%] [32m[1mLinking CXX executable scan_Twi_Server[0m
[100%] Built target scan_Twi_Server
-- Install configuration: ""
-- Up-to-date: /home/vboxuser/ros2_ws/install/my_package/lib/my_package/scan_Twi_Client
-- Installing: /home/vboxuser/ros2_ws/install/my_package/lib/my_package/scan_Twi_Server
-- Set runtime path of "/home/vboxuser/ros2_ws/install/my_package/lib/my_package/scan_Twi_Server" to ""
-- Up-to-date: /home/vboxuser/ros2_ws/install/my_package/share/ament_index/resource_index/package_run_dependencies/my_package
-- Up-to-date: /home/vboxuser/ros2_ws/install/my_package/share/ament_index/resource_index/parent_prefix_path/my_package
-- Up-to-date: /home/vboxuser/ros2_ws/install/my_package/share/my_package/environment/ament_prefix_path.dsv
-- Up-to-date: /home/vboxuser/ros2_ws/install/my_package/share/my_package/environment/path.dsv
-- Up-to-date: /home/vboxuser/ros2_ws/install/my_package/share/my_package/local_setup.bash
-- Up-to-date: /home/vboxuser/ros2_ws/install/my_package/share/my_package/local_setup.sh
-- Up-to-date: /home/vboxuser/ros2_ws/install/my_package/share/my_package/local_setup.zsh
-- Up-to-date: /home/vboxuser/ros2_ws/install/my_package/share/my_package/local_setup.dsv
-- Installing: /home/vboxuser/ros2_ws/install/my_package/share/my_package/package.dsv
-- Up-to-date: /home/vboxuser/ros2_ws/install/my_package/share/ament_index/resource_index/packages/my_package
-- Up-to-date: /home/vboxuser/ros2_ws/install/my_package/share/my_package/cmake/my_packageConfig.cmake
-- Up-to-date: /home/vboxuser/ros2_ws/install/my_package/share/my_package/cmake/my_packageConfig-version.cmake
-- Up-to-date: /home/vboxuser/ros2_ws/install/my_package/share/my_package/package.xml
