[01m[K/home/vboxuser/ros2_ws/src/my_package/src/Scan_Twi_Server.cpp:[m[K In function ‘[01m[Kvoid Scan(std::shared_ptr<custom_interfaces::srv::ScanTwi_Request_<std::allocator<void> > >, std::shared_ptr<custom_interfaces::srv::ScanTwi_Response_<std::allocator<void> > >)[m[K’:
[01m[K/home/vboxuser/ros2_ws/src/my_package/src/Scan_Twi_Server.cpp:12:22:[m[K [01;31m[Kerror: [m[Kinvalid conversion from ‘[01m[Kconst char*[m[K’ to ‘[01m[Kcustom_interfaces::srv::ScanTwi_Response_<std::allocator<void> >::_output_type[m[K’ {aka ‘[01m[Klong int[m[K’} [[01;31m[K]8;;https://gcc.gnu.org/onlinedocs/gcc/Warning-Options.html#index-fpermissive-fpermissive]8;;[m[K]
   12 |   response->output = [01;31m[K"Olá"[m[K
      |                      [01;31m[K^~~~~[m[K
      |                      [01;31m[K|[m[K
      |                      [01;31m[Kconst char*[m[K
[01m[K/home/vboxuser/ros2_ws/src/my_package/src/Scan_Twi_Server.cpp:12:27:[m[K [01;31m[Kerror: [m[Kexpected ‘[01m[K;[m[K’ before ‘[01m[K}[m[K’ token
   12 |   response->output = "Olá"
      |                           [01;31m[K^[m[K
      |                           [32m[K;[m[K
......
   16 | [32m[K}[m[K
      | [32m[K~[m[K                          
[01m[K/home/vboxuser/ros2_ws/src/my_package/src/Scan_Twi_Server.cpp:9:75:[m[K [01;35m[Kwarning: [m[Kunused parameter ‘[01m[Krequest[m[K’ [[01;35m[K]8;;https://gcc.gnu.org/onlinedocs/gcc/Warning-Options.html#index-Wunused-parameter-Wunused-parameter]8;;[m[K]
    9 | void Scan([01;35m[Kconst std::shared_ptr<custom_interfaces::srv::ScanTwi::Request> request[m[K,
      |           [01;35m[K~~~~~~~~~~~~~~~~~~~~~~~~~~~~~~~~~~~~~~~~~~~~~~~~~~~~~~~~~~~~~~~~^~~~~~~[m[K
[01m[K/home/vboxuser/ros2_ws/src/my_package/src/Scan_Twi_Server.cpp:[m[K In function ‘[01m[Kint main(int, char**)[m[K’:
[01m[K/home/vboxuser/ros2_ws/src/my_package/src/Scan_Twi_Server.cpp:27:19:[m[K [01;31m[Kerror: [m[K‘[01m[Kustom_interfaces[m[K’ was not declared in this scope; did you mean ‘[01m[Kcustom_interfaces[m[K’?
   27 |   rclcpp::Service<[01;31m[Kustom_interfaces[m[K::srv::ScanTwi>::SharedPtr service =
      |                   [01;31m[K^~~~~~~~~~~~~~~~[m[K
      |                   [32m[Kcustom_interfaces[m[K
[01m[K/home/vboxuser/ros2_ws/src/my_package/src/Scan_Twi_Server.cpp:27:49:[m[K [01;31m[Kerror: [m[Ktemplate argument 1 is invalid
   27 |   rclcpp::Service<ustom_interfaces::srv::ScanTwi[01;31m[K>[m[K::SharedPtr service =
      |                                                 [01;31m[K^[m[K
[01m[K/home/vboxuser/ros2_ws/src/my_package/src/Scan_Twi_Server.cpp:27:62:[m[K [01;31m[Kerror: [m[Kqualified-id in declaration before ‘[01m[Kservice[m[K’
   27 |   rclcpp::Service<ustom_interfaces::srv::ScanTwi>::SharedPtr [01;31m[Kservice[m[K =
      |                                                              [01;31m[K^~~~~~~[m[K
[01m[K/home/vboxuser/ros2_ws/src/my_package/src/Scan_Twi_Client.cpp:[m[K In function ‘[01m[Kint main(int, char**)[m[K’:
[01m[K/home/vboxuser/ros2_ws/src/my_package/src/Scan_Twi_Client.cpp:25:28:[m[K [01;31m[Kerror: [m[K‘[01m[Kinput[m[K’ was not declared in this scope; did you mean ‘[01m[Kint[m[K’?
   25 |     std::getline(std::cin, [01;31m[Kinput[m[K);
      |                            [01;31m[K^~~~~[m[K
      |                            [32m[Kint[m[K
In file included from [01m[K/home/vboxuser/ros2_humble/build/rclcpp/include/rclcpp/logging.hpp:24[m[K,
                 from [01m[K/home/vboxuser/ros2_humble/install/rclcpp/include/rclcpp/rclcpp/client.hpp:40[m[K,
                 from [01m[K/home/vboxuser/ros2_humble/install/rclcpp/include/rclcpp/rclcpp/callback_group.hpp:24[m[K,
                 from [01m[K/home/vboxuser/ros2_humble/install/rclcpp/include/rclcpp/rclcpp/any_executable.hpp:20[m[K,
                 from [01m[K/home/vboxuser/ros2_humble/install/rclcpp/include/rclcpp/rclcpp/memory_strategy.hpp:25[m[K,
                 from [01m[K/home/vboxuser/ros2_humble/install/rclcpp/include/rclcpp/rclcpp/memory_strategies.hpp:18[m[K,
                 from [01m[K/home/vboxuser/ros2_humble/install/rclcpp/include/rclcpp/rclcpp/executor_options.hpp:20[m[K,
                 from [01m[K/home/vboxuser/ros2_humble/install/rclcpp/include/rclcpp/rclcpp/executor.hpp:37[m[K,
                 from [01m[K/home/vboxuser/ros2_humble/install/rclcpp/include/rclcpp/rclcpp/executors/multi_threaded_executor.hpp:25[m[K,
                 from [01m[K/home/vboxuser/ros2_humble/install/rclcpp/include/rclcpp/rclcpp/executors.hpp:21[m[K,
                 from [01m[K/home/vboxuser/ros2_humble/install/rclcpp/include/rclcpp/rclcpp/rclcpp.hpp:155[m[K,
                 from [01m[K/home/vboxuser/ros2_ws/src/my_package/src/Scan_Twi_Client.cpp:1[m[K:
[01m[K/home/vboxuser/ros2_ws/src/my_package/src/Scan_Twi_Client.cpp:46:74:[m[K [01;31m[Kerror: [m[K‘[01m[Kusing element_type = struct custom_interfaces::srv::ScanTwi_Response_<std::allocator<void> >[m[K’ {aka ‘[01m[Kstruct custom_interfaces::srv::ScanTwi_Response_<std::allocator<void> >[m[K’} has no member named ‘[01m[Kresponse[m[K’
   46 |       RCLCPP_INFO(rclcpp::get_logger("rclcpp"), "Sum: %s", result.get()->[01;31m[Kresponse[m[K);
      |                                                                          [01;31m[K^~~~~~~~[m[K
gmake[2]: *** [CMakeFiles/scan_Twi_Server.dir/build.make:76: CMakeFiles/scan_Twi_Server.dir/src/Scan_Twi_Server.cpp.o] Error 1
gmake[1]: *** [CMakeFiles/Makefile2:165: CMakeFiles/scan_Twi_Server.dir/all] Error 2
gmake[1]: *** Waiting for unfinished jobs....
gmake[2]: *** [CMakeFiles/scan_Twi_Client.dir/build.make:76: CMakeFiles/scan_Twi_Client.dir/src/Scan_Twi_Client.cpp.o] Error 1
gmake[1]: *** [CMakeFiles/Makefile2:139: CMakeFiles/scan_Twi_Client.dir/all] Error 2
gmake: *** [Makefile:146: all] Error 2
