[0.137s] Invoking command in '/home/vboxuser/ros2_ws/src/build/turtlesim': CMAKE_PREFIX_PATH=${CMAKE_PREFIX_PATH}:/home/vboxuser/ros2_humble/install/rqt_bag_plugins:/home/vboxuser/ros2_humble/install/rqt_bag:/home/vboxuser/ros2_humble/install/ros2bag:/home/vboxuser/ros2_humble/install/tracetools_test:/home/vboxuser/ros2_humble/install/tracetools_launch:/home/vboxuser/ros2_humble/install/topic_monitor:/home/vboxuser/ros2_humble/install/tf2_tools:/home/vboxuser/ros2_humble/install/examples_tf2_py:/home/vboxuser/ros2_humble/install/tf2_ros_py:/home/vboxuser/ros2_humble/install/sros2:/home/vboxuser/ros2_humble/install/rqt_topic:/home/vboxuser/ros2_humble/install/rqt_srv:/home/vboxuser/ros2_humble/install/rqt_shell:/home/vboxuser/ros2_humble/install/rqt_service_caller:/home/vboxuser/ros2_humble/install/rqt_reconfigure:/home/vboxuser/ros2_humble/install/rqt_py_console:/home/vboxuser/ros2_humble/install/rqt_publisher:/home/vboxuser/ros2_humble/install/rqt_plot:/home/vboxuser/ros2_humble/install/rqt_action:/home/vboxuser/ros2_humble/install/rqt_msg:/home/vboxuser/ros2_humble/install/rqt_console:/home/vboxuser/ros2_humble/install/rqt:/home/vboxuser/ros2_humble/install/rqt_graph:/home/vboxuser/ros2_humble/install/rqt_gui_py:/home/vboxuser/ros2_humble/install/rqt_gui:/home/vboxuser/ros2_humble/install/ros2trace:/home/vboxuser/ros2_humble/install/ros2topic:/home/vboxuser/ros2_humble/install/ros2test:/home/vboxuser/ros2_humble/install/ros2component:/home/vboxuser/ros2_humble/install/ros2param:/home/vboxuser/ros2_humble/install/ros2lifecycle:/home/vboxuser/ros2_humble/install/ros2service:/home/vboxuser/ros2_humble/install/ros2run:/home/vboxuser/ros2_humble/install/ros2launch:/home/vboxuser/ros2_humble/install/ros2pkg:/home/vboxuser/ros2_humble/install/ros2node:/home/vboxuser/ros2_humble/install/ros2multicast:/home/vboxuser/ros2_humble/install/ros2interface:/home/vboxuser/ros2_humble/install/ros2doctor:/home/vboxuser/ros2_humble/install/ros2action:/home/vboxuser/ros2_humble/install/ros2cli:/home/vboxuser/ros2_humble/install/quality_of_service_demo_py:/home/vboxuser/ros2_humble/install/lifecycle_py:/home/vboxuser/ros2_humble/install/launch_testing_ros:/home/vboxuser/ros2_humble/install/launch_ros:/home/vboxuser/ros2_humble/install/examples_rclpy_pointcloud_publisher:/home/vboxuser/ros2_humble/install/examples_rclpy_minimal_subscriber:/home/vboxuser/ros2_humble/install/examples_rclpy_minimal_service:/home/vboxuser/ros2_humble/install/examples_rclpy_minimal_publisher:/home/vboxuser/ros2_humble/install/examples_rclpy_minimal_client:/home/vboxuser/ros2_humble/install/examples_rclpy_minimal_action_server:/home/vboxuser/ros2_humble/install/examples_rclpy_minimal_action_client:/home/vboxuser/ros2_humble/install/examples_rclpy_guard_conditions:/home/vboxuser/ros2_humble/install/examples_rclpy_executors:/home/vboxuser/ros2_humble/install/demo_nodes_py:/home/vboxuser/ros2_humble/install/action_tutorials_py:/home/vboxuser/ros2_humble/install/ament_uncrustify:/home/vboxuser/ros2_humble/install/tracetools_trace:/home/vboxuser/ros2_humble/install/tracetools_read:/home/vboxuser/ros2_humble/install/test_tracetools_launch:/home/vboxuser/ros2_humble/install/test_launch_ros:/home/vboxuser/ros2_humble/install/sensor_msgs_py:/home/vboxuser/ros2_humble/install/rpyutils:/home/vboxuser/ros2_humble/install/rosidl_runtime_py:/home/vboxuser/ros2_humble/install/rosidl_cli:/home/vboxuser/ros2_humble/install/launch_pytest:/home/vboxuser/ros2_humble/install/launch_testing:/home/vboxuser/ros2_humble/install/launch_yaml:/home/vboxuser/ros2_humble/install/launch_xml:/home/vboxuser/ros2_humble/install/launch:/home/vboxuser/ros2_humble/install/osrf_pycommon:/home/vboxuser/ros2_humble/install/launch_testing_examples:/home/vboxuser/ros2_humble/install/domain_coordinator:/home/vboxuser/ros2_humble/install/ament_xmllint:/home/vboxuser/ros2_humble/install/ament_pyflakes:/home/vboxuser/ros2_humble/install/ament_pycodestyle:/home/vboxuser/ros2_humble/install/ament_pep257:/home/vboxuser/ros2_humble/install/ament_pclint:/home/vboxuser/ros2_humble/install/ament_package:/home/vboxuser/ros2_humble/install/ament_mypy:/home/vboxuser/ros2_humble/install/ament_lint_cmake:/home/vboxuser/ros2_humble/install/ament_flake8:/home/vboxuser/ros2_humble/install/ament_copyright:/home/vboxuser/ros2_humble/install/ament_lint:/home/vboxuser/ros2_humble/install/ament_index_python:/home/vboxuser/ros2_humble/install/ament_cpplint:/home/vboxuser/ros2_humble/install/ament_cppcheck:/home/vboxuser/ros2_humble/install/ament_clang_tidy:/home/vboxuser/ros2_humble/install/ament_clang_format /usr/bin/cmake --build /home/vboxuser/ros2_ws/src/build/turtlesim -- -j4 -l4
[0.336s] [35m[1mConsolidate compiler generated dependencies of target turtlesim__rosidl_generator_c[0m
[0.434s] [ 10%] Built target turtlesim__rosidl_generator_c
[0.447s] [ 11%] Built target turtlesim__cpp
[0.527s] [35m[1mConsolidate compiler generated dependencies of target turtlesim__rosidl_typesupport_fastrtps_c[0m
[0.543s] [35m[1mConsolidate compiler generated dependencies of target turtlesim__rosidl_typesupport_introspection_c[0m
[0.552s] [35m[1mConsolidate compiler generated dependencies of target turtlesim__rosidl_typesupport_c[0m
[0.611s] [ 11%] Built target ament_cmake_python_copy_turtlesim
[0.653s] [ 21%] Built target turtlesim__rosidl_typesupport_c
[0.670s] [ 31%] Built target turtlesim__rosidl_typesupport_fastrtps_c
[0.708s] [35m[1mConsolidate compiler generated dependencies of target turtlesim__rosidl_typesupport_introspection_cpp[0m
[0.736s] [ 41%] Built target turtlesim__rosidl_typesupport_introspection_c
[0.787s] [35m[1mConsolidate compiler generated dependencies of target turtlesim__rosidl_typesupport_cpp[0m
[0.806s] [ 51%] Built target turtlesim__rosidl_typesupport_introspection_cpp
[0.820s] [35m[1mConsolidate compiler generated dependencies of target turtlesim__rosidl_typesupport_fastrtps_cpp[0m
[0.888s] [ 61%] Built target turtlesim__rosidl_typesupport_cpp
[0.923s] [ 71%] Built target turtlesim__rosidl_typesupport_fastrtps_cpp
[0.968s] [35m[1mConsolidate compiler generated dependencies of target turtlesim_node[0m
[0.991s] [35m[1mConsolidate compiler generated dependencies of target turtle_teleop_key[0m
[1.006s] [35m[1mConsolidate compiler generated dependencies of target draw_square[0m
[1.084s] [ 73%] Built target turtle_teleop_key
[1.108s] [ 75%] Built target draw_square
[1.140s] [ 81%] Built target turtlesim_node
[1.195s] [35m[1mConsolidate compiler generated dependencies of target mimic[0m
[1.263s] [ 83%] Built target mimic
[1.263s] [ 83%] Built target turtlesim
[1.353s] [ 84%] Built target turtlesim__py
[1.409s] [35m[1mConsolidate compiler generated dependencies of target turtlesim__rosidl_generator_py[0m
[1.459s] [ 93%] Built target turtlesim__rosidl_generator_py
[1.532s] [35m[1mConsolidate compiler generated dependencies of target turtlesim__rosidl_typesupport_fastrtps_c__pyext[0m
[1.539s] [35m[1mConsolidate compiler generated dependencies of target turtlesim__rosidl_typesupport_c__pyext[0m
[1.540s] [35m[1mConsolidate compiler generated dependencies of target turtlesim__rosidl_typesupport_introspection_c__pyext[0m
[1.587s] [ 95%] Built target turtlesim__rosidl_typesupport_c__pyext
[1.605s] [100%] Built target turtlesim__rosidl_typesupport_fastrtps_c__pyext
[1.605s] [100%] Built target turtlesim__rosidl_typesupport_introspection_c__pyext
[1.663s] running egg_info
[1.667s] writing turtlesim.egg-info/PKG-INFO
[1.669s] writing dependency_links to turtlesim.egg-info/dependency_links.txt
[1.670s] writing top-level names to turtlesim.egg-info/top_level.txt
[1.680s] reading manifest file 'turtlesim.egg-info/SOURCES.txt'
[1.683s] writing manifest file 'turtlesim.egg-info/SOURCES.txt'
[1.775s] [100%] Built target ament_cmake_python_build_turtlesim_egg
[1.806s] Invoked command in '/home/vboxuser/ros2_ws/src/build/turtlesim' returned '0': CMAKE_PREFIX_PATH=${CMAKE_PREFIX_PATH}:/home/vboxuser/ros2_humble/install/rqt_bag_plugins:/home/vboxuser/ros2_humble/install/rqt_bag:/home/vboxuser/ros2_humble/install/ros2bag:/home/vboxuser/ros2_humble/install/tracetools_test:/home/vboxuser/ros2_humble/install/tracetools_launch:/home/vboxuser/ros2_humble/install/topic_monitor:/home/vboxuser/ros2_humble/install/tf2_tools:/home/vboxuser/ros2_humble/install/examples_tf2_py:/home/vboxuser/ros2_humble/install/tf2_ros_py:/home/vboxuser/ros2_humble/install/sros2:/home/vboxuser/ros2_humble/install/rqt_topic:/home/vboxuser/ros2_humble/install/rqt_srv:/home/vboxuser/ros2_humble/install/rqt_shell:/home/vboxuser/ros2_humble/install/rqt_service_caller:/home/vboxuser/ros2_humble/install/rqt_reconfigure:/home/vboxuser/ros2_humble/install/rqt_py_console:/home/vboxuser/ros2_humble/install/rqt_publisher:/home/vboxuser/ros2_humble/install/rqt_plot:/home/vboxuser/ros2_humble/install/rqt_action:/home/vboxuser/ros2_humble/install/rqt_msg:/home/vboxuser/ros2_humble/install/rqt_console:/home/vboxuser/ros2_humble/install/rqt:/home/vboxuser/ros2_humble/install/rqt_graph:/home/vboxuser/ros2_humble/install/rqt_gui_py:/home/vboxuser/ros2_humble/install/rqt_gui:/home/vboxuser/ros2_humble/install/ros2trace:/home/vboxuser/ros2_humble/install/ros2topic:/home/vboxuser/ros2_humble/install/ros2test:/home/vboxuser/ros2_humble/install/ros2component:/home/vboxuser/ros2_humble/install/ros2param:/home/vboxuser/ros2_humble/install/ros2lifecycle:/home/vboxuser/ros2_humble/install/ros2service:/home/vboxuser/ros2_humble/install/ros2run:/home/vboxuser/ros2_humble/install/ros2launch:/home/vboxuser/ros2_humble/install/ros2pkg:/home/vboxuser/ros2_humble/install/ros2node:/home/vboxuser/ros2_humble/install/ros2multicast:/home/vboxuser/ros2_humble/install/ros2interface:/home/vboxuser/ros2_humble/install/ros2doctor:/home/vboxuser/ros2_humble/install/ros2action:/home/vboxuser/ros2_humble/install/ros2cli:/home/vboxuser/ros2_humble/install/quality_of_service_demo_py:/home/vboxuser/ros2_humble/install/lifecycle_py:/home/vboxuser/ros2_humble/install/launch_testing_ros:/home/vboxuser/ros2_humble/install/launch_ros:/home/vboxuser/ros2_humble/install/examples_rclpy_pointcloud_publisher:/home/vboxuser/ros2_humble/install/examples_rclpy_minimal_subscriber:/home/vboxuser/ros2_humble/install/examples_rclpy_minimal_service:/home/vboxuser/ros2_humble/install/examples_rclpy_minimal_publisher:/home/vboxuser/ros2_humble/install/examples_rclpy_minimal_client:/home/vboxuser/ros2_humble/install/examples_rclpy_minimal_action_server:/home/vboxuser/ros2_humble/install/examples_rclpy_minimal_action_client:/home/vboxuser/ros2_humble/install/examples_rclpy_guard_conditions:/home/vboxuser/ros2_humble/install/examples_rclpy_executors:/home/vboxuser/ros2_humble/install/demo_nodes_py:/home/vboxuser/ros2_humble/install/action_tutorials_py:/home/vboxuser/ros2_humble/install/ament_uncrustify:/home/vboxuser/ros2_humble/install/tracetools_trace:/home/vboxuser/ros2_humble/install/tracetools_read:/home/vboxuser/ros2_humble/install/test_tracetools_launch:/home/vboxuser/ros2_humble/install/test_launch_ros:/home/vboxuser/ros2_humble/install/sensor_msgs_py:/home/vboxuser/ros2_humble/install/rpyutils:/home/vboxuser/ros2_humble/install/rosidl_runtime_py:/home/vboxuser/ros2_humble/install/rosidl_cli:/home/vboxuser/ros2_humble/install/launch_pytest:/home/vboxuser/ros2_humble/install/launch_testing:/home/vboxuser/ros2_humble/install/launch_yaml:/home/vboxuser/ros2_humble/install/launch_xml:/home/vboxuser/ros2_humble/install/launch:/home/vboxuser/ros2_humble/install/osrf_pycommon:/home/vboxuser/ros2_humble/install/launch_testing_examples:/home/vboxuser/ros2_humble/install/domain_coordinator:/home/vboxuser/ros2_humble/install/ament_xmllint:/home/vboxuser/ros2_humble/install/ament_pyflakes:/home/vboxuser/ros2_humble/install/ament_pycodestyle:/home/vboxuser/ros2_humble/install/ament_pep257:/home/vboxuser/ros2_humble/install/ament_pclint:/home/vboxuser/ros2_humble/install/ament_package:/home/vboxuser/ros2_humble/install/ament_mypy:/home/vboxuser/ros2_humble/install/ament_lint_cmake:/home/vboxuser/ros2_humble/install/ament_flake8:/home/vboxuser/ros2_humble/install/ament_copyright:/home/vboxuser/ros2_humble/install/ament_lint:/home/vboxuser/ros2_humble/install/ament_index_python:/home/vboxuser/ros2_humble/install/ament_cpplint:/home/vboxuser/ros2_humble/install/ament_cppcheck:/home/vboxuser/ros2_humble/install/ament_clang_tidy:/home/vboxuser/ros2_humble/install/ament_clang_format /usr/bin/cmake --build /home/vboxuser/ros2_ws/src/build/turtlesim -- -j4 -l4
[3.153s] Invoking command in '/home/vboxuser/ros2_ws/src/build/turtlesim': CMAKE_PREFIX_PATH=${CMAKE_PREFIX_PATH}:/home/vboxuser/ros2_humble/install/rqt_bag_plugins:/home/vboxuser/ros2_humble/install/rqt_bag:/home/vboxuser/ros2_humble/install/ros2bag:/home/vboxuser/ros2_humble/install/tracetools_test:/home/vboxuser/ros2_humble/install/tracetools_launch:/home/vboxuser/ros2_humble/install/topic_monitor:/home/vboxuser/ros2_humble/install/tf2_tools:/home/vboxuser/ros2_humble/install/examples_tf2_py:/home/vboxuser/ros2_humble/install/tf2_ros_py:/home/vboxuser/ros2_humble/install/sros2:/home/vboxuser/ros2_humble/install/rqt_topic:/home/vboxuser/ros2_humble/install/rqt_srv:/home/vboxuser/ros2_humble/install/rqt_shell:/home/vboxuser/ros2_humble/install/rqt_service_caller:/home/vboxuser/ros2_humble/install/rqt_reconfigure:/home/vboxuser/ros2_humble/install/rqt_py_console:/home/vboxuser/ros2_humble/install/rqt_publisher:/home/vboxuser/ros2_humble/install/rqt_plot:/home/vboxuser/ros2_humble/install/rqt_action:/home/vboxuser/ros2_humble/install/rqt_msg:/home/vboxuser/ros2_humble/install/rqt_console:/home/vboxuser/ros2_humble/install/rqt:/home/vboxuser/ros2_humble/install/rqt_graph:/home/vboxuser/ros2_humble/install/rqt_gui_py:/home/vboxuser/ros2_humble/install/rqt_gui:/home/vboxuser/ros2_humble/install/ros2trace:/home/vboxuser/ros2_humble/install/ros2topic:/home/vboxuser/ros2_humble/install/ros2test:/home/vboxuser/ros2_humble/install/ros2component:/home/vboxuser/ros2_humble/install/ros2param:/home/vboxuser/ros2_humble/install/ros2lifecycle:/home/vboxuser/ros2_humble/install/ros2service:/home/vboxuser/ros2_humble/install/ros2run:/home/vboxuser/ros2_humble/install/ros2launch:/home/vboxuser/ros2_humble/install/ros2pkg:/home/vboxuser/ros2_humble/install/ros2node:/home/vboxuser/ros2_humble/install/ros2multicast:/home/vboxuser/ros2_humble/install/ros2interface:/home/vboxuser/ros2_humble/install/ros2doctor:/home/vboxuser/ros2_humble/install/ros2action:/home/vboxuser/ros2_humble/install/ros2cli:/home/vboxuser/ros2_humble/install/quality_of_service_demo_py:/home/vboxuser/ros2_humble/install/lifecycle_py:/home/vboxuser/ros2_humble/install/launch_testing_ros:/home/vboxuser/ros2_humble/install/launch_ros:/home/vboxuser/ros2_humble/install/examples_rclpy_pointcloud_publisher:/home/vboxuser/ros2_humble/install/examples_rclpy_minimal_subscriber:/home/vboxuser/ros2_humble/install/examples_rclpy_minimal_service:/home/vboxuser/ros2_humble/install/examples_rclpy_minimal_publisher:/home/vboxuser/ros2_humble/install/examples_rclpy_minimal_client:/home/vboxuser/ros2_humble/install/examples_rclpy_minimal_action_server:/home/vboxuser/ros2_humble/install/examples_rclpy_minimal_action_client:/home/vboxuser/ros2_humble/install/examples_rclpy_guard_conditions:/home/vboxuser/ros2_humble/install/examples_rclpy_executors:/home/vboxuser/ros2_humble/install/demo_nodes_py:/home/vboxuser/ros2_humble/install/action_tutorials_py:/home/vboxuser/ros2_humble/install/ament_uncrustify:/home/vboxuser/ros2_humble/install/tracetools_trace:/home/vboxuser/ros2_humble/install/tracetools_read:/home/vboxuser/ros2_humble/install/test_tracetools_launch:/home/vboxuser/ros2_humble/install/test_launch_ros:/home/vboxuser/ros2_humble/install/sensor_msgs_py:/home/vboxuser/ros2_humble/install/rpyutils:/home/vboxuser/ros2_humble/install/rosidl_runtime_py:/home/vboxuser/ros2_humble/install/rosidl_cli:/home/vboxuser/ros2_humble/install/launch_pytest:/home/vboxuser/ros2_humble/install/launch_testing:/home/vboxuser/ros2_humble/install/launch_yaml:/home/vboxuser/ros2_humble/install/launch_xml:/home/vboxuser/ros2_humble/install/launch:/home/vboxuser/ros2_humble/install/osrf_pycommon:/home/vboxuser/ros2_humble/install/launch_testing_examples:/home/vboxuser/ros2_humble/install/domain_coordinator:/home/vboxuser/ros2_humble/install/ament_xmllint:/home/vboxuser/ros2_humble/install/ament_pyflakes:/home/vboxuser/ros2_humble/install/ament_pycodestyle:/home/vboxuser/ros2_humble/install/ament_pep257:/home/vboxuser/ros2_humble/install/ament_pclint:/home/vboxuser/ros2_humble/install/ament_package:/home/vboxuser/ros2_humble/install/ament_mypy:/home/vboxuser/ros2_humble/install/ament_lint_cmake:/home/vboxuser/ros2_humble/install/ament_flake8:/home/vboxuser/ros2_humble/install/ament_copyright:/home/vboxuser/ros2_humble/install/ament_lint:/home/vboxuser/ros2_humble/install/ament_index_python:/home/vboxuser/ros2_humble/install/ament_cpplint:/home/vboxuser/ros2_humble/install/ament_cppcheck:/home/vboxuser/ros2_humble/install/ament_clang_tidy:/home/vboxuser/ros2_humble/install/ament_clang_format /usr/bin/cmake --install /home/vboxuser/ros2_ws/src/build/turtlesim
[3.170s] -- Install configuration: ""
[3.170s] -- Installing: /home/vboxuser/ros2_ws/src/install/turtlesim/share/ament_index/resource_index/rosidl_interfaces/turtlesim
[3.181s] -- Installing: /home/vboxuser/ros2_ws/src/install/turtlesim/include/turtlesim/turtlesim
[3.181s] -- Installing: /home/vboxuser/ros2_ws/src/install/turtlesim/include/turtlesim/turtlesim/msg
[3.182s] -- Installing: /home/vboxuser/ros2_ws/src/install/turtlesim/include/turtlesim/turtlesim/msg/rosidl_generator_c__visibility_control.h
[3.182s] -- Installing: /home/vboxuser/ros2_ws/src/install/turtlesim/include/turtlesim/turtlesim/msg/detail
[3.182s] -- Installing: /home/vboxuser/ros2_ws/src/install/turtlesim/include/turtlesim/turtlesim/msg/detail/color__struct.h
[3.182s] -- Installing: /home/vboxuser/ros2_ws/src/install/turtlesim/include/turtlesim/turtlesim/msg/detail/pose__struct.h
[3.182s] -- Installing: /home/vboxuser/ros2_ws/src/install/turtlesim/include/turtlesim/turtlesim/msg/detail/color__functions.c
[3.183s] -- Installing: /home/vboxuser/ros2_ws/src/install/turtlesim/include/turtlesim/turtlesim/msg/detail/pose__functions.h
[3.183s] -- Installing: /home/vboxuser/ros2_ws/src/install/turtlesim/include/turtlesim/turtlesim/msg/detail/color__type_support.h
[3.183s] -- Installing: /home/vboxuser/ros2_ws/src/install/turtlesim/include/turtlesim/turtlesim/msg/detail/color__functions.h
[3.183s] -- Installing: /home/vboxuser/ros2_ws/src/install/turtlesim/include/turtlesim/turtlesim/msg/detail/pose__functions.c
[3.183s] -- Installing: /home/vboxuser/ros2_ws/src/install/turtlesim/include/turtlesim/turtlesim/msg/detail/pose__type_support.h
[3.183s] -- Installing: /home/vboxuser/ros2_ws/src/install/turtlesim/include/turtlesim/turtlesim/msg/pose.h
[3.183s] -- Installing: /home/vboxuser/ros2_ws/src/install/turtlesim/include/turtlesim/turtlesim/msg/color.h
[3.183s] -- Installing: /home/vboxuser/ros2_ws/src/install/turtlesim/include/turtlesim/turtlesim/action
[3.183s] -- Installing: /home/vboxuser/ros2_ws/src/install/turtlesim/include/turtlesim/turtlesim/action/detail
[3.183s] -- Installing: /home/vboxuser/ros2_ws/src/install/turtlesim/include/turtlesim/turtlesim/action/detail/rotate_absolute__functions.h
[3.184s] -- Installing: /home/vboxuser/ros2_ws/src/install/turtlesim/include/turtlesim/turtlesim/action/detail/rotate_absolute__functions.c
[3.184s] -- Installing: /home/vboxuser/ros2_ws/src/install/turtlesim/include/turtlesim/turtlesim/action/detail/rotate_absolute__type_support.h
[3.184s] -- Installing: /home/vboxuser/ros2_ws/src/install/turtlesim/include/turtlesim/turtlesim/action/detail/rotate_absolute__struct.h
[3.184s] -- Installing: /home/vboxuser/ros2_ws/src/install/turtlesim/include/turtlesim/turtlesim/action/rotate_absolute.h
[3.185s] -- Installing: /home/vboxuser/ros2_ws/src/install/turtlesim/include/turtlesim/turtlesim/srv
[3.185s] -- Installing: /home/vboxuser/ros2_ws/src/install/turtlesim/include/turtlesim/turtlesim/srv/detail
[3.185s] -- Installing: /home/vboxuser/ros2_ws/src/install/turtlesim/include/turtlesim/turtlesim/srv/detail/set_pen__type_support.h
[3.185s] -- Installing: /home/vboxuser/ros2_ws/src/install/turtlesim/include/turtlesim/turtlesim/srv/detail/teleport_absolute__functions.c
[3.185s] -- Installing: /home/vboxuser/ros2_ws/src/install/turtlesim/include/turtlesim/turtlesim/srv/detail/set_pen__struct.h
[3.185s] -- Installing: /home/vboxuser/ros2_ws/src/install/turtlesim/include/turtlesim/turtlesim/srv/detail/teleport_relative__type_support.h
[3.186s] -- Installing: /home/vboxuser/ros2_ws/src/install/turtlesim/include/turtlesim/turtlesim/srv/detail/kill__type_support.h
[3.186s] -- Installing: /home/vboxuser/ros2_ws/src/install/turtlesim/include/turtlesim/turtlesim/srv/detail/kill__struct.h
[3.186s] -- Installing: /home/vboxuser/ros2_ws/src/install/turtlesim/include/turtlesim/turtlesim/srv/detail/teleport_relative__functions.h
[3.186s] -- Installing: /home/vboxuser/ros2_ws/src/install/turtlesim/include/turtlesim/turtlesim/srv/detail/kill__functions.c
[3.186s] -- Installing: /home/vboxuser/ros2_ws/src/install/turtlesim/include/turtlesim/turtlesim/srv/detail/spawn__struct.h
[3.186s] -- Installing: /home/vboxuser/ros2_ws/src/install/turtlesim/include/turtlesim/turtlesim/srv/detail/teleport_absolute__functions.h
[3.186s] -- Installing: /home/vboxuser/ros2_ws/src/install/turtlesim/include/turtlesim/turtlesim/srv/detail/teleport_relative__functions.c
[3.186s] -- Installing: /home/vboxuser/ros2_ws/src/install/turtlesim/include/turtlesim/turtlesim/srv/detail/set_pen__functions.c
[3.187s] -- Installing: /home/vboxuser/ros2_ws/src/install/turtlesim/include/turtlesim/turtlesim/srv/detail/teleport_absolute__struct.h
[3.187s] -- Installing: /home/vboxuser/ros2_ws/src/install/turtlesim/include/turtlesim/turtlesim/srv/detail/spawn__type_support.h
[3.187s] -- Installing: /home/vboxuser/ros2_ws/src/install/turtlesim/include/turtlesim/turtlesim/srv/detail/teleport_relative__struct.h
[3.187s] -- Installing: /home/vboxuser/ros2_ws/src/install/turtlesim/include/turtlesim/turtlesim/srv/detail/teleport_absolute__type_support.h
[3.187s] -- Installing: /home/vboxuser/ros2_ws/src/install/turtlesim/include/turtlesim/turtlesim/srv/detail/set_pen__functions.h
[3.187s] -- Installing: /home/vboxuser/ros2_ws/src/install/turtlesim/include/turtlesim/turtlesim/srv/detail/spawn__functions.c
[3.188s] -- Installing: /home/vboxuser/ros2_ws/src/install/turtlesim/include/turtlesim/turtlesim/srv/detail/kill__functions.h
[3.188s] -- Installing: /home/vboxuser/ros2_ws/src/install/turtlesim/include/turtlesim/turtlesim/srv/detail/spawn__functions.h
[3.188s] -- Installing: /home/vboxuser/ros2_ws/src/install/turtlesim/include/turtlesim/turtlesim/srv/set_pen.h
[3.188s] -- Installing: /home/vboxuser/ros2_ws/src/install/turtlesim/include/turtlesim/turtlesim/srv/teleport_absolute.h
[3.188s] -- Installing: /home/vboxuser/ros2_ws/src/install/turtlesim/include/turtlesim/turtlesim/srv/spawn.h
[3.188s] -- Installing: /home/vboxuser/ros2_ws/src/install/turtlesim/include/turtlesim/turtlesim/srv/teleport_relative.h
[3.189s] -- Installing: /home/vboxuser/ros2_ws/src/install/turtlesim/include/turtlesim/turtlesim/srv/kill.h
[3.189s] -- Installing: /home/vboxuser/ros2_ws/src/install/turtlesim/share/turtlesim/environment/library_path.sh
[3.189s] -- Installing: /home/vboxuser/ros2_ws/src/install/turtlesim/share/turtlesim/environment/library_path.dsv
[3.191s] -- Installing: /home/vboxuser/ros2_ws/src/install/turtlesim/lib/libturtlesim__rosidl_generator_c.so
[3.192s] -- Set runtime path of "/home/vboxuser/ros2_ws/src/install/turtlesim/lib/libturtlesim__rosidl_generator_c.so" to ""
[3.192s] -- Up-to-date: /home/vboxuser/ros2_ws/src/install/turtlesim/include/turtlesim/turtlesim
[3.192s] -- Up-to-date: /home/vboxuser/ros2_ws/src/install/turtlesim/include/turtlesim/turtlesim/msg
[3.192s] -- Up-to-date: /home/vboxuser/ros2_ws/src/install/turtlesim/include/turtlesim/turtlesim/msg/detail
[3.192s] -- Installing: /home/vboxuser/ros2_ws/src/install/turtlesim/include/turtlesim/turtlesim/msg/detail/color__rosidl_typesupport_fastrtps_c.h
[3.193s] -- Installing: /home/vboxuser/ros2_ws/src/install/turtlesim/include/turtlesim/turtlesim/msg/detail/pose__rosidl_typesupport_fastrtps_c.h
[3.193s] -- Installing: /home/vboxuser/ros2_ws/src/install/turtlesim/include/turtlesim/turtlesim/msg/rosidl_typesupport_fastrtps_c__visibility_control.h
[3.193s] -- Up-to-date: /home/vboxuser/ros2_ws/src/install/turtlesim/include/turtlesim/turtlesim/action
[3.193s] -- Up-to-date: /home/vboxuser/ros2_ws/src/install/turtlesim/include/turtlesim/turtlesim/action/detail
[3.193s] -- Installing: /home/vboxuser/ros2_ws/src/install/turtlesim/include/turtlesim/turtlesim/action/detail/rotate_absolute__rosidl_typesupport_fastrtps_c.h
[3.193s] -- Up-to-date: /home/vboxuser/ros2_ws/src/install/turtlesim/include/turtlesim/turtlesim/srv
[3.193s] -- Up-to-date: /home/vboxuser/ros2_ws/src/install/turtlesim/include/turtlesim/turtlesim/srv/detail
[3.193s] -- Installing: /home/vboxuser/ros2_ws/src/install/turtlesim/include/turtlesim/turtlesim/srv/detail/teleport_absolute__rosidl_typesupport_fastrtps_c.h
[3.194s] -- Installing: /home/vboxuser/ros2_ws/src/install/turtlesim/include/turtlesim/turtlesim/srv/detail/spawn__rosidl_typesupport_fastrtps_c.h
[3.194s] -- Installing: /home/vboxuser/ros2_ws/src/install/turtlesim/include/turtlesim/turtlesim/srv/detail/kill__rosidl_typesupport_fastrtps_c.h
[3.194s] -- Installing: /home/vboxuser/ros2_ws/src/install/turtlesim/include/turtlesim/turtlesim/srv/detail/teleport_relative__rosidl_typesupport_fastrtps_c.h
[3.195s] -- Installing: /home/vboxuser/ros2_ws/src/install/turtlesim/include/turtlesim/turtlesim/srv/detail/set_pen__rosidl_typesupport_fastrtps_c.h
[3.195s] -- Installing: /home/vboxuser/ros2_ws/src/install/turtlesim/lib/libturtlesim__rosidl_typesupport_fastrtps_c.so
[3.195s] -- Set runtime path of "/home/vboxuser/ros2_ws/src/install/turtlesim/lib/libturtlesim__rosidl_typesupport_fastrtps_c.so" to ""
[3.195s] -- Up-to-date: /home/vboxuser/ros2_ws/src/install/turtlesim/include/turtlesim/turtlesim
[3.196s] -- Up-to-date: /home/vboxuser/ros2_ws/src/install/turtlesim/include/turtlesim/turtlesim/msg
[3.196s] -- Installing: /home/vboxuser/ros2_ws/src/install/turtlesim/include/turtlesim/turtlesim/msg/pose.hpp
[3.196s] -- Up-to-date: /home/vboxuser/ros2_ws/src/install/turtlesim/include/turtlesim/turtlesim/msg/detail
[3.196s] -- Installing: /home/vboxuser/ros2_ws/src/install/turtlesim/include/turtlesim/turtlesim/msg/detail/pose__builder.hpp
[3.197s] -- Installing: /home/vboxuser/ros2_ws/src/install/turtlesim/include/turtlesim/turtlesim/msg/detail/color__builder.hpp
[3.197s] -- Installing: /home/vboxuser/ros2_ws/src/install/turtlesim/include/turtlesim/turtlesim/msg/detail/color__traits.hpp
[3.197s] -- Installing: /home/vboxuser/ros2_ws/src/install/turtlesim/include/turtlesim/turtlesim/msg/detail/pose__struct.hpp
[3.197s] -- Installing: /home/vboxuser/ros2_ws/src/install/turtlesim/include/turtlesim/turtlesim/msg/detail/pose__traits.hpp
[3.197s] -- Installing: /home/vboxuser/ros2_ws/src/install/turtlesim/include/turtlesim/turtlesim/msg/detail/color__struct.hpp
[3.197s] -- Installing: /home/vboxuser/ros2_ws/src/install/turtlesim/include/turtlesim/turtlesim/msg/color.hpp
[3.198s] -- Up-to-date: /home/vboxuser/ros2_ws/src/install/turtlesim/include/turtlesim/turtlesim/action
[3.198s] -- Up-to-date: /home/vboxuser/ros2_ws/src/install/turtlesim/include/turtlesim/turtlesim/action/detail
[3.198s] -- Installing: /home/vboxuser/ros2_ws/src/install/turtlesim/include/turtlesim/turtlesim/action/detail/rotate_absolute__traits.hpp
[3.198s] -- Installing: /home/vboxuser/ros2_ws/src/install/turtlesim/include/turtlesim/turtlesim/action/detail/rotate_absolute__struct.hpp
[3.198s] -- Installing: /home/vboxuser/ros2_ws/src/install/turtlesim/include/turtlesim/turtlesim/action/detail/rotate_absolute__builder.hpp
[3.199s] -- Installing: /home/vboxuser/ros2_ws/src/install/turtlesim/include/turtlesim/turtlesim/action/rotate_absolute.hpp
[3.199s] -- Up-to-date: /home/vboxuser/ros2_ws/src/install/turtlesim/include/turtlesim/turtlesim/srv
[3.199s] -- Installing: /home/vboxuser/ros2_ws/src/install/turtlesim/include/turtlesim/turtlesim/srv/spawn.hpp
[3.199s] -- Up-to-date: /home/vboxuser/ros2_ws/src/install/turtlesim/include/turtlesim/turtlesim/srv/detail
[3.199s] -- Installing: /home/vboxuser/ros2_ws/src/install/turtlesim/include/turtlesim/turtlesim/srv/detail/teleport_relative__builder.hpp
[3.199s] -- Installing: /home/vboxuser/ros2_ws/src/install/turtlesim/include/turtlesim/turtlesim/srv/detail/set_pen__traits.hpp
[3.199s] -- Installing: /home/vboxuser/ros2_ws/src/install/turtlesim/include/turtlesim/turtlesim/srv/detail/spawn__builder.hpp
[3.200s] -- Installing: /home/vboxuser/ros2_ws/src/install/turtlesim/include/turtlesim/turtlesim/srv/detail/teleport_absolute__traits.hpp
[3.200s] -- Installing: /home/vboxuser/ros2_ws/src/install/turtlesim/include/turtlesim/turtlesim/srv/detail/set_pen__builder.hpp
[3.201s] -- Installing: /home/vboxuser/ros2_ws/src/install/turtlesim/include/turtlesim/turtlesim/srv/detail/spawn__traits.hpp
[3.201s] -- Installing: /home/vboxuser/ros2_ws/src/install/turtlesim/include/turtlesim/turtlesim/srv/detail/set_pen__struct.hpp
[3.201s] -- Installing: /home/vboxuser/ros2_ws/src/install/turtlesim/include/turtlesim/turtlesim/srv/detail/teleport_relative__struct.hpp
[3.202s] -- Installing: /home/vboxuser/ros2_ws/src/install/turtlesim/include/turtlesim/turtlesim/srv/detail/teleport_absolute__struct.hpp
[3.202s] -- Installing: /home/vboxuser/ros2_ws/src/install/turtlesim/include/turtlesim/turtlesim/srv/detail/kill__builder.hpp
[3.202s] -- Installing: /home/vboxuser/ros2_ws/src/install/turtlesim/include/turtlesim/turtlesim/srv/detail/spawn__struct.hpp
[3.202s] -- Installing: /home/vboxuser/ros2_ws/src/install/turtlesim/include/turtlesim/turtlesim/srv/detail/teleport_absolute__builder.hpp
[3.202s] -- Installing: /home/vboxuser/ros2_ws/src/install/turtlesim/include/turtlesim/turtlesim/srv/detail/teleport_relative__traits.hpp
[3.202s] -- Installing: /home/vboxuser/ros2_ws/src/install/turtlesim/include/turtlesim/turtlesim/srv/detail/kill__traits.hpp
[3.202s] -- Installing: /home/vboxuser/ros2_ws/src/install/turtlesim/include/turtlesim/turtlesim/srv/detail/kill__struct.hpp
[3.202s] -- Installing: /home/vboxuser/ros2_ws/src/install/turtlesim/include/turtlesim/turtlesim/srv/teleport_relative.hpp
[3.202s] -- Installing: /home/vboxuser/ros2_ws/src/install/turtlesim/include/turtlesim/turtlesim/srv/teleport_absolute.hpp
[3.202s] -- Installing: /home/vboxuser/ros2_ws/src/install/turtlesim/include/turtlesim/turtlesim/srv/kill.hpp
[3.203s] -- Installing: /home/vboxuser/ros2_ws/src/install/turtlesim/include/turtlesim/turtlesim/srv/set_pen.hpp
[3.203s] -- Up-to-date: /home/vboxuser/ros2_ws/src/install/turtlesim/include/turtlesim/turtlesim
[3.203s] -- Up-to-date: /home/vboxuser/ros2_ws/src/install/turtlesim/include/turtlesim/turtlesim/msg
[3.203s] -- Installing: /home/vboxuser/ros2_ws/src/install/turtlesim/include/turtlesim/turtlesim/msg/rosidl_typesupport_fastrtps_cpp__visibility_control.h
[3.203s] -- Up-to-date: /home/vboxuser/ros2_ws/src/install/turtlesim/include/turtlesim/turtlesim/msg/detail
[3.203s] -- Installing: /home/vboxuser/ros2_ws/src/install/turtlesim/include/turtlesim/turtlesim/msg/detail/dds_fastrtps
[3.204s] -- Installing: /home/vboxuser/ros2_ws/src/install/turtlesim/include/turtlesim/turtlesim/msg/detail/pose__rosidl_typesupport_fastrtps_cpp.hpp
[3.204s] -- Installing: /home/vboxuser/ros2_ws/src/install/turtlesim/include/turtlesim/turtlesim/msg/detail/color__rosidl_typesupport_fastrtps_cpp.hpp
[3.204s] -- Up-to-date: /home/vboxuser/ros2_ws/src/install/turtlesim/include/turtlesim/turtlesim/action
[3.204s] -- Up-to-date: /home/vboxuser/ros2_ws/src/install/turtlesim/include/turtlesim/turtlesim/action/detail
[3.204s] -- Installing: /home/vboxuser/ros2_ws/src/install/turtlesim/include/turtlesim/turtlesim/action/detail/dds_fastrtps
[3.204s] -- Installing: /home/vboxuser/ros2_ws/src/install/turtlesim/include/turtlesim/turtlesim/action/detail/rotate_absolute__rosidl_typesupport_fastrtps_cpp.hpp
[3.204s] -- Up-to-date: /home/vboxuser/ros2_ws/src/install/turtlesim/include/turtlesim/turtlesim/srv
[3.205s] -- Up-to-date: /home/vboxuser/ros2_ws/src/install/turtlesim/include/turtlesim/turtlesim/srv/detail
[3.205s] -- Installing: /home/vboxuser/ros2_ws/src/install/turtlesim/include/turtlesim/turtlesim/srv/detail/teleport_relative__rosidl_typesupport_fastrtps_cpp.hpp
[3.205s] -- Installing: /home/vboxuser/ros2_ws/src/install/turtlesim/include/turtlesim/turtlesim/srv/detail/dds_fastrtps
[3.205s] -- Installing: /home/vboxuser/ros2_ws/src/install/turtlesim/include/turtlesim/turtlesim/srv/detail/spawn__rosidl_typesupport_fastrtps_cpp.hpp
[3.205s] -- Installing: /home/vboxuser/ros2_ws/src/install/turtlesim/include/turtlesim/turtlesim/srv/detail/set_pen__rosidl_typesupport_fastrtps_cpp.hpp
[3.205s] -- Installing: /home/vboxuser/ros2_ws/src/install/turtlesim/include/turtlesim/turtlesim/srv/detail/kill__rosidl_typesupport_fastrtps_cpp.hpp
[3.205s] -- Installing: /home/vboxuser/ros2_ws/src/install/turtlesim/include/turtlesim/turtlesim/srv/detail/teleport_absolute__rosidl_typesupport_fastrtps_cpp.hpp
[3.205s] -- Installing: /home/vboxuser/ros2_ws/src/install/turtlesim/lib/libturtlesim__rosidl_typesupport_fastrtps_cpp.so
[3.206s] -- Set runtime path of "/home/vboxuser/ros2_ws/src/install/turtlesim/lib/libturtlesim__rosidl_typesupport_fastrtps_cpp.so" to ""
[3.206s] -- Up-to-date: /home/vboxuser/ros2_ws/src/install/turtlesim/include/turtlesim/turtlesim
[3.206s] -- Up-to-date: /home/vboxuser/ros2_ws/src/install/turtlesim/include/turtlesim/turtlesim/msg
[3.206s] -- Up-to-date: /home/vboxuser/ros2_ws/src/install/turtlesim/include/turtlesim/turtlesim/msg/detail
[3.206s] -- Installing: /home/vboxuser/ros2_ws/src/install/turtlesim/include/turtlesim/turtlesim/msg/detail/color__type_support.c
[3.206s] -- Installing: /home/vboxuser/ros2_ws/src/install/turtlesim/include/turtlesim/turtlesim/msg/detail/pose__rosidl_typesupport_introspection_c.h
[3.206s] -- Installing: /home/vboxuser/ros2_ws/src/install/turtlesim/include/turtlesim/turtlesim/msg/detail/color__rosidl_typesupport_introspection_c.h
[3.206s] -- Installing: /home/vboxuser/ros2_ws/src/install/turtlesim/include/turtlesim/turtlesim/msg/detail/pose__type_support.c
[3.206s] -- Installing: /home/vboxuser/ros2_ws/src/install/turtlesim/include/turtlesim/turtlesim/msg/rosidl_typesupport_introspection_c__visibility_control.h
[3.206s] -- Up-to-date: /home/vboxuser/ros2_ws/src/install/turtlesim/include/turtlesim/turtlesim/action
[3.206s] -- Up-to-date: /home/vboxuser/ros2_ws/src/install/turtlesim/include/turtlesim/turtlesim/action/detail
[3.206s] -- Installing: /home/vboxuser/ros2_ws/src/install/turtlesim/include/turtlesim/turtlesim/action/detail/rotate_absolute__rosidl_typesupport_introspection_c.h
[3.206s] -- Installing: /home/vboxuser/ros2_ws/src/install/turtlesim/include/turtlesim/turtlesim/action/detail/rotate_absolute__type_support.c
[3.206s] -- Up-to-date: /home/vboxuser/ros2_ws/src/install/turtlesim/include/turtlesim/turtlesim/srv
[3.206s] -- Up-to-date: /home/vboxuser/ros2_ws/src/install/turtlesim/include/turtlesim/turtlesim/srv/detail
[3.207s] -- Installing: /home/vboxuser/ros2_ws/src/install/turtlesim/include/turtlesim/turtlesim/srv/detail/teleport_absolute__type_support.c
[3.207s] -- Installing: /home/vboxuser/ros2_ws/src/install/turtlesim/include/turtlesim/turtlesim/srv/detail/kill__type_support.c
[3.207s] -- Installing: /home/vboxuser/ros2_ws/src/install/turtlesim/include/turtlesim/turtlesim/srv/detail/spawn__type_support.c
[3.207s] -- Installing: /home/vboxuser/ros2_ws/src/install/turtlesim/include/turtlesim/turtlesim/srv/detail/spawn__rosidl_typesupport_introspection_c.h
[3.207s] -- Installing: /home/vboxuser/ros2_ws/src/install/turtlesim/include/turtlesim/turtlesim/srv/detail/kill__rosidl_typesupport_introspection_c.h
[3.207s] -- Installing: /home/vboxuser/ros2_ws/src/install/turtlesim/include/turtlesim/turtlesim/srv/detail/set_pen__type_support.c
[3.208s] -- Installing: /home/vboxuser/ros2_ws/src/install/turtlesim/include/turtlesim/turtlesim/srv/detail/teleport_relative__rosidl_typesupport_introspection_c.h
[3.208s] -- Installing: /home/vboxuser/ros2_ws/src/install/turtlesim/include/turtlesim/turtlesim/srv/detail/teleport_absolute__rosidl_typesupport_introspection_c.h
[3.208s] -- Installing: /home/vboxuser/ros2_ws/src/install/turtlesim/include/turtlesim/turtlesim/srv/detail/teleport_relative__type_support.c
[3.208s] -- Installing: /home/vboxuser/ros2_ws/src/install/turtlesim/include/turtlesim/turtlesim/srv/detail/set_pen__rosidl_typesupport_introspection_c.h
[3.208s] -- Installing: /home/vboxuser/ros2_ws/src/install/turtlesim/lib/libturtlesim__rosidl_typesupport_introspection_c.so
[3.208s] -- Set runtime path of "/home/vboxuser/ros2_ws/src/install/turtlesim/lib/libturtlesim__rosidl_typesupport_introspection_c.so" to ""
[3.208s] -- Installing: /home/vboxuser/ros2_ws/src/install/turtlesim/lib/libturtlesim__rosidl_typesupport_c.so
[3.209s] -- Set runtime path of "/home/vboxuser/ros2_ws/src/install/turtlesim/lib/libturtlesim__rosidl_typesupport_c.so" to ""
[3.209s] -- Up-to-date: /home/vboxuser/ros2_ws/src/install/turtlesim/include/turtlesim/turtlesim
[3.209s] -- Up-to-date: /home/vboxuser/ros2_ws/src/install/turtlesim/include/turtlesim/turtlesim/msg
[3.209s] -- Up-to-date: /home/vboxuser/ros2_ws/src/install/turtlesim/include/turtlesim/turtlesim/msg/detail
[3.209s] -- Installing: /home/vboxuser/ros2_ws/src/install/turtlesim/include/turtlesim/turtlesim/msg/detail/color__rosidl_typesupport_introspection_cpp.hpp
[3.209s] -- Installing: /home/vboxuser/ros2_ws/src/install/turtlesim/include/turtlesim/turtlesim/msg/detail/pose__type_support.cpp
[3.209s] -- Installing: /home/vboxuser/ros2_ws/src/install/turtlesim/include/turtlesim/turtlesim/msg/detail/color__type_support.cpp
[3.210s] -- Installing: /home/vboxuser/ros2_ws/src/install/turtlesim/include/turtlesim/turtlesim/msg/detail/pose__rosidl_typesupport_introspection_cpp.hpp
[3.210s] -- Up-to-date: /home/vboxuser/ros2_ws/src/install/turtlesim/include/turtlesim/turtlesim/action
[3.210s] -- Up-to-date: /home/vboxuser/ros2_ws/src/install/turtlesim/include/turtlesim/turtlesim/action/detail
[3.210s] -- Installing: /home/vboxuser/ros2_ws/src/install/turtlesim/include/turtlesim/turtlesim/action/detail/rotate_absolute__rosidl_typesupport_introspection_cpp.hpp
[3.210s] -- Installing: /home/vboxuser/ros2_ws/src/install/turtlesim/include/turtlesim/turtlesim/action/detail/rotate_absolute__type_support.cpp
[3.210s] -- Up-to-date: /home/vboxuser/ros2_ws/src/install/turtlesim/include/turtlesim/turtlesim/srv
[3.211s] -- Up-to-date: /home/vboxuser/ros2_ws/src/install/turtlesim/include/turtlesim/turtlesim/srv/detail
[3.211s] -- Installing: /home/vboxuser/ros2_ws/src/install/turtlesim/include/turtlesim/turtlesim/srv/detail/teleport_relative__rosidl_typesupport_introspection_cpp.hpp
[3.211s] -- Installing: /home/vboxuser/ros2_ws/src/install/turtlesim/include/turtlesim/turtlesim/srv/detail/set_pen__rosidl_typesupport_introspection_cpp.hpp
[3.211s] -- Installing: /home/vboxuser/ros2_ws/src/install/turtlesim/include/turtlesim/turtlesim/srv/detail/kill__type_support.cpp
[3.211s] -- Installing: /home/vboxuser/ros2_ws/src/install/turtlesim/include/turtlesim/turtlesim/srv/detail/kill__rosidl_typesupport_introspection_cpp.hpp
[3.211s] -- Installing: /home/vboxuser/ros2_ws/src/install/turtlesim/include/turtlesim/turtlesim/srv/detail/teleport_absolute__rosidl_typesupport_introspection_cpp.hpp
[3.212s] -- Installing: /home/vboxuser/ros2_ws/src/install/turtlesim/include/turtlesim/turtlesim/srv/detail/spawn__rosidl_typesupport_introspection_cpp.hpp
[3.212s] -- Installing: /home/vboxuser/ros2_ws/src/install/turtlesim/include/turtlesim/turtlesim/srv/detail/teleport_absolute__type_support.cpp
[3.212s] -- Installing: /home/vboxuser/ros2_ws/src/install/turtlesim/include/turtlesim/turtlesim/srv/detail/set_pen__type_support.cpp
[3.212s] -- Installing: /home/vboxuser/ros2_ws/src/install/turtlesim/include/turtlesim/turtlesim/srv/detail/spawn__type_support.cpp
[3.212s] -- Installing: /home/vboxuser/ros2_ws/src/install/turtlesim/include/turtlesim/turtlesim/srv/detail/teleport_relative__type_support.cpp
[3.212s] -- Installing: /home/vboxuser/ros2_ws/src/install/turtlesim/lib/libturtlesim__rosidl_typesupport_introspection_cpp.so
[3.213s] -- Set runtime path of "/home/vboxuser/ros2_ws/src/install/turtlesim/lib/libturtlesim__rosidl_typesupport_introspection_cpp.so" to ""
[3.213s] -- Installing: /home/vboxuser/ros2_ws/src/install/turtlesim/lib/libturtlesim__rosidl_typesupport_cpp.so
[3.214s] -- Set runtime path of "/home/vboxuser/ros2_ws/src/install/turtlesim/lib/libturtlesim__rosidl_typesupport_cpp.so" to ""
[3.214s] -- Installing: /home/vboxuser/ros2_ws/src/install/turtlesim/share/turtlesim/environment/pythonpath.sh
[3.216s] -- Installing: /home/vboxuser/ros2_ws/src/install/turtlesim/share/turtlesim/environment/pythonpath.dsv
[3.216s] -- Installing: /home/vboxuser/ros2_ws/src/install/turtlesim/local/lib/python3.10/dist-packages/turtlesim-1.4.1-py3.10.egg-info
[3.218s] -- Installing: /home/vboxuser/ros2_ws/src/install/turtlesim/local/lib/python3.10/dist-packages/turtlesim-1.4.1-py3.10.egg-info/PKG-INFO
[3.219s] -- Installing: /home/vboxuser/ros2_ws/src/install/turtlesim/local/lib/python3.10/dist-packages/turtlesim-1.4.1-py3.10.egg-info/SOURCES.txt
[3.220s] -- Installing: /home/vboxuser/ros2_ws/src/install/turtlesim/local/lib/python3.10/dist-packages/turtlesim-1.4.1-py3.10.egg-info/dependency_links.txt
[3.220s] -- Installing: /home/vboxuser/ros2_ws/src/install/turtlesim/local/lib/python3.10/dist-packages/turtlesim-1.4.1-py3.10.egg-info/top_level.txt
[3.221s] -- Installing: /home/vboxuser/ros2_ws/src/install/turtlesim/local/lib/python3.10/dist-packages/turtlesim
[3.221s] -- Installing: /home/vboxuser/ros2_ws/src/install/turtlesim/local/lib/python3.10/dist-packages/turtlesim/_turtlesim_s.ep.rosidl_typesupport_fastrtps_c.c
[3.222s] -- Installing: /home/vboxuser/ros2_ws/src/install/turtlesim/local/lib/python3.10/dist-packages/turtlesim/turtlesim_s__rosidl_typesupport_introspection_c.cpython-310-x86_64-linux-gnu.so
[3.222s] -- Installing: /home/vboxuser/ros2_ws/src/install/turtlesim/local/lib/python3.10/dist-packages/turtlesim/_turtlesim_s.ep.rosidl_typesupport_c.c
[3.222s] -- Installing: /home/vboxuser/ros2_ws/src/install/turtlesim/local/lib/python3.10/dist-packages/turtlesim/msg
[3.222s] -- Installing: /home/vboxuser/ros2_ws/src/install/turtlesim/local/lib/python3.10/dist-packages/turtlesim/msg/_pose.py
[3.223s] -- Installing: /home/vboxuser/ros2_ws/src/install/turtlesim/local/lib/python3.10/dist-packages/turtlesim/msg/_color.py
[3.224s] -- Installing: /home/vboxuser/ros2_ws/src/install/turtlesim/local/lib/python3.10/dist-packages/turtlesim/msg/_pose_s.c
[3.224s] -- Installing: /home/vboxuser/ros2_ws/src/install/turtlesim/local/lib/python3.10/dist-packages/turtlesim/msg/_color_s.c
[3.224s] -- Installing: /home/vboxuser/ros2_ws/src/install/turtlesim/local/lib/python3.10/dist-packages/turtlesim/msg/__init__.py
[3.225s] -- Installing: /home/vboxuser/ros2_ws/src/install/turtlesim/local/lib/python3.10/dist-packages/turtlesim/turtlesim_s__rosidl_typesupport_c.cpython-310-x86_64-linux-gnu.so
[3.226s] -- Installing: /home/vboxuser/ros2_ws/src/install/turtlesim/local/lib/python3.10/dist-packages/turtlesim/turtlesim_s__rosidl_typesupport_fastrtps_c.cpython-310-x86_64-linux-gnu.so
[3.228s] -- Installing: /home/vboxuser/ros2_ws/src/install/turtlesim/local/lib/python3.10/dist-packages/turtlesim/action
[3.229s] -- Installing: /home/vboxuser/ros2_ws/src/install/turtlesim/local/lib/python3.10/dist-packages/turtlesim/action/_rotate_absolute_s.c
[3.229s] -- Installing: /home/vboxuser/ros2_ws/src/install/turtlesim/local/lib/python3.10/dist-packages/turtlesim/action/__init__.py
[3.232s] -- Installing: /home/vboxuser/ros2_ws/src/install/turtlesim/local/lib/python3.10/dist-packages/turtlesim/action/_rotate_absolute.py
[3.239s] -- Installing: /home/vboxuser/ros2_ws/src/install/turtlesim/local/lib/python3.10/dist-packages/turtlesim/srv
[3.239s] -- Installing: /home/vboxuser/ros2_ws/src/install/turtlesim/local/lib/python3.10/dist-packages/turtlesim/srv/_kill_s.c
[3.239s] -- Installing: /home/vboxuser/ros2_ws/src/install/turtlesim/local/lib/python3.10/dist-packages/turtlesim/srv/_set_pen.py
[3.239s] -- Installing: /home/vboxuser/ros2_ws/src/install/turtlesim/local/lib/python3.10/dist-packages/turtlesim/srv/_teleport_relative_s.c
[3.239s] -- Installing: /home/vboxuser/ros2_ws/src/install/turtlesim/local/lib/python3.10/dist-packages/turtlesim/srv/_teleport_absolute.py
[3.239s] -- Installing: /home/vboxuser/ros2_ws/src/install/turtlesim/local/lib/python3.10/dist-packages/turtlesim/srv/_spawn.py
[3.239s] -- Installing: /home/vboxuser/ros2_ws/src/install/turtlesim/local/lib/python3.10/dist-packages/turtlesim/srv/_kill.py
[3.239s] -- Installing: /home/vboxuser/ros2_ws/src/install/turtlesim/local/lib/python3.10/dist-packages/turtlesim/srv/_teleport_relative.py
[3.239s] -- Installing: /home/vboxuser/ros2_ws/src/install/turtlesim/local/lib/python3.10/dist-packages/turtlesim/srv/__init__.py
[3.239s] -- Installing: /home/vboxuser/ros2_ws/src/install/turtlesim/local/lib/python3.10/dist-packages/turtlesim/srv/_set_pen_s.c
[3.239s] -- Installing: /home/vboxuser/ros2_ws/src/install/turtlesim/local/lib/python3.10/dist-packages/turtlesim/srv/_spawn_s.c
[3.240s] -- Installing: /home/vboxuser/ros2_ws/src/install/turtlesim/local/lib/python3.10/dist-packages/turtlesim/srv/_teleport_absolute_s.c
[3.240s] -- Installing: /home/vboxuser/ros2_ws/src/install/turtlesim/local/lib/python3.10/dist-packages/turtlesim/_turtlesim_s.ep.rosidl_typesupport_introspection_c.c
[3.240s] -- Installing: /home/vboxuser/ros2_ws/src/install/turtlesim/local/lib/python3.10/dist-packages/turtlesim/__init__.py
[3.242s] -- Installing: /home/vboxuser/ros2_ws/src/install/turtlesim/local/lib/python3.10/dist-packages/turtlesim/libturtlesim__rosidl_generator_py.so
[3.429s] Listing '/home/vboxuser/ros2_ws/src/install/turtlesim/local/lib/python3.10/dist-packages/turtlesim'...
[3.429s] Compiling '/home/vboxuser/ros2_ws/src/install/turtlesim/local/lib/python3.10/dist-packages/turtlesim/__init__.py'...
[3.430s] Listing '/home/vboxuser/ros2_ws/src/install/turtlesim/local/lib/python3.10/dist-packages/turtlesim/action'...
[3.430s] Compiling '/home/vboxuser/ros2_ws/src/install/turtlesim/local/lib/python3.10/dist-packages/turtlesim/action/__init__.py'...
[3.430s] Compiling '/home/vboxuser/ros2_ws/src/install/turtlesim/local/lib/python3.10/dist-packages/turtlesim/action/_rotate_absolute.py'...
[3.430s] Listing '/home/vboxuser/ros2_ws/src/install/turtlesim/local/lib/python3.10/dist-packages/turtlesim/msg'...
[3.430s] Compiling '/home/vboxuser/ros2_ws/src/install/turtlesim/local/lib/python3.10/dist-packages/turtlesim/msg/__init__.py'...
[3.430s] Compiling '/home/vboxuser/ros2_ws/src/install/turtlesim/local/lib/python3.10/dist-packages/turtlesim/msg/_color.py'...
[3.430s] Compiling '/home/vboxuser/ros2_ws/src/install/turtlesim/local/lib/python3.10/dist-packages/turtlesim/msg/_pose.py'...
[3.430s] Listing '/home/vboxuser/ros2_ws/src/install/turtlesim/local/lib/python3.10/dist-packages/turtlesim/srv'...
[3.430s] Compiling '/home/vboxuser/ros2_ws/src/install/turtlesim/local/lib/python3.10/dist-packages/turtlesim/srv/__init__.py'...
[3.430s] Compiling '/home/vboxuser/ros2_ws/src/install/turtlesim/local/lib/python3.10/dist-packages/turtlesim/srv/_kill.py'...
[3.430s] Compiling '/home/vboxuser/ros2_ws/src/install/turtlesim/local/lib/python3.10/dist-packages/turtlesim/srv/_set_pen.py'...
[3.430s] Compiling '/home/vboxuser/ros2_ws/src/install/turtlesim/local/lib/python3.10/dist-packages/turtlesim/srv/_spawn.py'...
[3.430s] Compiling '/home/vboxuser/ros2_ws/src/install/turtlesim/local/lib/python3.10/dist-packages/turtlesim/srv/_teleport_absolute.py'...
[3.430s] Compiling '/home/vboxuser/ros2_ws/src/install/turtlesim/local/lib/python3.10/dist-packages/turtlesim/srv/_teleport_relative.py'...
[3.448s] -- Installing: /home/vboxuser/ros2_ws/src/install/turtlesim/local/lib/python3.10/dist-packages/turtlesim/turtlesim_s__rosidl_typesupport_introspection_c.cpython-310-x86_64-linux-gnu.so
[3.448s] -- Set runtime path of "/home/vboxuser/ros2_ws/src/install/turtlesim/local/lib/python3.10/dist-packages/turtlesim/turtlesim_s__rosidl_typesupport_introspection_c.cpython-310-x86_64-linux-gnu.so" to ""
[3.448s] -- Installing: /home/vboxuser/ros2_ws/src/install/turtlesim/local/lib/python3.10/dist-packages/turtlesim/turtlesim_s__rosidl_typesupport_fastrtps_c.cpython-310-x86_64-linux-gnu.so
[3.449s] -- Set runtime path of "/home/vboxuser/ros2_ws/src/install/turtlesim/local/lib/python3.10/dist-packages/turtlesim/turtlesim_s__rosidl_typesupport_fastrtps_c.cpython-310-x86_64-linux-gnu.so" to ""
[3.449s] -- Installing: /home/vboxuser/ros2_ws/src/install/turtlesim/local/lib/python3.10/dist-packages/turtlesim/turtlesim_s__rosidl_typesupport_c.cpython-310-x86_64-linux-gnu.so
[3.450s] -- Set runtime path of "/home/vboxuser/ros2_ws/src/install/turtlesim/local/lib/python3.10/dist-packages/turtlesim/turtlesim_s__rosidl_typesupport_c.cpython-310-x86_64-linux-gnu.so" to ""
[3.450s] -- Installing: /home/vboxuser/ros2_ws/src/install/turtlesim/lib/libturtlesim__rosidl_generator_py.so
[3.450s] -- Set runtime path of "/home/vboxuser/ros2_ws/src/install/turtlesim/lib/libturtlesim__rosidl_generator_py.so" to ""
[3.450s] -- Installing: /home/vboxuser/ros2_ws/src/install/turtlesim/share/turtlesim/action/RotateAbsolute.idl
[3.450s] -- Installing: /home/vboxuser/ros2_ws/src/install/turtlesim/share/turtlesim/msg/Color.idl
[3.450s] -- Installing: /home/vboxuser/ros2_ws/src/install/turtlesim/share/turtlesim/msg/Pose.idl
[3.450s] -- Installing: /home/vboxuser/ros2_ws/src/install/turtlesim/share/turtlesim/srv/Kill.idl
[3.450s] -- Installing: /home/vboxuser/ros2_ws/src/install/turtlesim/share/turtlesim/srv/SetPen.idl
[3.450s] -- Installing: /home/vboxuser/ros2_ws/src/install/turtlesim/share/turtlesim/srv/Spawn.idl
[3.450s] -- Installing: /home/vboxuser/ros2_ws/src/install/turtlesim/share/turtlesim/srv/TeleportAbsolute.idl
[3.450s] -- Installing: /home/vboxuser/ros2_ws/src/install/turtlesim/share/turtlesim/srv/TeleportRelative.idl
[3.450s] -- Installing: /home/vboxuser/ros2_ws/src/install/turtlesim/share/turtlesim/action/RotateAbsolute.action
[3.450s] -- Installing: /home/vboxuser/ros2_ws/src/install/turtlesim/share/turtlesim/msg/Color.msg
[3.451s] -- Installing: /home/vboxuser/ros2_ws/src/install/turtlesim/share/turtlesim/msg/Pose.msg
[3.451s] -- Installing: /home/vboxuser/ros2_ws/src/install/turtlesim/share/turtlesim/srv/Kill.srv
[3.469s] -- Installing: /home/vboxuser/ros2_ws/src/install/turtlesim/share/turtlesim/srv/Kill_Request.msg
[3.469s] -- Installing: /home/vboxuser/ros2_ws/src/install/turtlesim/share/turtlesim/srv/Kill_Response.msg
[3.469s] -- Installing: /home/vboxuser/ros2_ws/src/install/turtlesim/share/turtlesim/srv/SetPen.srv
[3.469s] -- Installing: /home/vboxuser/ros2_ws/src/install/turtlesim/share/turtlesim/srv/SetPen_Request.msg
[3.469s] -- Installing: /home/vboxuser/ros2_ws/src/install/turtlesim/share/turtlesim/srv/SetPen_Response.msg
[3.475s] -- Installing: /home/vboxuser/ros2_ws/src/install/turtlesim/share/turtlesim/srv/Spawn.srv
[3.475s] -- Installing: /home/vboxuser/ros2_ws/src/install/turtlesim/share/turtlesim/srv/Spawn_Request.msg
[3.476s] -- Installing: /home/vboxuser/ros2_ws/src/install/turtlesim/share/turtlesim/srv/Spawn_Response.msg
[3.478s] -- Installing: /home/vboxuser/ros2_ws/src/install/turtlesim/share/turtlesim/srv/TeleportAbsolute.srv
[3.478s] -- Installing: /home/vboxuser/ros2_ws/src/install/turtlesim/share/turtlesim/srv/TeleportAbsolute_Request.msg
[3.480s] -- Installing: /home/vboxuser/ros2_ws/src/install/turtlesim/share/turtlesim/srv/TeleportAbsolute_Response.msg
[3.480s] -- Installing: /home/vboxuser/ros2_ws/src/install/turtlesim/share/turtlesim/srv/TeleportRelative.srv
[3.480s] -- Installing: /home/vboxuser/ros2_ws/src/install/turtlesim/share/turtlesim/srv/TeleportRelative_Request.msg
[3.482s] -- Installing: /home/vboxuser/ros2_ws/src/install/turtlesim/share/turtlesim/srv/TeleportRelative_Response.msg
[3.482s] -- Installing: /home/vboxuser/ros2_ws/src/install/turtlesim/lib/turtlesim/turtlesim_node
[3.507s] -- Set runtime path of "/home/vboxuser/ros2_ws/src/install/turtlesim/lib/turtlesim/turtlesim_node" to ""
[3.507s] -- Installing: /home/vboxuser/ros2_ws/src/install/turtlesim/lib/turtlesim/turtle_teleop_key
[3.511s] -- Set runtime path of "/home/vboxuser/ros2_ws/src/install/turtlesim/lib/turtlesim/turtle_teleop_key" to ""
[3.511s] -- Installing: /home/vboxuser/ros2_ws/src/install/turtlesim/lib/turtlesim/draw_square
[3.521s] -- Set runtime path of "/home/vboxuser/ros2_ws/src/install/turtlesim/lib/turtlesim/draw_square" to ""
[3.521s] -- Installing: /home/vboxuser/ros2_ws/src/install/turtlesim/lib/turtlesim/mimic
[3.535s] -- Set runtime path of "/home/vboxuser/ros2_ws/src/install/turtlesim/lib/turtlesim/mimic" to ""
[3.536s] -- Installing: /home/vboxuser/ros2_ws/src/install/turtlesim/share/turtlesim/images
[3.537s] -- Installing: /home/vboxuser/ros2_ws/src/install/turtlesim/share/turtlesim/images/eloquent.png
[3.547s] -- Installing: /home/vboxuser/ros2_ws/src/install/turtlesim/share/turtlesim/images/ardent.png
[3.550s] -- Installing: /home/vboxuser/ros2_ws/src/install/turtlesim/share/turtlesim/images/foxy.png
[3.568s] -- Installing: /home/vboxuser/ros2_ws/src/install/turtlesim/share/turtlesim/images/bouncy.png
[3.588s] -- Installing: /home/vboxuser/ros2_ws/src/install/turtlesim/share/turtlesim/images/humble.png
[3.588s] -- Installing: /home/vboxuser/ros2_ws/src/install/turtlesim/share/turtlesim/images/crystal.png
[3.601s] -- Installing: /home/vboxuser/ros2_ws/src/install/turtlesim/share/turtlesim/images/dashing.png
[3.603s] -- Installing: /home/vboxuser/ros2_ws/src/install/turtlesim/share/turtlesim/images/rolling.png
[3.603s] -- Installing: /home/vboxuser/ros2_ws/src/install/turtlesim/share/turtlesim/images/galactic.png
[3.603s] -- Installing: /home/vboxuser/ros2_ws/src/install/turtlesim/share/turtlesim/launch
[3.614s] -- Installing: /home/vboxuser/ros2_ws/src/install/turtlesim/share/turtlesim/launch/multisim.launch.py
[3.622s] -- Installing: /home/vboxuser/ros2_ws/src/install/turtlesim/share/ament_index/resource_index/package_run_dependencies/turtlesim
[3.623s] -- Installing: /home/vboxuser/ros2_ws/src/install/turtlesim/share/ament_index/resource_index/parent_prefix_path/turtlesim
[3.626s] -- Installing: /home/vboxuser/ros2_ws/src/install/turtlesim/share/turtlesim/environment/ament_prefix_path.sh
[3.626s] -- Installing: /home/vboxuser/ros2_ws/src/install/turtlesim/share/turtlesim/environment/ament_prefix_path.dsv
[3.628s] -- Installing: /home/vboxuser/ros2_ws/src/install/turtlesim/share/turtlesim/environment/path.sh
[3.629s] -- Installing: /home/vboxuser/ros2_ws/src/install/turtlesim/share/turtlesim/environment/path.dsv
[3.634s] -- Installing: /home/vboxuser/ros2_ws/src/install/turtlesim/share/turtlesim/local_setup.bash
[3.635s] -- Installing: /home/vboxuser/ros2_ws/src/install/turtlesim/share/turtlesim/local_setup.sh
[3.636s] -- Installing: /home/vboxuser/ros2_ws/src/install/turtlesim/share/turtlesim/local_setup.zsh
[3.639s] -- Installing: /home/vboxuser/ros2_ws/src/install/turtlesim/share/turtlesim/local_setup.dsv
[3.640s] -- Installing: /home/vboxuser/ros2_ws/src/install/turtlesim/share/turtlesim/package.dsv
[3.641s] -- Installing: /home/vboxuser/ros2_ws/src/install/turtlesim/share/ament_index/resource_index/packages/turtlesim
[3.649s] -- Installing: /home/vboxuser/ros2_ws/src/install/turtlesim/share/turtlesim/cmake/export_turtlesim__rosidl_generator_cExport.cmake
[3.651s] -- Installing: /home/vboxuser/ros2_ws/src/install/turtlesim/share/turtlesim/cmake/export_turtlesim__rosidl_generator_cExport-noconfig.cmake
[3.656s] -- Installing: /home/vboxuser/ros2_ws/src/install/turtlesim/share/turtlesim/cmake/export_turtlesim__rosidl_typesupport_fastrtps_cExport.cmake
[3.656s] -- Installing: /home/vboxuser/ros2_ws/src/install/turtlesim/share/turtlesim/cmake/export_turtlesim__rosidl_typesupport_fastrtps_cExport-noconfig.cmake
[3.656s] -- Installing: /home/vboxuser/ros2_ws/src/install/turtlesim/share/turtlesim/cmake/export_turtlesim__rosidl_generator_cppExport.cmake
[3.659s] -- Installing: /home/vboxuser/ros2_ws/src/install/turtlesim/share/turtlesim/cmake/export_turtlesim__rosidl_typesupport_fastrtps_cppExport.cmake
[3.659s] -- Installing: /home/vboxuser/ros2_ws/src/install/turtlesim/share/turtlesim/cmake/export_turtlesim__rosidl_typesupport_fastrtps_cppExport-noconfig.cmake
[3.665s] -- Installing: /home/vboxuser/ros2_ws/src/install/turtlesim/share/turtlesim/cmake/turtlesim__rosidl_typesupport_introspection_cExport.cmake
[3.667s] -- Installing: /home/vboxuser/ros2_ws/src/install/turtlesim/share/turtlesim/cmake/turtlesim__rosidl_typesupport_introspection_cExport-noconfig.cmake
[3.667s] -- Installing: /home/vboxuser/ros2_ws/src/install/turtlesim/share/turtlesim/cmake/turtlesim__rosidl_typesupport_cExport.cmake
[3.667s] -- Installing: /home/vboxuser/ros2_ws/src/install/turtlesim/share/turtlesim/cmake/turtlesim__rosidl_typesupport_cExport-noconfig.cmake
[3.667s] -- Installing: /home/vboxuser/ros2_ws/src/install/turtlesim/share/turtlesim/cmake/turtlesim__rosidl_typesupport_introspection_cppExport.cmake
[3.669s] -- Installing: /home/vboxuser/ros2_ws/src/install/turtlesim/share/turtlesim/cmake/turtlesim__rosidl_typesupport_introspection_cppExport-noconfig.cmake
[3.670s] -- Installing: /home/vboxuser/ros2_ws/src/install/turtlesim/share/turtlesim/cmake/turtlesim__rosidl_typesupport_cppExport.cmake
[3.672s] -- Installing: /home/vboxuser/ros2_ws/src/install/turtlesim/share/turtlesim/cmake/turtlesim__rosidl_typesupport_cppExport-noconfig.cmake
[3.674s] -- Installing: /home/vboxuser/ros2_ws/src/install/turtlesim/share/turtlesim/cmake/export_turtlesim__rosidl_generator_pyExport.cmake
[3.674s] -- Installing: /home/vboxuser/ros2_ws/src/install/turtlesim/share/turtlesim/cmake/export_turtlesim__rosidl_generator_pyExport-noconfig.cmake
[3.674s] -- Installing: /home/vboxuser/ros2_ws/src/install/turtlesim/share/turtlesim/cmake/rosidl_cmake-extras.cmake
[3.675s] -- Installing: /home/vboxuser/ros2_ws/src/install/turtlesim/share/turtlesim/cmake/ament_cmake_export_dependencies-extras.cmake
[3.677s] -- Installing: /home/vboxuser/ros2_ws/src/install/turtlesim/share/turtlesim/cmake/ament_cmake_export_include_directories-extras.cmake
[3.679s] -- Installing: /home/vboxuser/ros2_ws/src/install/turtlesim/share/turtlesim/cmake/ament_cmake_export_libraries-extras.cmake
[3.681s] -- Installing: /home/vboxuser/ros2_ws/src/install/turtlesim/share/turtlesim/cmake/ament_cmake_export_targets-extras.cmake
[3.682s] -- Installing: /home/vboxuser/ros2_ws/src/install/turtlesim/share/turtlesim/cmake/rosidl_cmake_export_typesupport_targets-extras.cmake
[3.684s] -- Installing: /home/vboxuser/ros2_ws/src/install/turtlesim/share/turtlesim/cmake/rosidl_cmake_export_typesupport_libraries-extras.cmake
[3.685s] -- Installing: /home/vboxuser/ros2_ws/src/install/turtlesim/share/turtlesim/cmake/turtlesimConfig.cmake
[3.686s] -- Installing: /home/vboxuser/ros2_ws/src/install/turtlesim/share/turtlesim/cmake/turtlesimConfig-version.cmake
[3.687s] -- Installing: /home/vboxuser/ros2_ws/src/install/turtlesim/share/turtlesim/package.xml
[3.695s] Invoked command in '/home/vboxuser/ros2_ws/src/build/turtlesim' returned '0': CMAKE_PREFIX_PATH=${CMAKE_PREFIX_PATH}:/home/vboxuser/ros2_humble/install/rqt_bag_plugins:/home/vboxuser/ros2_humble/install/rqt_bag:/home/vboxuser/ros2_humble/install/ros2bag:/home/vboxuser/ros2_humble/install/tracetools_test:/home/vboxuser/ros2_humble/install/tracetools_launch:/home/vboxuser/ros2_humble/install/topic_monitor:/home/vboxuser/ros2_humble/install/tf2_tools:/home/vboxuser/ros2_humble/install/examples_tf2_py:/home/vboxuser/ros2_humble/install/tf2_ros_py:/home/vboxuser/ros2_humble/install/sros2:/home/vboxuser/ros2_humble/install/rqt_topic:/home/vboxuser/ros2_humble/install/rqt_srv:/home/vboxuser/ros2_humble/install/rqt_shell:/home/vboxuser/ros2_humble/install/rqt_service_caller:/home/vboxuser/ros2_humble/install/rqt_reconfigure:/home/vboxuser/ros2_humble/install/rqt_py_console:/home/vboxuser/ros2_humble/install/rqt_publisher:/home/vboxuser/ros2_humble/install/rqt_plot:/home/vboxuser/ros2_humble/install/rqt_action:/home/vboxuser/ros2_humble/install/rqt_msg:/home/vboxuser/ros2_humble/install/rqt_console:/home/vboxuser/ros2_humble/install/rqt:/home/vboxuser/ros2_humble/install/rqt_graph:/home/vboxuser/ros2_humble/install/rqt_gui_py:/home/vboxuser/ros2_humble/install/rqt_gui:/home/vboxuser/ros2_humble/install/ros2trace:/home/vboxuser/ros2_humble/install/ros2topic:/home/vboxuser/ros2_humble/install/ros2test:/home/vboxuser/ros2_humble/install/ros2component:/home/vboxuser/ros2_humble/install/ros2param:/home/vboxuser/ros2_humble/install/ros2lifecycle:/home/vboxuser/ros2_humble/install/ros2service:/home/vboxuser/ros2_humble/install/ros2run:/home/vboxuser/ros2_humble/install/ros2launch:/home/vboxuser/ros2_humble/install/ros2pkg:/home/vboxuser/ros2_humble/install/ros2node:/home/vboxuser/ros2_humble/install/ros2multicast:/home/vboxuser/ros2_humble/install/ros2interface:/home/vboxuser/ros2_humble/install/ros2doctor:/home/vboxuser/ros2_humble/install/ros2action:/home/vboxuser/ros2_humble/install/ros2cli:/home/vboxuser/ros2_humble/install/quality_of_service_demo_py:/home/vboxuser/ros2_humble/install/lifecycle_py:/home/vboxuser/ros2_humble/install/launch_testing_ros:/home/vboxuser/ros2_humble/install/launch_ros:/home/vboxuser/ros2_humble/install/examples_rclpy_pointcloud_publisher:/home/vboxuser/ros2_humble/install/examples_rclpy_minimal_subscriber:/home/vboxuser/ros2_humble/install/examples_rclpy_minimal_service:/home/vboxuser/ros2_humble/install/examples_rclpy_minimal_publisher:/home/vboxuser/ros2_humble/install/examples_rclpy_minimal_client:/home/vboxuser/ros2_humble/install/examples_rclpy_minimal_action_server:/home/vboxuser/ros2_humble/install/examples_rclpy_minimal_action_client:/home/vboxuser/ros2_humble/install/examples_rclpy_guard_conditions:/home/vboxuser/ros2_humble/install/examples_rclpy_executors:/home/vboxuser/ros2_humble/install/demo_nodes_py:/home/vboxuser/ros2_humble/install/action_tutorials_py:/home/vboxuser/ros2_humble/install/ament_uncrustify:/home/vboxuser/ros2_humble/install/tracetools_trace:/home/vboxuser/ros2_humble/install/tracetools_read:/home/vboxuser/ros2_humble/install/test_tracetools_launch:/home/vboxuser/ros2_humble/install/test_launch_ros:/home/vboxuser/ros2_humble/install/sensor_msgs_py:/home/vboxuser/ros2_humble/install/rpyutils:/home/vboxuser/ros2_humble/install/rosidl_runtime_py:/home/vboxuser/ros2_humble/install/rosidl_cli:/home/vboxuser/ros2_humble/install/launch_pytest:/home/vboxuser/ros2_humble/install/launch_testing:/home/vboxuser/ros2_humble/install/launch_yaml:/home/vboxuser/ros2_humble/install/launch_xml:/home/vboxuser/ros2_humble/install/launch:/home/vboxuser/ros2_humble/install/osrf_pycommon:/home/vboxuser/ros2_humble/install/launch_testing_examples:/home/vboxuser/ros2_humble/install/domain_coordinator:/home/vboxuser/ros2_humble/install/ament_xmllint:/home/vboxuser/ros2_humble/install/ament_pyflakes:/home/vboxuser/ros2_humble/install/ament_pycodestyle:/home/vboxuser/ros2_humble/install/ament_pep257:/home/vboxuser/ros2_humble/install/ament_pclint:/home/vboxuser/ros2_humble/install/ament_package:/home/vboxuser/ros2_humble/install/ament_mypy:/home/vboxuser/ros2_humble/install/ament_lint_cmake:/home/vboxuser/ros2_humble/install/ament_flake8:/home/vboxuser/ros2_humble/install/ament_copyright:/home/vboxuser/ros2_humble/install/ament_lint:/home/vboxuser/ros2_humble/install/ament_index_python:/home/vboxuser/ros2_humble/install/ament_cpplint:/home/vboxuser/ros2_humble/install/ament_cppcheck:/home/vboxuser/ros2_humble/install/ament_clang_tidy:/home/vboxuser/ros2_humble/install/ament_clang_format /usr/bin/cmake --install /home/vboxuser/ros2_ws/src/build/turtlesim
