[0.011s] Invoking command in '/home/vboxuser/Haste/build/custom_interfaces': /usr/bin/cmake /home/vboxuser/Haste/src/custom_interfaces -DCMAKE_INSTALL_PREFIX=/home/vboxuser/Haste/install/custom_interfaces
[0.079s] -- The C compiler identification is GNU 11.3.0
[0.165s] -- The CXX compiler identification is GNU 11.3.0
[0.172s] -- Detecting C compiler ABI info
[0.257s] -- Detecting C compiler ABI info - done
[0.263s] -- Check for working C compiler: /usr/bin/cc - skipped
[0.264s] -- Detecting C compile features
[0.264s] -- Detecting C compile features - done
[0.267s] -- Detecting CXX compiler ABI info
[0.368s] -- Detecting CXX compiler ABI info - done
[0.374s] -- Check for working CXX compiler: /usr/bin/c++ - skipped
[0.374s] -- Detecting CXX compile features
[0.375s] -- Detecting CXX compile features - done
[0.381s] [31mCMake Error at CMakeLists.txt:9 (find_package):
[0.381s]   By not providing "Findament_cmake.cmake" in CMAKE_MODULE_PATH this project
[0.381s]   has asked CMake to find a package configuration file provided by
[0.381s]   "ament_cmake", but CMake did not find one.
[0.381s] 
[0.381s]   Could not find a package configuration file provided by "ament_cmake" with
[0.381s]   any of the following names:
[0.381s] 
[0.381s]     ament_cmakeConfig.cmake
[0.381s]     ament_cmake-config.cmake
[0.381s] 
[0.381s]   Add the installation prefix of "ament_cmake" to CMAKE_PREFIX_PATH or set
[0.381s]   "ament_cmake_DIR" to a directory containing one of the above files.  If
[0.381s]   "ament_cmake" provides a separate development package or SDK, be sure it
[0.381s]   has been installed.
[0.381s] 
[0.381s] [0m
[0.381s] -- Configuring incomplete, errors occurred!
[0.381s] See also "/home/vboxuser/Haste/build/custom_interfaces/CMakeFiles/CMakeOutput.log".
[0.384s] Invoked command in '/home/vboxuser/Haste/build/custom_interfaces' returned '1': /usr/bin/cmake /home/vboxuser/Haste/src/custom_interfaces -DCMAKE_INSTALL_PREFIX=/home/vboxuser/Haste/install/custom_interfaces
