-- The C compiler identification is GNU 11.3.0
-- The CXX compiler identification is GNU 11.3.0
-- Detecting C compiler ABI info
-- Detecting C compiler ABI info - done
-- Check for working C compiler: /usr/bin/cc - skipped
-- Detecting C compile features
-- Detecting C compile features - done
-- Detecting CXX compiler ABI info
-- Detecting CXX compiler ABI info - done
-- Check for working CXX compiler: /usr/bin/c++ - skipped
-- Detecting CXX compile features
-- Detecting CXX compile features - done
-- Found ament_cmake: 1.3.3 (/home/vboxuser/ros2_humble/install/ament_cmake/share/ament_cmake/cmake)
-- Found Python3: /usr/bin/python3.10 (found version "3.10.6") found components: Interpreter 
-- Found ament_lint_auto: 0.12.5 (/home/vboxuser/ros2_humble/install/ament_lint_auto/share/ament_lint_auto/cmake)
-- Added test 'lint_cmake' to check CMake code style
-- Added test 'xmllint' to check XML markup files
-- Configuring done
-- Generating done
-- Build files have been written to: /home/vboxuser/ros2_ws/src/build/my_custom_msgs
-- Install configuration: ""
-- Installing: /home/vboxuser/ros2_ws/src/install/my_custom_msgs/share/ament_index/resource_index/package_run_dependencies/my_custom_msgs
-- Installing: /home/vboxuser/ros2_ws/src/install/my_custom_msgs/share/ament_index/resource_index/parent_prefix_path/my_custom_msgs
-- Installing: /home/vboxuser/ros2_ws/src/install/my_custom_msgs/share/my_custom_msgs/environment/ament_prefix_path.sh
-- Installing: /home/vboxuser/ros2_ws/src/install/my_custom_msgs/share/my_custom_msgs/environment/ament_prefix_path.dsv
-- Installing: /home/vboxuser/ros2_ws/src/install/my_custom_msgs/share/my_custom_msgs/environment/path.sh
-- Installing: /home/vboxuser/ros2_ws/src/install/my_custom_msgs/share/my_custom_msgs/environment/path.dsv
-- Installing: /home/vboxuser/ros2_ws/src/install/my_custom_msgs/share/my_custom_msgs/local_setup.bash
-- Installing: /home/vboxuser/ros2_ws/src/install/my_custom_msgs/share/my_custom_msgs/local_setup.sh
-- Installing: /home/vboxuser/ros2_ws/src/install/my_custom_msgs/share/my_custom_msgs/local_setup.zsh
-- Installing: /home/vboxuser/ros2_ws/src/install/my_custom_msgs/share/my_custom_msgs/local_setup.dsv
-- Installing: /home/vboxuser/ros2_ws/src/install/my_custom_msgs/share/my_custom_msgs/package.dsv
-- Installing: /home/vboxuser/ros2_ws/src/install/my_custom_msgs/share/ament_index/resource_index/packages/my_custom_msgs
-- Installing: /home/vboxuser/ros2_ws/src/install/my_custom_msgs/share/my_custom_msgs/cmake/my_custom_msgsConfig.cmake
-- Installing: /home/vboxuser/ros2_ws/src/install/my_custom_msgs/share/my_custom_msgs/cmake/my_custom_msgsConfig-version.cmake
-- Installing: /home/vboxuser/ros2_ws/src/install/my_custom_msgs/share/my_custom_msgs/package.xml
