[0.058s] Invoking command in '/home/vboxuser/Haste/build/custom_interfaces': CMAKE_PREFIX_PATH=${CMAKE_PREFIX_PATH}:/home/vboxuser/ros2_humble/install/rqt_bag_plugins:/home/vboxuser/ros2_humble/install/rqt_bag:/home/vboxuser/ros2_humble/install/ros2bag:/home/vboxuser/ros2_humble/install/tracetools_test:/home/vboxuser/ros2_humble/install/tracetools_launch:/home/vboxuser/ros2_humble/install/topic_monitor:/home/vboxuser/ros2_humble/install/tf2_tools:/home/vboxuser/ros2_humble/install/examples_tf2_py:/home/vboxuser/ros2_humble/install/tf2_ros_py:/home/vboxuser/ros2_humble/install/sros2:/home/vboxuser/ros2_humble/install/rqt_topic:/home/vboxuser/ros2_humble/install/rqt_srv:/home/vboxuser/ros2_humble/install/rqt_shell:/home/vboxuser/ros2_humble/install/rqt_service_caller:/home/vboxuser/ros2_humble/install/rqt_reconfigure:/home/vboxuser/ros2_humble/install/rqt_py_console:/home/vboxuser/ros2_humble/install/rqt_publisher:/home/vboxuser/ros2_humble/install/rqt_plot:/home/vboxuser/ros2_humble/install/rqt_action:/home/vboxuser/ros2_humble/install/rqt_msg:/home/vboxuser/ros2_humble/install/rqt_console:/home/vboxuser/ros2_humble/install/rqt:/home/vboxuser/ros2_humble/install/rqt_graph:/home/vboxuser/ros2_humble/install/rqt_gui_py:/home/vboxuser/ros2_humble/install/rqt_gui:/home/vboxuser/ros2_humble/install/ros2trace:/home/vboxuser/ros2_humble/install/ros2topic:/home/vboxuser/ros2_humble/install/ros2test:/home/vboxuser/ros2_humble/install/ros2component:/home/vboxuser/ros2_humble/install/ros2param:/home/vboxuser/ros2_humble/install/ros2lifecycle:/home/vboxuser/ros2_humble/install/ros2service:/home/vboxuser/ros2_humble/install/ros2run:/home/vboxuser/ros2_humble/install/ros2launch:/home/vboxuser/ros2_humble/install/ros2pkg:/home/vboxuser/ros2_humble/install/ros2node:/home/vboxuser/ros2_humble/install/ros2multicast:/home/vboxuser/ros2_humble/install/ros2interface:/home/vboxuser/ros2_humble/install/ros2doctor:/home/vboxuser/ros2_humble/install/ros2action:/home/vboxuser/ros2_humble/install/ros2cli:/home/vboxuser/ros2_humble/install/quality_of_service_demo_py:/home/vboxuser/ros2_humble/install/lifecycle_py:/home/vboxuser/ros2_humble/install/launch_testing_ros:/home/vboxuser/ros2_humble/install/launch_ros:/home/vboxuser/ros2_humble/install/examples_rclpy_pointcloud_publisher:/home/vboxuser/ros2_humble/install/examples_rclpy_minimal_subscriber:/home/vboxuser/ros2_humble/install/examples_rclpy_minimal_service:/home/vboxuser/ros2_humble/install/examples_rclpy_minimal_publisher:/home/vboxuser/ros2_humble/install/examples_rclpy_minimal_client:/home/vboxuser/ros2_humble/install/examples_rclpy_minimal_action_server:/home/vboxuser/ros2_humble/install/examples_rclpy_minimal_action_client:/home/vboxuser/ros2_humble/install/examples_rclpy_guard_conditions:/home/vboxuser/ros2_humble/install/examples_rclpy_executors:/home/vboxuser/ros2_humble/install/demo_nodes_py:/home/vboxuser/ros2_humble/install/action_tutorials_py:/home/vboxuser/ros2_humble/install/ament_uncrustify:/home/vboxuser/ros2_humble/install/tracetools_trace:/home/vboxuser/ros2_humble/install/tracetools_read:/home/vboxuser/ros2_humble/install/test_tracetools_launch:/home/vboxuser/ros2_humble/install/test_launch_ros:/home/vboxuser/ros2_humble/install/sensor_msgs_py:/home/vboxuser/ros2_humble/install/rpyutils:/home/vboxuser/ros2_humble/install/rosidl_runtime_py:/home/vboxuser/ros2_humble/install/rosidl_cli:/home/vboxuser/ros2_humble/install/launch_pytest:/home/vboxuser/ros2_humble/install/launch_testing:/home/vboxuser/ros2_humble/install/launch_yaml:/home/vboxuser/ros2_humble/install/launch_xml:/home/vboxuser/ros2_humble/install/launch:/home/vboxuser/ros2_humble/install/osrf_pycommon:/home/vboxuser/ros2_humble/install/launch_testing_examples:/home/vboxuser/ros2_humble/install/domain_coordinator:/home/vboxuser/ros2_humble/install/ament_xmllint:/home/vboxuser/ros2_humble/install/ament_pyflakes:/home/vboxuser/ros2_humble/install/ament_pycodestyle:/home/vboxuser/ros2_humble/install/ament_pep257:/home/vboxuser/ros2_humble/install/ament_pclint:/home/vboxuser/ros2_humble/install/ament_package:/home/vboxuser/ros2_humble/install/ament_mypy:/home/vboxuser/ros2_humble/install/ament_lint_cmake:/home/vboxuser/ros2_humble/install/ament_flake8:/home/vboxuser/ros2_humble/install/ament_copyright:/home/vboxuser/ros2_humble/install/ament_lint:/home/vboxuser/ros2_humble/install/ament_index_python:/home/vboxuser/ros2_humble/install/ament_cpplint:/home/vboxuser/ros2_humble/install/ament_cppcheck:/home/vboxuser/ros2_humble/install/ament_clang_tidy:/home/vboxuser/ros2_humble/install/ament_clang_format /usr/bin/cmake /home/vboxuser/Haste/src/custom_interfaces -DCMAKE_INSTALL_PREFIX=/home/vboxuser/Haste/install/custom_interfaces
[0.185s] -- Found ament_cmake: 1.3.3 (/home/vboxuser/ros2_humble/install/ament_cmake/share/ament_cmake/cmake)
[0.821s] -- Found Python3: /usr/bin/python3.10 (found version "3.10.6") found components: Interpreter 
[1.485s] -- Found geometry_msgs: 4.2.3 (/home/vboxuser/ros2_humble/install/geometry_msgs/share/geometry_msgs/cmake)
[1.758s] -- Found rosidl_generator_c: 3.1.4 (/home/vboxuser/ros2_humble/install/rosidl_generator_c/share/rosidl_generator_c/cmake)
[1.800s] -- Found rosidl_adapter: 3.1.4 (/home/vboxuser/ros2_humble/install/rosidl_adapter/share/rosidl_adapter/cmake)
[1.875s] -- Found rosidl_generator_cpp: 3.1.4 (/home/vboxuser/ros2_humble/install/rosidl_generator_cpp/share/rosidl_generator_cpp/cmake)
[2.009s] -- Using all available rosidl_typesupport_c: rosidl_typesupport_introspection_c;rosidl_typesupport_fastrtps_c
[2.137s] -- Using all available rosidl_typesupport_cpp: rosidl_typesupport_introspection_cpp;rosidl_typesupport_fastrtps_cpp
[2.409s] -- Found rosidl_default_generators: 1.2.0 (/home/vboxuser/ros2_humble/install/rosidl_default_generators/share/rosidl_default_generators/cmake)
[3.288s] -- Found ament_cmake_ros: 0.10.0 (/home/vboxuser/ros2_humble/install/ament_cmake_ros/share/ament_cmake_ros/cmake)
[4.350s] -- Using all available rosidl_typesupport_c: rosidl_typesupport_introspection_c;rosidl_typesupport_fastrtps_c
[4.720s] -- Using all available rosidl_typesupport_cpp: rosidl_typesupport_introspection_cpp;rosidl_typesupport_fastrtps_cpp
[4.806s] -- Found PythonInterp: /usr/bin/python3 (found suitable version "3.10.6", minimum required is "3.6") 
[4.871s] -- Found python_cmake_module: 0.10.0 (/home/vboxuser/ros2_humble/install/python_cmake_module/share/python_cmake_module/cmake)
[5.055s] -- Found PythonLibs: /usr/lib/x86_64-linux-gnu/libpython3.10.so (found suitable version "3.10.6", minimum required is "3.5") 
[5.055s] -- Using PYTHON_EXECUTABLE: /usr/bin/python3
[5.055s] -- Using PYTHON_INCLUDE_DIRS: /usr/include/python3.10
[5.056s] -- Using PYTHON_LIBRARIES: /usr/lib/x86_64-linux-gnu/libpython3.10.so
[5.122s] -- Found PythonExtra: .so  
[5.555s] -- Found ament_lint_auto: 0.12.5 (/home/vboxuser/ros2_humble/install/ament_lint_auto/share/ament_lint_auto/cmake)
[5.752s] -- Added test 'lint_cmake' to check CMake code style
[5.778s] -- Added test 'xmllint' to check XML markup files
[5.792s] -- Configuring done
[5.829s] -- Generating done
[5.830s] -- Build files have been written to: /home/vboxuser/Haste/build/custom_interfaces
[5.839s] Invoked command in '/home/vboxuser/Haste/build/custom_interfaces' returned '0': CMAKE_PREFIX_PATH=${CMAKE_PREFIX_PATH}:/home/vboxuser/ros2_humble/install/rqt_bag_plugins:/home/vboxuser/ros2_humble/install/rqt_bag:/home/vboxuser/ros2_humble/install/ros2bag:/home/vboxuser/ros2_humble/install/tracetools_test:/home/vboxuser/ros2_humble/install/tracetools_launch:/home/vboxuser/ros2_humble/install/topic_monitor:/home/vboxuser/ros2_humble/install/tf2_tools:/home/vboxuser/ros2_humble/install/examples_tf2_py:/home/vboxuser/ros2_humble/install/tf2_ros_py:/home/vboxuser/ros2_humble/install/sros2:/home/vboxuser/ros2_humble/install/rqt_topic:/home/vboxuser/ros2_humble/install/rqt_srv:/home/vboxuser/ros2_humble/install/rqt_shell:/home/vboxuser/ros2_humble/install/rqt_service_caller:/home/vboxuser/ros2_humble/install/rqt_reconfigure:/home/vboxuser/ros2_humble/install/rqt_py_console:/home/vboxuser/ros2_humble/install/rqt_publisher:/home/vboxuser/ros2_humble/install/rqt_plot:/home/vboxuser/ros2_humble/install/rqt_action:/home/vboxuser/ros2_humble/install/rqt_msg:/home/vboxuser/ros2_humble/install/rqt_console:/home/vboxuser/ros2_humble/install/rqt:/home/vboxuser/ros2_humble/install/rqt_graph:/home/vboxuser/ros2_humble/install/rqt_gui_py:/home/vboxuser/ros2_humble/install/rqt_gui:/home/vboxuser/ros2_humble/install/ros2trace:/home/vboxuser/ros2_humble/install/ros2topic:/home/vboxuser/ros2_humble/install/ros2test:/home/vboxuser/ros2_humble/install/ros2component:/home/vboxuser/ros2_humble/install/ros2param:/home/vboxuser/ros2_humble/install/ros2lifecycle:/home/vboxuser/ros2_humble/install/ros2service:/home/vboxuser/ros2_humble/install/ros2run:/home/vboxuser/ros2_humble/install/ros2launch:/home/vboxuser/ros2_humble/install/ros2pkg:/home/vboxuser/ros2_humble/install/ros2node:/home/vboxuser/ros2_humble/install/ros2multicast:/home/vboxuser/ros2_humble/install/ros2interface:/home/vboxuser/ros2_humble/install/ros2doctor:/home/vboxuser/ros2_humble/install/ros2action:/home/vboxuser/ros2_humble/install/ros2cli:/home/vboxuser/ros2_humble/install/quality_of_service_demo_py:/home/vboxuser/ros2_humble/install/lifecycle_py:/home/vboxuser/ros2_humble/install/launch_testing_ros:/home/vboxuser/ros2_humble/install/launch_ros:/home/vboxuser/ros2_humble/install/examples_rclpy_pointcloud_publisher:/home/vboxuser/ros2_humble/install/examples_rclpy_minimal_subscriber:/home/vboxuser/ros2_humble/install/examples_rclpy_minimal_service:/home/vboxuser/ros2_humble/install/examples_rclpy_minimal_publisher:/home/vboxuser/ros2_humble/install/examples_rclpy_minimal_client:/home/vboxuser/ros2_humble/install/examples_rclpy_minimal_action_server:/home/vboxuser/ros2_humble/install/examples_rclpy_minimal_action_client:/home/vboxuser/ros2_humble/install/examples_rclpy_guard_conditions:/home/vboxuser/ros2_humble/install/examples_rclpy_executors:/home/vboxuser/ros2_humble/install/demo_nodes_py:/home/vboxuser/ros2_humble/install/action_tutorials_py:/home/vboxuser/ros2_humble/install/ament_uncrustify:/home/vboxuser/ros2_humble/install/tracetools_trace:/home/vboxuser/ros2_humble/install/tracetools_read:/home/vboxuser/ros2_humble/install/test_tracetools_launch:/home/vboxuser/ros2_humble/install/test_launch_ros:/home/vboxuser/ros2_humble/install/sensor_msgs_py:/home/vboxuser/ros2_humble/install/rpyutils:/home/vboxuser/ros2_humble/install/rosidl_runtime_py:/home/vboxuser/ros2_humble/install/rosidl_cli:/home/vboxuser/ros2_humble/install/launch_pytest:/home/vboxuser/ros2_humble/install/launch_testing:/home/vboxuser/ros2_humble/install/launch_yaml:/home/vboxuser/ros2_humble/install/launch_xml:/home/vboxuser/ros2_humble/install/launch:/home/vboxuser/ros2_humble/install/osrf_pycommon:/home/vboxuser/ros2_humble/install/launch_testing_examples:/home/vboxuser/ros2_humble/install/domain_coordinator:/home/vboxuser/ros2_humble/install/ament_xmllint:/home/vboxuser/ros2_humble/install/ament_pyflakes:/home/vboxuser/ros2_humble/install/ament_pycodestyle:/home/vboxuser/ros2_humble/install/ament_pep257:/home/vboxuser/ros2_humble/install/ament_pclint:/home/vboxuser/ros2_humble/install/ament_package:/home/vboxuser/ros2_humble/install/ament_mypy:/home/vboxuser/ros2_humble/install/ament_lint_cmake:/home/vboxuser/ros2_humble/install/ament_flake8:/home/vboxuser/ros2_humble/install/ament_copyright:/home/vboxuser/ros2_humble/install/ament_lint:/home/vboxuser/ros2_humble/install/ament_index_python:/home/vboxuser/ros2_humble/install/ament_cpplint:/home/vboxuser/ros2_humble/install/ament_cppcheck:/home/vboxuser/ros2_humble/install/ament_clang_tidy:/home/vboxuser/ros2_humble/install/ament_clang_format /usr/bin/cmake /home/vboxuser/Haste/src/custom_interfaces -DCMAKE_INSTALL_PREFIX=/home/vboxuser/Haste/install/custom_interfaces
[5.839s] Invoking command in '/home/vboxuser/Haste/build/custom_interfaces': CMAKE_PREFIX_PATH=${CMAKE_PREFIX_PATH}:/home/vboxuser/ros2_humble/install/rqt_bag_plugins:/home/vboxuser/ros2_humble/install/rqt_bag:/home/vboxuser/ros2_humble/install/ros2bag:/home/vboxuser/ros2_humble/install/tracetools_test:/home/vboxuser/ros2_humble/install/tracetools_launch:/home/vboxuser/ros2_humble/install/topic_monitor:/home/vboxuser/ros2_humble/install/tf2_tools:/home/vboxuser/ros2_humble/install/examples_tf2_py:/home/vboxuser/ros2_humble/install/tf2_ros_py:/home/vboxuser/ros2_humble/install/sros2:/home/vboxuser/ros2_humble/install/rqt_topic:/home/vboxuser/ros2_humble/install/rqt_srv:/home/vboxuser/ros2_humble/install/rqt_shell:/home/vboxuser/ros2_humble/install/rqt_service_caller:/home/vboxuser/ros2_humble/install/rqt_reconfigure:/home/vboxuser/ros2_humble/install/rqt_py_console:/home/vboxuser/ros2_humble/install/rqt_publisher:/home/vboxuser/ros2_humble/install/rqt_plot:/home/vboxuser/ros2_humble/install/rqt_action:/home/vboxuser/ros2_humble/install/rqt_msg:/home/vboxuser/ros2_humble/install/rqt_console:/home/vboxuser/ros2_humble/install/rqt:/home/vboxuser/ros2_humble/install/rqt_graph:/home/vboxuser/ros2_humble/install/rqt_gui_py:/home/vboxuser/ros2_humble/install/rqt_gui:/home/vboxuser/ros2_humble/install/ros2trace:/home/vboxuser/ros2_humble/install/ros2topic:/home/vboxuser/ros2_humble/install/ros2test:/home/vboxuser/ros2_humble/install/ros2component:/home/vboxuser/ros2_humble/install/ros2param:/home/vboxuser/ros2_humble/install/ros2lifecycle:/home/vboxuser/ros2_humble/install/ros2service:/home/vboxuser/ros2_humble/install/ros2run:/home/vboxuser/ros2_humble/install/ros2launch:/home/vboxuser/ros2_humble/install/ros2pkg:/home/vboxuser/ros2_humble/install/ros2node:/home/vboxuser/ros2_humble/install/ros2multicast:/home/vboxuser/ros2_humble/install/ros2interface:/home/vboxuser/ros2_humble/install/ros2doctor:/home/vboxuser/ros2_humble/install/ros2action:/home/vboxuser/ros2_humble/install/ros2cli:/home/vboxuser/ros2_humble/install/quality_of_service_demo_py:/home/vboxuser/ros2_humble/install/lifecycle_py:/home/vboxuser/ros2_humble/install/launch_testing_ros:/home/vboxuser/ros2_humble/install/launch_ros:/home/vboxuser/ros2_humble/install/examples_rclpy_pointcloud_publisher:/home/vboxuser/ros2_humble/install/examples_rclpy_minimal_subscriber:/home/vboxuser/ros2_humble/install/examples_rclpy_minimal_service:/home/vboxuser/ros2_humble/install/examples_rclpy_minimal_publisher:/home/vboxuser/ros2_humble/install/examples_rclpy_minimal_client:/home/vboxuser/ros2_humble/install/examples_rclpy_minimal_action_server:/home/vboxuser/ros2_humble/install/examples_rclpy_minimal_action_client:/home/vboxuser/ros2_humble/install/examples_rclpy_guard_conditions:/home/vboxuser/ros2_humble/install/examples_rclpy_executors:/home/vboxuser/ros2_humble/install/demo_nodes_py:/home/vboxuser/ros2_humble/install/action_tutorials_py:/home/vboxuser/ros2_humble/install/ament_uncrustify:/home/vboxuser/ros2_humble/install/tracetools_trace:/home/vboxuser/ros2_humble/install/tracetools_read:/home/vboxuser/ros2_humble/install/test_tracetools_launch:/home/vboxuser/ros2_humble/install/test_launch_ros:/home/vboxuser/ros2_humble/install/sensor_msgs_py:/home/vboxuser/ros2_humble/install/rpyutils:/home/vboxuser/ros2_humble/install/rosidl_runtime_py:/home/vboxuser/ros2_humble/install/rosidl_cli:/home/vboxuser/ros2_humble/install/launch_pytest:/home/vboxuser/ros2_humble/install/launch_testing:/home/vboxuser/ros2_humble/install/launch_yaml:/home/vboxuser/ros2_humble/install/launch_xml:/home/vboxuser/ros2_humble/install/launch:/home/vboxuser/ros2_humble/install/osrf_pycommon:/home/vboxuser/ros2_humble/install/launch_testing_examples:/home/vboxuser/ros2_humble/install/domain_coordinator:/home/vboxuser/ros2_humble/install/ament_xmllint:/home/vboxuser/ros2_humble/install/ament_pyflakes:/home/vboxuser/ros2_humble/install/ament_pycodestyle:/home/vboxuser/ros2_humble/install/ament_pep257:/home/vboxuser/ros2_humble/install/ament_pclint:/home/vboxuser/ros2_humble/install/ament_package:/home/vboxuser/ros2_humble/install/ament_mypy:/home/vboxuser/ros2_humble/install/ament_lint_cmake:/home/vboxuser/ros2_humble/install/ament_flake8:/home/vboxuser/ros2_humble/install/ament_copyright:/home/vboxuser/ros2_humble/install/ament_lint:/home/vboxuser/ros2_humble/install/ament_index_python:/home/vboxuser/ros2_humble/install/ament_cpplint:/home/vboxuser/ros2_humble/install/ament_cppcheck:/home/vboxuser/ros2_humble/install/ament_clang_tidy:/home/vboxuser/ros2_humble/install/ament_clang_format /usr/bin/cmake --build /home/vboxuser/Haste/build/custom_interfaces -- -j4 -l4
[5.914s] [  1%] [34m[1mGenerating C code for ROS interfaces[0m
[5.934s] [  3%] [34m[1mGenerating C++ code for ROS interfaces[0m
[5.954s] [  3%] Built target ament_cmake_python_copy_custom_interfaces
[6.535s] running egg_info
[6.536s] creating custom_interfaces.egg-info
[6.536s] writing custom_interfaces.egg-info/PKG-INFO
[6.536s] writing dependency_links to custom_interfaces.egg-info/dependency_links.txt
[6.536s] writing top-level names to custom_interfaces.egg-info/top_level.txt
[6.536s] writing manifest file 'custom_interfaces.egg-info/SOURCES.txt'
[6.542s] reading manifest file 'custom_interfaces.egg-info/SOURCES.txt'
[6.548s] writing manifest file 'custom_interfaces.egg-info/SOURCES.txt'
[6.603s] [  3%] Built target ament_cmake_python_build_custom_interfaces_egg
[6.701s] [  3%] Built target custom_interfaces__cpp
[6.724s] [  5%] [34m[1mGenerating C++ type support dispatch for ROS interfaces[0m
[6.757s] [  7%] [34m[1mGenerating C++ type support for eProsima Fast-RTPS[0m
[6.812s] [  9%] [34m[1mGenerating C++ introspection for ROS interfaces[0m
[6.875s] [ 10%] [32mBuilding C object CMakeFiles/custom_interfaces__rosidl_generator_c.dir/rosidl_generator_c/custom_interfaces/msg/detail/num__functions.c.o[0m
[7.000s] [ 12%] [32mBuilding C object CMakeFiles/custom_interfaces__rosidl_generator_c.dir/rosidl_generator_c/custom_interfaces/msg/detail/sphere__functions.c.o[0m
[7.058s] [ 14%] [32mBuilding C object CMakeFiles/custom_interfaces__rosidl_generator_c.dir/rosidl_generator_c/custom_interfaces/srv/detail/add_three_ints__functions.c.o[0m
[7.174s] [ 16%] [32mBuilding CXX object CMakeFiles/custom_interfaces__rosidl_typesupport_cpp.dir/rosidl_typesupport_cpp/custom_interfaces/msg/num__type_support.cpp.o[0m
[7.177s] [ 18%] [32mBuilding C object CMakeFiles/custom_interfaces__rosidl_generator_c.dir/rosidl_generator_c/custom_interfaces/srv/detail/scan_twi__functions.c.o[0m
[7.268s] [ 20%] [32m[1mLinking C shared library libcustom_interfaces__rosidl_generator_c.so[0m
[7.350s] [ 20%] Built target custom_interfaces__rosidl_generator_c
[7.391s] [ 21%] [32mBuilding CXX object CMakeFiles/custom_interfaces__rosidl_typesupport_introspection_cpp.dir/rosidl_typesupport_introspection_cpp/custom_interfaces/msg/detail/num__type_support.cpp.o[0m
[7.406s] [ 23%] [34m[1mGenerating C type support for eProsima Fast-RTPS[0m
[7.501s] [ 25%] [32mBuilding CXX object CMakeFiles/custom_interfaces__rosidl_typesupport_fastrtps_cpp.dir/rosidl_typesupport_fastrtps_cpp/custom_interfaces/msg/detail/dds_fastrtps/num__type_support.cpp.o[0m
[7.553s] [ 27%] [32mBuilding CXX object CMakeFiles/custom_interfaces__rosidl_typesupport_cpp.dir/rosidl_typesupport_cpp/custom_interfaces/msg/sphere__type_support.cpp.o[0m
[7.805s] [ 29%] [32mBuilding CXX object CMakeFiles/custom_interfaces__rosidl_typesupport_introspection_cpp.dir/rosidl_typesupport_introspection_cpp/custom_interfaces/msg/detail/sphere__type_support.cpp.o[0m
[8.092s] [ 30%] [32mBuilding CXX object CMakeFiles/custom_interfaces__rosidl_typesupport_fastrtps_cpp.dir/rosidl_typesupport_fastrtps_cpp/custom_interfaces/msg/detail/dds_fastrtps/sphere__type_support.cpp.o[0m
[8.115s] [ 32%] [32mBuilding CXX object CMakeFiles/custom_interfaces__rosidl_typesupport_cpp.dir/rosidl_typesupport_cpp/custom_interfaces/srv/add_three_ints__type_support.cpp.o[0m
[8.264s] [ 34%] [32mBuilding CXX object CMakeFiles/custom_interfaces__rosidl_typesupport_fastrtps_c.dir/rosidl_typesupport_fastrtps_c/custom_interfaces/msg/detail/num__type_support_c.cpp.o[0m
[8.395s] [ 36%] [32mBuilding CXX object CMakeFiles/custom_interfaces__rosidl_typesupport_introspection_cpp.dir/rosidl_typesupport_introspection_cpp/custom_interfaces/srv/detail/add_three_ints__type_support.cpp.o[0m
[8.455s] [ 38%] [32mBuilding CXX object CMakeFiles/custom_interfaces__rosidl_typesupport_cpp.dir/rosidl_typesupport_cpp/custom_interfaces/srv/scan_twi__type_support.cpp.o[0m
[8.551s] [ 40%] [32mBuilding CXX object CMakeFiles/custom_interfaces__rosidl_typesupport_fastrtps_cpp.dir/rosidl_typesupport_fastrtps_cpp/custom_interfaces/srv/detail/dds_fastrtps/add_three_ints__type_support.cpp.o[0m
[8.661s] [ 41%] [32mBuilding CXX object CMakeFiles/custom_interfaces__rosidl_typesupport_fastrtps_c.dir/rosidl_typesupport_fastrtps_c/custom_interfaces/msg/detail/sphere__type_support_c.cpp.o[0m
[8.710s] [ 43%] [32m[1mLinking CXX shared library libcustom_interfaces__rosidl_typesupport_cpp.so[0m
[8.804s] [ 45%] [32mBuilding CXX object CMakeFiles/custom_interfaces__rosidl_typesupport_introspection_cpp.dir/rosidl_typesupport_introspection_cpp/custom_interfaces/srv/detail/scan_twi__type_support.cpp.o[0m
[8.812s] [ 45%] Built target custom_interfaces__rosidl_typesupport_cpp
[8.845s] [ 47%] [32mBuilding CXX object CMakeFiles/custom_interfaces__rosidl_typesupport_fastrtps_c.dir/rosidl_typesupport_fastrtps_c/custom_interfaces/srv/detail/add_three_ints__type_support_c.cpp.o[0m
[8.917s] [ 49%] [32mBuilding CXX object CMakeFiles/custom_interfaces__rosidl_typesupport_fastrtps_cpp.dir/rosidl_typesupport_fastrtps_cpp/custom_interfaces/srv/detail/dds_fastrtps/scan_twi__type_support.cpp.o[0m
[8.933s] [ 50%] [32mBuilding CXX object CMakeFiles/custom_interfaces__rosidl_typesupport_fastrtps_c.dir/rosidl_typesupport_fastrtps_c/custom_interfaces/srv/detail/scan_twi__type_support_c.cpp.o[0m
[9.157s] [ 52%] [32m[1mLinking CXX shared library libcustom_interfaces__rosidl_typesupport_introspection_cpp.so[0m
[9.317s] [ 54%] [34m[1mGenerating C introspection for ROS interfaces[0m
[9.323s] [ 54%] Built target custom_interfaces__rosidl_typesupport_introspection_cpp
[9.337s] [ 56%] [32m[1mLinking CXX shared library libcustom_interfaces__rosidl_typesupport_fastrtps_cpp.so[0m
[9.345s] [ 58%] [32m[1mLinking CXX shared library libcustom_interfaces__rosidl_typesupport_fastrtps_c.so[0m
[9.352s] [ 60%] [34m[1mGenerating C type support dispatch for ROS interfaces[0m
[9.460s] [ 60%] Built target custom_interfaces__rosidl_typesupport_fastrtps_cpp
[9.470s] [ 60%] Built target custom_interfaces__rosidl_typesupport_fastrtps_c
[9.783s] [ 61%] [32mBuilding CXX object CMakeFiles/custom_interfaces__rosidl_typesupport_c.dir/rosidl_typesupport_c/custom_interfaces/msg/num__type_support.cpp.o[0m
[9.783s] [ 63%] [32mBuilding CXX object CMakeFiles/custom_interfaces__rosidl_typesupport_c.dir/rosidl_typesupport_c/custom_interfaces/msg/sphere__type_support.cpp.o[0m
[9.786s] [ 65%] [32mBuilding CXX object CMakeFiles/custom_interfaces__rosidl_typesupport_c.dir/rosidl_typesupport_c/custom_interfaces/srv/add_three_ints__type_support.cpp.o[0m
[9.861s] [ 67%] [32mBuilding CXX object CMakeFiles/custom_interfaces__rosidl_typesupport_c.dir/rosidl_typesupport_c/custom_interfaces/srv/scan_twi__type_support.cpp.o[0m
[9.908s] [ 70%] [32mBuilding C object CMakeFiles/custom_interfaces__rosidl_typesupport_introspection_c.dir/rosidl_typesupport_introspection_c/custom_interfaces/srv/detail/add_three_ints__type_support.c.o[0m
[9.908s] [ 70%] [32mBuilding C object CMakeFiles/custom_interfaces__rosidl_typesupport_introspection_c.dir/rosidl_typesupport_introspection_c/custom_interfaces/msg/detail/num__type_support.c.o[0m
[9.909s] [ 72%] [32mBuilding C object CMakeFiles/custom_interfaces__rosidl_typesupport_introspection_c.dir/rosidl_typesupport_introspection_c/custom_interfaces/msg/detail/sphere__type_support.c.o[0m
[9.919s] [ 74%] [32m[1mLinking CXX shared library libcustom_interfaces__rosidl_typesupport_c.so[0m
[9.984s] [ 76%] [32mBuilding C object CMakeFiles/custom_interfaces__rosidl_typesupport_introspection_c.dir/rosidl_typesupport_introspection_c/custom_interfaces/srv/detail/scan_twi__type_support.c.o[0m
[10.015s] [ 76%] Built target custom_interfaces__rosidl_typesupport_c
[10.047s] [ 78%] [32m[1mLinking C shared library libcustom_interfaces__rosidl_typesupport_introspection_c.so[0m
[10.120s] [ 78%] Built target custom_interfaces__rosidl_typesupport_introspection_c
[10.157s] [ 78%] Built target custom_interfaces
[10.207s] [ 80%] [34m[1mGenerating Python code for ROS interfaces[0m
[10.921s] [ 80%] Built target custom_interfaces__py
[10.957s] [ 81%] [32mBuilding C object CMakeFiles/custom_interfaces__rosidl_generator_py.dir/rosidl_generator_py/custom_interfaces/msg/_num_s.c.o[0m
[10.958s] [ 83%] [32mBuilding C object CMakeFiles/custom_interfaces__rosidl_generator_py.dir/rosidl_generator_py/custom_interfaces/msg/_sphere_s.c.o[0m
[10.958s] [ 85%] [32mBuilding C object CMakeFiles/custom_interfaces__rosidl_generator_py.dir/rosidl_generator_py/custom_interfaces/srv/_add_three_ints_s.c.o[0m
[10.968s] [ 87%] [32mBuilding C object CMakeFiles/custom_interfaces__rosidl_generator_py.dir/rosidl_generator_py/custom_interfaces/srv/_scan_twi_s.c.o[0m
[11.077s] [ 89%] [32m[1mLinking C shared library rosidl_generator_py/custom_interfaces/libcustom_interfaces__rosidl_generator_py.so[0m
[11.168s] [ 89%] Built target custom_interfaces__rosidl_generator_py
[11.229s] [ 90%] [32mBuilding C object CMakeFiles/custom_interfaces__rosidl_typesupport_fastrtps_c__pyext.dir/rosidl_generator_py/custom_interfaces/_custom_interfaces_s.ep.rosidl_typesupport_fastrtps_c.c.o[0m
[11.229s] [ 92%] [32mBuilding C object CMakeFiles/custom_interfaces__rosidl_typesupport_introspection_c__pyext.dir/rosidl_generator_py/custom_interfaces/_custom_interfaces_s.ep.rosidl_typesupport_introspection_c.c.o[0m
[11.234s] [ 94%] [32mBuilding C object CMakeFiles/custom_interfaces__rosidl_typesupport_c__pyext.dir/rosidl_generator_py/custom_interfaces/_custom_interfaces_s.ep.rosidl_typesupport_c.c.o[0m
[11.348s] [ 96%] [32m[1mLinking C shared library rosidl_generator_py/custom_interfaces/custom_interfaces_s__rosidl_typesupport_introspection_c.cpython-310-x86_64-linux-gnu.so[0m
[11.361s] [ 98%] [32m[1mLinking C shared library rosidl_generator_py/custom_interfaces/custom_interfaces_s__rosidl_typesupport_fastrtps_c.cpython-310-x86_64-linux-gnu.so[0m
[11.373s] [100%] [32m[1mLinking C shared library rosidl_generator_py/custom_interfaces/custom_interfaces_s__rosidl_typesupport_c.cpython-310-x86_64-linux-gnu.so[0m
[11.423s] [100%] Built target custom_interfaces__rosidl_typesupport_introspection_c__pyext
[11.431s] [100%] Built target custom_interfaces__rosidl_typesupport_c__pyext
[11.431s] [100%] Built target custom_interfaces__rosidl_typesupport_fastrtps_c__pyext
[11.451s] Invoked command in '/home/vboxuser/Haste/build/custom_interfaces' returned '0': CMAKE_PREFIX_PATH=${CMAKE_PREFIX_PATH}:/home/vboxuser/ros2_humble/install/rqt_bag_plugins:/home/vboxuser/ros2_humble/install/rqt_bag:/home/vboxuser/ros2_humble/install/ros2bag:/home/vboxuser/ros2_humble/install/tracetools_test:/home/vboxuser/ros2_humble/install/tracetools_launch:/home/vboxuser/ros2_humble/install/topic_monitor:/home/vboxuser/ros2_humble/install/tf2_tools:/home/vboxuser/ros2_humble/install/examples_tf2_py:/home/vboxuser/ros2_humble/install/tf2_ros_py:/home/vboxuser/ros2_humble/install/sros2:/home/vboxuser/ros2_humble/install/rqt_topic:/home/vboxuser/ros2_humble/install/rqt_srv:/home/vboxuser/ros2_humble/install/rqt_shell:/home/vboxuser/ros2_humble/install/rqt_service_caller:/home/vboxuser/ros2_humble/install/rqt_reconfigure:/home/vboxuser/ros2_humble/install/rqt_py_console:/home/vboxuser/ros2_humble/install/rqt_publisher:/home/vboxuser/ros2_humble/install/rqt_plot:/home/vboxuser/ros2_humble/install/rqt_action:/home/vboxuser/ros2_humble/install/rqt_msg:/home/vboxuser/ros2_humble/install/rqt_console:/home/vboxuser/ros2_humble/install/rqt:/home/vboxuser/ros2_humble/install/rqt_graph:/home/vboxuser/ros2_humble/install/rqt_gui_py:/home/vboxuser/ros2_humble/install/rqt_gui:/home/vboxuser/ros2_humble/install/ros2trace:/home/vboxuser/ros2_humble/install/ros2topic:/home/vboxuser/ros2_humble/install/ros2test:/home/vboxuser/ros2_humble/install/ros2component:/home/vboxuser/ros2_humble/install/ros2param:/home/vboxuser/ros2_humble/install/ros2lifecycle:/home/vboxuser/ros2_humble/install/ros2service:/home/vboxuser/ros2_humble/install/ros2run:/home/vboxuser/ros2_humble/install/ros2launch:/home/vboxuser/ros2_humble/install/ros2pkg:/home/vboxuser/ros2_humble/install/ros2node:/home/vboxuser/ros2_humble/install/ros2multicast:/home/vboxuser/ros2_humble/install/ros2interface:/home/vboxuser/ros2_humble/install/ros2doctor:/home/vboxuser/ros2_humble/install/ros2action:/home/vboxuser/ros2_humble/install/ros2cli:/home/vboxuser/ros2_humble/install/quality_of_service_demo_py:/home/vboxuser/ros2_humble/install/lifecycle_py:/home/vboxuser/ros2_humble/install/launch_testing_ros:/home/vboxuser/ros2_humble/install/launch_ros:/home/vboxuser/ros2_humble/install/examples_rclpy_pointcloud_publisher:/home/vboxuser/ros2_humble/install/examples_rclpy_minimal_subscriber:/home/vboxuser/ros2_humble/install/examples_rclpy_minimal_service:/home/vboxuser/ros2_humble/install/examples_rclpy_minimal_publisher:/home/vboxuser/ros2_humble/install/examples_rclpy_minimal_client:/home/vboxuser/ros2_humble/install/examples_rclpy_minimal_action_server:/home/vboxuser/ros2_humble/install/examples_rclpy_minimal_action_client:/home/vboxuser/ros2_humble/install/examples_rclpy_guard_conditions:/home/vboxuser/ros2_humble/install/examples_rclpy_executors:/home/vboxuser/ros2_humble/install/demo_nodes_py:/home/vboxuser/ros2_humble/install/action_tutorials_py:/home/vboxuser/ros2_humble/install/ament_uncrustify:/home/vboxuser/ros2_humble/install/tracetools_trace:/home/vboxuser/ros2_humble/install/tracetools_read:/home/vboxuser/ros2_humble/install/test_tracetools_launch:/home/vboxuser/ros2_humble/install/test_launch_ros:/home/vboxuser/ros2_humble/install/sensor_msgs_py:/home/vboxuser/ros2_humble/install/rpyutils:/home/vboxuser/ros2_humble/install/rosidl_runtime_py:/home/vboxuser/ros2_humble/install/rosidl_cli:/home/vboxuser/ros2_humble/install/launch_pytest:/home/vboxuser/ros2_humble/install/launch_testing:/home/vboxuser/ros2_humble/install/launch_yaml:/home/vboxuser/ros2_humble/install/launch_xml:/home/vboxuser/ros2_humble/install/launch:/home/vboxuser/ros2_humble/install/osrf_pycommon:/home/vboxuser/ros2_humble/install/launch_testing_examples:/home/vboxuser/ros2_humble/install/domain_coordinator:/home/vboxuser/ros2_humble/install/ament_xmllint:/home/vboxuser/ros2_humble/install/ament_pyflakes:/home/vboxuser/ros2_humble/install/ament_pycodestyle:/home/vboxuser/ros2_humble/install/ament_pep257:/home/vboxuser/ros2_humble/install/ament_pclint:/home/vboxuser/ros2_humble/install/ament_package:/home/vboxuser/ros2_humble/install/ament_mypy:/home/vboxuser/ros2_humble/install/ament_lint_cmake:/home/vboxuser/ros2_humble/install/ament_flake8:/home/vboxuser/ros2_humble/install/ament_copyright:/home/vboxuser/ros2_humble/install/ament_lint:/home/vboxuser/ros2_humble/install/ament_index_python:/home/vboxuser/ros2_humble/install/ament_cpplint:/home/vboxuser/ros2_humble/install/ament_cppcheck:/home/vboxuser/ros2_humble/install/ament_clang_tidy:/home/vboxuser/ros2_humble/install/ament_clang_format /usr/bin/cmake --build /home/vboxuser/Haste/build/custom_interfaces -- -j4 -l4
[11.933s] Invoking command in '/home/vboxuser/Haste/build/custom_interfaces': CMAKE_PREFIX_PATH=${CMAKE_PREFIX_PATH}:/home/vboxuser/ros2_humble/install/rqt_bag_plugins:/home/vboxuser/ros2_humble/install/rqt_bag:/home/vboxuser/ros2_humble/install/ros2bag:/home/vboxuser/ros2_humble/install/tracetools_test:/home/vboxuser/ros2_humble/install/tracetools_launch:/home/vboxuser/ros2_humble/install/topic_monitor:/home/vboxuser/ros2_humble/install/tf2_tools:/home/vboxuser/ros2_humble/install/examples_tf2_py:/home/vboxuser/ros2_humble/install/tf2_ros_py:/home/vboxuser/ros2_humble/install/sros2:/home/vboxuser/ros2_humble/install/rqt_topic:/home/vboxuser/ros2_humble/install/rqt_srv:/home/vboxuser/ros2_humble/install/rqt_shell:/home/vboxuser/ros2_humble/install/rqt_service_caller:/home/vboxuser/ros2_humble/install/rqt_reconfigure:/home/vboxuser/ros2_humble/install/rqt_py_console:/home/vboxuser/ros2_humble/install/rqt_publisher:/home/vboxuser/ros2_humble/install/rqt_plot:/home/vboxuser/ros2_humble/install/rqt_action:/home/vboxuser/ros2_humble/install/rqt_msg:/home/vboxuser/ros2_humble/install/rqt_console:/home/vboxuser/ros2_humble/install/rqt:/home/vboxuser/ros2_humble/install/rqt_graph:/home/vboxuser/ros2_humble/install/rqt_gui_py:/home/vboxuser/ros2_humble/install/rqt_gui:/home/vboxuser/ros2_humble/install/ros2trace:/home/vboxuser/ros2_humble/install/ros2topic:/home/vboxuser/ros2_humble/install/ros2test:/home/vboxuser/ros2_humble/install/ros2component:/home/vboxuser/ros2_humble/install/ros2param:/home/vboxuser/ros2_humble/install/ros2lifecycle:/home/vboxuser/ros2_humble/install/ros2service:/home/vboxuser/ros2_humble/install/ros2run:/home/vboxuser/ros2_humble/install/ros2launch:/home/vboxuser/ros2_humble/install/ros2pkg:/home/vboxuser/ros2_humble/install/ros2node:/home/vboxuser/ros2_humble/install/ros2multicast:/home/vboxuser/ros2_humble/install/ros2interface:/home/vboxuser/ros2_humble/install/ros2doctor:/home/vboxuser/ros2_humble/install/ros2action:/home/vboxuser/ros2_humble/install/ros2cli:/home/vboxuser/ros2_humble/install/quality_of_service_demo_py:/home/vboxuser/ros2_humble/install/lifecycle_py:/home/vboxuser/ros2_humble/install/launch_testing_ros:/home/vboxuser/ros2_humble/install/launch_ros:/home/vboxuser/ros2_humble/install/examples_rclpy_pointcloud_publisher:/home/vboxuser/ros2_humble/install/examples_rclpy_minimal_subscriber:/home/vboxuser/ros2_humble/install/examples_rclpy_minimal_service:/home/vboxuser/ros2_humble/install/examples_rclpy_minimal_publisher:/home/vboxuser/ros2_humble/install/examples_rclpy_minimal_client:/home/vboxuser/ros2_humble/install/examples_rclpy_minimal_action_server:/home/vboxuser/ros2_humble/install/examples_rclpy_minimal_action_client:/home/vboxuser/ros2_humble/install/examples_rclpy_guard_conditions:/home/vboxuser/ros2_humble/install/examples_rclpy_executors:/home/vboxuser/ros2_humble/install/demo_nodes_py:/home/vboxuser/ros2_humble/install/action_tutorials_py:/home/vboxuser/ros2_humble/install/ament_uncrustify:/home/vboxuser/ros2_humble/install/tracetools_trace:/home/vboxuser/ros2_humble/install/tracetools_read:/home/vboxuser/ros2_humble/install/test_tracetools_launch:/home/vboxuser/ros2_humble/install/test_launch_ros:/home/vboxuser/ros2_humble/install/sensor_msgs_py:/home/vboxuser/ros2_humble/install/rpyutils:/home/vboxuser/ros2_humble/install/rosidl_runtime_py:/home/vboxuser/ros2_humble/install/rosidl_cli:/home/vboxuser/ros2_humble/install/launch_pytest:/home/vboxuser/ros2_humble/install/launch_testing:/home/vboxuser/ros2_humble/install/launch_yaml:/home/vboxuser/ros2_humble/install/launch_xml:/home/vboxuser/ros2_humble/install/launch:/home/vboxuser/ros2_humble/install/osrf_pycommon:/home/vboxuser/ros2_humble/install/launch_testing_examples:/home/vboxuser/ros2_humble/install/domain_coordinator:/home/vboxuser/ros2_humble/install/ament_xmllint:/home/vboxuser/ros2_humble/install/ament_pyflakes:/home/vboxuser/ros2_humble/install/ament_pycodestyle:/home/vboxuser/ros2_humble/install/ament_pep257:/home/vboxuser/ros2_humble/install/ament_pclint:/home/vboxuser/ros2_humble/install/ament_package:/home/vboxuser/ros2_humble/install/ament_mypy:/home/vboxuser/ros2_humble/install/ament_lint_cmake:/home/vboxuser/ros2_humble/install/ament_flake8:/home/vboxuser/ros2_humble/install/ament_copyright:/home/vboxuser/ros2_humble/install/ament_lint:/home/vboxuser/ros2_humble/install/ament_index_python:/home/vboxuser/ros2_humble/install/ament_cpplint:/home/vboxuser/ros2_humble/install/ament_cppcheck:/home/vboxuser/ros2_humble/install/ament_clang_tidy:/home/vboxuser/ros2_humble/install/ament_clang_format /usr/bin/cmake --install /home/vboxuser/Haste/build/custom_interfaces
[11.953s] -- Install configuration: ""
[11.954s] -- Installing: /home/vboxuser/Haste/install/custom_interfaces/share/ament_index/resource_index/rosidl_interfaces/custom_interfaces
[11.954s] -- Installing: /home/vboxuser/Haste/install/custom_interfaces/include/custom_interfaces/custom_interfaces
[11.954s] -- Installing: /home/vboxuser/Haste/install/custom_interfaces/include/custom_interfaces/custom_interfaces/msg
[11.954s] -- Installing: /home/vboxuser/Haste/install/custom_interfaces/include/custom_interfaces/custom_interfaces/msg/rosidl_generator_c__visibility_control.h
[11.954s] -- Installing: /home/vboxuser/Haste/install/custom_interfaces/include/custom_interfaces/custom_interfaces/msg/sphere.h
[11.955s] -- Installing: /home/vboxuser/Haste/install/custom_interfaces/include/custom_interfaces/custom_interfaces/msg/detail
[11.955s] -- Installing: /home/vboxuser/Haste/install/custom_interfaces/include/custom_interfaces/custom_interfaces/msg/detail/num__struct.h
[11.955s] -- Installing: /home/vboxuser/Haste/install/custom_interfaces/include/custom_interfaces/custom_interfaces/msg/detail/sphere__struct.h
[11.955s] -- Installing: /home/vboxuser/Haste/install/custom_interfaces/include/custom_interfaces/custom_interfaces/msg/detail/num__functions.c
[11.955s] -- Installing: /home/vboxuser/Haste/install/custom_interfaces/include/custom_interfaces/custom_interfaces/msg/detail/sphere__functions.c
[11.955s] -- Installing: /home/vboxuser/Haste/install/custom_interfaces/include/custom_interfaces/custom_interfaces/msg/detail/num__functions.h
[11.955s] -- Installing: /home/vboxuser/Haste/install/custom_interfaces/include/custom_interfaces/custom_interfaces/msg/detail/num__type_support.h
[11.955s] -- Installing: /home/vboxuser/Haste/install/custom_interfaces/include/custom_interfaces/custom_interfaces/msg/detail/sphere__type_support.h
[11.955s] -- Installing: /home/vboxuser/Haste/install/custom_interfaces/include/custom_interfaces/custom_interfaces/msg/detail/sphere__functions.h
[11.955s] -- Installing: /home/vboxuser/Haste/install/custom_interfaces/include/custom_interfaces/custom_interfaces/msg/num.h
[11.955s] -- Installing: /home/vboxuser/Haste/install/custom_interfaces/include/custom_interfaces/custom_interfaces/srv
[11.955s] -- Installing: /home/vboxuser/Haste/install/custom_interfaces/include/custom_interfaces/custom_interfaces/srv/detail
[11.955s] -- Installing: /home/vboxuser/Haste/install/custom_interfaces/include/custom_interfaces/custom_interfaces/srv/detail/add_three_ints__struct.h
[11.955s] -- Installing: /home/vboxuser/Haste/install/custom_interfaces/include/custom_interfaces/custom_interfaces/srv/detail/add_three_ints__functions.c
[11.955s] -- Installing: /home/vboxuser/Haste/install/custom_interfaces/include/custom_interfaces/custom_interfaces/srv/detail/scan_twi__type_support.h
[11.955s] -- Installing: /home/vboxuser/Haste/install/custom_interfaces/include/custom_interfaces/custom_interfaces/srv/detail/scan_twi__functions.c
[11.956s] -- Installing: /home/vboxuser/Haste/install/custom_interfaces/include/custom_interfaces/custom_interfaces/srv/detail/add_three_ints__type_support.h
[11.956s] -- Installing: /home/vboxuser/Haste/install/custom_interfaces/include/custom_interfaces/custom_interfaces/srv/detail/scan_twi__struct.h
[11.956s] -- Installing: /home/vboxuser/Haste/install/custom_interfaces/include/custom_interfaces/custom_interfaces/srv/detail/add_three_ints__functions.h
[11.956s] -- Installing: /home/vboxuser/Haste/install/custom_interfaces/include/custom_interfaces/custom_interfaces/srv/detail/scan_twi__functions.h
[11.956s] -- Installing: /home/vboxuser/Haste/install/custom_interfaces/include/custom_interfaces/custom_interfaces/srv/add_three_ints.h
[11.956s] -- Installing: /home/vboxuser/Haste/install/custom_interfaces/include/custom_interfaces/custom_interfaces/srv/scan_twi.h
[11.956s] -- Installing: /home/vboxuser/Haste/install/custom_interfaces/share/custom_interfaces/environment/library_path.sh
[11.957s] -- Installing: /home/vboxuser/Haste/install/custom_interfaces/share/custom_interfaces/environment/library_path.dsv
[11.957s] -- Installing: /home/vboxuser/Haste/install/custom_interfaces/lib/libcustom_interfaces__rosidl_generator_c.so
[11.958s] -- Set runtime path of "/home/vboxuser/Haste/install/custom_interfaces/lib/libcustom_interfaces__rosidl_generator_c.so" to ""
[11.958s] -- Up-to-date: /home/vboxuser/Haste/install/custom_interfaces/include/custom_interfaces/custom_interfaces
[11.958s] -- Up-to-date: /home/vboxuser/Haste/install/custom_interfaces/include/custom_interfaces/custom_interfaces/msg
[11.958s] -- Up-to-date: /home/vboxuser/Haste/install/custom_interfaces/include/custom_interfaces/custom_interfaces/msg/detail
[11.958s] -- Installing: /home/vboxuser/Haste/install/custom_interfaces/include/custom_interfaces/custom_interfaces/msg/detail/num__rosidl_typesupport_fastrtps_c.h
[11.958s] -- Installing: /home/vboxuser/Haste/install/custom_interfaces/include/custom_interfaces/custom_interfaces/msg/detail/sphere__rosidl_typesupport_fastrtps_c.h
[11.958s] -- Installing: /home/vboxuser/Haste/install/custom_interfaces/include/custom_interfaces/custom_interfaces/msg/rosidl_typesupport_fastrtps_c__visibility_control.h
[11.958s] -- Up-to-date: /home/vboxuser/Haste/install/custom_interfaces/include/custom_interfaces/custom_interfaces/srv
[11.958s] -- Up-to-date: /home/vboxuser/Haste/install/custom_interfaces/include/custom_interfaces/custom_interfaces/srv/detail
[11.958s] -- Installing: /home/vboxuser/Haste/install/custom_interfaces/include/custom_interfaces/custom_interfaces/srv/detail/add_three_ints__rosidl_typesupport_fastrtps_c.h
[11.958s] -- Installing: /home/vboxuser/Haste/install/custom_interfaces/include/custom_interfaces/custom_interfaces/srv/detail/scan_twi__rosidl_typesupport_fastrtps_c.h
[11.958s] -- Installing: /home/vboxuser/Haste/install/custom_interfaces/lib/libcustom_interfaces__rosidl_typesupport_fastrtps_c.so
[11.958s] -- Set runtime path of "/home/vboxuser/Haste/install/custom_interfaces/lib/libcustom_interfaces__rosidl_typesupport_fastrtps_c.so" to ""
[11.958s] -- Up-to-date: /home/vboxuser/Haste/install/custom_interfaces/include/custom_interfaces/custom_interfaces
[11.958s] -- Up-to-date: /home/vboxuser/Haste/install/custom_interfaces/include/custom_interfaces/custom_interfaces/msg
[11.958s] -- Installing: /home/vboxuser/Haste/install/custom_interfaces/include/custom_interfaces/custom_interfaces/msg/num.hpp
[11.958s] -- Up-to-date: /home/vboxuser/Haste/install/custom_interfaces/include/custom_interfaces/custom_interfaces/msg/detail
[11.958s] -- Installing: /home/vboxuser/Haste/install/custom_interfaces/include/custom_interfaces/custom_interfaces/msg/detail/num__struct.hpp
[11.958s] -- Installing: /home/vboxuser/Haste/install/custom_interfaces/include/custom_interfaces/custom_interfaces/msg/detail/num__traits.hpp
[11.958s] -- Installing: /home/vboxuser/Haste/install/custom_interfaces/include/custom_interfaces/custom_interfaces/msg/detail/sphere__traits.hpp
[11.958s] -- Installing: /home/vboxuser/Haste/install/custom_interfaces/include/custom_interfaces/custom_interfaces/msg/detail/sphere__builder.hpp
[11.958s] -- Installing: /home/vboxuser/Haste/install/custom_interfaces/include/custom_interfaces/custom_interfaces/msg/detail/num__builder.hpp
[11.959s] -- Installing: /home/vboxuser/Haste/install/custom_interfaces/include/custom_interfaces/custom_interfaces/msg/detail/sphere__struct.hpp
[11.959s] -- Installing: /home/vboxuser/Haste/install/custom_interfaces/include/custom_interfaces/custom_interfaces/msg/sphere.hpp
[11.959s] -- Up-to-date: /home/vboxuser/Haste/install/custom_interfaces/include/custom_interfaces/custom_interfaces/srv
[11.959s] -- Up-to-date: /home/vboxuser/Haste/install/custom_interfaces/include/custom_interfaces/custom_interfaces/srv/detail
[11.959s] -- Installing: /home/vboxuser/Haste/install/custom_interfaces/include/custom_interfaces/custom_interfaces/srv/detail/add_three_ints__traits.hpp
[11.959s] -- Installing: /home/vboxuser/Haste/install/custom_interfaces/include/custom_interfaces/custom_interfaces/srv/detail/scan_twi__struct.hpp
[11.959s] -- Installing: /home/vboxuser/Haste/install/custom_interfaces/include/custom_interfaces/custom_interfaces/srv/detail/add_three_ints__struct.hpp
[11.959s] -- Installing: /home/vboxuser/Haste/install/custom_interfaces/include/custom_interfaces/custom_interfaces/srv/detail/scan_twi__traits.hpp
[11.960s] -- Installing: /home/vboxuser/Haste/install/custom_interfaces/include/custom_interfaces/custom_interfaces/srv/detail/scan_twi__builder.hpp
[11.960s] -- Installing: /home/vboxuser/Haste/install/custom_interfaces/include/custom_interfaces/custom_interfaces/srv/detail/add_three_ints__builder.hpp
[11.960s] -- Installing: /home/vboxuser/Haste/install/custom_interfaces/include/custom_interfaces/custom_interfaces/srv/scan_twi.hpp
[11.961s] -- Installing: /home/vboxuser/Haste/install/custom_interfaces/include/custom_interfaces/custom_interfaces/srv/add_three_ints.hpp
[11.961s] -- Up-to-date: /home/vboxuser/Haste/install/custom_interfaces/include/custom_interfaces/custom_interfaces
[11.961s] -- Up-to-date: /home/vboxuser/Haste/install/custom_interfaces/include/custom_interfaces/custom_interfaces/msg
[11.961s] -- Installing: /home/vboxuser/Haste/install/custom_interfaces/include/custom_interfaces/custom_interfaces/msg/rosidl_typesupport_fastrtps_cpp__visibility_control.h
[11.961s] -- Up-to-date: /home/vboxuser/Haste/install/custom_interfaces/include/custom_interfaces/custom_interfaces/msg/detail
[11.961s] -- Installing: /home/vboxuser/Haste/install/custom_interfaces/include/custom_interfaces/custom_interfaces/msg/detail/dds_fastrtps
[11.961s] -- Installing: /home/vboxuser/Haste/install/custom_interfaces/include/custom_interfaces/custom_interfaces/msg/detail/num__rosidl_typesupport_fastrtps_cpp.hpp
[11.961s] -- Installing: /home/vboxuser/Haste/install/custom_interfaces/include/custom_interfaces/custom_interfaces/msg/detail/sphere__rosidl_typesupport_fastrtps_cpp.hpp
[11.961s] -- Up-to-date: /home/vboxuser/Haste/install/custom_interfaces/include/custom_interfaces/custom_interfaces/srv
[11.962s] -- Up-to-date: /home/vboxuser/Haste/install/custom_interfaces/include/custom_interfaces/custom_interfaces/srv/detail
[11.962s] -- Installing: /home/vboxuser/Haste/install/custom_interfaces/include/custom_interfaces/custom_interfaces/srv/detail/add_three_ints__rosidl_typesupport_fastrtps_cpp.hpp
[11.962s] -- Installing: /home/vboxuser/Haste/install/custom_interfaces/include/custom_interfaces/custom_interfaces/srv/detail/dds_fastrtps
[11.962s] -- Installing: /home/vboxuser/Haste/install/custom_interfaces/include/custom_interfaces/custom_interfaces/srv/detail/scan_twi__rosidl_typesupport_fastrtps_cpp.hpp
[11.962s] -- Installing: /home/vboxuser/Haste/install/custom_interfaces/lib/libcustom_interfaces__rosidl_typesupport_fastrtps_cpp.so
[11.962s] -- Set runtime path of "/home/vboxuser/Haste/install/custom_interfaces/lib/libcustom_interfaces__rosidl_typesupport_fastrtps_cpp.so" to ""
[11.962s] -- Up-to-date: /home/vboxuser/Haste/install/custom_interfaces/include/custom_interfaces/custom_interfaces
[11.962s] -- Up-to-date: /home/vboxuser/Haste/install/custom_interfaces/include/custom_interfaces/custom_interfaces/msg
[11.962s] -- Up-to-date: /home/vboxuser/Haste/install/custom_interfaces/include/custom_interfaces/custom_interfaces/msg/detail
[11.962s] -- Installing: /home/vboxuser/Haste/install/custom_interfaces/include/custom_interfaces/custom_interfaces/msg/detail/num__rosidl_typesupport_introspection_c.h
[11.962s] -- Installing: /home/vboxuser/Haste/install/custom_interfaces/include/custom_interfaces/custom_interfaces/msg/detail/sphere__type_support.c
[11.962s] -- Installing: /home/vboxuser/Haste/install/custom_interfaces/include/custom_interfaces/custom_interfaces/msg/detail/sphere__rosidl_typesupport_introspection_c.h
[11.962s] -- Installing: /home/vboxuser/Haste/install/custom_interfaces/include/custom_interfaces/custom_interfaces/msg/detail/num__type_support.c
[11.963s] -- Installing: /home/vboxuser/Haste/install/custom_interfaces/include/custom_interfaces/custom_interfaces/msg/rosidl_typesupport_introspection_c__visibility_control.h
[11.963s] -- Up-to-date: /home/vboxuser/Haste/install/custom_interfaces/include/custom_interfaces/custom_interfaces/srv
[11.964s] -- Up-to-date: /home/vboxuser/Haste/install/custom_interfaces/include/custom_interfaces/custom_interfaces/srv/detail
[11.964s] -- Installing: /home/vboxuser/Haste/install/custom_interfaces/include/custom_interfaces/custom_interfaces/srv/detail/add_three_ints__rosidl_typesupport_introspection_c.h
[11.964s] -- Installing: /home/vboxuser/Haste/install/custom_interfaces/include/custom_interfaces/custom_interfaces/srv/detail/scan_twi__rosidl_typesupport_introspection_c.h
[11.964s] -- Installing: /home/vboxuser/Haste/install/custom_interfaces/include/custom_interfaces/custom_interfaces/srv/detail/add_three_ints__type_support.c
[11.964s] -- Installing: /home/vboxuser/Haste/install/custom_interfaces/include/custom_interfaces/custom_interfaces/srv/detail/scan_twi__type_support.c
[11.964s] -- Installing: /home/vboxuser/Haste/install/custom_interfaces/lib/libcustom_interfaces__rosidl_typesupport_introspection_c.so
[11.964s] -- Set runtime path of "/home/vboxuser/Haste/install/custom_interfaces/lib/libcustom_interfaces__rosidl_typesupport_introspection_c.so" to ""
[11.964s] -- Installing: /home/vboxuser/Haste/install/custom_interfaces/lib/libcustom_interfaces__rosidl_typesupport_c.so
[11.964s] -- Set runtime path of "/home/vboxuser/Haste/install/custom_interfaces/lib/libcustom_interfaces__rosidl_typesupport_c.so" to ""
[11.965s] -- Up-to-date: /home/vboxuser/Haste/install/custom_interfaces/include/custom_interfaces/custom_interfaces
[11.965s] -- Up-to-date: /home/vboxuser/Haste/install/custom_interfaces/include/custom_interfaces/custom_interfaces/msg
[11.965s] -- Up-to-date: /home/vboxuser/Haste/install/custom_interfaces/include/custom_interfaces/custom_interfaces/msg/detail
[11.965s] -- Installing: /home/vboxuser/Haste/install/custom_interfaces/include/custom_interfaces/custom_interfaces/msg/detail/num__rosidl_typesupport_introspection_cpp.hpp
[11.966s] -- Installing: /home/vboxuser/Haste/install/custom_interfaces/include/custom_interfaces/custom_interfaces/msg/detail/sphere__type_support.cpp
[11.966s] -- Installing: /home/vboxuser/Haste/install/custom_interfaces/include/custom_interfaces/custom_interfaces/msg/detail/sphere__rosidl_typesupport_introspection_cpp.hpp
[11.967s] -- Installing: /home/vboxuser/Haste/install/custom_interfaces/include/custom_interfaces/custom_interfaces/msg/detail/num__type_support.cpp
[11.967s] -- Up-to-date: /home/vboxuser/Haste/install/custom_interfaces/include/custom_interfaces/custom_interfaces/srv
[11.967s] -- Up-to-date: /home/vboxuser/Haste/install/custom_interfaces/include/custom_interfaces/custom_interfaces/srv/detail
[11.967s] -- Installing: /home/vboxuser/Haste/install/custom_interfaces/include/custom_interfaces/custom_interfaces/srv/detail/scan_twi__type_support.cpp
[11.967s] -- Installing: /home/vboxuser/Haste/install/custom_interfaces/include/custom_interfaces/custom_interfaces/srv/detail/scan_twi__rosidl_typesupport_introspection_cpp.hpp
[11.968s] -- Installing: /home/vboxuser/Haste/install/custom_interfaces/include/custom_interfaces/custom_interfaces/srv/detail/add_three_ints__rosidl_typesupport_introspection_cpp.hpp
[11.968s] -- Installing: /home/vboxuser/Haste/install/custom_interfaces/include/custom_interfaces/custom_interfaces/srv/detail/add_three_ints__type_support.cpp
[11.968s] -- Installing: /home/vboxuser/Haste/install/custom_interfaces/lib/libcustom_interfaces__rosidl_typesupport_introspection_cpp.so
[11.968s] -- Set runtime path of "/home/vboxuser/Haste/install/custom_interfaces/lib/libcustom_interfaces__rosidl_typesupport_introspection_cpp.so" to ""
[11.968s] -- Installing: /home/vboxuser/Haste/install/custom_interfaces/lib/libcustom_interfaces__rosidl_typesupport_cpp.so
[11.968s] -- Set runtime path of "/home/vboxuser/Haste/install/custom_interfaces/lib/libcustom_interfaces__rosidl_typesupport_cpp.so" to ""
[11.968s] -- Installing: /home/vboxuser/Haste/install/custom_interfaces/share/custom_interfaces/environment/pythonpath.sh
[11.968s] -- Installing: /home/vboxuser/Haste/install/custom_interfaces/share/custom_interfaces/environment/pythonpath.dsv
[11.968s] -- Installing: /home/vboxuser/Haste/install/custom_interfaces/local/lib/python3.10/dist-packages/custom_interfaces-0.0.0-py3.10.egg-info
[11.968s] -- Installing: /home/vboxuser/Haste/install/custom_interfaces/local/lib/python3.10/dist-packages/custom_interfaces-0.0.0-py3.10.egg-info/PKG-INFO
[11.968s] -- Installing: /home/vboxuser/Haste/install/custom_interfaces/local/lib/python3.10/dist-packages/custom_interfaces-0.0.0-py3.10.egg-info/SOURCES.txt
[11.968s] -- Installing: /home/vboxuser/Haste/install/custom_interfaces/local/lib/python3.10/dist-packages/custom_interfaces-0.0.0-py3.10.egg-info/dependency_links.txt
[11.968s] -- Installing: /home/vboxuser/Haste/install/custom_interfaces/local/lib/python3.10/dist-packages/custom_interfaces-0.0.0-py3.10.egg-info/top_level.txt
[11.968s] -- Installing: /home/vboxuser/Haste/install/custom_interfaces/local/lib/python3.10/dist-packages/custom_interfaces
[11.968s] -- Installing: /home/vboxuser/Haste/install/custom_interfaces/local/lib/python3.10/dist-packages/custom_interfaces/_custom_interfaces_s.ep.rosidl_typesupport_c.c
[11.968s] -- Installing: /home/vboxuser/Haste/install/custom_interfaces/local/lib/python3.10/dist-packages/custom_interfaces/msg
[11.968s] -- Installing: /home/vboxuser/Haste/install/custom_interfaces/local/lib/python3.10/dist-packages/custom_interfaces/msg/_num_s.c
[11.968s] -- Installing: /home/vboxuser/Haste/install/custom_interfaces/local/lib/python3.10/dist-packages/custom_interfaces/msg/_sphere_s.c
[11.968s] -- Installing: /home/vboxuser/Haste/install/custom_interfaces/local/lib/python3.10/dist-packages/custom_interfaces/msg/_sphere.py
[11.968s] -- Installing: /home/vboxuser/Haste/install/custom_interfaces/local/lib/python3.10/dist-packages/custom_interfaces/msg/_num.py
[11.968s] -- Installing: /home/vboxuser/Haste/install/custom_interfaces/local/lib/python3.10/dist-packages/custom_interfaces/msg/__init__.py
[11.968s] -- Installing: /home/vboxuser/Haste/install/custom_interfaces/local/lib/python3.10/dist-packages/custom_interfaces/custom_interfaces_s__rosidl_typesupport_fastrtps_c.cpython-310-x86_64-linux-gnu.so
[11.968s] -- Installing: /home/vboxuser/Haste/install/custom_interfaces/local/lib/python3.10/dist-packages/custom_interfaces/custom_interfaces_s__rosidl_typesupport_c.cpython-310-x86_64-linux-gnu.so
[11.968s] -- Installing: /home/vboxuser/Haste/install/custom_interfaces/local/lib/python3.10/dist-packages/custom_interfaces/srv
[11.968s] -- Installing: /home/vboxuser/Haste/install/custom_interfaces/local/lib/python3.10/dist-packages/custom_interfaces/srv/_add_three_ints_s.c
[11.968s] -- Installing: /home/vboxuser/Haste/install/custom_interfaces/local/lib/python3.10/dist-packages/custom_interfaces/srv/_scan_twi.py
[11.968s] -- Installing: /home/vboxuser/Haste/install/custom_interfaces/local/lib/python3.10/dist-packages/custom_interfaces/srv/_add_three_ints.py
[11.969s] -- Installing: /home/vboxuser/Haste/install/custom_interfaces/local/lib/python3.10/dist-packages/custom_interfaces/srv/__init__.py
[11.969s] -- Installing: /home/vboxuser/Haste/install/custom_interfaces/local/lib/python3.10/dist-packages/custom_interfaces/srv/_scan_twi_s.c
[11.969s] -- Installing: /home/vboxuser/Haste/install/custom_interfaces/local/lib/python3.10/dist-packages/custom_interfaces/_custom_interfaces_s.ep.rosidl_typesupport_introspection_c.c
[11.969s] -- Installing: /home/vboxuser/Haste/install/custom_interfaces/local/lib/python3.10/dist-packages/custom_interfaces/__init__.py
[11.969s] -- Installing: /home/vboxuser/Haste/install/custom_interfaces/local/lib/python3.10/dist-packages/custom_interfaces/_custom_interfaces_s.ep.rosidl_typesupport_fastrtps_c.c
[11.969s] -- Installing: /home/vboxuser/Haste/install/custom_interfaces/local/lib/python3.10/dist-packages/custom_interfaces/custom_interfaces_s__rosidl_typesupport_introspection_c.cpython-310-x86_64-linux-gnu.so
[11.969s] -- Installing: /home/vboxuser/Haste/install/custom_interfaces/local/lib/python3.10/dist-packages/custom_interfaces/libcustom_interfaces__rosidl_generator_py.so
[12.088s] Listing '/home/vboxuser/Haste/install/custom_interfaces/local/lib/python3.10/dist-packages/custom_interfaces'...
[12.088s] Compiling '/home/vboxuser/Haste/install/custom_interfaces/local/lib/python3.10/dist-packages/custom_interfaces/__init__.py'...
[12.089s] Listing '/home/vboxuser/Haste/install/custom_interfaces/local/lib/python3.10/dist-packages/custom_interfaces/msg'...
[12.089s] Compiling '/home/vboxuser/Haste/install/custom_interfaces/local/lib/python3.10/dist-packages/custom_interfaces/msg/__init__.py'...
[12.089s] Compiling '/home/vboxuser/Haste/install/custom_interfaces/local/lib/python3.10/dist-packages/custom_interfaces/msg/_num.py'...
[12.089s] Compiling '/home/vboxuser/Haste/install/custom_interfaces/local/lib/python3.10/dist-packages/custom_interfaces/msg/_sphere.py'...
[12.089s] Listing '/home/vboxuser/Haste/install/custom_interfaces/local/lib/python3.10/dist-packages/custom_interfaces/srv'...
[12.089s] Compiling '/home/vboxuser/Haste/install/custom_interfaces/local/lib/python3.10/dist-packages/custom_interfaces/srv/__init__.py'...
[12.089s] Compiling '/home/vboxuser/Haste/install/custom_interfaces/local/lib/python3.10/dist-packages/custom_interfaces/srv/_add_three_ints.py'...
[12.089s] Compiling '/home/vboxuser/Haste/install/custom_interfaces/local/lib/python3.10/dist-packages/custom_interfaces/srv/_scan_twi.py'...
[12.093s] -- Installing: /home/vboxuser/Haste/install/custom_interfaces/local/lib/python3.10/dist-packages/custom_interfaces/custom_interfaces_s__rosidl_typesupport_introspection_c.cpython-310-x86_64-linux-gnu.so
[12.093s] -- Set runtime path of "/home/vboxuser/Haste/install/custom_interfaces/local/lib/python3.10/dist-packages/custom_interfaces/custom_interfaces_s__rosidl_typesupport_introspection_c.cpython-310-x86_64-linux-gnu.so" to ""
[12.093s] -- Installing: /home/vboxuser/Haste/install/custom_interfaces/local/lib/python3.10/dist-packages/custom_interfaces/custom_interfaces_s__rosidl_typesupport_fastrtps_c.cpython-310-x86_64-linux-gnu.so
[12.093s] -- Set runtime path of "/home/vboxuser/Haste/install/custom_interfaces/local/lib/python3.10/dist-packages/custom_interfaces/custom_interfaces_s__rosidl_typesupport_fastrtps_c.cpython-310-x86_64-linux-gnu.so" to ""
[12.093s] -- Installing: /home/vboxuser/Haste/install/custom_interfaces/local/lib/python3.10/dist-packages/custom_interfaces/custom_interfaces_s__rosidl_typesupport_c.cpython-310-x86_64-linux-gnu.so
[12.094s] -- Set runtime path of "/home/vboxuser/Haste/install/custom_interfaces/local/lib/python3.10/dist-packages/custom_interfaces/custom_interfaces_s__rosidl_typesupport_c.cpython-310-x86_64-linux-gnu.so" to ""
[12.094s] -- Installing: /home/vboxuser/Haste/install/custom_interfaces/lib/libcustom_interfaces__rosidl_generator_py.so
[12.094s] -- Set runtime path of "/home/vboxuser/Haste/install/custom_interfaces/lib/libcustom_interfaces__rosidl_generator_py.so" to ""
[12.094s] -- Installing: /home/vboxuser/Haste/install/custom_interfaces/share/custom_interfaces/msg/Num.idl
[12.094s] -- Installing: /home/vboxuser/Haste/install/custom_interfaces/share/custom_interfaces/msg/Sphere.idl
[12.095s] -- Installing: /home/vboxuser/Haste/install/custom_interfaces/share/custom_interfaces/srv/AddThreeInts.idl
[12.095s] -- Installing: /home/vboxuser/Haste/install/custom_interfaces/share/custom_interfaces/srv/ScanTwi.idl
[12.095s] -- Installing: /home/vboxuser/Haste/install/custom_interfaces/share/custom_interfaces/msg/Num.msg
[12.095s] -- Installing: /home/vboxuser/Haste/install/custom_interfaces/share/custom_interfaces/msg/Sphere.msg
[12.095s] -- Installing: /home/vboxuser/Haste/install/custom_interfaces/share/custom_interfaces/srv/AddThreeInts.srv
[12.096s] -- Installing: /home/vboxuser/Haste/install/custom_interfaces/share/custom_interfaces/srv/AddThreeInts_Request.msg
[12.096s] -- Installing: /home/vboxuser/Haste/install/custom_interfaces/share/custom_interfaces/srv/AddThreeInts_Response.msg
[12.096s] -- Installing: /home/vboxuser/Haste/install/custom_interfaces/share/custom_interfaces/srv/ScanTwi.srv
[12.096s] -- Installing: /home/vboxuser/Haste/install/custom_interfaces/share/custom_interfaces/srv/ScanTwi_Request.msg
[12.096s] -- Installing: /home/vboxuser/Haste/install/custom_interfaces/share/custom_interfaces/srv/ScanTwi_Response.msg
[12.096s] -- Installing: /home/vboxuser/Haste/install/custom_interfaces/share/ament_index/resource_index/package_run_dependencies/custom_interfaces
[12.096s] -- Installing: /home/vboxuser/Haste/install/custom_interfaces/share/ament_index/resource_index/parent_prefix_path/custom_interfaces
[12.097s] -- Installing: /home/vboxuser/Haste/install/custom_interfaces/share/custom_interfaces/environment/ament_prefix_path.sh
[12.097s] -- Installing: /home/vboxuser/Haste/install/custom_interfaces/share/custom_interfaces/environment/ament_prefix_path.dsv
[12.097s] -- Installing: /home/vboxuser/Haste/install/custom_interfaces/share/custom_interfaces/environment/path.sh
[12.097s] -- Installing: /home/vboxuser/Haste/install/custom_interfaces/share/custom_interfaces/environment/path.dsv
[12.097s] -- Installing: /home/vboxuser/Haste/install/custom_interfaces/share/custom_interfaces/local_setup.bash
[12.097s] -- Installing: /home/vboxuser/Haste/install/custom_interfaces/share/custom_interfaces/local_setup.sh
[12.097s] -- Installing: /home/vboxuser/Haste/install/custom_interfaces/share/custom_interfaces/local_setup.zsh
[12.098s] -- Installing: /home/vboxuser/Haste/install/custom_interfaces/share/custom_interfaces/local_setup.dsv
[12.098s] -- Installing: /home/vboxuser/Haste/install/custom_interfaces/share/custom_interfaces/package.dsv
[12.098s] -- Installing: /home/vboxuser/Haste/install/custom_interfaces/share/ament_index/resource_index/packages/custom_interfaces
[12.098s] -- Installing: /home/vboxuser/Haste/install/custom_interfaces/share/custom_interfaces/cmake/export_custom_interfaces__rosidl_generator_cExport.cmake
[12.098s] -- Installing: /home/vboxuser/Haste/install/custom_interfaces/share/custom_interfaces/cmake/export_custom_interfaces__rosidl_generator_cExport-noconfig.cmake
[12.098s] -- Installing: /home/vboxuser/Haste/install/custom_interfaces/share/custom_interfaces/cmake/export_custom_interfaces__rosidl_typesupport_fastrtps_cExport.cmake
[12.099s] -- Installing: /home/vboxuser/Haste/install/custom_interfaces/share/custom_interfaces/cmake/export_custom_interfaces__rosidl_typesupport_fastrtps_cExport-noconfig.cmake
[12.099s] -- Installing: /home/vboxuser/Haste/install/custom_interfaces/share/custom_interfaces/cmake/export_custom_interfaces__rosidl_generator_cppExport.cmake
[12.099s] -- Installing: /home/vboxuser/Haste/install/custom_interfaces/share/custom_interfaces/cmake/export_custom_interfaces__rosidl_typesupport_fastrtps_cppExport.cmake
[12.099s] -- Installing: /home/vboxuser/Haste/install/custom_interfaces/share/custom_interfaces/cmake/export_custom_interfaces__rosidl_typesupport_fastrtps_cppExport-noconfig.cmake
[12.099s] -- Installing: /home/vboxuser/Haste/install/custom_interfaces/share/custom_interfaces/cmake/custom_interfaces__rosidl_typesupport_introspection_cExport.cmake
[12.099s] -- Installing: /home/vboxuser/Haste/install/custom_interfaces/share/custom_interfaces/cmake/custom_interfaces__rosidl_typesupport_introspection_cExport-noconfig.cmake
[12.099s] -- Installing: /home/vboxuser/Haste/install/custom_interfaces/share/custom_interfaces/cmake/custom_interfaces__rosidl_typesupport_cExport.cmake
[12.099s] -- Installing: /home/vboxuser/Haste/install/custom_interfaces/share/custom_interfaces/cmake/custom_interfaces__rosidl_typesupport_cExport-noconfig.cmake
[12.099s] -- Installing: /home/vboxuser/Haste/install/custom_interfaces/share/custom_interfaces/cmake/custom_interfaces__rosidl_typesupport_introspection_cppExport.cmake
[12.099s] -- Installing: /home/vboxuser/Haste/install/custom_interfaces/share/custom_interfaces/cmake/custom_interfaces__rosidl_typesupport_introspection_cppExport-noconfig.cmake
[12.100s] -- Installing: /home/vboxuser/Haste/install/custom_interfaces/share/custom_interfaces/cmake/custom_interfaces__rosidl_typesupport_cppExport.cmake
[12.100s] -- Installing: /home/vboxuser/Haste/install/custom_interfaces/share/custom_interfaces/cmake/custom_interfaces__rosidl_typesupport_cppExport-noconfig.cmake
[12.100s] -- Installing: /home/vboxuser/Haste/install/custom_interfaces/share/custom_interfaces/cmake/export_custom_interfaces__rosidl_generator_pyExport.cmake
[12.100s] -- Installing: /home/vboxuser/Haste/install/custom_interfaces/share/custom_interfaces/cmake/export_custom_interfaces__rosidl_generator_pyExport-noconfig.cmake
[12.100s] -- Installing: /home/vboxuser/Haste/install/custom_interfaces/share/custom_interfaces/cmake/rosidl_cmake-extras.cmake
[12.100s] -- Installing: /home/vboxuser/Haste/install/custom_interfaces/share/custom_interfaces/cmake/ament_cmake_export_dependencies-extras.cmake
[12.101s] -- Installing: /home/vboxuser/Haste/install/custom_interfaces/share/custom_interfaces/cmake/ament_cmake_export_include_directories-extras.cmake
[12.101s] -- Installing: /home/vboxuser/Haste/install/custom_interfaces/share/custom_interfaces/cmake/ament_cmake_export_libraries-extras.cmake
[12.101s] -- Installing: /home/vboxuser/Haste/install/custom_interfaces/share/custom_interfaces/cmake/ament_cmake_export_targets-extras.cmake
[12.101s] -- Installing: /home/vboxuser/Haste/install/custom_interfaces/share/custom_interfaces/cmake/rosidl_cmake_export_typesupport_targets-extras.cmake
[12.101s] -- Installing: /home/vboxuser/Haste/install/custom_interfaces/share/custom_interfaces/cmake/rosidl_cmake_export_typesupport_libraries-extras.cmake
[12.101s] -- Installing: /home/vboxuser/Haste/install/custom_interfaces/share/custom_interfaces/cmake/custom_interfacesConfig.cmake
[12.101s] -- Installing: /home/vboxuser/Haste/install/custom_interfaces/share/custom_interfaces/cmake/custom_interfacesConfig-version.cmake
[12.101s] -- Installing: /home/vboxuser/Haste/install/custom_interfaces/share/custom_interfaces/package.xml
[12.105s] Invoked command in '/home/vboxuser/Haste/build/custom_interfaces' returned '0': CMAKE_PREFIX_PATH=${CMAKE_PREFIX_PATH}:/home/vboxuser/ros2_humble/install/rqt_bag_plugins:/home/vboxuser/ros2_humble/install/rqt_bag:/home/vboxuser/ros2_humble/install/ros2bag:/home/vboxuser/ros2_humble/install/tracetools_test:/home/vboxuser/ros2_humble/install/tracetools_launch:/home/vboxuser/ros2_humble/install/topic_monitor:/home/vboxuser/ros2_humble/install/tf2_tools:/home/vboxuser/ros2_humble/install/examples_tf2_py:/home/vboxuser/ros2_humble/install/tf2_ros_py:/home/vboxuser/ros2_humble/install/sros2:/home/vboxuser/ros2_humble/install/rqt_topic:/home/vboxuser/ros2_humble/install/rqt_srv:/home/vboxuser/ros2_humble/install/rqt_shell:/home/vboxuser/ros2_humble/install/rqt_service_caller:/home/vboxuser/ros2_humble/install/rqt_reconfigure:/home/vboxuser/ros2_humble/install/rqt_py_console:/home/vboxuser/ros2_humble/install/rqt_publisher:/home/vboxuser/ros2_humble/install/rqt_plot:/home/vboxuser/ros2_humble/install/rqt_action:/home/vboxuser/ros2_humble/install/rqt_msg:/home/vboxuser/ros2_humble/install/rqt_console:/home/vboxuser/ros2_humble/install/rqt:/home/vboxuser/ros2_humble/install/rqt_graph:/home/vboxuser/ros2_humble/install/rqt_gui_py:/home/vboxuser/ros2_humble/install/rqt_gui:/home/vboxuser/ros2_humble/install/ros2trace:/home/vboxuser/ros2_humble/install/ros2topic:/home/vboxuser/ros2_humble/install/ros2test:/home/vboxuser/ros2_humble/install/ros2component:/home/vboxuser/ros2_humble/install/ros2param:/home/vboxuser/ros2_humble/install/ros2lifecycle:/home/vboxuser/ros2_humble/install/ros2service:/home/vboxuser/ros2_humble/install/ros2run:/home/vboxuser/ros2_humble/install/ros2launch:/home/vboxuser/ros2_humble/install/ros2pkg:/home/vboxuser/ros2_humble/install/ros2node:/home/vboxuser/ros2_humble/install/ros2multicast:/home/vboxuser/ros2_humble/install/ros2interface:/home/vboxuser/ros2_humble/install/ros2doctor:/home/vboxuser/ros2_humble/install/ros2action:/home/vboxuser/ros2_humble/install/ros2cli:/home/vboxuser/ros2_humble/install/quality_of_service_demo_py:/home/vboxuser/ros2_humble/install/lifecycle_py:/home/vboxuser/ros2_humble/install/launch_testing_ros:/home/vboxuser/ros2_humble/install/launch_ros:/home/vboxuser/ros2_humble/install/examples_rclpy_pointcloud_publisher:/home/vboxuser/ros2_humble/install/examples_rclpy_minimal_subscriber:/home/vboxuser/ros2_humble/install/examples_rclpy_minimal_service:/home/vboxuser/ros2_humble/install/examples_rclpy_minimal_publisher:/home/vboxuser/ros2_humble/install/examples_rclpy_minimal_client:/home/vboxuser/ros2_humble/install/examples_rclpy_minimal_action_server:/home/vboxuser/ros2_humble/install/examples_rclpy_minimal_action_client:/home/vboxuser/ros2_humble/install/examples_rclpy_guard_conditions:/home/vboxuser/ros2_humble/install/examples_rclpy_executors:/home/vboxuser/ros2_humble/install/demo_nodes_py:/home/vboxuser/ros2_humble/install/action_tutorials_py:/home/vboxuser/ros2_humble/install/ament_uncrustify:/home/vboxuser/ros2_humble/install/tracetools_trace:/home/vboxuser/ros2_humble/install/tracetools_read:/home/vboxuser/ros2_humble/install/test_tracetools_launch:/home/vboxuser/ros2_humble/install/test_launch_ros:/home/vboxuser/ros2_humble/install/sensor_msgs_py:/home/vboxuser/ros2_humble/install/rpyutils:/home/vboxuser/ros2_humble/install/rosidl_runtime_py:/home/vboxuser/ros2_humble/install/rosidl_cli:/home/vboxuser/ros2_humble/install/launch_pytest:/home/vboxuser/ros2_humble/install/launch_testing:/home/vboxuser/ros2_humble/install/launch_yaml:/home/vboxuser/ros2_humble/install/launch_xml:/home/vboxuser/ros2_humble/install/launch:/home/vboxuser/ros2_humble/install/osrf_pycommon:/home/vboxuser/ros2_humble/install/launch_testing_examples:/home/vboxuser/ros2_humble/install/domain_coordinator:/home/vboxuser/ros2_humble/install/ament_xmllint:/home/vboxuser/ros2_humble/install/ament_pyflakes:/home/vboxuser/ros2_humble/install/ament_pycodestyle:/home/vboxuser/ros2_humble/install/ament_pep257:/home/vboxuser/ros2_humble/install/ament_pclint:/home/vboxuser/ros2_humble/install/ament_package:/home/vboxuser/ros2_humble/install/ament_mypy:/home/vboxuser/ros2_humble/install/ament_lint_cmake:/home/vboxuser/ros2_humble/install/ament_flake8:/home/vboxuser/ros2_humble/install/ament_copyright:/home/vboxuser/ros2_humble/install/ament_lint:/home/vboxuser/ros2_humble/install/ament_index_python:/home/vboxuser/ros2_humble/install/ament_cpplint:/home/vboxuser/ros2_humble/install/ament_cppcheck:/home/vboxuser/ros2_humble/install/ament_clang_tidy:/home/vboxuser/ros2_humble/install/ament_clang_format /usr/bin/cmake --install /home/vboxuser/Haste/build/custom_interfaces
