[0.162s] Invoking command in '/home/vboxuser/Haste/src/build/custom_interfaces': CMAKE_PREFIX_PATH=${CMAKE_PREFIX_PATH}:/home/vboxuser/ros2_humble/install/rqt_bag_plugins:/home/vboxuser/ros2_humble/install/rqt_bag:/home/vboxuser/ros2_humble/install/ros2bag:/home/vboxuser/ros2_humble/install/tracetools_test:/home/vboxuser/ros2_humble/install/tracetools_launch:/home/vboxuser/ros2_humble/install/topic_monitor:/home/vboxuser/ros2_humble/install/tf2_tools:/home/vboxuser/ros2_humble/install/examples_tf2_py:/home/vboxuser/ros2_humble/install/tf2_ros_py:/home/vboxuser/ros2_humble/install/sros2:/home/vboxuser/ros2_humble/install/rqt_topic:/home/vboxuser/ros2_humble/install/rqt_srv:/home/vboxuser/ros2_humble/install/rqt_shell:/home/vboxuser/ros2_humble/install/rqt_service_caller:/home/vboxuser/ros2_humble/install/rqt_reconfigure:/home/vboxuser/ros2_humble/install/rqt_py_console:/home/vboxuser/ros2_humble/install/rqt_publisher:/home/vboxuser/ros2_humble/install/rqt_plot:/home/vboxuser/ros2_humble/install/rqt_action:/home/vboxuser/ros2_humble/install/rqt_msg:/home/vboxuser/ros2_humble/install/rqt_console:/home/vboxuser/ros2_humble/install/rqt:/home/vboxuser/ros2_humble/install/rqt_graph:/home/vboxuser/ros2_humble/install/rqt_gui_py:/home/vboxuser/ros2_humble/install/rqt_gui:/home/vboxuser/ros2_humble/install/ros2trace:/home/vboxuser/ros2_humble/install/ros2topic:/home/vboxuser/ros2_humble/install/ros2test:/home/vboxuser/ros2_humble/install/ros2component:/home/vboxuser/ros2_humble/install/ros2param:/home/vboxuser/ros2_humble/install/ros2lifecycle:/home/vboxuser/ros2_humble/install/ros2service:/home/vboxuser/ros2_humble/install/ros2run:/home/vboxuser/ros2_humble/install/ros2launch:/home/vboxuser/ros2_humble/install/ros2pkg:/home/vboxuser/ros2_humble/install/ros2node:/home/vboxuser/ros2_humble/install/ros2multicast:/home/vboxuser/ros2_humble/install/ros2interface:/home/vboxuser/ros2_humble/install/ros2doctor:/home/vboxuser/ros2_humble/install/ros2action:/home/vboxuser/ros2_humble/install/ros2cli:/home/vboxuser/ros2_humble/install/quality_of_service_demo_py:/home/vboxuser/ros2_humble/install/lifecycle_py:/home/vboxuser/ros2_humble/install/launch_testing_ros:/home/vboxuser/ros2_humble/install/launch_ros:/home/vboxuser/ros2_humble/install/examples_rclpy_pointcloud_publisher:/home/vboxuser/ros2_humble/install/examples_rclpy_minimal_subscriber:/home/vboxuser/ros2_humble/install/examples_rclpy_minimal_service:/home/vboxuser/ros2_humble/install/examples_rclpy_minimal_publisher:/home/vboxuser/ros2_humble/install/examples_rclpy_minimal_client:/home/vboxuser/ros2_humble/install/examples_rclpy_minimal_action_server:/home/vboxuser/ros2_humble/install/examples_rclpy_minimal_action_client:/home/vboxuser/ros2_humble/install/examples_rclpy_guard_conditions:/home/vboxuser/ros2_humble/install/examples_rclpy_executors:/home/vboxuser/ros2_humble/install/demo_nodes_py:/home/vboxuser/ros2_humble/install/action_tutorials_py:/home/vboxuser/ros2_humble/install/ament_uncrustify:/home/vboxuser/ros2_humble/install/tracetools_trace:/home/vboxuser/ros2_humble/install/tracetools_read:/home/vboxuser/ros2_humble/install/test_tracetools_launch:/home/vboxuser/ros2_humble/install/test_launch_ros:/home/vboxuser/ros2_humble/install/sensor_msgs_py:/home/vboxuser/ros2_humble/install/rpyutils:/home/vboxuser/ros2_humble/install/rosidl_runtime_py:/home/vboxuser/ros2_humble/install/rosidl_cli:/home/vboxuser/ros2_humble/install/launch_pytest:/home/vboxuser/ros2_humble/install/launch_testing:/home/vboxuser/ros2_humble/install/launch_yaml:/home/vboxuser/ros2_humble/install/launch_xml:/home/vboxuser/ros2_humble/install/launch:/home/vboxuser/ros2_humble/install/osrf_pycommon:/home/vboxuser/ros2_humble/install/launch_testing_examples:/home/vboxuser/ros2_humble/install/domain_coordinator:/home/vboxuser/ros2_humble/install/ament_xmllint:/home/vboxuser/ros2_humble/install/ament_pyflakes:/home/vboxuser/ros2_humble/install/ament_pycodestyle:/home/vboxuser/ros2_humble/install/ament_pep257:/home/vboxuser/ros2_humble/install/ament_pclint:/home/vboxuser/ros2_humble/install/ament_package:/home/vboxuser/ros2_humble/install/ament_mypy:/home/vboxuser/ros2_humble/install/ament_lint_cmake:/home/vboxuser/ros2_humble/install/ament_flake8:/home/vboxuser/ros2_humble/install/ament_copyright:/home/vboxuser/ros2_humble/install/ament_lint:/home/vboxuser/ros2_humble/install/ament_index_python:/home/vboxuser/ros2_humble/install/ament_cpplint:/home/vboxuser/ros2_humble/install/ament_cppcheck:/home/vboxuser/ros2_humble/install/ament_clang_tidy:/home/vboxuser/ros2_humble/install/ament_clang_format /usr/bin/cmake /home/vboxuser/Haste/src/custom_interfaces -DCMAKE_INSTALL_PREFIX=/home/vboxuser/Haste/src/install/custom_interfaces
[0.807s] -- The C compiler identification is GNU 11.3.0
[1.126s] -- The CXX compiler identification is GNU 11.3.0
[1.152s] -- Detecting C compiler ABI info
[1.537s] -- Detecting C compiler ABI info - done
[1.572s] -- Check for working C compiler: /usr/bin/cc - skipped
[1.573s] -- Detecting C compile features
[1.573s] -- Detecting C compile features - done
[1.574s] -- Detecting CXX compiler ABI info
[2.008s] -- Detecting CXX compiler ABI info - done
[2.054s] -- Check for working CXX compiler: /usr/bin/c++ - skipped
[2.054s] -- Detecting CXX compile features
[2.054s] -- Detecting CXX compile features - done
[2.151s] -- Found ament_cmake: 1.3.3 (/home/vboxuser/ros2_humble/install/ament_cmake/share/ament_cmake/cmake)
[3.890s] -- Found Python3: /usr/bin/python3.10 (found version "3.10.6") found components: Interpreter 
[5.045s] -- Found geometry_msgs: 4.2.3 (/home/vboxuser/ros2_humble/install/geometry_msgs/share/geometry_msgs/cmake)
[5.630s] -- Found rosidl_generator_c: 3.1.4 (/home/vboxuser/ros2_humble/install/rosidl_generator_c/share/rosidl_generator_c/cmake)
[5.700s] -- Found rosidl_adapter: 3.1.4 (/home/vboxuser/ros2_humble/install/rosidl_adapter/share/rosidl_adapter/cmake)
[5.897s] -- Found rosidl_generator_cpp: 3.1.4 (/home/vboxuser/ros2_humble/install/rosidl_generator_cpp/share/rosidl_generator_cpp/cmake)
[6.142s] -- Using all available rosidl_typesupport_c: rosidl_typesupport_introspection_c;rosidl_typesupport_fastrtps_c
[6.298s] -- Using all available rosidl_typesupport_cpp: rosidl_typesupport_introspection_cpp;rosidl_typesupport_fastrtps_cpp
[6.908s] -- Found rosidl_default_generators: 1.2.0 (/home/vboxuser/ros2_humble/install/rosidl_default_generators/share/rosidl_default_generators/cmake)
[9.623s] -- Found ament_cmake_ros: 0.10.0 (/home/vboxuser/ros2_humble/install/ament_cmake_ros/share/ament_cmake_ros/cmake)
[14.045s] -- Using all available rosidl_typesupport_c: rosidl_typesupport_introspection_c;rosidl_typesupport_fastrtps_c
[15.649s] -- Using all available rosidl_typesupport_cpp: rosidl_typesupport_introspection_cpp;rosidl_typesupport_fastrtps_cpp
[15.885s] -- Found PythonInterp: /usr/bin/python3 (found suitable version "3.10.6", minimum required is "3.6") 
[16.081s] -- Found python_cmake_module: 0.10.0 (/home/vboxuser/ros2_humble/install/python_cmake_module/share/python_cmake_module/cmake)
[16.454s] -- Found PythonLibs: /usr/lib/x86_64-linux-gnu/libpython3.10.so (found suitable version "3.10.6", minimum required is "3.5") 
[16.455s] -- Using PYTHON_EXECUTABLE: /usr/bin/python3
[16.455s] -- Using PYTHON_INCLUDE_DIRS: /usr/include/python3.10
[16.455s] -- Using PYTHON_LIBRARIES: /usr/lib/x86_64-linux-gnu/libpython3.10.so
[16.604s] -- Found PythonExtra: .so  
[18.473s] -- Found ament_lint_auto: 0.12.5 (/home/vboxuser/ros2_humble/install/ament_lint_auto/share/ament_lint_auto/cmake)
[18.921s] -- Added test 'lint_cmake' to check CMake code style
[18.939s] -- Added test 'xmllint' to check XML markup files
[18.972s] -- Configuring done
[19.165s] -- Generating done
[19.193s] -- Build files have been written to: /home/vboxuser/Haste/src/build/custom_interfaces
[19.229s] Invoked command in '/home/vboxuser/Haste/src/build/custom_interfaces' returned '0': CMAKE_PREFIX_PATH=${CMAKE_PREFIX_PATH}:/home/vboxuser/ros2_humble/install/rqt_bag_plugins:/home/vboxuser/ros2_humble/install/rqt_bag:/home/vboxuser/ros2_humble/install/ros2bag:/home/vboxuser/ros2_humble/install/tracetools_test:/home/vboxuser/ros2_humble/install/tracetools_launch:/home/vboxuser/ros2_humble/install/topic_monitor:/home/vboxuser/ros2_humble/install/tf2_tools:/home/vboxuser/ros2_humble/install/examples_tf2_py:/home/vboxuser/ros2_humble/install/tf2_ros_py:/home/vboxuser/ros2_humble/install/sros2:/home/vboxuser/ros2_humble/install/rqt_topic:/home/vboxuser/ros2_humble/install/rqt_srv:/home/vboxuser/ros2_humble/install/rqt_shell:/home/vboxuser/ros2_humble/install/rqt_service_caller:/home/vboxuser/ros2_humble/install/rqt_reconfigure:/home/vboxuser/ros2_humble/install/rqt_py_console:/home/vboxuser/ros2_humble/install/rqt_publisher:/home/vboxuser/ros2_humble/install/rqt_plot:/home/vboxuser/ros2_humble/install/rqt_action:/home/vboxuser/ros2_humble/install/rqt_msg:/home/vboxuser/ros2_humble/install/rqt_console:/home/vboxuser/ros2_humble/install/rqt:/home/vboxuser/ros2_humble/install/rqt_graph:/home/vboxuser/ros2_humble/install/rqt_gui_py:/home/vboxuser/ros2_humble/install/rqt_gui:/home/vboxuser/ros2_humble/install/ros2trace:/home/vboxuser/ros2_humble/install/ros2topic:/home/vboxuser/ros2_humble/install/ros2test:/home/vboxuser/ros2_humble/install/ros2component:/home/vboxuser/ros2_humble/install/ros2param:/home/vboxuser/ros2_humble/install/ros2lifecycle:/home/vboxuser/ros2_humble/install/ros2service:/home/vboxuser/ros2_humble/install/ros2run:/home/vboxuser/ros2_humble/install/ros2launch:/home/vboxuser/ros2_humble/install/ros2pkg:/home/vboxuser/ros2_humble/install/ros2node:/home/vboxuser/ros2_humble/install/ros2multicast:/home/vboxuser/ros2_humble/install/ros2interface:/home/vboxuser/ros2_humble/install/ros2doctor:/home/vboxuser/ros2_humble/install/ros2action:/home/vboxuser/ros2_humble/install/ros2cli:/home/vboxuser/ros2_humble/install/quality_of_service_demo_py:/home/vboxuser/ros2_humble/install/lifecycle_py:/home/vboxuser/ros2_humble/install/launch_testing_ros:/home/vboxuser/ros2_humble/install/launch_ros:/home/vboxuser/ros2_humble/install/examples_rclpy_pointcloud_publisher:/home/vboxuser/ros2_humble/install/examples_rclpy_minimal_subscriber:/home/vboxuser/ros2_humble/install/examples_rclpy_minimal_service:/home/vboxuser/ros2_humble/install/examples_rclpy_minimal_publisher:/home/vboxuser/ros2_humble/install/examples_rclpy_minimal_client:/home/vboxuser/ros2_humble/install/examples_rclpy_minimal_action_server:/home/vboxuser/ros2_humble/install/examples_rclpy_minimal_action_client:/home/vboxuser/ros2_humble/install/examples_rclpy_guard_conditions:/home/vboxuser/ros2_humble/install/examples_rclpy_executors:/home/vboxuser/ros2_humble/install/demo_nodes_py:/home/vboxuser/ros2_humble/install/action_tutorials_py:/home/vboxuser/ros2_humble/install/ament_uncrustify:/home/vboxuser/ros2_humble/install/tracetools_trace:/home/vboxuser/ros2_humble/install/tracetools_read:/home/vboxuser/ros2_humble/install/test_tracetools_launch:/home/vboxuser/ros2_humble/install/test_launch_ros:/home/vboxuser/ros2_humble/install/sensor_msgs_py:/home/vboxuser/ros2_humble/install/rpyutils:/home/vboxuser/ros2_humble/install/rosidl_runtime_py:/home/vboxuser/ros2_humble/install/rosidl_cli:/home/vboxuser/ros2_humble/install/launch_pytest:/home/vboxuser/ros2_humble/install/launch_testing:/home/vboxuser/ros2_humble/install/launch_yaml:/home/vboxuser/ros2_humble/install/launch_xml:/home/vboxuser/ros2_humble/install/launch:/home/vboxuser/ros2_humble/install/osrf_pycommon:/home/vboxuser/ros2_humble/install/launch_testing_examples:/home/vboxuser/ros2_humble/install/domain_coordinator:/home/vboxuser/ros2_humble/install/ament_xmllint:/home/vboxuser/ros2_humble/install/ament_pyflakes:/home/vboxuser/ros2_humble/install/ament_pycodestyle:/home/vboxuser/ros2_humble/install/ament_pep257:/home/vboxuser/ros2_humble/install/ament_pclint:/home/vboxuser/ros2_humble/install/ament_package:/home/vboxuser/ros2_humble/install/ament_mypy:/home/vboxuser/ros2_humble/install/ament_lint_cmake:/home/vboxuser/ros2_humble/install/ament_flake8:/home/vboxuser/ros2_humble/install/ament_copyright:/home/vboxuser/ros2_humble/install/ament_lint:/home/vboxuser/ros2_humble/install/ament_index_python:/home/vboxuser/ros2_humble/install/ament_cpplint:/home/vboxuser/ros2_humble/install/ament_cppcheck:/home/vboxuser/ros2_humble/install/ament_clang_tidy:/home/vboxuser/ros2_humble/install/ament_clang_format /usr/bin/cmake /home/vboxuser/Haste/src/custom_interfaces -DCMAKE_INSTALL_PREFIX=/home/vboxuser/Haste/src/install/custom_interfaces
[19.257s] Invoking command in '/home/vboxuser/Haste/src/build/custom_interfaces': CMAKE_PREFIX_PATH=${CMAKE_PREFIX_PATH}:/home/vboxuser/ros2_humble/install/rqt_bag_plugins:/home/vboxuser/ros2_humble/install/rqt_bag:/home/vboxuser/ros2_humble/install/ros2bag:/home/vboxuser/ros2_humble/install/tracetools_test:/home/vboxuser/ros2_humble/install/tracetools_launch:/home/vboxuser/ros2_humble/install/topic_monitor:/home/vboxuser/ros2_humble/install/tf2_tools:/home/vboxuser/ros2_humble/install/examples_tf2_py:/home/vboxuser/ros2_humble/install/tf2_ros_py:/home/vboxuser/ros2_humble/install/sros2:/home/vboxuser/ros2_humble/install/rqt_topic:/home/vboxuser/ros2_humble/install/rqt_srv:/home/vboxuser/ros2_humble/install/rqt_shell:/home/vboxuser/ros2_humble/install/rqt_service_caller:/home/vboxuser/ros2_humble/install/rqt_reconfigure:/home/vboxuser/ros2_humble/install/rqt_py_console:/home/vboxuser/ros2_humble/install/rqt_publisher:/home/vboxuser/ros2_humble/install/rqt_plot:/home/vboxuser/ros2_humble/install/rqt_action:/home/vboxuser/ros2_humble/install/rqt_msg:/home/vboxuser/ros2_humble/install/rqt_console:/home/vboxuser/ros2_humble/install/rqt:/home/vboxuser/ros2_humble/install/rqt_graph:/home/vboxuser/ros2_humble/install/rqt_gui_py:/home/vboxuser/ros2_humble/install/rqt_gui:/home/vboxuser/ros2_humble/install/ros2trace:/home/vboxuser/ros2_humble/install/ros2topic:/home/vboxuser/ros2_humble/install/ros2test:/home/vboxuser/ros2_humble/install/ros2component:/home/vboxuser/ros2_humble/install/ros2param:/home/vboxuser/ros2_humble/install/ros2lifecycle:/home/vboxuser/ros2_humble/install/ros2service:/home/vboxuser/ros2_humble/install/ros2run:/home/vboxuser/ros2_humble/install/ros2launch:/home/vboxuser/ros2_humble/install/ros2pkg:/home/vboxuser/ros2_humble/install/ros2node:/home/vboxuser/ros2_humble/install/ros2multicast:/home/vboxuser/ros2_humble/install/ros2interface:/home/vboxuser/ros2_humble/install/ros2doctor:/home/vboxuser/ros2_humble/install/ros2action:/home/vboxuser/ros2_humble/install/ros2cli:/home/vboxuser/ros2_humble/install/quality_of_service_demo_py:/home/vboxuser/ros2_humble/install/lifecycle_py:/home/vboxuser/ros2_humble/install/launch_testing_ros:/home/vboxuser/ros2_humble/install/launch_ros:/home/vboxuser/ros2_humble/install/examples_rclpy_pointcloud_publisher:/home/vboxuser/ros2_humble/install/examples_rclpy_minimal_subscriber:/home/vboxuser/ros2_humble/install/examples_rclpy_minimal_service:/home/vboxuser/ros2_humble/install/examples_rclpy_minimal_publisher:/home/vboxuser/ros2_humble/install/examples_rclpy_minimal_client:/home/vboxuser/ros2_humble/install/examples_rclpy_minimal_action_server:/home/vboxuser/ros2_humble/install/examples_rclpy_minimal_action_client:/home/vboxuser/ros2_humble/install/examples_rclpy_guard_conditions:/home/vboxuser/ros2_humble/install/examples_rclpy_executors:/home/vboxuser/ros2_humble/install/demo_nodes_py:/home/vboxuser/ros2_humble/install/action_tutorials_py:/home/vboxuser/ros2_humble/install/ament_uncrustify:/home/vboxuser/ros2_humble/install/tracetools_trace:/home/vboxuser/ros2_humble/install/tracetools_read:/home/vboxuser/ros2_humble/install/test_tracetools_launch:/home/vboxuser/ros2_humble/install/test_launch_ros:/home/vboxuser/ros2_humble/install/sensor_msgs_py:/home/vboxuser/ros2_humble/install/rpyutils:/home/vboxuser/ros2_humble/install/rosidl_runtime_py:/home/vboxuser/ros2_humble/install/rosidl_cli:/home/vboxuser/ros2_humble/install/launch_pytest:/home/vboxuser/ros2_humble/install/launch_testing:/home/vboxuser/ros2_humble/install/launch_yaml:/home/vboxuser/ros2_humble/install/launch_xml:/home/vboxuser/ros2_humble/install/launch:/home/vboxuser/ros2_humble/install/osrf_pycommon:/home/vboxuser/ros2_humble/install/launch_testing_examples:/home/vboxuser/ros2_humble/install/domain_coordinator:/home/vboxuser/ros2_humble/install/ament_xmllint:/home/vboxuser/ros2_humble/install/ament_pyflakes:/home/vboxuser/ros2_humble/install/ament_pycodestyle:/home/vboxuser/ros2_humble/install/ament_pep257:/home/vboxuser/ros2_humble/install/ament_pclint:/home/vboxuser/ros2_humble/install/ament_package:/home/vboxuser/ros2_humble/install/ament_mypy:/home/vboxuser/ros2_humble/install/ament_lint_cmake:/home/vboxuser/ros2_humble/install/ament_flake8:/home/vboxuser/ros2_humble/install/ament_copyright:/home/vboxuser/ros2_humble/install/ament_lint:/home/vboxuser/ros2_humble/install/ament_index_python:/home/vboxuser/ros2_humble/install/ament_cpplint:/home/vboxuser/ros2_humble/install/ament_cppcheck:/home/vboxuser/ros2_humble/install/ament_clang_tidy:/home/vboxuser/ros2_humble/install/ament_clang_format /usr/bin/cmake --build /home/vboxuser/Haste/src/build/custom_interfaces -- -j4 -l4
[19.724s] [  1%] [34m[1mGenerating C code for ROS interfaces[0m
[20.013s] [  3%] [34m[1mGenerating C++ code for ROS interfaces[0m
[20.249s] [  3%] Built target ament_cmake_python_copy_custom_interfaces
[21.505s] running egg_info
[21.507s] creating custom_interfaces.egg-info
[21.508s] writing custom_interfaces.egg-info/PKG-INFO
[21.509s] writing dependency_links to custom_interfaces.egg-info/dependency_links.txt
[21.509s] writing top-level names to custom_interfaces.egg-info/top_level.txt
[21.511s] writing manifest file 'custom_interfaces.egg-info/SOURCES.txt'
[21.610s] reading manifest file 'custom_interfaces.egg-info/SOURCES.txt'
[21.611s] writing manifest file 'custom_interfaces.egg-info/SOURCES.txt'
[21.772s] [  3%] Built target ament_cmake_python_build_custom_interfaces_egg
[22.660s] [  5%] [32mBuilding C object CMakeFiles/custom_interfaces__rosidl_generator_c.dir/rosidl_generator_c/custom_interfaces/msg/detail/num__functions.c.o[0m
[22.660s] [  7%] [32mBuilding C object CMakeFiles/custom_interfaces__rosidl_generator_c.dir/rosidl_generator_c/custom_interfaces/msg/detail/sphere__functions.c.o[0m
[23.165s] [  9%] [32mBuilding C object CMakeFiles/custom_interfaces__rosidl_generator_c.dir/rosidl_generator_c/custom_interfaces/srv/detail/add_three_ints__functions.c.o[0m
[23.170s] [  9%] Built target custom_interfaces__cpp
[23.269s] [ 10%] [34m[1mGenerating C++ type support for eProsima Fast-RTPS[0m
[23.439s] [ 12%] [34m[1mGenerating C++ type support dispatch for ROS interfaces[0m
[23.445s] [ 14%] [32mBuilding C object CMakeFiles/custom_interfaces__rosidl_generator_c.dir/rosidl_generator_c/custom_interfaces/srv/detail/scan_twi__functions.c.o[0m
[23.859s] [ 16%] [34m[1mGenerating C++ introspection for ROS interfaces[0m
[24.158s] [ 18%] [32m[1mLinking C shared library libcustom_interfaces__rosidl_generator_c.so[0m
[24.679s] [ 18%] Built target custom_interfaces__rosidl_generator_c
[24.934s] [ 20%] [34m[1mGenerating C type support for eProsima Fast-RTPS[0m
[26.659s] [ 21%] [32mBuilding CXX object CMakeFiles/custom_interfaces__rosidl_typesupport_cpp.dir/rosidl_typesupport_cpp/custom_interfaces/msg/num__type_support.cpp.o[0m
[29.688s] [ 25%] [32mBuilding CXX object CMakeFiles/custom_interfaces__rosidl_typesupport_fastrtps_cpp.dir/rosidl_typesupport_fastrtps_cpp/custom_interfaces/msg/detail/dds_fastrtps/num__type_support.cpp.o[0m
[29.689s] [ 25%] [32mBuilding CXX object CMakeFiles/custom_interfaces__rosidl_typesupport_cpp.dir/rosidl_typesupport_cpp/custom_interfaces/msg/sphere__type_support.cpp.o[0m
[30.453s] [ 27%] [32mBuilding CXX object CMakeFiles/custom_interfaces__rosidl_typesupport_introspection_cpp.dir/rosidl_typesupport_introspection_cpp/custom_interfaces/msg/detail/num__type_support.cpp.o[0m
[30.592s] [ 29%] [32mBuilding CXX object CMakeFiles/custom_interfaces__rosidl_typesupport_fastrtps_c.dir/rosidl_typesupport_fastrtps_c/custom_interfaces/msg/detail/num__type_support_c.cpp.o[0m
[32.792s] [ 30%] [32mBuilding CXX object CMakeFiles/custom_interfaces__rosidl_typesupport_cpp.dir/rosidl_typesupport_cpp/custom_interfaces/srv/add_three_ints__type_support.cpp.o[0m
[34.073s] [ 32%] [32mBuilding CXX object CMakeFiles/custom_interfaces__rosidl_typesupport_fastrtps_c.dir/rosidl_typesupport_fastrtps_c/custom_interfaces/msg/detail/sphere__type_support_c.cpp.o[0m
[34.327s] [ 34%] [32mBuilding CXX object CMakeFiles/custom_interfaces__rosidl_typesupport_fastrtps_cpp.dir/rosidl_typesupport_fastrtps_cpp/custom_interfaces/msg/detail/dds_fastrtps/sphere__type_support.cpp.o[0m
[34.328s] [ 36%] [32mBuilding CXX object CMakeFiles/custom_interfaces__rosidl_typesupport_introspection_cpp.dir/rosidl_typesupport_introspection_cpp/custom_interfaces/msg/detail/sphere__type_support.cpp.o[0m
[35.097s] [ 38%] [32mBuilding CXX object CMakeFiles/custom_interfaces__rosidl_typesupport_cpp.dir/rosidl_typesupport_cpp/custom_interfaces/srv/scan_twi__type_support.cpp.o[0m
[37.292s] [ 40%] [32mBuilding CXX object CMakeFiles/custom_interfaces__rosidl_typesupport_fastrtps_c.dir/rosidl_typesupport_fastrtps_c/custom_interfaces/srv/detail/add_three_ints__type_support_c.cpp.o[0m
[37.813s] [ 41%] [32mBuilding CXX object CMakeFiles/custom_interfaces__rosidl_typesupport_introspection_cpp.dir/rosidl_typesupport_introspection_cpp/custom_interfaces/srv/detail/add_three_ints__type_support.cpp.o[0m
[37.867s] [ 43%] [32m[1mLinking CXX shared library libcustom_interfaces__rosidl_typesupport_cpp.so[0m
[37.867s] [ 45%] [32mBuilding CXX object CMakeFiles/custom_interfaces__rosidl_typesupport_fastrtps_cpp.dir/rosidl_typesupport_fastrtps_cpp/custom_interfaces/srv/detail/dds_fastrtps/add_three_ints__type_support.cpp.o[0m
[38.361s] [ 45%] Built target custom_interfaces__rosidl_typesupport_cpp
[39.662s] [ 47%] [32mBuilding CXX object CMakeFiles/custom_interfaces__rosidl_typesupport_fastrtps_c.dir/rosidl_typesupport_fastrtps_c/custom_interfaces/srv/detail/scan_twi__type_support_c.cpp.o[0m
[39.765s] [ 49%] [32mBuilding CXX object CMakeFiles/custom_interfaces__rosidl_typesupport_introspection_cpp.dir/rosidl_typesupport_introspection_cpp/custom_interfaces/srv/detail/scan_twi__type_support.cpp.o[0m
[40.223s] [ 50%] [32mBuilding CXX object CMakeFiles/custom_interfaces__rosidl_typesupport_fastrtps_cpp.dir/rosidl_typesupport_fastrtps_cpp/custom_interfaces/srv/detail/dds_fastrtps/scan_twi__type_support.cpp.o[0m
[41.232s] [ 52%] [32m[1mLinking CXX shared library libcustom_interfaces__rosidl_typesupport_fastrtps_c.so[0m
[41.365s] [ 54%] [32m[1mLinking CXX shared library libcustom_interfaces__rosidl_typesupport_introspection_cpp.so[0m
[41.577s] [ 56%] [32m[1mLinking CXX shared library libcustom_interfaces__rosidl_typesupport_fastrtps_cpp.so[0m
[41.911s] [ 56%] Built target custom_interfaces__rosidl_typesupport_fastrtps_c
[41.945s] [ 56%] Built target custom_interfaces__rosidl_typesupport_introspection_cpp
[42.012s] [ 56%] Built target custom_interfaces__rosidl_typesupport_fastrtps_cpp
[42.158s] [ 58%] [34m[1mGenerating C type support dispatch for ROS interfaces[0m
[43.463s] [ 60%] [32mBuilding CXX object CMakeFiles/custom_interfaces__rosidl_typesupport_c.dir/rosidl_typesupport_c/custom_interfaces/msg/num__type_support.cpp.o[0m
[43.856s] [ 61%] [32mBuilding CXX object CMakeFiles/custom_interfaces__rosidl_typesupport_c.dir/rosidl_typesupport_c/custom_interfaces/srv/add_three_ints__type_support.cpp.o[0m
[44.153s] [ 63%] [32mBuilding CXX object CMakeFiles/custom_interfaces__rosidl_typesupport_c.dir/rosidl_typesupport_c/custom_interfaces/srv/scan_twi__type_support.cpp.o[0m
[44.908s] [ 65%] [32mBuilding CXX object CMakeFiles/custom_interfaces__rosidl_typesupport_c.dir/rosidl_typesupport_c/custom_interfaces/msg/sphere__type_support.cpp.o[0m
[45.118s] [ 67%] [32m[1mLinking CXX shared library libcustom_interfaces__rosidl_typesupport_c.so[0m
[45.506s] [ 67%] Built target custom_interfaces__rosidl_typesupport_c
[45.598s] [ 69%] [34m[1mGenerating C introspection for ROS interfaces[0m
[47.529s] [ 70%] [32mBuilding C object CMakeFiles/custom_interfaces__rosidl_typesupport_introspection_c.dir/rosidl_typesupport_introspection_c/custom_interfaces/msg/detail/num__type_support.c.o[0m
[47.666s] [ 72%] [32mBuilding C object CMakeFiles/custom_interfaces__rosidl_typesupport_introspection_c.dir/rosidl_typesupport_introspection_c/custom_interfaces/srv/detail/scan_twi__type_support.c.o[0m
[47.850s] [ 74%] [32mBuilding C object CMakeFiles/custom_interfaces__rosidl_typesupport_introspection_c.dir/rosidl_typesupport_introspection_c/custom_interfaces/srv/detail/add_three_ints__type_support.c.o[0m
[48.126s] [ 76%] [32mBuilding C object CMakeFiles/custom_interfaces__rosidl_typesupport_introspection_c.dir/rosidl_typesupport_introspection_c/custom_interfaces/msg/detail/sphere__type_support.c.o[0m
[48.429s] [ 78%] [32m[1mLinking C shared library libcustom_interfaces__rosidl_typesupport_introspection_c.so[0m
[48.709s] [ 78%] Built target custom_interfaces__rosidl_typesupport_introspection_c
[49.251s] [ 78%] Built target custom_interfaces
[49.580s] [ 80%] [34m[1mGenerating Python code for ROS interfaces[0m
[52.300s] [ 80%] Built target custom_interfaces__py
[52.393s] [ 81%] [32mBuilding C object CMakeFiles/custom_interfaces__rosidl_generator_py.dir/rosidl_generator_py/custom_interfaces/msg/_num_s.c.o[0m
[52.722s] [ 83%] [32mBuilding C object CMakeFiles/custom_interfaces__rosidl_generator_py.dir/rosidl_generator_py/custom_interfaces/srv/_scan_twi_s.c.o[0m
[52.994s] [ 85%] [32mBuilding C object CMakeFiles/custom_interfaces__rosidl_generator_py.dir/rosidl_generator_py/custom_interfaces/srv/_add_three_ints_s.c.o[0m
[53.292s] [ 87%] [32mBuilding C object CMakeFiles/custom_interfaces__rosidl_generator_py.dir/rosidl_generator_py/custom_interfaces/msg/_sphere_s.c.o[0m
[53.499s] [ 89%] [32m[1mLinking C shared library rosidl_generator_py/custom_interfaces/libcustom_interfaces__rosidl_generator_py.so[0m
[53.808s] [ 89%] Built target custom_interfaces__rosidl_generator_py
[53.897s] [ 90%] [32mBuilding C object CMakeFiles/custom_interfaces__rosidl_typesupport_introspection_c__pyext.dir/rosidl_generator_py/custom_interfaces/_custom_interfaces_s.ep.rosidl_typesupport_introspection_c.c.o[0m
[54.150s] [ 92%] [32m[1mLinking C shared library rosidl_generator_py/custom_interfaces/custom_interfaces_s__rosidl_typesupport_introspection_c.cpython-310-x86_64-linux-gnu.so[0m
[54.348s] [ 92%] Built target custom_interfaces__rosidl_typesupport_introspection_c__pyext
[54.448s] [ 94%] [32mBuilding C object CMakeFiles/custom_interfaces__rosidl_typesupport_c__pyext.dir/rosidl_generator_py/custom_interfaces/_custom_interfaces_s.ep.rosidl_typesupport_c.c.o[0m
[54.767s] [ 96%] [32m[1mLinking C shared library rosidl_generator_py/custom_interfaces/custom_interfaces_s__rosidl_typesupport_c.cpython-310-x86_64-linux-gnu.so[0m
[54.932s] [ 96%] Built target custom_interfaces__rosidl_typesupport_c__pyext
[55.118s] [ 98%] [32mBuilding C object CMakeFiles/custom_interfaces__rosidl_typesupport_fastrtps_c__pyext.dir/rosidl_generator_py/custom_interfaces/_custom_interfaces_s.ep.rosidl_typesupport_fastrtps_c.c.o[0m
[55.387s] [100%] [32m[1mLinking C shared library rosidl_generator_py/custom_interfaces/custom_interfaces_s__rosidl_typesupport_fastrtps_c.cpython-310-x86_64-linux-gnu.so[0m
[55.757s] [100%] Built target custom_interfaces__rosidl_typesupport_fastrtps_c__pyext
[55.816s] Invoked command in '/home/vboxuser/Haste/src/build/custom_interfaces' returned '0': CMAKE_PREFIX_PATH=${CMAKE_PREFIX_PATH}:/home/vboxuser/ros2_humble/install/rqt_bag_plugins:/home/vboxuser/ros2_humble/install/rqt_bag:/home/vboxuser/ros2_humble/install/ros2bag:/home/vboxuser/ros2_humble/install/tracetools_test:/home/vboxuser/ros2_humble/install/tracetools_launch:/home/vboxuser/ros2_humble/install/topic_monitor:/home/vboxuser/ros2_humble/install/tf2_tools:/home/vboxuser/ros2_humble/install/examples_tf2_py:/home/vboxuser/ros2_humble/install/tf2_ros_py:/home/vboxuser/ros2_humble/install/sros2:/home/vboxuser/ros2_humble/install/rqt_topic:/home/vboxuser/ros2_humble/install/rqt_srv:/home/vboxuser/ros2_humble/install/rqt_shell:/home/vboxuser/ros2_humble/install/rqt_service_caller:/home/vboxuser/ros2_humble/install/rqt_reconfigure:/home/vboxuser/ros2_humble/install/rqt_py_console:/home/vboxuser/ros2_humble/install/rqt_publisher:/home/vboxuser/ros2_humble/install/rqt_plot:/home/vboxuser/ros2_humble/install/rqt_action:/home/vboxuser/ros2_humble/install/rqt_msg:/home/vboxuser/ros2_humble/install/rqt_console:/home/vboxuser/ros2_humble/install/rqt:/home/vboxuser/ros2_humble/install/rqt_graph:/home/vboxuser/ros2_humble/install/rqt_gui_py:/home/vboxuser/ros2_humble/install/rqt_gui:/home/vboxuser/ros2_humble/install/ros2trace:/home/vboxuser/ros2_humble/install/ros2topic:/home/vboxuser/ros2_humble/install/ros2test:/home/vboxuser/ros2_humble/install/ros2component:/home/vboxuser/ros2_humble/install/ros2param:/home/vboxuser/ros2_humble/install/ros2lifecycle:/home/vboxuser/ros2_humble/install/ros2service:/home/vboxuser/ros2_humble/install/ros2run:/home/vboxuser/ros2_humble/install/ros2launch:/home/vboxuser/ros2_humble/install/ros2pkg:/home/vboxuser/ros2_humble/install/ros2node:/home/vboxuser/ros2_humble/install/ros2multicast:/home/vboxuser/ros2_humble/install/ros2interface:/home/vboxuser/ros2_humble/install/ros2doctor:/home/vboxuser/ros2_humble/install/ros2action:/home/vboxuser/ros2_humble/install/ros2cli:/home/vboxuser/ros2_humble/install/quality_of_service_demo_py:/home/vboxuser/ros2_humble/install/lifecycle_py:/home/vboxuser/ros2_humble/install/launch_testing_ros:/home/vboxuser/ros2_humble/install/launch_ros:/home/vboxuser/ros2_humble/install/examples_rclpy_pointcloud_publisher:/home/vboxuser/ros2_humble/install/examples_rclpy_minimal_subscriber:/home/vboxuser/ros2_humble/install/examples_rclpy_minimal_service:/home/vboxuser/ros2_humble/install/examples_rclpy_minimal_publisher:/home/vboxuser/ros2_humble/install/examples_rclpy_minimal_client:/home/vboxuser/ros2_humble/install/examples_rclpy_minimal_action_server:/home/vboxuser/ros2_humble/install/examples_rclpy_minimal_action_client:/home/vboxuser/ros2_humble/install/examples_rclpy_guard_conditions:/home/vboxuser/ros2_humble/install/examples_rclpy_executors:/home/vboxuser/ros2_humble/install/demo_nodes_py:/home/vboxuser/ros2_humble/install/action_tutorials_py:/home/vboxuser/ros2_humble/install/ament_uncrustify:/home/vboxuser/ros2_humble/install/tracetools_trace:/home/vboxuser/ros2_humble/install/tracetools_read:/home/vboxuser/ros2_humble/install/test_tracetools_launch:/home/vboxuser/ros2_humble/install/test_launch_ros:/home/vboxuser/ros2_humble/install/sensor_msgs_py:/home/vboxuser/ros2_humble/install/rpyutils:/home/vboxuser/ros2_humble/install/rosidl_runtime_py:/home/vboxuser/ros2_humble/install/rosidl_cli:/home/vboxuser/ros2_humble/install/launch_pytest:/home/vboxuser/ros2_humble/install/launch_testing:/home/vboxuser/ros2_humble/install/launch_yaml:/home/vboxuser/ros2_humble/install/launch_xml:/home/vboxuser/ros2_humble/install/launch:/home/vboxuser/ros2_humble/install/osrf_pycommon:/home/vboxuser/ros2_humble/install/launch_testing_examples:/home/vboxuser/ros2_humble/install/domain_coordinator:/home/vboxuser/ros2_humble/install/ament_xmllint:/home/vboxuser/ros2_humble/install/ament_pyflakes:/home/vboxuser/ros2_humble/install/ament_pycodestyle:/home/vboxuser/ros2_humble/install/ament_pep257:/home/vboxuser/ros2_humble/install/ament_pclint:/home/vboxuser/ros2_humble/install/ament_package:/home/vboxuser/ros2_humble/install/ament_mypy:/home/vboxuser/ros2_humble/install/ament_lint_cmake:/home/vboxuser/ros2_humble/install/ament_flake8:/home/vboxuser/ros2_humble/install/ament_copyright:/home/vboxuser/ros2_humble/install/ament_lint:/home/vboxuser/ros2_humble/install/ament_index_python:/home/vboxuser/ros2_humble/install/ament_cpplint:/home/vboxuser/ros2_humble/install/ament_cppcheck:/home/vboxuser/ros2_humble/install/ament_clang_tidy:/home/vboxuser/ros2_humble/install/ament_clang_format /usr/bin/cmake --build /home/vboxuser/Haste/src/build/custom_interfaces -- -j4 -l4
[57.629s] Invoking command in '/home/vboxuser/Haste/src/build/custom_interfaces': CMAKE_PREFIX_PATH=${CMAKE_PREFIX_PATH}:/home/vboxuser/ros2_humble/install/rqt_bag_plugins:/home/vboxuser/ros2_humble/install/rqt_bag:/home/vboxuser/ros2_humble/install/ros2bag:/home/vboxuser/ros2_humble/install/tracetools_test:/home/vboxuser/ros2_humble/install/tracetools_launch:/home/vboxuser/ros2_humble/install/topic_monitor:/home/vboxuser/ros2_humble/install/tf2_tools:/home/vboxuser/ros2_humble/install/examples_tf2_py:/home/vboxuser/ros2_humble/install/tf2_ros_py:/home/vboxuser/ros2_humble/install/sros2:/home/vboxuser/ros2_humble/install/rqt_topic:/home/vboxuser/ros2_humble/install/rqt_srv:/home/vboxuser/ros2_humble/install/rqt_shell:/home/vboxuser/ros2_humble/install/rqt_service_caller:/home/vboxuser/ros2_humble/install/rqt_reconfigure:/home/vboxuser/ros2_humble/install/rqt_py_console:/home/vboxuser/ros2_humble/install/rqt_publisher:/home/vboxuser/ros2_humble/install/rqt_plot:/home/vboxuser/ros2_humble/install/rqt_action:/home/vboxuser/ros2_humble/install/rqt_msg:/home/vboxuser/ros2_humble/install/rqt_console:/home/vboxuser/ros2_humble/install/rqt:/home/vboxuser/ros2_humble/install/rqt_graph:/home/vboxuser/ros2_humble/install/rqt_gui_py:/home/vboxuser/ros2_humble/install/rqt_gui:/home/vboxuser/ros2_humble/install/ros2trace:/home/vboxuser/ros2_humble/install/ros2topic:/home/vboxuser/ros2_humble/install/ros2test:/home/vboxuser/ros2_humble/install/ros2component:/home/vboxuser/ros2_humble/install/ros2param:/home/vboxuser/ros2_humble/install/ros2lifecycle:/home/vboxuser/ros2_humble/install/ros2service:/home/vboxuser/ros2_humble/install/ros2run:/home/vboxuser/ros2_humble/install/ros2launch:/home/vboxuser/ros2_humble/install/ros2pkg:/home/vboxuser/ros2_humble/install/ros2node:/home/vboxuser/ros2_humble/install/ros2multicast:/home/vboxuser/ros2_humble/install/ros2interface:/home/vboxuser/ros2_humble/install/ros2doctor:/home/vboxuser/ros2_humble/install/ros2action:/home/vboxuser/ros2_humble/install/ros2cli:/home/vboxuser/ros2_humble/install/quality_of_service_demo_py:/home/vboxuser/ros2_humble/install/lifecycle_py:/home/vboxuser/ros2_humble/install/launch_testing_ros:/home/vboxuser/ros2_humble/install/launch_ros:/home/vboxuser/ros2_humble/install/examples_rclpy_pointcloud_publisher:/home/vboxuser/ros2_humble/install/examples_rclpy_minimal_subscriber:/home/vboxuser/ros2_humble/install/examples_rclpy_minimal_service:/home/vboxuser/ros2_humble/install/examples_rclpy_minimal_publisher:/home/vboxuser/ros2_humble/install/examples_rclpy_minimal_client:/home/vboxuser/ros2_humble/install/examples_rclpy_minimal_action_server:/home/vboxuser/ros2_humble/install/examples_rclpy_minimal_action_client:/home/vboxuser/ros2_humble/install/examples_rclpy_guard_conditions:/home/vboxuser/ros2_humble/install/examples_rclpy_executors:/home/vboxuser/ros2_humble/install/demo_nodes_py:/home/vboxuser/ros2_humble/install/action_tutorials_py:/home/vboxuser/ros2_humble/install/ament_uncrustify:/home/vboxuser/ros2_humble/install/tracetools_trace:/home/vboxuser/ros2_humble/install/tracetools_read:/home/vboxuser/ros2_humble/install/test_tracetools_launch:/home/vboxuser/ros2_humble/install/test_launch_ros:/home/vboxuser/ros2_humble/install/sensor_msgs_py:/home/vboxuser/ros2_humble/install/rpyutils:/home/vboxuser/ros2_humble/install/rosidl_runtime_py:/home/vboxuser/ros2_humble/install/rosidl_cli:/home/vboxuser/ros2_humble/install/launch_pytest:/home/vboxuser/ros2_humble/install/launch_testing:/home/vboxuser/ros2_humble/install/launch_yaml:/home/vboxuser/ros2_humble/install/launch_xml:/home/vboxuser/ros2_humble/install/launch:/home/vboxuser/ros2_humble/install/osrf_pycommon:/home/vboxuser/ros2_humble/install/launch_testing_examples:/home/vboxuser/ros2_humble/install/domain_coordinator:/home/vboxuser/ros2_humble/install/ament_xmllint:/home/vboxuser/ros2_humble/install/ament_pyflakes:/home/vboxuser/ros2_humble/install/ament_pycodestyle:/home/vboxuser/ros2_humble/install/ament_pep257:/home/vboxuser/ros2_humble/install/ament_pclint:/home/vboxuser/ros2_humble/install/ament_package:/home/vboxuser/ros2_humble/install/ament_mypy:/home/vboxuser/ros2_humble/install/ament_lint_cmake:/home/vboxuser/ros2_humble/install/ament_flake8:/home/vboxuser/ros2_humble/install/ament_copyright:/home/vboxuser/ros2_humble/install/ament_lint:/home/vboxuser/ros2_humble/install/ament_index_python:/home/vboxuser/ros2_humble/install/ament_cpplint:/home/vboxuser/ros2_humble/install/ament_cppcheck:/home/vboxuser/ros2_humble/install/ament_clang_tidy:/home/vboxuser/ros2_humble/install/ament_clang_format /usr/bin/cmake --install /home/vboxuser/Haste/src/build/custom_interfaces
[57.690s] -- Install configuration: ""
[57.693s] -- Installing: /home/vboxuser/Haste/src/install/custom_interfaces/share/ament_index/resource_index/rosidl_interfaces/custom_interfaces
[57.694s] -- Installing: /home/vboxuser/Haste/src/install/custom_interfaces/include/custom_interfaces/custom_interfaces
[57.694s] -- Installing: /home/vboxuser/Haste/src/install/custom_interfaces/include/custom_interfaces/custom_interfaces/msg
[57.695s] -- Installing: /home/vboxuser/Haste/src/install/custom_interfaces/include/custom_interfaces/custom_interfaces/msg/rosidl_generator_c__visibility_control.h
[57.695s] -- Installing: /home/vboxuser/Haste/src/install/custom_interfaces/include/custom_interfaces/custom_interfaces/msg/sphere.h
[57.696s] -- Installing: /home/vboxuser/Haste/src/install/custom_interfaces/include/custom_interfaces/custom_interfaces/msg/detail
[57.696s] -- Installing: /home/vboxuser/Haste/src/install/custom_interfaces/include/custom_interfaces/custom_interfaces/msg/detail/num__struct.h
[57.698s] -- Installing: /home/vboxuser/Haste/src/install/custom_interfaces/include/custom_interfaces/custom_interfaces/msg/detail/sphere__struct.h
[57.700s] -- Installing: /home/vboxuser/Haste/src/install/custom_interfaces/include/custom_interfaces/custom_interfaces/msg/detail/num__functions.c
[57.702s] -- Installing: /home/vboxuser/Haste/src/install/custom_interfaces/include/custom_interfaces/custom_interfaces/msg/detail/sphere__functions.c
[57.702s] -- Installing: /home/vboxuser/Haste/src/install/custom_interfaces/include/custom_interfaces/custom_interfaces/msg/detail/num__functions.h
[57.703s] -- Installing: /home/vboxuser/Haste/src/install/custom_interfaces/include/custom_interfaces/custom_interfaces/msg/detail/num__type_support.h
[57.704s] -- Installing: /home/vboxuser/Haste/src/install/custom_interfaces/include/custom_interfaces/custom_interfaces/msg/detail/sphere__type_support.h
[57.704s] -- Installing: /home/vboxuser/Haste/src/install/custom_interfaces/include/custom_interfaces/custom_interfaces/msg/detail/sphere__functions.h
[57.705s] -- Installing: /home/vboxuser/Haste/src/install/custom_interfaces/include/custom_interfaces/custom_interfaces/msg/num.h
[57.713s] -- Installing: /home/vboxuser/Haste/src/install/custom_interfaces/include/custom_interfaces/custom_interfaces/srv
[57.715s] -- Installing: /home/vboxuser/Haste/src/install/custom_interfaces/include/custom_interfaces/custom_interfaces/srv/detail
[57.715s] -- Installing: /home/vboxuser/Haste/src/install/custom_interfaces/include/custom_interfaces/custom_interfaces/srv/detail/add_three_ints__struct.h
[57.715s] -- Installing: /home/vboxuser/Haste/src/install/custom_interfaces/include/custom_interfaces/custom_interfaces/srv/detail/add_three_ints__functions.c
[57.716s] -- Installing: /home/vboxuser/Haste/src/install/custom_interfaces/include/custom_interfaces/custom_interfaces/srv/detail/scan_twi__type_support.h
[57.716s] -- Installing: /home/vboxuser/Haste/src/install/custom_interfaces/include/custom_interfaces/custom_interfaces/srv/detail/scan_twi__functions.c
[57.716s] -- Installing: /home/vboxuser/Haste/src/install/custom_interfaces/include/custom_interfaces/custom_interfaces/srv/detail/add_three_ints__type_support.h
[57.717s] -- Installing: /home/vboxuser/Haste/src/install/custom_interfaces/include/custom_interfaces/custom_interfaces/srv/detail/scan_twi__struct.h
[57.717s] -- Installing: /home/vboxuser/Haste/src/install/custom_interfaces/include/custom_interfaces/custom_interfaces/srv/detail/add_three_ints__functions.h
[57.717s] -- Installing: /home/vboxuser/Haste/src/install/custom_interfaces/include/custom_interfaces/custom_interfaces/srv/detail/scan_twi__functions.h
[57.718s] -- Installing: /home/vboxuser/Haste/src/install/custom_interfaces/include/custom_interfaces/custom_interfaces/srv/add_three_ints.h
[57.739s] -- Installing: /home/vboxuser/Haste/src/install/custom_interfaces/include/custom_interfaces/custom_interfaces/srv/scan_twi.h
[57.739s] -- Installing: /home/vboxuser/Haste/src/install/custom_interfaces/share/custom_interfaces/environment/library_path.sh
[57.739s] -- Installing: /home/vboxuser/Haste/src/install/custom_interfaces/share/custom_interfaces/environment/library_path.dsv
[57.739s] -- Installing: /home/vboxuser/Haste/src/install/custom_interfaces/lib/libcustom_interfaces__rosidl_generator_c.so
[57.739s] -- Set runtime path of "/home/vboxuser/Haste/src/install/custom_interfaces/lib/libcustom_interfaces__rosidl_generator_c.so" to ""
[57.740s] -- Up-to-date: /home/vboxuser/Haste/src/install/custom_interfaces/include/custom_interfaces/custom_interfaces
[57.740s] -- Up-to-date: /home/vboxuser/Haste/src/install/custom_interfaces/include/custom_interfaces/custom_interfaces/msg
[57.740s] -- Up-to-date: /home/vboxuser/Haste/src/install/custom_interfaces/include/custom_interfaces/custom_interfaces/msg/detail
[57.740s] -- Installing: /home/vboxuser/Haste/src/install/custom_interfaces/include/custom_interfaces/custom_interfaces/msg/detail/num__rosidl_typesupport_fastrtps_c.h
[57.740s] -- Installing: /home/vboxuser/Haste/src/install/custom_interfaces/include/custom_interfaces/custom_interfaces/msg/detail/sphere__rosidl_typesupport_fastrtps_c.h
[57.740s] -- Installing: /home/vboxuser/Haste/src/install/custom_interfaces/include/custom_interfaces/custom_interfaces/msg/rosidl_typesupport_fastrtps_c__visibility_control.h
[57.740s] -- Up-to-date: /home/vboxuser/Haste/src/install/custom_interfaces/include/custom_interfaces/custom_interfaces/srv
[57.740s] -- Up-to-date: /home/vboxuser/Haste/src/install/custom_interfaces/include/custom_interfaces/custom_interfaces/srv/detail
[57.740s] -- Installing: /home/vboxuser/Haste/src/install/custom_interfaces/include/custom_interfaces/custom_interfaces/srv/detail/add_three_ints__rosidl_typesupport_fastrtps_c.h
[57.741s] -- Installing: /home/vboxuser/Haste/src/install/custom_interfaces/include/custom_interfaces/custom_interfaces/srv/detail/scan_twi__rosidl_typesupport_fastrtps_c.h
[57.741s] -- Installing: /home/vboxuser/Haste/src/install/custom_interfaces/lib/libcustom_interfaces__rosidl_typesupport_fastrtps_c.so
[57.741s] -- Set runtime path of "/home/vboxuser/Haste/src/install/custom_interfaces/lib/libcustom_interfaces__rosidl_typesupport_fastrtps_c.so" to ""
[57.741s] -- Up-to-date: /home/vboxuser/Haste/src/install/custom_interfaces/include/custom_interfaces/custom_interfaces
[57.741s] -- Up-to-date: /home/vboxuser/Haste/src/install/custom_interfaces/include/custom_interfaces/custom_interfaces/msg
[57.741s] -- Installing: /home/vboxuser/Haste/src/install/custom_interfaces/include/custom_interfaces/custom_interfaces/msg/num.hpp
[57.742s] -- Up-to-date: /home/vboxuser/Haste/src/install/custom_interfaces/include/custom_interfaces/custom_interfaces/msg/detail
[57.742s] -- Installing: /home/vboxuser/Haste/src/install/custom_interfaces/include/custom_interfaces/custom_interfaces/msg/detail/num__struct.hpp
[57.742s] -- Installing: /home/vboxuser/Haste/src/install/custom_interfaces/include/custom_interfaces/custom_interfaces/msg/detail/num__traits.hpp
[57.742s] -- Installing: /home/vboxuser/Haste/src/install/custom_interfaces/include/custom_interfaces/custom_interfaces/msg/detail/sphere__traits.hpp
[57.743s] -- Installing: /home/vboxuser/Haste/src/install/custom_interfaces/include/custom_interfaces/custom_interfaces/msg/detail/sphere__builder.hpp
[57.743s] -- Installing: /home/vboxuser/Haste/src/install/custom_interfaces/include/custom_interfaces/custom_interfaces/msg/detail/num__builder.hpp
[57.743s] -- Installing: /home/vboxuser/Haste/src/install/custom_interfaces/include/custom_interfaces/custom_interfaces/msg/detail/sphere__struct.hpp
[57.743s] -- Installing: /home/vboxuser/Haste/src/install/custom_interfaces/include/custom_interfaces/custom_interfaces/msg/sphere.hpp
[57.743s] -- Up-to-date: /home/vboxuser/Haste/src/install/custom_interfaces/include/custom_interfaces/custom_interfaces/srv
[57.743s] -- Up-to-date: /home/vboxuser/Haste/src/install/custom_interfaces/include/custom_interfaces/custom_interfaces/srv/detail
[57.743s] -- Installing: /home/vboxuser/Haste/src/install/custom_interfaces/include/custom_interfaces/custom_interfaces/srv/detail/add_three_ints__traits.hpp
[57.743s] -- Installing: /home/vboxuser/Haste/src/install/custom_interfaces/include/custom_interfaces/custom_interfaces/srv/detail/scan_twi__struct.hpp
[57.743s] -- Installing: /home/vboxuser/Haste/src/install/custom_interfaces/include/custom_interfaces/custom_interfaces/srv/detail/add_three_ints__struct.hpp
[57.743s] -- Installing: /home/vboxuser/Haste/src/install/custom_interfaces/include/custom_interfaces/custom_interfaces/srv/detail/scan_twi__traits.hpp
[57.744s] -- Installing: /home/vboxuser/Haste/src/install/custom_interfaces/include/custom_interfaces/custom_interfaces/srv/detail/scan_twi__builder.hpp
[57.744s] -- Installing: /home/vboxuser/Haste/src/install/custom_interfaces/include/custom_interfaces/custom_interfaces/srv/detail/add_three_ints__builder.hpp
[57.744s] -- Installing: /home/vboxuser/Haste/src/install/custom_interfaces/include/custom_interfaces/custom_interfaces/srv/scan_twi.hpp
[57.744s] -- Installing: /home/vboxuser/Haste/src/install/custom_interfaces/include/custom_interfaces/custom_interfaces/srv/add_three_ints.hpp
[57.744s] -- Up-to-date: /home/vboxuser/Haste/src/install/custom_interfaces/include/custom_interfaces/custom_interfaces
[57.744s] -- Up-to-date: /home/vboxuser/Haste/src/install/custom_interfaces/include/custom_interfaces/custom_interfaces/msg
[57.744s] -- Installing: /home/vboxuser/Haste/src/install/custom_interfaces/include/custom_interfaces/custom_interfaces/msg/rosidl_typesupport_fastrtps_cpp__visibility_control.h
[57.744s] -- Up-to-date: /home/vboxuser/Haste/src/install/custom_interfaces/include/custom_interfaces/custom_interfaces/msg/detail
[57.744s] -- Installing: /home/vboxuser/Haste/src/install/custom_interfaces/include/custom_interfaces/custom_interfaces/msg/detail/dds_fastrtps
[57.745s] -- Installing: /home/vboxuser/Haste/src/install/custom_interfaces/include/custom_interfaces/custom_interfaces/msg/detail/num__rosidl_typesupport_fastrtps_cpp.hpp
[57.745s] -- Installing: /home/vboxuser/Haste/src/install/custom_interfaces/include/custom_interfaces/custom_interfaces/msg/detail/sphere__rosidl_typesupport_fastrtps_cpp.hpp
[57.745s] -- Up-to-date: /home/vboxuser/Haste/src/install/custom_interfaces/include/custom_interfaces/custom_interfaces/srv
[57.745s] -- Up-to-date: /home/vboxuser/Haste/src/install/custom_interfaces/include/custom_interfaces/custom_interfaces/srv/detail
[57.745s] -- Installing: /home/vboxuser/Haste/src/install/custom_interfaces/include/custom_interfaces/custom_interfaces/srv/detail/add_three_ints__rosidl_typesupport_fastrtps_cpp.hpp
[57.745s] -- Installing: /home/vboxuser/Haste/src/install/custom_interfaces/include/custom_interfaces/custom_interfaces/srv/detail/dds_fastrtps
[57.745s] -- Installing: /home/vboxuser/Haste/src/install/custom_interfaces/include/custom_interfaces/custom_interfaces/srv/detail/scan_twi__rosidl_typesupport_fastrtps_cpp.hpp
[57.745s] -- Installing: /home/vboxuser/Haste/src/install/custom_interfaces/lib/libcustom_interfaces__rosidl_typesupport_fastrtps_cpp.so
[57.745s] -- Set runtime path of "/home/vboxuser/Haste/src/install/custom_interfaces/lib/libcustom_interfaces__rosidl_typesupport_fastrtps_cpp.so" to ""
[57.746s] -- Up-to-date: /home/vboxuser/Haste/src/install/custom_interfaces/include/custom_interfaces/custom_interfaces
[57.746s] -- Up-to-date: /home/vboxuser/Haste/src/install/custom_interfaces/include/custom_interfaces/custom_interfaces/msg
[57.746s] -- Up-to-date: /home/vboxuser/Haste/src/install/custom_interfaces/include/custom_interfaces/custom_interfaces/msg/detail
[57.746s] -- Installing: /home/vboxuser/Haste/src/install/custom_interfaces/include/custom_interfaces/custom_interfaces/msg/detail/num__rosidl_typesupport_introspection_c.h
[57.746s] -- Installing: /home/vboxuser/Haste/src/install/custom_interfaces/include/custom_interfaces/custom_interfaces/msg/detail/sphere__type_support.c
[57.746s] -- Installing: /home/vboxuser/Haste/src/install/custom_interfaces/include/custom_interfaces/custom_interfaces/msg/detail/sphere__rosidl_typesupport_introspection_c.h
[57.746s] -- Installing: /home/vboxuser/Haste/src/install/custom_interfaces/include/custom_interfaces/custom_interfaces/msg/detail/num__type_support.c
[57.746s] -- Installing: /home/vboxuser/Haste/src/install/custom_interfaces/include/custom_interfaces/custom_interfaces/msg/rosidl_typesupport_introspection_c__visibility_control.h
[57.746s] -- Up-to-date: /home/vboxuser/Haste/src/install/custom_interfaces/include/custom_interfaces/custom_interfaces/srv
[57.752s] -- Up-to-date: /home/vboxuser/Haste/src/install/custom_interfaces/include/custom_interfaces/custom_interfaces/srv/detail
[57.752s] -- Installing: /home/vboxuser/Haste/src/install/custom_interfaces/include/custom_interfaces/custom_interfaces/srv/detail/add_three_ints__rosidl_typesupport_introspection_c.h
[57.752s] -- Installing: /home/vboxuser/Haste/src/install/custom_interfaces/include/custom_interfaces/custom_interfaces/srv/detail/scan_twi__rosidl_typesupport_introspection_c.h
[57.752s] -- Installing: /home/vboxuser/Haste/src/install/custom_interfaces/include/custom_interfaces/custom_interfaces/srv/detail/add_three_ints__type_support.c
[57.753s] -- Installing: /home/vboxuser/Haste/src/install/custom_interfaces/include/custom_interfaces/custom_interfaces/srv/detail/scan_twi__type_support.c
[57.753s] -- Installing: /home/vboxuser/Haste/src/install/custom_interfaces/lib/libcustom_interfaces__rosidl_typesupport_introspection_c.so
[57.753s] -- Set runtime path of "/home/vboxuser/Haste/src/install/custom_interfaces/lib/libcustom_interfaces__rosidl_typesupport_introspection_c.so" to ""
[57.753s] -- Installing: /home/vboxuser/Haste/src/install/custom_interfaces/lib/libcustom_interfaces__rosidl_typesupport_c.so
[57.753s] -- Set runtime path of "/home/vboxuser/Haste/src/install/custom_interfaces/lib/libcustom_interfaces__rosidl_typesupport_c.so" to ""
[57.753s] -- Up-to-date: /home/vboxuser/Haste/src/install/custom_interfaces/include/custom_interfaces/custom_interfaces
[57.753s] -- Up-to-date: /home/vboxuser/Haste/src/install/custom_interfaces/include/custom_interfaces/custom_interfaces/msg
[57.754s] -- Up-to-date: /home/vboxuser/Haste/src/install/custom_interfaces/include/custom_interfaces/custom_interfaces/msg/detail
[57.754s] -- Installing: /home/vboxuser/Haste/src/install/custom_interfaces/include/custom_interfaces/custom_interfaces/msg/detail/num__rosidl_typesupport_introspection_cpp.hpp
[57.754s] -- Installing: /home/vboxuser/Haste/src/install/custom_interfaces/include/custom_interfaces/custom_interfaces/msg/detail/sphere__type_support.cpp
[57.754s] -- Installing: /home/vboxuser/Haste/src/install/custom_interfaces/include/custom_interfaces/custom_interfaces/msg/detail/sphere__rosidl_typesupport_introspection_cpp.hpp
[57.759s] -- Installing: /home/vboxuser/Haste/src/install/custom_interfaces/include/custom_interfaces/custom_interfaces/msg/detail/num__type_support.cpp
[57.760s] -- Up-to-date: /home/vboxuser/Haste/src/install/custom_interfaces/include/custom_interfaces/custom_interfaces/srv
[57.760s] -- Up-to-date: /home/vboxuser/Haste/src/install/custom_interfaces/include/custom_interfaces/custom_interfaces/srv/detail
[57.760s] -- Installing: /home/vboxuser/Haste/src/install/custom_interfaces/include/custom_interfaces/custom_interfaces/srv/detail/scan_twi__type_support.cpp
[57.760s] -- Installing: /home/vboxuser/Haste/src/install/custom_interfaces/include/custom_interfaces/custom_interfaces/srv/detail/scan_twi__rosidl_typesupport_introspection_cpp.hpp
[57.760s] -- Installing: /home/vboxuser/Haste/src/install/custom_interfaces/include/custom_interfaces/custom_interfaces/srv/detail/add_three_ints__rosidl_typesupport_introspection_cpp.hpp
[57.760s] -- Installing: /home/vboxuser/Haste/src/install/custom_interfaces/include/custom_interfaces/custom_interfaces/srv/detail/add_three_ints__type_support.cpp
[57.761s] -- Installing: /home/vboxuser/Haste/src/install/custom_interfaces/lib/libcustom_interfaces__rosidl_typesupport_introspection_cpp.so
[57.761s] -- Set runtime path of "/home/vboxuser/Haste/src/install/custom_interfaces/lib/libcustom_interfaces__rosidl_typesupport_introspection_cpp.so" to ""
[57.761s] -- Installing: /home/vboxuser/Haste/src/install/custom_interfaces/lib/libcustom_interfaces__rosidl_typesupport_cpp.so
[57.763s] -- Set runtime path of "/home/vboxuser/Haste/src/install/custom_interfaces/lib/libcustom_interfaces__rosidl_typesupport_cpp.so" to ""
[57.763s] -- Installing: /home/vboxuser/Haste/src/install/custom_interfaces/share/custom_interfaces/environment/pythonpath.sh
[57.763s] -- Installing: /home/vboxuser/Haste/src/install/custom_interfaces/share/custom_interfaces/environment/pythonpath.dsv
[57.764s] -- Installing: /home/vboxuser/Haste/src/install/custom_interfaces/local/lib/python3.10/dist-packages/custom_interfaces-0.0.0-py3.10.egg-info
[57.766s] -- Installing: /home/vboxuser/Haste/src/install/custom_interfaces/local/lib/python3.10/dist-packages/custom_interfaces-0.0.0-py3.10.egg-info/PKG-INFO
[57.766s] -- Installing: /home/vboxuser/Haste/src/install/custom_interfaces/local/lib/python3.10/dist-packages/custom_interfaces-0.0.0-py3.10.egg-info/SOURCES.txt
[57.766s] -- Installing: /home/vboxuser/Haste/src/install/custom_interfaces/local/lib/python3.10/dist-packages/custom_interfaces-0.0.0-py3.10.egg-info/dependency_links.txt
[57.768s] -- Installing: /home/vboxuser/Haste/src/install/custom_interfaces/local/lib/python3.10/dist-packages/custom_interfaces-0.0.0-py3.10.egg-info/top_level.txt
[57.770s] -- Installing: /home/vboxuser/Haste/src/install/custom_interfaces/local/lib/python3.10/dist-packages/custom_interfaces
[57.772s] -- Installing: /home/vboxuser/Haste/src/install/custom_interfaces/local/lib/python3.10/dist-packages/custom_interfaces/_custom_interfaces_s.ep.rosidl_typesupport_c.c
[57.774s] -- Installing: /home/vboxuser/Haste/src/install/custom_interfaces/local/lib/python3.10/dist-packages/custom_interfaces/msg
[57.774s] -- Installing: /home/vboxuser/Haste/src/install/custom_interfaces/local/lib/python3.10/dist-packages/custom_interfaces/msg/_num_s.c
[57.775s] -- Installing: /home/vboxuser/Haste/src/install/custom_interfaces/local/lib/python3.10/dist-packages/custom_interfaces/msg/_sphere_s.c
[57.776s] -- Installing: /home/vboxuser/Haste/src/install/custom_interfaces/local/lib/python3.10/dist-packages/custom_interfaces/msg/_sphere.py
[57.776s] -- Installing: /home/vboxuser/Haste/src/install/custom_interfaces/local/lib/python3.10/dist-packages/custom_interfaces/msg/_num.py
[57.777s] -- Installing: /home/vboxuser/Haste/src/install/custom_interfaces/local/lib/python3.10/dist-packages/custom_interfaces/msg/__init__.py
[57.777s] -- Installing: /home/vboxuser/Haste/src/install/custom_interfaces/local/lib/python3.10/dist-packages/custom_interfaces/custom_interfaces_s__rosidl_typesupport_fastrtps_c.cpython-310-x86_64-linux-gnu.so
[57.778s] -- Installing: /home/vboxuser/Haste/src/install/custom_interfaces/local/lib/python3.10/dist-packages/custom_interfaces/custom_interfaces_s__rosidl_typesupport_c.cpython-310-x86_64-linux-gnu.so
[57.780s] -- Installing: /home/vboxuser/Haste/src/install/custom_interfaces/local/lib/python3.10/dist-packages/custom_interfaces/srv
[57.780s] -- Installing: /home/vboxuser/Haste/src/install/custom_interfaces/local/lib/python3.10/dist-packages/custom_interfaces/srv/_add_three_ints_s.c
[57.780s] -- Installing: /home/vboxuser/Haste/src/install/custom_interfaces/local/lib/python3.10/dist-packages/custom_interfaces/srv/_scan_twi.py
[57.781s] -- Installing: /home/vboxuser/Haste/src/install/custom_interfaces/local/lib/python3.10/dist-packages/custom_interfaces/srv/_add_three_ints.py
[57.781s] -- Installing: /home/vboxuser/Haste/src/install/custom_interfaces/local/lib/python3.10/dist-packages/custom_interfaces/srv/__init__.py
[57.783s] -- Installing: /home/vboxuser/Haste/src/install/custom_interfaces/local/lib/python3.10/dist-packages/custom_interfaces/srv/_scan_twi_s.c
[57.784s] -- Installing: /home/vboxuser/Haste/src/install/custom_interfaces/local/lib/python3.10/dist-packages/custom_interfaces/_custom_interfaces_s.ep.rosidl_typesupport_introspection_c.c
[57.785s] -- Installing: /home/vboxuser/Haste/src/install/custom_interfaces/local/lib/python3.10/dist-packages/custom_interfaces/__init__.py
[57.786s] -- Installing: /home/vboxuser/Haste/src/install/custom_interfaces/local/lib/python3.10/dist-packages/custom_interfaces/_custom_interfaces_s.ep.rosidl_typesupport_fastrtps_c.c
[57.786s] -- Installing: /home/vboxuser/Haste/src/install/custom_interfaces/local/lib/python3.10/dist-packages/custom_interfaces/custom_interfaces_s__rosidl_typesupport_introspection_c.cpython-310-x86_64-linux-gnu.so
[57.787s] -- Installing: /home/vboxuser/Haste/src/install/custom_interfaces/local/lib/python3.10/dist-packages/custom_interfaces/libcustom_interfaces__rosidl_generator_py.so
[58.129s] Listing '/home/vboxuser/Haste/src/install/custom_interfaces/local/lib/python3.10/dist-packages/custom_interfaces'...
[58.130s] Compiling '/home/vboxuser/Haste/src/install/custom_interfaces/local/lib/python3.10/dist-packages/custom_interfaces/__init__.py'...
[58.130s] Listing '/home/vboxuser/Haste/src/install/custom_interfaces/local/lib/python3.10/dist-packages/custom_interfaces/msg'...
[58.130s] Compiling '/home/vboxuser/Haste/src/install/custom_interfaces/local/lib/python3.10/dist-packages/custom_interfaces/msg/__init__.py'...
[58.130s] Compiling '/home/vboxuser/Haste/src/install/custom_interfaces/local/lib/python3.10/dist-packages/custom_interfaces/msg/_num.py'...
[58.130s] Compiling '/home/vboxuser/Haste/src/install/custom_interfaces/local/lib/python3.10/dist-packages/custom_interfaces/msg/_sphere.py'...
[58.130s] Listing '/home/vboxuser/Haste/src/install/custom_interfaces/local/lib/python3.10/dist-packages/custom_interfaces/srv'...
[58.130s] Compiling '/home/vboxuser/Haste/src/install/custom_interfaces/local/lib/python3.10/dist-packages/custom_interfaces/srv/__init__.py'...
[58.130s] Compiling '/home/vboxuser/Haste/src/install/custom_interfaces/local/lib/python3.10/dist-packages/custom_interfaces/srv/_add_three_ints.py'...
[58.130s] Compiling '/home/vboxuser/Haste/src/install/custom_interfaces/local/lib/python3.10/dist-packages/custom_interfaces/srv/_scan_twi.py'...
[58.140s] -- Installing: /home/vboxuser/Haste/src/install/custom_interfaces/local/lib/python3.10/dist-packages/custom_interfaces/custom_interfaces_s__rosidl_typesupport_introspection_c.cpython-310-x86_64-linux-gnu.so
[58.141s] -- Set runtime path of "/home/vboxuser/Haste/src/install/custom_interfaces/local/lib/python3.10/dist-packages/custom_interfaces/custom_interfaces_s__rosidl_typesupport_introspection_c.cpython-310-x86_64-linux-gnu.so" to ""
[58.141s] -- Installing: /home/vboxuser/Haste/src/install/custom_interfaces/local/lib/python3.10/dist-packages/custom_interfaces/custom_interfaces_s__rosidl_typesupport_fastrtps_c.cpython-310-x86_64-linux-gnu.so
[58.141s] -- Set runtime path of "/home/vboxuser/Haste/src/install/custom_interfaces/local/lib/python3.10/dist-packages/custom_interfaces/custom_interfaces_s__rosidl_typesupport_fastrtps_c.cpython-310-x86_64-linux-gnu.so" to ""
[58.141s] -- Installing: /home/vboxuser/Haste/src/install/custom_interfaces/local/lib/python3.10/dist-packages/custom_interfaces/custom_interfaces_s__rosidl_typesupport_c.cpython-310-x86_64-linux-gnu.so
[58.142s] -- Set runtime path of "/home/vboxuser/Haste/src/install/custom_interfaces/local/lib/python3.10/dist-packages/custom_interfaces/custom_interfaces_s__rosidl_typesupport_c.cpython-310-x86_64-linux-gnu.so" to ""
[58.142s] -- Installing: /home/vboxuser/Haste/src/install/custom_interfaces/lib/libcustom_interfaces__rosidl_generator_py.so
[58.143s] -- Set runtime path of "/home/vboxuser/Haste/src/install/custom_interfaces/lib/libcustom_interfaces__rosidl_generator_py.so" to ""
[58.143s] -- Installing: /home/vboxuser/Haste/src/install/custom_interfaces/share/custom_interfaces/msg/Num.idl
[58.144s] -- Installing: /home/vboxuser/Haste/src/install/custom_interfaces/share/custom_interfaces/msg/Sphere.idl
[58.144s] -- Installing: /home/vboxuser/Haste/src/install/custom_interfaces/share/custom_interfaces/srv/AddThreeInts.idl
[58.144s] -- Installing: /home/vboxuser/Haste/src/install/custom_interfaces/share/custom_interfaces/srv/ScanTwi.idl
[58.145s] -- Installing: /home/vboxuser/Haste/src/install/custom_interfaces/share/custom_interfaces/msg/Num.msg
[58.145s] -- Installing: /home/vboxuser/Haste/src/install/custom_interfaces/share/custom_interfaces/msg/Sphere.msg
[58.145s] -- Installing: /home/vboxuser/Haste/src/install/custom_interfaces/share/custom_interfaces/srv/AddThreeInts.srv
[58.146s] -- Installing: /home/vboxuser/Haste/src/install/custom_interfaces/share/custom_interfaces/srv/AddThreeInts_Request.msg
[58.146s] -- Installing: /home/vboxuser/Haste/src/install/custom_interfaces/share/custom_interfaces/srv/AddThreeInts_Response.msg
[58.146s] -- Installing: /home/vboxuser/Haste/src/install/custom_interfaces/share/custom_interfaces/srv/ScanTwi.srv
[58.147s] -- Installing: /home/vboxuser/Haste/src/install/custom_interfaces/share/custom_interfaces/srv/ScanTwi_Request.msg
[58.147s] -- Installing: /home/vboxuser/Haste/src/install/custom_interfaces/share/custom_interfaces/srv/ScanTwi_Response.msg
[58.148s] -- Installing: /home/vboxuser/Haste/src/install/custom_interfaces/share/ament_index/resource_index/package_run_dependencies/custom_interfaces
[58.148s] -- Installing: /home/vboxuser/Haste/src/install/custom_interfaces/share/ament_index/resource_index/parent_prefix_path/custom_interfaces
[58.149s] -- Installing: /home/vboxuser/Haste/src/install/custom_interfaces/share/custom_interfaces/environment/ament_prefix_path.sh
[58.149s] -- Installing: /home/vboxuser/Haste/src/install/custom_interfaces/share/custom_interfaces/environment/ament_prefix_path.dsv
[58.150s] -- Installing: /home/vboxuser/Haste/src/install/custom_interfaces/share/custom_interfaces/environment/path.sh
[58.150s] -- Installing: /home/vboxuser/Haste/src/install/custom_interfaces/share/custom_interfaces/environment/path.dsv
[58.150s] -- Installing: /home/vboxuser/Haste/src/install/custom_interfaces/share/custom_interfaces/local_setup.bash
[58.150s] -- Installing: /home/vboxuser/Haste/src/install/custom_interfaces/share/custom_interfaces/local_setup.sh
[58.150s] -- Installing: /home/vboxuser/Haste/src/install/custom_interfaces/share/custom_interfaces/local_setup.zsh
[58.151s] -- Installing: /home/vboxuser/Haste/src/install/custom_interfaces/share/custom_interfaces/local_setup.dsv
[58.151s] -- Installing: /home/vboxuser/Haste/src/install/custom_interfaces/share/custom_interfaces/package.dsv
[58.152s] -- Installing: /home/vboxuser/Haste/src/install/custom_interfaces/share/ament_index/resource_index/packages/custom_interfaces
[58.153s] -- Installing: /home/vboxuser/Haste/src/install/custom_interfaces/share/custom_interfaces/cmake/export_custom_interfaces__rosidl_generator_cExport.cmake
[58.153s] -- Installing: /home/vboxuser/Haste/src/install/custom_interfaces/share/custom_interfaces/cmake/export_custom_interfaces__rosidl_generator_cExport-noconfig.cmake
[58.153s] -- Installing: /home/vboxuser/Haste/src/install/custom_interfaces/share/custom_interfaces/cmake/export_custom_interfaces__rosidl_typesupport_fastrtps_cExport.cmake
[58.154s] -- Installing: /home/vboxuser/Haste/src/install/custom_interfaces/share/custom_interfaces/cmake/export_custom_interfaces__rosidl_typesupport_fastrtps_cExport-noconfig.cmake
[58.154s] -- Installing: /home/vboxuser/Haste/src/install/custom_interfaces/share/custom_interfaces/cmake/export_custom_interfaces__rosidl_generator_cppExport.cmake
[58.154s] -- Installing: /home/vboxuser/Haste/src/install/custom_interfaces/share/custom_interfaces/cmake/export_custom_interfaces__rosidl_typesupport_fastrtps_cppExport.cmake
[58.161s] -- Installing: /home/vboxuser/Haste/src/install/custom_interfaces/share/custom_interfaces/cmake/export_custom_interfaces__rosidl_typesupport_fastrtps_cppExport-noconfig.cmake
[58.161s] -- Installing: /home/vboxuser/Haste/src/install/custom_interfaces/share/custom_interfaces/cmake/custom_interfaces__rosidl_typesupport_introspection_cExport.cmake
[58.161s] -- Installing: /home/vboxuser/Haste/src/install/custom_interfaces/share/custom_interfaces/cmake/custom_interfaces__rosidl_typesupport_introspection_cExport-noconfig.cmake
[58.161s] -- Installing: /home/vboxuser/Haste/src/install/custom_interfaces/share/custom_interfaces/cmake/custom_interfaces__rosidl_typesupport_cExport.cmake
[58.161s] -- Installing: /home/vboxuser/Haste/src/install/custom_interfaces/share/custom_interfaces/cmake/custom_interfaces__rosidl_typesupport_cExport-noconfig.cmake
[58.162s] -- Installing: /home/vboxuser/Haste/src/install/custom_interfaces/share/custom_interfaces/cmake/custom_interfaces__rosidl_typesupport_introspection_cppExport.cmake
[58.162s] -- Installing: /home/vboxuser/Haste/src/install/custom_interfaces/share/custom_interfaces/cmake/custom_interfaces__rosidl_typesupport_introspection_cppExport-noconfig.cmake
[58.162s] -- Installing: /home/vboxuser/Haste/src/install/custom_interfaces/share/custom_interfaces/cmake/custom_interfaces__rosidl_typesupport_cppExport.cmake
[58.162s] -- Installing: /home/vboxuser/Haste/src/install/custom_interfaces/share/custom_interfaces/cmake/custom_interfaces__rosidl_typesupport_cppExport-noconfig.cmake
[58.162s] -- Installing: /home/vboxuser/Haste/src/install/custom_interfaces/share/custom_interfaces/cmake/export_custom_interfaces__rosidl_generator_pyExport.cmake
[58.162s] -- Installing: /home/vboxuser/Haste/src/install/custom_interfaces/share/custom_interfaces/cmake/export_custom_interfaces__rosidl_generator_pyExport-noconfig.cmake
[58.162s] -- Installing: /home/vboxuser/Haste/src/install/custom_interfaces/share/custom_interfaces/cmake/rosidl_cmake-extras.cmake
[58.162s] -- Installing: /home/vboxuser/Haste/src/install/custom_interfaces/share/custom_interfaces/cmake/ament_cmake_export_dependencies-extras.cmake
[58.163s] -- Installing: /home/vboxuser/Haste/src/install/custom_interfaces/share/custom_interfaces/cmake/ament_cmake_export_include_directories-extras.cmake
[58.163s] -- Installing: /home/vboxuser/Haste/src/install/custom_interfaces/share/custom_interfaces/cmake/ament_cmake_export_libraries-extras.cmake
[58.164s] -- Installing: /home/vboxuser/Haste/src/install/custom_interfaces/share/custom_interfaces/cmake/ament_cmake_export_targets-extras.cmake
[58.164s] -- Installing: /home/vboxuser/Haste/src/install/custom_interfaces/share/custom_interfaces/cmake/rosidl_cmake_export_typesupport_targets-extras.cmake
[58.164s] -- Installing: /home/vboxuser/Haste/src/install/custom_interfaces/share/custom_interfaces/cmake/rosidl_cmake_export_typesupport_libraries-extras.cmake
[58.165s] -- Installing: /home/vboxuser/Haste/src/install/custom_interfaces/share/custom_interfaces/cmake/custom_interfacesConfig.cmake
[58.165s] -- Installing: /home/vboxuser/Haste/src/install/custom_interfaces/share/custom_interfaces/cmake/custom_interfacesConfig-version.cmake
[58.165s] -- Installing: /home/vboxuser/Haste/src/install/custom_interfaces/share/custom_interfaces/package.xml
[58.204s] Invoked command in '/home/vboxuser/Haste/src/build/custom_interfaces' returned '0': CMAKE_PREFIX_PATH=${CMAKE_PREFIX_PATH}:/home/vboxuser/ros2_humble/install/rqt_bag_plugins:/home/vboxuser/ros2_humble/install/rqt_bag:/home/vboxuser/ros2_humble/install/ros2bag:/home/vboxuser/ros2_humble/install/tracetools_test:/home/vboxuser/ros2_humble/install/tracetools_launch:/home/vboxuser/ros2_humble/install/topic_monitor:/home/vboxuser/ros2_humble/install/tf2_tools:/home/vboxuser/ros2_humble/install/examples_tf2_py:/home/vboxuser/ros2_humble/install/tf2_ros_py:/home/vboxuser/ros2_humble/install/sros2:/home/vboxuser/ros2_humble/install/rqt_topic:/home/vboxuser/ros2_humble/install/rqt_srv:/home/vboxuser/ros2_humble/install/rqt_shell:/home/vboxuser/ros2_humble/install/rqt_service_caller:/home/vboxuser/ros2_humble/install/rqt_reconfigure:/home/vboxuser/ros2_humble/install/rqt_py_console:/home/vboxuser/ros2_humble/install/rqt_publisher:/home/vboxuser/ros2_humble/install/rqt_plot:/home/vboxuser/ros2_humble/install/rqt_action:/home/vboxuser/ros2_humble/install/rqt_msg:/home/vboxuser/ros2_humble/install/rqt_console:/home/vboxuser/ros2_humble/install/rqt:/home/vboxuser/ros2_humble/install/rqt_graph:/home/vboxuser/ros2_humble/install/rqt_gui_py:/home/vboxuser/ros2_humble/install/rqt_gui:/home/vboxuser/ros2_humble/install/ros2trace:/home/vboxuser/ros2_humble/install/ros2topic:/home/vboxuser/ros2_humble/install/ros2test:/home/vboxuser/ros2_humble/install/ros2component:/home/vboxuser/ros2_humble/install/ros2param:/home/vboxuser/ros2_humble/install/ros2lifecycle:/home/vboxuser/ros2_humble/install/ros2service:/home/vboxuser/ros2_humble/install/ros2run:/home/vboxuser/ros2_humble/install/ros2launch:/home/vboxuser/ros2_humble/install/ros2pkg:/home/vboxuser/ros2_humble/install/ros2node:/home/vboxuser/ros2_humble/install/ros2multicast:/home/vboxuser/ros2_humble/install/ros2interface:/home/vboxuser/ros2_humble/install/ros2doctor:/home/vboxuser/ros2_humble/install/ros2action:/home/vboxuser/ros2_humble/install/ros2cli:/home/vboxuser/ros2_humble/install/quality_of_service_demo_py:/home/vboxuser/ros2_humble/install/lifecycle_py:/home/vboxuser/ros2_humble/install/launch_testing_ros:/home/vboxuser/ros2_humble/install/launch_ros:/home/vboxuser/ros2_humble/install/examples_rclpy_pointcloud_publisher:/home/vboxuser/ros2_humble/install/examples_rclpy_minimal_subscriber:/home/vboxuser/ros2_humble/install/examples_rclpy_minimal_service:/home/vboxuser/ros2_humble/install/examples_rclpy_minimal_publisher:/home/vboxuser/ros2_humble/install/examples_rclpy_minimal_client:/home/vboxuser/ros2_humble/install/examples_rclpy_minimal_action_server:/home/vboxuser/ros2_humble/install/examples_rclpy_minimal_action_client:/home/vboxuser/ros2_humble/install/examples_rclpy_guard_conditions:/home/vboxuser/ros2_humble/install/examples_rclpy_executors:/home/vboxuser/ros2_humble/install/demo_nodes_py:/home/vboxuser/ros2_humble/install/action_tutorials_py:/home/vboxuser/ros2_humble/install/ament_uncrustify:/home/vboxuser/ros2_humble/install/tracetools_trace:/home/vboxuser/ros2_humble/install/tracetools_read:/home/vboxuser/ros2_humble/install/test_tracetools_launch:/home/vboxuser/ros2_humble/install/test_launch_ros:/home/vboxuser/ros2_humble/install/sensor_msgs_py:/home/vboxuser/ros2_humble/install/rpyutils:/home/vboxuser/ros2_humble/install/rosidl_runtime_py:/home/vboxuser/ros2_humble/install/rosidl_cli:/home/vboxuser/ros2_humble/install/launch_pytest:/home/vboxuser/ros2_humble/install/launch_testing:/home/vboxuser/ros2_humble/install/launch_yaml:/home/vboxuser/ros2_humble/install/launch_xml:/home/vboxuser/ros2_humble/install/launch:/home/vboxuser/ros2_humble/install/osrf_pycommon:/home/vboxuser/ros2_humble/install/launch_testing_examples:/home/vboxuser/ros2_humble/install/domain_coordinator:/home/vboxuser/ros2_humble/install/ament_xmllint:/home/vboxuser/ros2_humble/install/ament_pyflakes:/home/vboxuser/ros2_humble/install/ament_pycodestyle:/home/vboxuser/ros2_humble/install/ament_pep257:/home/vboxuser/ros2_humble/install/ament_pclint:/home/vboxuser/ros2_humble/install/ament_package:/home/vboxuser/ros2_humble/install/ament_mypy:/home/vboxuser/ros2_humble/install/ament_lint_cmake:/home/vboxuser/ros2_humble/install/ament_flake8:/home/vboxuser/ros2_humble/install/ament_copyright:/home/vboxuser/ros2_humble/install/ament_lint:/home/vboxuser/ros2_humble/install/ament_index_python:/home/vboxuser/ros2_humble/install/ament_cpplint:/home/vboxuser/ros2_humble/install/ament_cppcheck:/home/vboxuser/ros2_humble/install/ament_clang_tidy:/home/vboxuser/ros2_humble/install/ament_clang_format /usr/bin/cmake --install /home/vboxuser/Haste/src/build/custom_interfaces
