-- The C compiler identification is GNU 11.3.0
-- The CXX compiler identification is GNU 11.3.0
-- Detecting C compiler ABI info
-- Detecting C compiler ABI info - done
-- Check for working C compiler: /usr/bin/cc - skipped
-- Detecting C compile features
-- Detecting C compile features - done
-- Detecting CXX compiler ABI info
-- Detecting CXX compiler ABI info - done
-- Check for working CXX compiler: /usr/bin/c++ - skipped
-- Detecting CXX compile features
-- Detecting CXX compile features - done
-- Found ament_cmake: 1.3.3 (/home/vboxuser/ros2_humble/install/ament_cmake/share/ament_cmake/cmake)
-- Found Python3: /usr/bin/python3.10 (found version "3.10.6") found components: Interpreter 
-- Found rclcpp: 16.0.3 (/home/vboxuser/ros2_humble/install/rclcpp/share/rclcpp/cmake)
-- Found rosidl_generator_c: 3.1.4 (/home/vboxuser/ros2_humble/install/rosidl_generator_c/share/rosidl_generator_c/cmake)
-- Found rosidl_adapter: 3.1.4 (/home/vboxuser/ros2_humble/install/rosidl_adapter/share/rosidl_adapter/cmake)
-- Found rosidl_generator_cpp: 3.1.4 (/home/vboxuser/ros2_humble/install/rosidl_generator_cpp/share/rosidl_generator_cpp/cmake)
-- Using all available rosidl_typesupport_c: rosidl_typesupport_introspection_c;rosidl_typesupport_fastrtps_c
-- Using all available rosidl_typesupport_cpp: rosidl_typesupport_introspection_cpp;rosidl_typesupport_fastrtps_cpp
-- Found rmw_implementation_cmake: 6.1.1 (/home/vboxuser/ros2_humble/install/rmw_implementation_cmake/share/rmw_implementation_cmake/cmake)
-- Found rmw_fastrtps_cpp: 6.2.2 (/home/vboxuser/ros2_humble/install/rmw_fastrtps_cpp/share/rmw_fastrtps_cpp/cmake)
-- Found OpenSSL: /usr/lib/x86_64-linux-gnu/libcrypto.so (found version "3.0.2")  
-- Found FastRTPS: /home/vboxuser/ros2_humble/install/fastrtps/include  
-- Using RMW implementation 'rmw_fastrtps_cpp' as default
-- Looking for pthread.h
-- Looking for pthread.h - found
-- Performing Test CMAKE_HAVE_LIBC_PTHREAD
-- Performing Test CMAKE_HAVE_LIBC_PTHREAD - Success
-- Found Threads: TRUE  
-- Configuring done
-- Generating done
-- Build files have been written to: /home/vboxuser/Haste/src/build/type1_node
[ 50%] [32mBuilding CXX object CMakeFiles/type1_node.dir/src/type1_node.cpp.o[0m
[100%] [32m[1mLinking CXX executable type1_node[0m
[100%] Built target type1_node
-- Install configuration: ""
-- Installing: /home/vboxuser/Haste/src/install/type1_node/lib/type1_node/type1_node
-- Set runtime path of "/home/vboxuser/Haste/src/install/type1_node/lib/type1_node/type1_node" to ""
-- Installing: /home/vboxuser/Haste/src/install/type1_node/share/ament_index/resource_index/package_run_dependencies/type1_node
-- Installing: /home/vboxuser/Haste/src/install/type1_node/share/ament_index/resource_index/parent_prefix_path/type1_node
-- Installing: /home/vboxuser/Haste/src/install/type1_node/share/type1_node/environment/ament_prefix_path.sh
-- Installing: /home/vboxuser/Haste/src/install/type1_node/share/type1_node/environment/ament_prefix_path.dsv
-- Installing: /home/vboxuser/Haste/src/install/type1_node/share/type1_node/environment/path.sh
-- Installing: /home/vboxuser/Haste/src/install/type1_node/share/type1_node/environment/path.dsv
-- Installing: /home/vboxuser/Haste/src/install/type1_node/share/type1_node/local_setup.bash
-- Installing: /home/vboxuser/Haste/src/install/type1_node/share/type1_node/local_setup.sh
-- Installing: /home/vboxuser/Haste/src/install/type1_node/share/type1_node/local_setup.zsh
-- Installing: /home/vboxuser/Haste/src/install/type1_node/share/type1_node/local_setup.dsv
-- Installing: /home/vboxuser/Haste/src/install/type1_node/share/type1_node/package.dsv
-- Installing: /home/vboxuser/Haste/src/install/type1_node/share/ament_index/resource_index/packages/type1_node
-- Installing: /home/vboxuser/Haste/src/install/type1_node/share/type1_node/cmake/type1_nodeConfig.cmake
-- Installing: /home/vboxuser/Haste/src/install/type1_node/share/type1_node/cmake/type1_nodeConfig-version.cmake
-- Installing: /home/vboxuser/Haste/src/install/type1_node/share/type1_node/package.xml
