[0.822s] DEBUG:colcon:Command line arguments: ['/usr/bin/colcon', 'build', '--packages-select', 'my_package']
[0.822s] DEBUG:colcon:Parsed command line arguments: Namespace(log_base=None, log_level=None, verb_name='build', build_base='build', install_base='install', merge_install=False, symlink_install=False, test_result_base=None, continue_on_error=False, executor='parallel', parallel_workers=4, event_handlers=None, ignore_user_meta=False, metas=['./colcon.meta'], base_paths=['.'], packages_ignore=None, packages_ignore_regex=None, paths=None, packages_up_to=None, packages_up_to_regex=None, packages_above=None, packages_above_and_dependencies=None, packages_above_depth=None, packages_select_by_dep=None, packages_skip_by_dep=None, packages_skip_up_to=None, packages_select_build_failed=False, packages_skip_build_finished=False, packages_select_test_failures=False, packages_skip_test_passed=False, packages_select=['my_package'], packages_skip=None, packages_select_regex=None, packages_skip_regex=None, packages_start=None, packages_end=None, allow_overriding=[], cmake_args=None, cmake_target=None, cmake_target_skip_unavailable=False, cmake_clean_cache=False, cmake_clean_first=False, cmake_force_configure=False, ament_cmake_args=None, catkin_cmake_args=None, catkin_skip_building_tests=False, verb_parser=<colcon_defaults.argument_parser.defaults.DefaultArgumentsDecorator object at 0x7fa6a3b1ad40>, verb_extension=<colcon_core.verb.build.BuildVerb object at 0x7fa6a437fe20>, main=<bound method BuildVerb.main of <colcon_core.verb.build.BuildVerb object at 0x7fa6a437fe20>>)
[0.900s] Level 1:colcon.colcon_core.package_discovery:discover_packages(colcon_meta) check parameters
[0.901s] Level 1:colcon.colcon_core.package_discovery:discover_packages(recursive) check parameters
[0.901s] Level 1:colcon.colcon_core.package_discovery:discover_packages(ignore) check parameters
[0.901s] Level 1:colcon.colcon_core.package_discovery:discover_packages(path) check parameters
[0.901s] Level 1:colcon.colcon_core.package_discovery:discover_packages(colcon_meta) discover
[0.901s] Level 1:colcon.colcon_core.package_discovery:discover_packages(recursive) discover
[0.901s] INFO:colcon.colcon_core.package_discovery:Crawling recursively for packages in '/home/vboxuser/ros2_ws'
[0.901s] Level 1:colcon.colcon_core.package_identification:_identify(.) by extensions ['ignore', 'ignore_ament_install']
[0.901s] Level 1:colcon.colcon_core.package_identification:_identify(.) by extension 'ignore'
[0.901s] Level 1:colcon.colcon_core.package_identification:_identify(.) by extension 'ignore_ament_install'
[0.901s] Level 1:colcon.colcon_core.package_identification:_identify(.) by extensions ['colcon_pkg']
[0.901s] Level 1:colcon.colcon_core.package_identification:_identify(.) by extension 'colcon_pkg'
[0.901s] Level 1:colcon.colcon_core.package_identification:_identify(.) by extensions ['colcon_meta']
[0.902s] Level 1:colcon.colcon_core.package_identification:_identify(.) by extension 'colcon_meta'
[0.902s] Level 1:colcon.colcon_core.package_identification:_identify(.) by extensions ['ros']
[0.902s] Level 1:colcon.colcon_core.package_identification:_identify(.) by extension 'ros'
[0.937s] Level 1:colcon.colcon_core.package_identification:_identify(.) by extensions ['cmake', 'python']
[0.937s] Level 1:colcon.colcon_core.package_identification:_identify(.) by extension 'cmake'
[0.937s] Level 1:colcon.colcon_core.package_identification:_identify(.) by extension 'python'
[0.937s] Level 1:colcon.colcon_core.package_identification:_identify(.) by extensions ['python_setup_py']
[0.937s] Level 1:colcon.colcon_core.package_identification:_identify(.) by extension 'python_setup_py'
[0.937s] Level 1:colcon.colcon_core.package_identification:_identify(build) by extensions ['ignore', 'ignore_ament_install']
[0.937s] Level 1:colcon.colcon_core.package_identification:_identify(build) by extension 'ignore'
[0.937s] Level 1:colcon.colcon_core.package_identification:_identify(build) ignored
[0.937s] Level 1:colcon.colcon_core.package_identification:_identify(install) by extensions ['ignore', 'ignore_ament_install']
[0.938s] Level 1:colcon.colcon_core.package_identification:_identify(install) by extension 'ignore'
[0.938s] Level 1:colcon.colcon_core.package_identification:_identify(install) ignored
[0.938s] Level 1:colcon.colcon_core.package_identification:_identify(log) by extensions ['ignore', 'ignore_ament_install']
[0.938s] Level 1:colcon.colcon_core.package_identification:_identify(log) by extension 'ignore'
[0.938s] Level 1:colcon.colcon_core.package_identification:_identify(log) ignored
[0.938s] Level 1:colcon.colcon_core.package_identification:_identify(src) by extensions ['ignore', 'ignore_ament_install']
[0.938s] Level 1:colcon.colcon_core.package_identification:_identify(src) by extension 'ignore'
[0.938s] Level 1:colcon.colcon_core.package_identification:_identify(src) by extension 'ignore_ament_install'
[0.938s] Level 1:colcon.colcon_core.package_identification:_identify(src) by extensions ['colcon_pkg']
[0.938s] Level 1:colcon.colcon_core.package_identification:_identify(src) by extension 'colcon_pkg'
[0.938s] Level 1:colcon.colcon_core.package_identification:_identify(src) by extensions ['colcon_meta']
[0.938s] Level 1:colcon.colcon_core.package_identification:_identify(src) by extension 'colcon_meta'
[0.939s] Level 1:colcon.colcon_core.package_identification:_identify(src) by extensions ['ros']
[0.939s] Level 1:colcon.colcon_core.package_identification:_identify(src) by extension 'ros'
[0.939s] Level 1:colcon.colcon_core.package_identification:_identify(src) by extensions ['cmake', 'python']
[0.939s] Level 1:colcon.colcon_core.package_identification:_identify(src) by extension 'cmake'
[0.939s] Level 1:colcon.colcon_core.package_identification:_identify(src) by extension 'python'
[0.939s] Level 1:colcon.colcon_core.package_identification:_identify(src) by extensions ['python_setup_py']
[0.939s] Level 1:colcon.colcon_core.package_identification:_identify(src) by extension 'python_setup_py'
[0.939s] Level 1:colcon.colcon_core.package_identification:_identify(src/build) by extensions ['ignore', 'ignore_ament_install']
[0.939s] Level 1:colcon.colcon_core.package_identification:_identify(src/build) by extension 'ignore'
[0.939s] Level 1:colcon.colcon_core.package_identification:_identify(src/build) ignored
[0.940s] Level 1:colcon.colcon_core.package_identification:_identify(src/cpp_pubsub) by extensions ['ignore', 'ignore_ament_install']
[0.940s] Level 1:colcon.colcon_core.package_identification:_identify(src/cpp_pubsub) by extension 'ignore'
[0.940s] Level 1:colcon.colcon_core.package_identification:_identify(src/cpp_pubsub) by extension 'ignore_ament_install'
[0.940s] Level 1:colcon.colcon_core.package_identification:_identify(src/cpp_pubsub) by extensions ['colcon_pkg']
[0.940s] Level 1:colcon.colcon_core.package_identification:_identify(src/cpp_pubsub) by extension 'colcon_pkg'
[0.940s] Level 1:colcon.colcon_core.package_identification:_identify(src/cpp_pubsub) by extensions ['colcon_meta']
[0.940s] Level 1:colcon.colcon_core.package_identification:_identify(src/cpp_pubsub) by extension 'colcon_meta'
[0.940s] Level 1:colcon.colcon_core.package_identification:_identify(src/cpp_pubsub) by extensions ['ros']
[0.940s] Level 1:colcon.colcon_core.package_identification:_identify(src/cpp_pubsub) by extension 'ros'
[0.945s] DEBUG:colcon.colcon_core.package_identification:Package 'src/cpp_pubsub' with type 'ros.ament_cmake' and name 'cpp_pubsub'
[0.945s] Level 1:colcon.colcon_core.package_identification:_identify(src/cpp_srvcli) by extensions ['ignore', 'ignore_ament_install']
[0.945s] Level 1:colcon.colcon_core.package_identification:_identify(src/cpp_srvcli) by extension 'ignore'
[0.945s] Level 1:colcon.colcon_core.package_identification:_identify(src/cpp_srvcli) by extension 'ignore_ament_install'
[0.945s] Level 1:colcon.colcon_core.package_identification:_identify(src/cpp_srvcli) by extensions ['colcon_pkg']
[0.945s] Level 1:colcon.colcon_core.package_identification:_identify(src/cpp_srvcli) by extension 'colcon_pkg'
[0.945s] Level 1:colcon.colcon_core.package_identification:_identify(src/cpp_srvcli) by extensions ['colcon_meta']
[0.945s] Level 1:colcon.colcon_core.package_identification:_identify(src/cpp_srvcli) by extension 'colcon_meta'
[0.945s] Level 1:colcon.colcon_core.package_identification:_identify(src/cpp_srvcli) by extensions ['ros']
[0.945s] Level 1:colcon.colcon_core.package_identification:_identify(src/cpp_srvcli) by extension 'ros'
[0.947s] DEBUG:colcon.colcon_core.package_identification:Package 'src/cpp_srvcli' with type 'ros.ament_cmake' and name 'cpp_srvcli'
[0.947s] Level 1:colcon.colcon_core.package_identification:_identify(src/custom_interfaces) by extensions ['ignore', 'ignore_ament_install']
[0.947s] Level 1:colcon.colcon_core.package_identification:_identify(src/custom_interfaces) by extension 'ignore'
[0.947s] Level 1:colcon.colcon_core.package_identification:_identify(src/custom_interfaces) by extension 'ignore_ament_install'
[0.947s] Level 1:colcon.colcon_core.package_identification:_identify(src/custom_interfaces) by extensions ['colcon_pkg']
[0.947s] Level 1:colcon.colcon_core.package_identification:_identify(src/custom_interfaces) by extension 'colcon_pkg'
[0.947s] Level 1:colcon.colcon_core.package_identification:_identify(src/custom_interfaces) by extensions ['colcon_meta']
[0.947s] Level 1:colcon.colcon_core.package_identification:_identify(src/custom_interfaces) by extension 'colcon_meta'
[0.947s] Level 1:colcon.colcon_core.package_identification:_identify(src/custom_interfaces) by extensions ['ros']
[0.947s] Level 1:colcon.colcon_core.package_identification:_identify(src/custom_interfaces) by extension 'ros'
[0.948s] DEBUG:colcon.colcon_core.package_identification:Package 'src/custom_interfaces' with type 'ros.ament_cmake' and name 'custom_interfaces'
[0.948s] Level 1:colcon.colcon_core.package_identification:_identify(src/install) by extensions ['ignore', 'ignore_ament_install']
[0.948s] Level 1:colcon.colcon_core.package_identification:_identify(src/install) by extension 'ignore'
[0.949s] Level 1:colcon.colcon_core.package_identification:_identify(src/install) ignored
[0.949s] Level 1:colcon.colcon_core.package_identification:_identify(src/log) by extensions ['ignore', 'ignore_ament_install']
[0.949s] Level 1:colcon.colcon_core.package_identification:_identify(src/log) by extension 'ignore'
[0.949s] Level 1:colcon.colcon_core.package_identification:_identify(src/log) ignored
[0.949s] Level 1:colcon.colcon_core.package_identification:_identify(src/my_custom_msgs) by extensions ['ignore', 'ignore_ament_install']
[0.949s] Level 1:colcon.colcon_core.package_identification:_identify(src/my_custom_msgs) by extension 'ignore'
[0.949s] Level 1:colcon.colcon_core.package_identification:_identify(src/my_custom_msgs) by extension 'ignore_ament_install'
[0.950s] Level 1:colcon.colcon_core.package_identification:_identify(src/my_custom_msgs) by extensions ['colcon_pkg']
[0.950s] Level 1:colcon.colcon_core.package_identification:_identify(src/my_custom_msgs) by extension 'colcon_pkg'
[0.950s] Level 1:colcon.colcon_core.package_identification:_identify(src/my_custom_msgs) by extensions ['colcon_meta']
[0.950s] Level 1:colcon.colcon_core.package_identification:_identify(src/my_custom_msgs) by extension 'colcon_meta'
[0.950s] Level 1:colcon.colcon_core.package_identification:_identify(src/my_custom_msgs) by extensions ['ros']
[0.950s] Level 1:colcon.colcon_core.package_identification:_identify(src/my_custom_msgs) by extension 'ros'
[0.951s] DEBUG:colcon.colcon_core.package_identification:Package 'src/my_custom_msgs' with type 'ros.ament_cmake' and name 'my_custom_msgs'
[0.951s] Level 1:colcon.colcon_core.package_identification:_identify(src/my_package) by extensions ['ignore', 'ignore_ament_install']
[0.951s] Level 1:colcon.colcon_core.package_identification:_identify(src/my_package) by extension 'ignore'
[0.951s] Level 1:colcon.colcon_core.package_identification:_identify(src/my_package) by extension 'ignore_ament_install'
[0.951s] Level 1:colcon.colcon_core.package_identification:_identify(src/my_package) by extensions ['colcon_pkg']
[0.951s] Level 1:colcon.colcon_core.package_identification:_identify(src/my_package) by extension 'colcon_pkg'
[0.951s] Level 1:colcon.colcon_core.package_identification:_identify(src/my_package) by extensions ['colcon_meta']
[0.951s] Level 1:colcon.colcon_core.package_identification:_identify(src/my_package) by extension 'colcon_meta'
[0.951s] Level 1:colcon.colcon_core.package_identification:_identify(src/my_package) by extensions ['ros']
[0.951s] Level 1:colcon.colcon_core.package_identification:_identify(src/my_package) by extension 'ros'
[0.953s] DEBUG:colcon.colcon_core.package_identification:Package 'src/my_package' with type 'ros.ament_cmake' and name 'my_package'
[0.953s] Level 1:colcon.colcon_core.package_identification:_identify(src/ros_tutorials) by extensions ['ignore', 'ignore_ament_install']
[0.953s] Level 1:colcon.colcon_core.package_identification:_identify(src/ros_tutorials) by extension 'ignore'
[0.953s] Level 1:colcon.colcon_core.package_identification:_identify(src/ros_tutorials) by extension 'ignore_ament_install'
[0.953s] Level 1:colcon.colcon_core.package_identification:_identify(src/ros_tutorials) by extensions ['colcon_pkg']
[0.953s] Level 1:colcon.colcon_core.package_identification:_identify(src/ros_tutorials) by extension 'colcon_pkg'
[0.953s] Level 1:colcon.colcon_core.package_identification:_identify(src/ros_tutorials) by extensions ['colcon_meta']
[0.953s] Level 1:colcon.colcon_core.package_identification:_identify(src/ros_tutorials) by extension 'colcon_meta'
[0.953s] Level 1:colcon.colcon_core.package_identification:_identify(src/ros_tutorials) by extensions ['ros']
[0.953s] Level 1:colcon.colcon_core.package_identification:_identify(src/ros_tutorials) by extension 'ros'
[0.953s] Level 1:colcon.colcon_core.package_identification:_identify(src/ros_tutorials) by extensions ['cmake', 'python']
[0.954s] Level 1:colcon.colcon_core.package_identification:_identify(src/ros_tutorials) by extension 'cmake'
[0.954s] Level 1:colcon.colcon_core.package_identification:_identify(src/ros_tutorials) by extension 'python'
[0.954s] Level 1:colcon.colcon_core.package_identification:_identify(src/ros_tutorials) by extensions ['python_setup_py']
[0.954s] Level 1:colcon.colcon_core.package_identification:_identify(src/ros_tutorials) by extension 'python_setup_py'
[0.954s] Level 1:colcon.colcon_core.package_identification:_identify(src/ros_tutorials/ros_tutorials) by extensions ['ignore', 'ignore_ament_install']
[0.954s] Level 1:colcon.colcon_core.package_identification:_identify(src/ros_tutorials/ros_tutorials) by extension 'ignore'
[0.954s] Level 1:colcon.colcon_core.package_identification:_identify(src/ros_tutorials/ros_tutorials) ignored
[0.954s] Level 1:colcon.colcon_core.package_identification:_identify(src/ros_tutorials/roscpp_tutorials) by extensions ['ignore', 'ignore_ament_install']
[0.954s] Level 1:colcon.colcon_core.package_identification:_identify(src/ros_tutorials/roscpp_tutorials) by extension 'ignore'
[0.955s] Level 1:colcon.colcon_core.package_identification:_identify(src/ros_tutorials/roscpp_tutorials) ignored
[0.955s] Level 1:colcon.colcon_core.package_identification:_identify(src/ros_tutorials/rospy_tutorials) by extensions ['ignore', 'ignore_ament_install']
[0.955s] Level 1:colcon.colcon_core.package_identification:_identify(src/ros_tutorials/rospy_tutorials) by extension 'ignore'
[0.955s] Level 1:colcon.colcon_core.package_identification:_identify(src/ros_tutorials/rospy_tutorials) ignored
[0.955s] Level 1:colcon.colcon_core.package_identification:_identify(src/ros_tutorials/turtlesim) by extensions ['ignore', 'ignore_ament_install']
[0.955s] Level 1:colcon.colcon_core.package_identification:_identify(src/ros_tutorials/turtlesim) by extension 'ignore'
[0.955s] Level 1:colcon.colcon_core.package_identification:_identify(src/ros_tutorials/turtlesim) by extension 'ignore_ament_install'
[0.955s] Level 1:colcon.colcon_core.package_identification:_identify(src/ros_tutorials/turtlesim) by extensions ['colcon_pkg']
[0.955s] Level 1:colcon.colcon_core.package_identification:_identify(src/ros_tutorials/turtlesim) by extension 'colcon_pkg'
[0.955s] Level 1:colcon.colcon_core.package_identification:_identify(src/ros_tutorials/turtlesim) by extensions ['colcon_meta']
[0.955s] Level 1:colcon.colcon_core.package_identification:_identify(src/ros_tutorials/turtlesim) by extension 'colcon_meta'
[0.955s] Level 1:colcon.colcon_core.package_identification:_identify(src/ros_tutorials/turtlesim) by extensions ['ros']
[0.956s] Level 1:colcon.colcon_core.package_identification:_identify(src/ros_tutorials/turtlesim) by extension 'ros'
[0.957s] DEBUG:colcon.colcon_core.package_identification:Package 'src/ros_tutorials/turtlesim' with type 'ros.ament_cmake' and name 'turtlesim'
[0.957s] Level 1:colcon.colcon_core.package_discovery:discover_packages(recursive) using defaults
[0.958s] Level 1:colcon.colcon_core.package_discovery:discover_packages(ignore) discover
[0.958s] Level 1:colcon.colcon_core.package_discovery:discover_packages(ignore) using defaults
[0.958s] Level 1:colcon.colcon_core.package_discovery:discover_packages(path) discover
[0.958s] Level 1:colcon.colcon_core.package_discovery:discover_packages(path) using defaults
[1.056s] INFO:colcon.colcon_core.package_selection:Skipping not selected package 'cpp_srvcli' in 'src/cpp_srvcli'
[1.056s] INFO:colcon.colcon_core.package_selection:Skipping not selected package 'custom_interfaces' in 'src/custom_interfaces'
[1.056s] INFO:colcon.colcon_core.package_selection:Skipping not selected package 'my_custom_msgs' in 'src/my_custom_msgs'
[1.056s] INFO:colcon.colcon_core.package_selection:Skipping not selected package 'turtlesim' in 'src/ros_tutorials/turtlesim'
[1.056s] INFO:colcon.colcon_core.package_selection:Skipping not selected package 'cpp_pubsub' in 'src/cpp_pubsub'
[1.058s] Level 1:colcon.colcon_core.package_discovery:discover_packages(prefix_path) check parameters
[1.058s] Level 1:colcon.colcon_core.package_discovery:discover_packages(prefix_path) discover
[1.079s] DEBUG:colcon.colcon_installed_package_information.package_discovery:Found 7 installed packages in /home/vboxuser/ros2_ws/install
[1.081s] DEBUG:colcon.colcon_installed_package_information.package_discovery:Found 5 installed packages in /home/vboxuser/ros2_ws/src/install
[1.097s] DEBUG:colcon.colcon_installed_package_information.package_discovery:Found 344 installed packages in /home/vboxuser/ros2_humble/install
[1.101s] Level 1:colcon.colcon_core.package_discovery:discover_packages(prefix_path) using defaults
[1.139s] Level 5:colcon.colcon_core.verb:set package 'my_package' build argument 'cmake_args' from command line to 'None'
[1.139s] Level 5:colcon.colcon_core.verb:set package 'my_package' build argument 'cmake_target' from command line to 'None'
[1.139s] Level 5:colcon.colcon_core.verb:set package 'my_package' build argument 'cmake_target_skip_unavailable' from command line to 'False'
[1.139s] Level 5:colcon.colcon_core.verb:set package 'my_package' build argument 'cmake_clean_cache' from command line to 'False'
[1.139s] Level 5:colcon.colcon_core.verb:set package 'my_package' build argument 'cmake_clean_first' from command line to 'False'
[1.139s] Level 5:colcon.colcon_core.verb:set package 'my_package' build argument 'cmake_force_configure' from command line to 'False'
[1.140s] Level 5:colcon.colcon_core.verb:set package 'my_package' build argument 'ament_cmake_args' from command line to 'None'
[1.140s] Level 5:colcon.colcon_core.verb:set package 'my_package' build argument 'catkin_cmake_args' from command line to 'None'
[1.140s] Level 5:colcon.colcon_core.verb:set package 'my_package' build argument 'catkin_skip_building_tests' from command line to 'False'
[1.140s] DEBUG:colcon.colcon_core.verb:Building package 'my_package' with the following arguments: {'ament_cmake_args': None, 'build_base': '/home/vboxuser/ros2_ws/build/my_package', 'catkin_cmake_args': None, 'catkin_skip_building_tests': False, 'cmake_args': None, 'cmake_clean_cache': False, 'cmake_clean_first': False, 'cmake_force_configure': False, 'cmake_target': None, 'cmake_target_skip_unavailable': False, 'install_base': '/home/vboxuser/ros2_ws/install/my_package', 'merge_install': False, 'path': '/home/vboxuser/ros2_ws/src/my_package', 'symlink_install': False, 'test_result_base': None}
[1.141s] INFO:colcon.colcon_core.executor:Executing jobs using 'parallel' executor
[1.150s] DEBUG:colcon.colcon_parallel_executor.executor.parallel:run_until_complete
[1.151s] INFO:colcon.colcon_ros.task.ament_cmake.build:Building ROS package in '/home/vboxuser/ros2_ws/src/my_package' with build type 'ament_cmake'
[1.152s] INFO:colcon.colcon_cmake.task.cmake.build:Building CMake package in '/home/vboxuser/ros2_ws/src/my_package'
[1.167s] INFO:colcon.colcon_core.plugin_system:Skipping extension 'colcon_core.shell.bat': Not used on non-Windows systems
[1.168s] INFO:colcon.colcon_core.shell:Skip shell extension 'powershell' for command environment: Not usable outside of PowerShell
[1.168s] DEBUG:colcon.colcon_core.shell:Skip shell extension 'dsv' for command environment
[1.382s] DEBUG:colcon.colcon_core.event_handler.log_command:Invoking command in '/home/vboxuser/ros2_ws/build/my_package': AMENT_PREFIX_PATH=/home/vboxuser/ros2_ws/install/custom_interfaces:${AMENT_PREFIX_PATH} CMAKE_PREFIX_PATH=/home/vboxuser/ros2_ws/install/custom_interfaces:/home/vboxuser/ros2_ws/install/cpp_pubsub:/home/vboxuser/ros2_ws/install/tutorial_interfaces:/home/vboxuser/ros2_ws/install/turtlesim:/home/vboxuser/ros2_ws/install/my_package:/home/vboxuser/ros2_ws/install/my_custom_msgs:/home/vboxuser/ros2_ws/install/cpp_srvcli:/home/vboxuser/ros2_ws/src/install/cpp_pubsub:/home/vboxuser/ros2_ws/src/install/turtlesim:/home/vboxuser/ros2_ws/src/install/my_package:/home/vboxuser/ros2_ws/src/install/my_custom_msgs:/home/vboxuser/ros2_ws/src/install/tutorial_interfaces:/home/vboxuser/ros2_humble/install/rosbag2_storage_mcap:/home/vboxuser/ros2_humble/install/rosbag2:/home/vboxuser/ros2_humble/install/rosbag2_compression_zstd:/home/vboxuser/ros2_humble/install/mcap_vendor:/home/vboxuser/ros2_humble/install/zstd_vendor:/home/vboxuser/ros2_humble/install/rviz_visual_testing_framework:/home/vboxuser/ros2_humble/install/rviz2:/home/vboxuser/ros2_humble/install/rviz_default_plugins:/home/vboxuser/ros2_humble/install/rviz_common:/home/vboxuser/ros2_humble/install/rosbag2_py:/home/vboxuser/ros2_humble/install/rosbag2_transport:/home/vboxuser/ros2_humble/install/rosbag2_performance_benchmarking:/home/vboxuser/ros2_humble/install/rosbag2_compression:/home/vboxuser/ros2_humble/install/rosbag2_cpp:/home/vboxuser/ros2_humble/install/rosbag2_storage_default_plugins:/home/vboxuser/ros2_humble/install/rosbag2_storage:/home/vboxuser/ros2_humble/install/image_common:/home/vboxuser/ros2_humble/install/camera_info_manager:/home/vboxuser/ros2_humble/install/camera_calibration_parsers:/home/vboxuser/ros2_humble/install/yaml_cpp_vendor:/home/vboxuser/ros2_humble/install/interactive_markers:/home/vboxuser/ros2_humble/install/common_interfaces:/home/vboxuser/ros2_humble/install/visualization_msgs:/home/vboxuser/ros2_humble/install/dummy_robot_bringup:/home/vboxuser/ros2_humble/install/robot_state_publisher:/home/vboxuser/ros2_humble/install/kdl_parser:/home/vboxuser/ros2_humble/install/urdf:/home/vboxuser/ros2_humble/install/urdfdom:/home/vboxuser/ros2_humble/install/urdf_parser_plugin:/home/vboxuser/ros2_humble/install/urdfdom_headers:/home/vboxuser/ros2_humble/install/turtlesim:/home/vboxuser/ros2_humble/install/geometry2:/home/vboxuser/ros2_humble/install/tf2_sensor_msgs:/home/vboxuser/ros2_humble/install/test_tf2:/home/vboxuser/ros2_humble/install/tf2_kdl:/home/vboxuser/ros2_humble/install/tf2_geometry_msgs:/home/vboxuser/ros2_humble/install/tf2_eigen:/home/vboxuser/ros2_humble/install/tf2_bullet:/home/vboxuser/ros2_humble/install/tf2_ros:/home/vboxuser/ros2_humble/install/tf2_py:/home/vboxuser/ros2_humble/install/tf2_msgs:/home/vboxuser/ros2_humble/install/test_msgs:/home/vboxuser/ros2_humble/install/sros2_cmake:/home/vboxuser/ros2_humble/install/ros2cli_common_extensions:/home/vboxuser/ros2_humble/install/rqt_py_common:/home/vboxuser/ros2_humble/install/ros_testing:/home/vboxuser/ros2_humble/install/ros2cli_test_interfaces:/home/vboxuser/ros2_humble/install/quality_of_service_demo_cpp:/home/vboxuser/ros2_humble/install/image_transport:/home/vboxuser/ros2_humble/install/message_filters:/home/vboxuser/ros2_humble/install/demo_nodes_cpp:/home/vboxuser/ros2_humble/install/composition:/home/vboxuser/ros2_humble/install/laser_geometry:/home/vboxuser/ros2_humble/install/rclpy:/home/vboxuser/ros2_humble/install/examples_rclcpp_minimal_action_server:/home/vboxuser/ros2_humble/install/examples_rclcpp_minimal_action_client:/home/vboxuser/ros2_humble/install/action_tutorials_cpp:/home/vboxuser/ros2_humble/install/rclcpp_action:/home/vboxuser/ros2_humble/install/rcl_action:/home/vboxuser/ros2_humble/install/examples_rclcpp_wait_set:/home/vboxuser/ros2_humble/install/examples_rclcpp_minimal_service:/home/vboxuser/ros2_humble/install/examples_rclcpp_minimal_client:/home/vboxuser/ros2_humble/install/examples_rclcpp_async_client:/home/vboxuser/ros2_humble/install/example_interfaces:/home/vboxuser/ros2_humble/install/action_tutorials_interfaces:/home/vboxuser/ros2_humble/install/action_msgs:/home/vboxuser/ros2_humble/install/unique_identifier_msgs:/home/vboxuser/ros2_humble/install/ament_lint_common:/home/vboxuser/ros2_humble/install/ament_cmake_uncrustify:/home/vboxuser/ros2_humble/install/uncrustify_vendor:/home/vboxuser/ros2_humble/install/trajectory_msgs:/home/vboxuser/ros2_humble/install/topic_statistics_demo:/home/vboxuser/ros2_humble/install/pendulum_control:/home/vboxuser/ros2_humble/install/tlsf_cpp:/home/vboxuser/ros2_humble/install/test_tracetools:/home/vboxuser/ros2_humble/install/rqt_gui_cpp:/home/vboxuser/ros2_humble/install/rosbag2_test_common:/home/vboxuser/ros2_humble/install/ros2lifecycle_test_fixtures:/home/vboxuser/ros2_humble/install/lifecycle:/home/vboxuser/ros2_humble/install/rclcpp_lifecycle:/home/vboxuser/ros2_humble/install/logging_demo:/home/vboxuser/ros2_humble/install/image_tools:/home/vboxuser/ros2_humble/install/examples_rclcpp_minimal_subscriber:/home/vboxuser/ros2_humble/install/examples_rclcpp_minimal_composition:/home/vboxuser/ros2_humble/install/demo_nodes_cpp_native:/home/vboxuser/ros2_humble/install/rclcpp_components:/home/vboxuser/ros2_humble/install/intra_process_demo:/home/vboxuser/ros2_humble/install/examples_rclcpp_multithreaded_executor:/home/vboxuser/ros2_humble/install/examples_rclcpp_minimal_timer:/home/vboxuser/ros2_humble/install/examples_rclcpp_minimal_publisher:/home/vboxuser/ros2_humble/install/examples_rclcpp_cbg_executor:/home/vboxuser/ros2_humble/install/dummy_sensors:/home/vboxuser/ros2_humble/install/dummy_map_server:/home/vboxuser/ros2_humble/install/rclcpp:/home/vboxuser/ros2_humble/install/rcl_lifecycle:/home/vboxuser/ros2_humble/install/libstatistics_collector:/home/vboxuser/ros2_humble/install/rcl:/home/vboxuser/ros2_humble/install/rmw_implementation:/home/vboxuser/ros2_humble/install/rmw_fastrtps_dynamic_cpp:/home/vboxuser/ros2_humble/install/rmw_fastrtps_cpp:/home/vboxuser/ros2_humble/install/rmw_fastrtps_shared_cpp:/home/vboxuser/ros2_humble/install/rmw_cyclonedds_cpp:/home/vboxuser/ros2_humble/install/tracetools:/home/vboxuser/ros2_humble/install/tlsf:/home/vboxuser/ros2_humble/install/tinyxml_vendor:/home/vboxuser/ros2_humble/install/qt_gui_core:/home/vboxuser/ros2_humble/install/qt_gui_cpp:/home/vboxuser/ros2_humble/install/pluginlib:/home/vboxuser/ros2_humble/install/tinyxml2_vendor:/home/vboxuser/ros2_humble/install/tf2_eigen_kdl:/home/vboxuser/ros2_humble/install/tf2:/home/vboxuser/ros2_humble/install/test_security:/home/vboxuser/ros2_humble/install/test_rmw_implementation:/home/vboxuser/ros2_humble/install/test_rclcpp:/home/vboxuser/ros2_humble/install/test_quality_of_service:/home/vboxuser/ros2_humble/install/test_launch_testing:/home/vboxuser/ros2_humble/install/test_interface_files:/home/vboxuser/ros2_humble/install/test_communication:/home/vboxuser/ros2_humble/install/test_cli_remapping:/home/vboxuser/ros2_humble/install/test_cli:/home/vboxuser/ros2_humble/install/qt_gui_app:/home/vboxuser/ros2_humble/install/qt_gui:/home/vboxuser/ros2_humble/install/tango_icons_vendor:/home/vboxuser/ros2_humble/install/stereo_msgs:/home/vboxuser/ros2_humble/install/std_srvs:/home/vboxuser/ros2_humble/install/shape_msgs:/home/vboxuser/ros2_humble/install/map_msgs:/home/vboxuser/ros2_humble/install/sensor_msgs:/home/vboxuser/ros2_humble/install/nav_msgs:/home/vboxuser/ros2_humble/install/diagnostic_msgs:/home/vboxuser/ros2_humble/install/geometry_msgs:/home/vboxuser/ros2_humble/install/actionlib_msgs:/home/vboxuser/ros2_humble/install/std_msgs:/home/vboxuser/ros2_humble/install/statistics_msgs:/home/vboxuser/ros2_humble/install/sqlite3_vendor:/home/vboxuser/ros2_humble/install/rcl_logging_spdlog:/home/vboxuser/ros2_humble/install/spdlog_vendor:/home/vboxuser/ros2_humble/install/shared_queues_vendor:/home/vboxuser/ros2_humble/install/rviz_rendering_tests:/home/vboxuser/ros2_humble/install/rviz_rendering:/home/vboxuser/ros2_humble/install/rviz_ogre_vendor:/home/vboxuser/ros2_humble/install/rviz_assimp_vendor:/home/vboxuser/ros2_humble/install/rttest:/home/vboxuser/ros2_humble/install/rmw_connextddsmicro:/home/vboxuser/ros2_humble/install/rmw_connextdds:/home/vboxuser/ros2_humble/install/rmw_connextdds_common:/home/vboxuser/ros2_humble/install/rti_connext_dds_cmake_module:/home/vboxuser/ros2_humble/install/rosgraph_msgs:/home/vboxuser/ros2_humble/install/rosbag2_interfaces:/home/vboxuser/ros2_humble/install/rmw_dds_common:/home/vboxuser/ros2_humble/install/composition_interfaces:/home/vboxuser/ros2_humble/install/rcl_interfaces:/home/vboxuser/ros2_humble/install/pendulum_msgs:/home/vboxuser/ros2_humble/install/lifecycle_msgs:/home/vboxuser/ros2_humble/install/builtin_interfaces:/home/vboxuser/ros2_humble/install/rosidl_default_runtime:/home/vboxuser/ros2_humble/install/rosidl_default_generators:/home/vboxuser/ros2_humble/install/rosidl_generator_py:/home/vboxuser/ros2_humble/install/rosidl_typesupport_introspection_tests:/home/vboxuser/ros2_humble/install/rosidl_typesupport_cpp:/home/vboxuser/ros2_humble/install/rosidl_typesupport_introspection_cpp:/home/vboxuser/ros2_humble/install/rosidl_typesupport_c:/home/vboxuser/ros2_humble/install/rosidl_typesupport_introspection_c:/home/vboxuser/ros2_humble/install/rosidl_typesupport_fastrtps_c:/home/vboxuser/ros2_humble/install/rosidl_typesupport_fastrtps_cpp:/home/vboxuser/ros2_humble/install/rosidl_generator_cpp:/home/vboxuser/ros2_humble/install/rosidl_runtime_cpp:/home/vboxuser/ros2_humble/install/rcl_yaml_param_parser:/home/vboxuser/ros2_humble/install/rmw:/home/vboxuser/ros2_humble/install/rosidl_runtime_c:/home/vboxuser/ros2_humble/install/rosidl_generator_c:/home/vboxuser/ros2_humble/install/rosidl_typesupport_interface:/home/vboxuser/ros2_humble/install/rosidl_generator_dds_idl:/home/vboxuser/ros2_humble/install/rosidl_cmake:/home/vboxuser/ros2_humble/install/rosidl_parser:/home/vboxuser/ros2_humble/install/rosidl_adapter:/home/vboxuser/ros2_humble/install/rosbag2_tests:/home/vboxuser/ros2_humble/install/rosbag2_storage_mcap_testdata:/home/vboxuser/ros2_humble/install/ros_environment:/home/vboxuser/ros2_humble/install/rmw_implementation_cmake:/home/vboxuser/ros2_humble/install/resource_retriever:/home/vboxuser/ros2_humble/install/class_loader:/home/vboxuser/ros2_humble/install/rcpputils:/home/vboxuser/ros2_humble/install/rcl_logging_noop:/home/vboxuser/ros2_humble/install/rcl_logging_interface:/home/vboxuser/ros2_humble/install/rcutils:/home/vboxuser/ros2_humble/install/qt_gui_py_common:/home/vboxuser/ros2_humble/install/qt_dotgraph:/home/vboxuser/ros2_humble/install/python_qt_binding:/home/vboxuser/ros2_humble/install/python_orocos_kdl_vendor:/home/vboxuser/ros2_humble/install/launch_testing_ament_cmake:/home/vboxuser/ros2_humble/install/python_cmake_module:/home/vboxuser/ros2_humble/install/pybind11_vendor:/home/vboxuser/ros2_humble/install/performance_test_fixture:/home/vboxuser/ros2_humble/install/osrf_testing_tools_cpp:/home/vboxuser/ros2_humble/install/orocos_kdl_vendor:/home/vboxuser/ros2_humble/install/my_package:/home/vboxuser/ros2_humble/install/mimick_vendor:/home/vboxuser/ros2_humble/install/libyaml_vendor:/home/vboxuser/ros2_humble/install/libcurl_vendor:/home/vboxuser/ros2_humble/install/keyboard_handler:/home/vboxuser/ros2_humble/install/cyclonedds:/home/vboxuser/ros2_humble/install/iceoryx_posh:/home/vboxuser/ros2_humble/install/iceoryx_hoofs:/home/vboxuser/ros2_humble/install/iceoryx_binding_c:/home/vboxuser/ros2_humble/install/ament_cmake_ros:/home/vboxuser/ros2_humble/install/ament_cmake_gmock:/home/vboxuser/ros2_humble/install/gmock_vendor:/home/vboxuser/ros2_humble/install/ament_cmake_auto:/home/vboxuser/ros2_humble/install/ament_cmake_gtest:/home/vboxuser/ros2_humble/install/gtest_vendor:/home/vboxuser/ros2_humble/install/ament_cmake_google_benchmark:/home/vboxuser/ros2_humble/install/google_benchmark_vendor:/home/vboxuser/ros2_humble/install/fastrtps:/home/vboxuser/ros2_humble/install/foonathan_memory_vendor:/home/vboxuser/ros2_humble/install/fastrtps_cmake_module:/home/vboxuser/ros2_humble/install/fastcdr:/home/vboxuser/ros2_humble/install/eigen3_cmake_module:/home/vboxuser/ros2_humble/install/console_bridge_vendor:/home/vboxuser/ros2_humble/install/ament_cmake_xmllint:/home/vboxuser/ros2_humble/install/ament_cmake_pyflakes:/home/vboxuser/ros2_humble/install/ament_cmake_pycodestyle:/home/vboxuser/ros2_humble/install/ament_cmake_pep257:/home/vboxuser/ros2_humble/install/ament_cmake_pclint:/home/vboxuser/ros2_humble/install/ament_lint_auto:/home/vboxuser/ros2_humble/install/ament_cmake:/home/vboxuser/ros2_humble/install/ament_cmake_version:/home/vboxuser/ros2_humble/install/ament_cmake_pytest:/home/vboxuser/ros2_humble/install/ament_cmake_nose:/home/vboxuser/ros2_humble/install/ament_cmake_mypy:/home/vboxuser/ros2_humble/install/ament_cmake_lint_cmake:/home/vboxuser/ros2_humble/install/ament_cmake_flake8:/home/vboxuser/ros2_humble/install/ament_cmake_cpplint:/home/vboxuser/ros2_humble/install/ament_cmake_cppcheck:/home/vboxuser/ros2_humble/install/ament_cmake_copyright:/home/vboxuser/ros2_humble/install/ament_cmake_clang_tidy:/home/vboxuser/ros2_humble/install/ament_cmake_clang_format:/home/vboxuser/ros2_humble/install/ament_cmake_test:/home/vboxuser/ros2_humble/install/ament_cmake_target_dependencies:/home/vboxuser/ros2_humble/install/ament_cmake_python:/home/vboxuser/ros2_humble/install/ament_cmake_export_dependencies:/home/vboxuser/ros2_humble/install/ament_cmake_libraries:/home/vboxuser/ros2_humble/install/ament_cmake_include_directories:/home/vboxuser/ros2_humble/install/ament_cmake_gen_version_h:/home/vboxuser/ros2_humble/install/ament_cmake_export_targets:/home/vboxuser/ros2_humble/install/ament_cmake_export_link_flags:/home/vboxuser/ros2_humble/install/ament_cmake_export_interfaces:/home/vboxuser/ros2_humble/install/ament_cmake_export_libraries:/home/vboxuser/ros2_humble/install/ament_cmake_export_include_directories:/home/vboxuser/ros2_humble/install/ament_cmake_export_definitions:/home/vboxuser/ros2_humble/install/ament_cmake_core:/home/vboxuser/ros2_humble/install/ament_index_cpp:/home/vboxuser/ros2_humble/install/rqt_bag_plugins:/home/vboxuser/ros2_humble/install/rqt_bag:/home/vboxuser/ros2_humble/install/ros2bag:/home/vboxuser/ros2_humble/install/tracetools_test:/home/vboxuser/ros2_humble/install/tracetools_launch:/home/vboxuser/ros2_humble/install/topic_monitor:/home/vboxuser/ros2_humble/install/tf2_tools:/home/vboxuser/ros2_humble/install/examples_tf2_py:/home/vboxuser/ros2_humble/install/tf2_ros_py:/home/vboxuser/ros2_humble/install/sros2:/home/vboxuser/ros2_humble/install/rqt_topic:/home/vboxuser/ros2_humble/install/rqt_srv:/home/vboxuser/ros2_humble/install/rqt_shell:/home/vboxuser/ros2_humble/install/rqt_service_caller:/home/vboxuser/ros2_humble/install/rqt_reconfigure:/home/vboxuser/ros2_humble/install/rqt_py_console:/home/vboxuser/ros2_humble/install/rqt_publisher:/home/vboxuser/ros2_humble/install/rqt_plot:/home/vboxuser/ros2_humble/install/rqt_action:/home/vboxuser/ros2_humble/install/rqt_msg:/home/vboxuser/ros2_humble/install/rqt_console:/home/vboxuser/ros2_humble/install/rqt:/home/vboxuser/ros2_humble/install/rqt_graph:/home/vboxuser/ros2_humble/install/rqt_gui_py:/home/vboxuser/ros2_humble/install/rqt_gui:/home/vboxuser/ros2_humble/install/ros2trace:/home/vboxuser/ros2_humble/install/ros2topic:/home/vboxuser/ros2_humble/install/ros2test:/home/vboxuser/ros2_humble/install/ros2component:/home/vboxuser/ros2_humble/install/ros2param:/home/vboxuser/ros2_humble/install/ros2lifecycle:/home/vboxuser/ros2_humble/install/ros2service:/home/vboxuser/ros2_humble/install/ros2run:/home/vboxuser/ros2_humble/install/ros2launch:/home/vboxuser/ros2_humble/install/ros2pkg:/home/vboxuser/ros2_humble/install/ros2node:/home/vboxuser/ros2_humble/install/ros2multicast:/home/vboxuser/ros2_humble/install/ros2interface:/home/vboxuser/ros2_humble/install/ros2doctor:/home/vboxuser/ros2_humble/install/ros2action:/home/vboxuser/ros2_humble/install/ros2cli:/home/vboxuser/ros2_humble/install/quality_of_service_demo_py:/home/vboxuser/ros2_humble/install/lifecycle_py:/home/vboxuser/ros2_humble/install/launch_testing_ros:/home/vboxuser/ros2_humble/install/launch_ros:/home/vboxuser/ros2_humble/install/examples_rclpy_pointcloud_publisher:/home/vboxuser/ros2_humble/install/examples_rclpy_minimal_subscriber:/home/vboxuser/ros2_humble/install/examples_rclpy_minimal_service:/home/vboxuser/ros2_humble/install/examples_rclpy_minimal_publisher:/home/vboxuser/ros2_humble/install/examples_rclpy_minimal_client:/home/vboxuser/ros2_humble/install/examples_rclpy_minimal_action_server:/home/vboxuser/ros2_humble/install/examples_rclpy_minimal_action_client:/home/vboxuser/ros2_humble/install/examples_rclpy_guard_conditions:/home/vboxuser/ros2_humble/install/examples_rclpy_executors:/home/vboxuser/ros2_humble/install/demo_nodes_py:/home/vboxuser/ros2_humble/install/action_tutorials_py:/home/vboxuser/ros2_humble/install/ament_uncrustify:/home/vboxuser/ros2_humble/install/tracetools_trace:/home/vboxuser/ros2_humble/install/tracetools_read:/home/vboxuser/ros2_humble/install/test_tracetools_launch:/home/vboxuser/ros2_humble/install/test_launch_ros:/home/vboxuser/ros2_humble/install/sensor_msgs_py:/home/vboxuser/ros2_humble/install/rpyutils:/home/vboxuser/ros2_humble/install/rosidl_runtime_py:/home/vboxuser/ros2_humble/install/rosidl_cli:/home/vboxuser/ros2_humble/install/launch_pytest:/home/vboxuser/ros2_humble/install/launch_testing:/home/vboxuser/ros2_humble/install/launch_yaml:/home/vboxuser/ros2_humble/install/launch_xml:/home/vboxuser/ros2_humble/install/launch:/home/vboxuser/ros2_humble/install/osrf_pycommon:/home/vboxuser/ros2_humble/install/launch_testing_examples:/home/vboxuser/ros2_humble/install/domain_coordinator:/home/vboxuser/ros2_humble/install/ament_xmllint:/home/vboxuser/ros2_humble/install/ament_pyflakes:/home/vboxuser/ros2_humble/install/ament_pycodestyle:/home/vboxuser/ros2_humble/install/ament_pep257:/home/vboxuser/ros2_humble/install/ament_pclint:/home/vboxuser/ros2_humble/install/ament_package:/home/vboxuser/ros2_humble/install/ament_mypy:/home/vboxuser/ros2_humble/install/ament_lint_cmake:/home/vboxuser/ros2_humble/install/ament_flake8:/home/vboxuser/ros2_humble/install/ament_copyright:/home/vboxuser/ros2_humble/install/ament_lint:/home/vboxuser/ros2_humble/install/ament_index_python:/home/vboxuser/ros2_humble/install/ament_cpplint:/home/vboxuser/ros2_humble/install/ament_cppcheck:/home/vboxuser/ros2_humble/install/ament_clang_tidy:/home/vboxuser/ros2_humble/install/ament_clang_format LD_LIBRARY_PATH=/home/vboxuser/ros2_ws/install/custom_interfaces/lib:${LD_LIBRARY_PATH} PYTHONPATH=/home/vboxuser/ros2_ws/install/custom_interfaces/local/lib/python3.10/dist-packages:${PYTHONPATH} /usr/bin/cmake --build /home/vboxuser/ros2_ws/build/my_package -- -j4 -l4
[7.585s] DEBUG:colcon.colcon_core.event_handler.log_command:Invoked command in '/home/vboxuser/ros2_ws/build/my_package' returned '2': AMENT_PREFIX_PATH=/home/vboxuser/ros2_ws/install/custom_interfaces:${AMENT_PREFIX_PATH} CMAKE_PREFIX_PATH=/home/vboxuser/ros2_ws/install/custom_interfaces:/home/vboxuser/ros2_ws/install/cpp_pubsub:/home/vboxuser/ros2_ws/install/tutorial_interfaces:/home/vboxuser/ros2_ws/install/turtlesim:/home/vboxuser/ros2_ws/install/my_package:/home/vboxuser/ros2_ws/install/my_custom_msgs:/home/vboxuser/ros2_ws/install/cpp_srvcli:/home/vboxuser/ros2_ws/src/install/cpp_pubsub:/home/vboxuser/ros2_ws/src/install/turtlesim:/home/vboxuser/ros2_ws/src/install/my_package:/home/vboxuser/ros2_ws/src/install/my_custom_msgs:/home/vboxuser/ros2_ws/src/install/tutorial_interfaces:/home/vboxuser/ros2_humble/install/rosbag2_storage_mcap:/home/vboxuser/ros2_humble/install/rosbag2:/home/vboxuser/ros2_humble/install/rosbag2_compression_zstd:/home/vboxuser/ros2_humble/install/mcap_vendor:/home/vboxuser/ros2_humble/install/zstd_vendor:/home/vboxuser/ros2_humble/install/rviz_visual_testing_framework:/home/vboxuser/ros2_humble/install/rviz2:/home/vboxuser/ros2_humble/install/rviz_default_plugins:/home/vboxuser/ros2_humble/install/rviz_common:/home/vboxuser/ros2_humble/install/rosbag2_py:/home/vboxuser/ros2_humble/install/rosbag2_transport:/home/vboxuser/ros2_humble/install/rosbag2_performance_benchmarking:/home/vboxuser/ros2_humble/install/rosbag2_compression:/home/vboxuser/ros2_humble/install/rosbag2_cpp:/home/vboxuser/ros2_humble/install/rosbag2_storage_default_plugins:/home/vboxuser/ros2_humble/install/rosbag2_storage:/home/vboxuser/ros2_humble/install/image_common:/home/vboxuser/ros2_humble/install/camera_info_manager:/home/vboxuser/ros2_humble/install/camera_calibration_parsers:/home/vboxuser/ros2_humble/install/yaml_cpp_vendor:/home/vboxuser/ros2_humble/install/interactive_markers:/home/vboxuser/ros2_humble/install/common_interfaces:/home/vboxuser/ros2_humble/install/visualization_msgs:/home/vboxuser/ros2_humble/install/dummy_robot_bringup:/home/vboxuser/ros2_humble/install/robot_state_publisher:/home/vboxuser/ros2_humble/install/kdl_parser:/home/vboxuser/ros2_humble/install/urdf:/home/vboxuser/ros2_humble/install/urdfdom:/home/vboxuser/ros2_humble/install/urdf_parser_plugin:/home/vboxuser/ros2_humble/install/urdfdom_headers:/home/vboxuser/ros2_humble/install/turtlesim:/home/vboxuser/ros2_humble/install/geometry2:/home/vboxuser/ros2_humble/install/tf2_sensor_msgs:/home/vboxuser/ros2_humble/install/test_tf2:/home/vboxuser/ros2_humble/install/tf2_kdl:/home/vboxuser/ros2_humble/install/tf2_geometry_msgs:/home/vboxuser/ros2_humble/install/tf2_eigen:/home/vboxuser/ros2_humble/install/tf2_bullet:/home/vboxuser/ros2_humble/install/tf2_ros:/home/vboxuser/ros2_humble/install/tf2_py:/home/vboxuser/ros2_humble/install/tf2_msgs:/home/vboxuser/ros2_humble/install/test_msgs:/home/vboxuser/ros2_humble/install/sros2_cmake:/home/vboxuser/ros2_humble/install/ros2cli_common_extensions:/home/vboxuser/ros2_humble/install/rqt_py_common:/home/vboxuser/ros2_humble/install/ros_testing:/home/vboxuser/ros2_humble/install/ros2cli_test_interfaces:/home/vboxuser/ros2_humble/install/quality_of_service_demo_cpp:/home/vboxuser/ros2_humble/install/image_transport:/home/vboxuser/ros2_humble/install/message_filters:/home/vboxuser/ros2_humble/install/demo_nodes_cpp:/home/vboxuser/ros2_humble/install/composition:/home/vboxuser/ros2_humble/install/laser_geometry:/home/vboxuser/ros2_humble/install/rclpy:/home/vboxuser/ros2_humble/install/examples_rclcpp_minimal_action_server:/home/vboxuser/ros2_humble/install/examples_rclcpp_minimal_action_client:/home/vboxuser/ros2_humble/install/action_tutorials_cpp:/home/vboxuser/ros2_humble/install/rclcpp_action:/home/vboxuser/ros2_humble/install/rcl_action:/home/vboxuser/ros2_humble/install/examples_rclcpp_wait_set:/home/vboxuser/ros2_humble/install/examples_rclcpp_minimal_service:/home/vboxuser/ros2_humble/install/examples_rclcpp_minimal_client:/home/vboxuser/ros2_humble/install/examples_rclcpp_async_client:/home/vboxuser/ros2_humble/install/example_interfaces:/home/vboxuser/ros2_humble/install/action_tutorials_interfaces:/home/vboxuser/ros2_humble/install/action_msgs:/home/vboxuser/ros2_humble/install/unique_identifier_msgs:/home/vboxuser/ros2_humble/install/ament_lint_common:/home/vboxuser/ros2_humble/install/ament_cmake_uncrustify:/home/vboxuser/ros2_humble/install/uncrustify_vendor:/home/vboxuser/ros2_humble/install/trajectory_msgs:/home/vboxuser/ros2_humble/install/topic_statistics_demo:/home/vboxuser/ros2_humble/install/pendulum_control:/home/vboxuser/ros2_humble/install/tlsf_cpp:/home/vboxuser/ros2_humble/install/test_tracetools:/home/vboxuser/ros2_humble/install/rqt_gui_cpp:/home/vboxuser/ros2_humble/install/rosbag2_test_common:/home/vboxuser/ros2_humble/install/ros2lifecycle_test_fixtures:/home/vboxuser/ros2_humble/install/lifecycle:/home/vboxuser/ros2_humble/install/rclcpp_lifecycle:/home/vboxuser/ros2_humble/install/logging_demo:/home/vboxuser/ros2_humble/install/image_tools:/home/vboxuser/ros2_humble/install/examples_rclcpp_minimal_subscriber:/home/vboxuser/ros2_humble/install/examples_rclcpp_minimal_composition:/home/vboxuser/ros2_humble/install/demo_nodes_cpp_native:/home/vboxuser/ros2_humble/install/rclcpp_components:/home/vboxuser/ros2_humble/install/intra_process_demo:/home/vboxuser/ros2_humble/install/examples_rclcpp_multithreaded_executor:/home/vboxuser/ros2_humble/install/examples_rclcpp_minimal_timer:/home/vboxuser/ros2_humble/install/examples_rclcpp_minimal_publisher:/home/vboxuser/ros2_humble/install/examples_rclcpp_cbg_executor:/home/vboxuser/ros2_humble/install/dummy_sensors:/home/vboxuser/ros2_humble/install/dummy_map_server:/home/vboxuser/ros2_humble/install/rclcpp:/home/vboxuser/ros2_humble/install/rcl_lifecycle:/home/vboxuser/ros2_humble/install/libstatistics_collector:/home/vboxuser/ros2_humble/install/rcl:/home/vboxuser/ros2_humble/install/rmw_implementation:/home/vboxuser/ros2_humble/install/rmw_fastrtps_dynamic_cpp:/home/vboxuser/ros2_humble/install/rmw_fastrtps_cpp:/home/vboxuser/ros2_humble/install/rmw_fastrtps_shared_cpp:/home/vboxuser/ros2_humble/install/rmw_cyclonedds_cpp:/home/vboxuser/ros2_humble/install/tracetools:/home/vboxuser/ros2_humble/install/tlsf:/home/vboxuser/ros2_humble/install/tinyxml_vendor:/home/vboxuser/ros2_humble/install/qt_gui_core:/home/vboxuser/ros2_humble/install/qt_gui_cpp:/home/vboxuser/ros2_humble/install/pluginlib:/home/vboxuser/ros2_humble/install/tinyxml2_vendor:/home/vboxuser/ros2_humble/install/tf2_eigen_kdl:/home/vboxuser/ros2_humble/install/tf2:/home/vboxuser/ros2_humble/install/test_security:/home/vboxuser/ros2_humble/install/test_rmw_implementation:/home/vboxuser/ros2_humble/install/test_rclcpp:/home/vboxuser/ros2_humble/install/test_quality_of_service:/home/vboxuser/ros2_humble/install/test_launch_testing:/home/vboxuser/ros2_humble/install/test_interface_files:/home/vboxuser/ros2_humble/install/test_communication:/home/vboxuser/ros2_humble/install/test_cli_remapping:/home/vboxuser/ros2_humble/install/test_cli:/home/vboxuser/ros2_humble/install/qt_gui_app:/home/vboxuser/ros2_humble/install/qt_gui:/home/vboxuser/ros2_humble/install/tango_icons_vendor:/home/vboxuser/ros2_humble/install/stereo_msgs:/home/vboxuser/ros2_humble/install/std_srvs:/home/vboxuser/ros2_humble/install/shape_msgs:/home/vboxuser/ros2_humble/install/map_msgs:/home/vboxuser/ros2_humble/install/sensor_msgs:/home/vboxuser/ros2_humble/install/nav_msgs:/home/vboxuser/ros2_humble/install/diagnostic_msgs:/home/vboxuser/ros2_humble/install/geometry_msgs:/home/vboxuser/ros2_humble/install/actionlib_msgs:/home/vboxuser/ros2_humble/install/std_msgs:/home/vboxuser/ros2_humble/install/statistics_msgs:/home/vboxuser/ros2_humble/install/sqlite3_vendor:/home/vboxuser/ros2_humble/install/rcl_logging_spdlog:/home/vboxuser/ros2_humble/install/spdlog_vendor:/home/vboxuser/ros2_humble/install/shared_queues_vendor:/home/vboxuser/ros2_humble/install/rviz_rendering_tests:/home/vboxuser/ros2_humble/install/rviz_rendering:/home/vboxuser/ros2_humble/install/rviz_ogre_vendor:/home/vboxuser/ros2_humble/install/rviz_assimp_vendor:/home/vboxuser/ros2_humble/install/rttest:/home/vboxuser/ros2_humble/install/rmw_connextddsmicro:/home/vboxuser/ros2_humble/install/rmw_connextdds:/home/vboxuser/ros2_humble/install/rmw_connextdds_common:/home/vboxuser/ros2_humble/install/rti_connext_dds_cmake_module:/home/vboxuser/ros2_humble/install/rosgraph_msgs:/home/vboxuser/ros2_humble/install/rosbag2_interfaces:/home/vboxuser/ros2_humble/install/rmw_dds_common:/home/vboxuser/ros2_humble/install/composition_interfaces:/home/vboxuser/ros2_humble/install/rcl_interfaces:/home/vboxuser/ros2_humble/install/pendulum_msgs:/home/vboxuser/ros2_humble/install/lifecycle_msgs:/home/vboxuser/ros2_humble/install/builtin_interfaces:/home/vboxuser/ros2_humble/install/rosidl_default_runtime:/home/vboxuser/ros2_humble/install/rosidl_default_generators:/home/vboxuser/ros2_humble/install/rosidl_generator_py:/home/vboxuser/ros2_humble/install/rosidl_typesupport_introspection_tests:/home/vboxuser/ros2_humble/install/rosidl_typesupport_cpp:/home/vboxuser/ros2_humble/install/rosidl_typesupport_introspection_cpp:/home/vboxuser/ros2_humble/install/rosidl_typesupport_c:/home/vboxuser/ros2_humble/install/rosidl_typesupport_introspection_c:/home/vboxuser/ros2_humble/install/rosidl_typesupport_fastrtps_c:/home/vboxuser/ros2_humble/install/rosidl_typesupport_fastrtps_cpp:/home/vboxuser/ros2_humble/install/rosidl_generator_cpp:/home/vboxuser/ros2_humble/install/rosidl_runtime_cpp:/home/vboxuser/ros2_humble/install/rcl_yaml_param_parser:/home/vboxuser/ros2_humble/install/rmw:/home/vboxuser/ros2_humble/install/rosidl_runtime_c:/home/vboxuser/ros2_humble/install/rosidl_generator_c:/home/vboxuser/ros2_humble/install/rosidl_typesupport_interface:/home/vboxuser/ros2_humble/install/rosidl_generator_dds_idl:/home/vboxuser/ros2_humble/install/rosidl_cmake:/home/vboxuser/ros2_humble/install/rosidl_parser:/home/vboxuser/ros2_humble/install/rosidl_adapter:/home/vboxuser/ros2_humble/install/rosbag2_tests:/home/vboxuser/ros2_humble/install/rosbag2_storage_mcap_testdata:/home/vboxuser/ros2_humble/install/ros_environment:/home/vboxuser/ros2_humble/install/rmw_implementation_cmake:/home/vboxuser/ros2_humble/install/resource_retriever:/home/vboxuser/ros2_humble/install/class_loader:/home/vboxuser/ros2_humble/install/rcpputils:/home/vboxuser/ros2_humble/install/rcl_logging_noop:/home/vboxuser/ros2_humble/install/rcl_logging_interface:/home/vboxuser/ros2_humble/install/rcutils:/home/vboxuser/ros2_humble/install/qt_gui_py_common:/home/vboxuser/ros2_humble/install/qt_dotgraph:/home/vboxuser/ros2_humble/install/python_qt_binding:/home/vboxuser/ros2_humble/install/python_orocos_kdl_vendor:/home/vboxuser/ros2_humble/install/launch_testing_ament_cmake:/home/vboxuser/ros2_humble/install/python_cmake_module:/home/vboxuser/ros2_humble/install/pybind11_vendor:/home/vboxuser/ros2_humble/install/performance_test_fixture:/home/vboxuser/ros2_humble/install/osrf_testing_tools_cpp:/home/vboxuser/ros2_humble/install/orocos_kdl_vendor:/home/vboxuser/ros2_humble/install/my_package:/home/vboxuser/ros2_humble/install/mimick_vendor:/home/vboxuser/ros2_humble/install/libyaml_vendor:/home/vboxuser/ros2_humble/install/libcurl_vendor:/home/vboxuser/ros2_humble/install/keyboard_handler:/home/vboxuser/ros2_humble/install/cyclonedds:/home/vboxuser/ros2_humble/install/iceoryx_posh:/home/vboxuser/ros2_humble/install/iceoryx_hoofs:/home/vboxuser/ros2_humble/install/iceoryx_binding_c:/home/vboxuser/ros2_humble/install/ament_cmake_ros:/home/vboxuser/ros2_humble/install/ament_cmake_gmock:/home/vboxuser/ros2_humble/install/gmock_vendor:/home/vboxuser/ros2_humble/install/ament_cmake_auto:/home/vboxuser/ros2_humble/install/ament_cmake_gtest:/home/vboxuser/ros2_humble/install/gtest_vendor:/home/vboxuser/ros2_humble/install/ament_cmake_google_benchmark:/home/vboxuser/ros2_humble/install/google_benchmark_vendor:/home/vboxuser/ros2_humble/install/fastrtps:/home/vboxuser/ros2_humble/install/foonathan_memory_vendor:/home/vboxuser/ros2_humble/install/fastrtps_cmake_module:/home/vboxuser/ros2_humble/install/fastcdr:/home/vboxuser/ros2_humble/install/eigen3_cmake_module:/home/vboxuser/ros2_humble/install/console_bridge_vendor:/home/vboxuser/ros2_humble/install/ament_cmake_xmllint:/home/vboxuser/ros2_humble/install/ament_cmake_pyflakes:/home/vboxuser/ros2_humble/install/ament_cmake_pycodestyle:/home/vboxuser/ros2_humble/install/ament_cmake_pep257:/home/vboxuser/ros2_humble/install/ament_cmake_pclint:/home/vboxuser/ros2_humble/install/ament_lint_auto:/home/vboxuser/ros2_humble/install/ament_cmake:/home/vboxuser/ros2_humble/install/ament_cmake_version:/home/vboxuser/ros2_humble/install/ament_cmake_pytest:/home/vboxuser/ros2_humble/install/ament_cmake_nose:/home/vboxuser/ros2_humble/install/ament_cmake_mypy:/home/vboxuser/ros2_humble/install/ament_cmake_lint_cmake:/home/vboxuser/ros2_humble/install/ament_cmake_flake8:/home/vboxuser/ros2_humble/install/ament_cmake_cpplint:/home/vboxuser/ros2_humble/install/ament_cmake_cppcheck:/home/vboxuser/ros2_humble/install/ament_cmake_copyright:/home/vboxuser/ros2_humble/install/ament_cmake_clang_tidy:/home/vboxuser/ros2_humble/install/ament_cmake_clang_format:/home/vboxuser/ros2_humble/install/ament_cmake_test:/home/vboxuser/ros2_humble/install/ament_cmake_target_dependencies:/home/vboxuser/ros2_humble/install/ament_cmake_python:/home/vboxuser/ros2_humble/install/ament_cmake_export_dependencies:/home/vboxuser/ros2_humble/install/ament_cmake_libraries:/home/vboxuser/ros2_humble/install/ament_cmake_include_directories:/home/vboxuser/ros2_humble/install/ament_cmake_gen_version_h:/home/vboxuser/ros2_humble/install/ament_cmake_export_targets:/home/vboxuser/ros2_humble/install/ament_cmake_export_link_flags:/home/vboxuser/ros2_humble/install/ament_cmake_export_interfaces:/home/vboxuser/ros2_humble/install/ament_cmake_export_libraries:/home/vboxuser/ros2_humble/install/ament_cmake_export_include_directories:/home/vboxuser/ros2_humble/install/ament_cmake_export_definitions:/home/vboxuser/ros2_humble/install/ament_cmake_core:/home/vboxuser/ros2_humble/install/ament_index_cpp:/home/vboxuser/ros2_humble/install/rqt_bag_plugins:/home/vboxuser/ros2_humble/install/rqt_bag:/home/vboxuser/ros2_humble/install/ros2bag:/home/vboxuser/ros2_humble/install/tracetools_test:/home/vboxuser/ros2_humble/install/tracetools_launch:/home/vboxuser/ros2_humble/install/topic_monitor:/home/vboxuser/ros2_humble/install/tf2_tools:/home/vboxuser/ros2_humble/install/examples_tf2_py:/home/vboxuser/ros2_humble/install/tf2_ros_py:/home/vboxuser/ros2_humble/install/sros2:/home/vboxuser/ros2_humble/install/rqt_topic:/home/vboxuser/ros2_humble/install/rqt_srv:/home/vboxuser/ros2_humble/install/rqt_shell:/home/vboxuser/ros2_humble/install/rqt_service_caller:/home/vboxuser/ros2_humble/install/rqt_reconfigure:/home/vboxuser/ros2_humble/install/rqt_py_console:/home/vboxuser/ros2_humble/install/rqt_publisher:/home/vboxuser/ros2_humble/install/rqt_plot:/home/vboxuser/ros2_humble/install/rqt_action:/home/vboxuser/ros2_humble/install/rqt_msg:/home/vboxuser/ros2_humble/install/rqt_console:/home/vboxuser/ros2_humble/install/rqt:/home/vboxuser/ros2_humble/install/rqt_graph:/home/vboxuser/ros2_humble/install/rqt_gui_py:/home/vboxuser/ros2_humble/install/rqt_gui:/home/vboxuser/ros2_humble/install/ros2trace:/home/vboxuser/ros2_humble/install/ros2topic:/home/vboxuser/ros2_humble/install/ros2test:/home/vboxuser/ros2_humble/install/ros2component:/home/vboxuser/ros2_humble/install/ros2param:/home/vboxuser/ros2_humble/install/ros2lifecycle:/home/vboxuser/ros2_humble/install/ros2service:/home/vboxuser/ros2_humble/install/ros2run:/home/vboxuser/ros2_humble/install/ros2launch:/home/vboxuser/ros2_humble/install/ros2pkg:/home/vboxuser/ros2_humble/install/ros2node:/home/vboxuser/ros2_humble/install/ros2multicast:/home/vboxuser/ros2_humble/install/ros2interface:/home/vboxuser/ros2_humble/install/ros2doctor:/home/vboxuser/ros2_humble/install/ros2action:/home/vboxuser/ros2_humble/install/ros2cli:/home/vboxuser/ros2_humble/install/quality_of_service_demo_py:/home/vboxuser/ros2_humble/install/lifecycle_py:/home/vboxuser/ros2_humble/install/launch_testing_ros:/home/vboxuser/ros2_humble/install/launch_ros:/home/vboxuser/ros2_humble/install/examples_rclpy_pointcloud_publisher:/home/vboxuser/ros2_humble/install/examples_rclpy_minimal_subscriber:/home/vboxuser/ros2_humble/install/examples_rclpy_minimal_service:/home/vboxuser/ros2_humble/install/examples_rclpy_minimal_publisher:/home/vboxuser/ros2_humble/install/examples_rclpy_minimal_client:/home/vboxuser/ros2_humble/install/examples_rclpy_minimal_action_server:/home/vboxuser/ros2_humble/install/examples_rclpy_minimal_action_client:/home/vboxuser/ros2_humble/install/examples_rclpy_guard_conditions:/home/vboxuser/ros2_humble/install/examples_rclpy_executors:/home/vboxuser/ros2_humble/install/demo_nodes_py:/home/vboxuser/ros2_humble/install/action_tutorials_py:/home/vboxuser/ros2_humble/install/ament_uncrustify:/home/vboxuser/ros2_humble/install/tracetools_trace:/home/vboxuser/ros2_humble/install/tracetools_read:/home/vboxuser/ros2_humble/install/test_tracetools_launch:/home/vboxuser/ros2_humble/install/test_launch_ros:/home/vboxuser/ros2_humble/install/sensor_msgs_py:/home/vboxuser/ros2_humble/install/rpyutils:/home/vboxuser/ros2_humble/install/rosidl_runtime_py:/home/vboxuser/ros2_humble/install/rosidl_cli:/home/vboxuser/ros2_humble/install/launch_pytest:/home/vboxuser/ros2_humble/install/launch_testing:/home/vboxuser/ros2_humble/install/launch_yaml:/home/vboxuser/ros2_humble/install/launch_xml:/home/vboxuser/ros2_humble/install/launch:/home/vboxuser/ros2_humble/install/osrf_pycommon:/home/vboxuser/ros2_humble/install/launch_testing_examples:/home/vboxuser/ros2_humble/install/domain_coordinator:/home/vboxuser/ros2_humble/install/ament_xmllint:/home/vboxuser/ros2_humble/install/ament_pyflakes:/home/vboxuser/ros2_humble/install/ament_pycodestyle:/home/vboxuser/ros2_humble/install/ament_pep257:/home/vboxuser/ros2_humble/install/ament_pclint:/home/vboxuser/ros2_humble/install/ament_package:/home/vboxuser/ros2_humble/install/ament_mypy:/home/vboxuser/ros2_humble/install/ament_lint_cmake:/home/vboxuser/ros2_humble/install/ament_flake8:/home/vboxuser/ros2_humble/install/ament_copyright:/home/vboxuser/ros2_humble/install/ament_lint:/home/vboxuser/ros2_humble/install/ament_index_python:/home/vboxuser/ros2_humble/install/ament_cpplint:/home/vboxuser/ros2_humble/install/ament_cppcheck:/home/vboxuser/ros2_humble/install/ament_clang_tidy:/home/vboxuser/ros2_humble/install/ament_clang_format LD_LIBRARY_PATH=/home/vboxuser/ros2_ws/install/custom_interfaces/lib:${LD_LIBRARY_PATH} PYTHONPATH=/home/vboxuser/ros2_ws/install/custom_interfaces/local/lib/python3.10/dist-packages:${PYTHONPATH} /usr/bin/cmake --build /home/vboxuser/ros2_ws/build/my_package -- -j4 -l4
[7.785s] Level 1:colcon.colcon_core.environment:create_environment_scripts_only(my_package)
[7.801s] Level 1:colcon.colcon_core.environment:checking '/home/vboxuser/ros2_ws/install/my_package' for CMake module files
[7.801s] Level 1:colcon.colcon_core.environment:checking '/home/vboxuser/ros2_ws/install/my_package' for CMake config files
[7.802s] Level 1:colcon.colcon_core.shell:create_environment_hook('my_package', 'cmake_prefix_path')
[7.804s] INFO:colcon.colcon_core.shell:Creating environment hook '/home/vboxuser/ros2_ws/install/my_package/share/my_package/hook/cmake_prefix_path.ps1'
[7.805s] INFO:colcon.colcon_core.shell:Creating environment descriptor '/home/vboxuser/ros2_ws/install/my_package/share/my_package/hook/cmake_prefix_path.dsv'
[7.806s] INFO:colcon.colcon_core.shell:Creating environment hook '/home/vboxuser/ros2_ws/install/my_package/share/my_package/hook/cmake_prefix_path.sh'
[7.808s] Level 1:colcon.colcon_core.environment:checking '/home/vboxuser/ros2_ws/install/my_package/lib'
[7.809s] Level 1:colcon.colcon_core.environment:checking '/home/vboxuser/ros2_ws/install/my_package/bin'
[7.809s] Level 1:colcon.colcon_core.environment:checking '/home/vboxuser/ros2_ws/install/my_package/lib/pkgconfig/my_package.pc'
[7.812s] Level 1:colcon.colcon_core.environment:checking '/home/vboxuser/ros2_ws/install/my_package/lib/python3.10/site-packages'
[7.813s] Level 1:colcon.colcon_core.environment:checking '/home/vboxuser/ros2_ws/install/my_package/bin'
[7.817s] INFO:colcon.colcon_core.shell:Creating package script '/home/vboxuser/ros2_ws/install/my_package/share/my_package/package.ps1'
[7.819s] INFO:colcon.colcon_core.shell:Creating package descriptor '/home/vboxuser/ros2_ws/install/my_package/share/my_package/package.dsv'
[7.820s] INFO:colcon.colcon_core.shell:Creating package script '/home/vboxuser/ros2_ws/install/my_package/share/my_package/package.sh'
[7.822s] INFO:colcon.colcon_core.shell:Creating package script '/home/vboxuser/ros2_ws/install/my_package/share/my_package/package.bash'
[7.823s] INFO:colcon.colcon_core.shell:Creating package script '/home/vboxuser/ros2_ws/install/my_package/share/my_package/package.zsh'
[7.824s] Level 1:colcon.colcon_core.environment:create_file_with_runtime_dependencies(/home/vboxuser/ros2_ws/install/my_package/share/colcon-core/packages/my_package)
[7.827s] DEBUG:colcon.colcon_parallel_executor.executor.parallel:closing loop
[7.827s] DEBUG:colcon.colcon_parallel_executor.executor.parallel:loop closed
[7.827s] DEBUG:colcon.colcon_parallel_executor.executor.parallel:run_until_complete finished with '2'
[7.828s] DEBUG:colcon.colcon_core.event_reactor:joining thread
[7.850s] INFO:colcon.colcon_core.plugin_system:Skipping extension 'colcon_notification.desktop_notification.terminal_notifier': Not used on non-Darwin systems
[7.850s] INFO:colcon.colcon_core.plugin_system:Skipping extension 'colcon_notification.desktop_notification.win32': Not used on non-Windows systems
[7.850s] INFO:colcon.colcon_notification.desktop_notification:Sending desktop notification using 'notify2'
[7.891s] DEBUG:colcon.colcon_core.event_reactor:joined thread
[7.895s] INFO:colcon.colcon_core.shell:Creating prefix script '/home/vboxuser/ros2_ws/install/local_setup.ps1'
[7.898s] INFO:colcon.colcon_core.shell:Creating prefix util module '/home/vboxuser/ros2_ws/install/_local_setup_util_ps1.py'
[7.903s] INFO:colcon.colcon_core.shell:Creating prefix chain script '/home/vboxuser/ros2_ws/install/setup.ps1'
[7.928s] INFO:colcon.colcon_core.shell:Creating prefix script '/home/vboxuser/ros2_ws/install/local_setup.sh'
[7.929s] INFO:colcon.colcon_core.shell:Creating prefix util module '/home/vboxuser/ros2_ws/install/_local_setup_util_sh.py'
[7.930s] INFO:colcon.colcon_core.shell:Creating prefix chain script '/home/vboxuser/ros2_ws/install/setup.sh'
[7.970s] INFO:colcon.colcon_core.shell:Creating prefix script '/home/vboxuser/ros2_ws/install/local_setup.bash'
[7.973s] INFO:colcon.colcon_core.shell:Creating prefix chain script '/home/vboxuser/ros2_ws/install/setup.bash'
[8.002s] INFO:colcon.colcon_core.shell:Creating prefix script '/home/vboxuser/ros2_ws/install/local_setup.zsh'
[8.003s] INFO:colcon.colcon_core.shell:Creating prefix chain script '/home/vboxuser/ros2_ws/install/setup.zsh'
