[35m[1mConsolidate compiler generated dependencies of target scan_Twi_Client[0m
[35m[1mConsolidate compiler generated dependencies of target scan_Twi_Server[0m
[ 25%] [32mBuilding CXX object CMakeFiles/scan_Twi_Client.dir/src/Scan_Twi_Client.cpp.o[0m
[ 75%] Built target scan_Twi_Server
[100%] [32m[1mLinking CXX executable scan_Twi_Client[0m
[100%] Built target scan_Twi_Client
-- Install configuration: ""
-- Installing: /home/vboxuser/ros2_ws/install/my_package/lib/my_package/scan_Twi_Client
-- Set runtime path of "/home/vboxuser/ros2_ws/install/my_package/lib/my_package/scan_Twi_Client" to ""
-- Installing: /home/vboxuser/ros2_ws/install/my_package/lib/my_package/scan_Twi_Server
-- Set runtime path of "/home/vboxuser/ros2_ws/install/my_package/lib/my_package/scan_Twi_Server" to ""
-- Installing: /home/vboxuser/ros2_ws/install/my_package/share/ament_index/resource_index/package_run_dependencies/my_package
-- Installing: /home/vboxuser/ros2_ws/install/my_package/share/ament_index/resource_index/parent_prefix_path/my_package
-- Installing: /home/vboxuser/ros2_ws/install/my_package/share/my_package/environment/ament_prefix_path.dsv
-- Installing: /home/vboxuser/ros2_ws/install/my_package/share/my_package/environment/path.dsv
-- Up-to-date: /home/vboxuser/ros2_ws/install/my_package/share/my_package/local_setup.bash
-- Up-to-date: /home/vboxuser/ros2_ws/install/my_package/share/my_package/local_setup.sh
-- Up-to-date: /home/vboxuser/ros2_ws/install/my_package/share/my_package/local_setup.zsh
-- Installing: /home/vboxuser/ros2_ws/install/my_package/share/my_package/local_setup.dsv
-- Installing: /home/vboxuser/ros2_ws/install/my_package/share/my_package/package.dsv
-- Up-to-date: /home/vboxuser/ros2_ws/install/my_package/share/ament_index/resource_index/packages/my_package
-- Up-to-date: /home/vboxuser/ros2_ws/install/my_package/share/my_package/cmake/my_packageConfig.cmake
-- Up-to-date: /home/vboxuser/ros2_ws/install/my_package/share/my_package/cmake/my_packageConfig-version.cmake
-- Installing: /home/vboxuser/ros2_ws/install/my_package/share/my_package/package.xml
