[0.070s] Invoking command in '/home/vboxuser/ros2_ws/build/turtlesim': CMAKE_PREFIX_PATH=${CMAKE_PREFIX_PATH}:/home/vboxuser/ros2_humble/install/rqt_bag_plugins:/home/vboxuser/ros2_humble/install/rqt_bag:/home/vboxuser/ros2_humble/install/ros2bag:/home/vboxuser/ros2_humble/install/tracetools_test:/home/vboxuser/ros2_humble/install/tracetools_launch:/home/vboxuser/ros2_humble/install/topic_monitor:/home/vboxuser/ros2_humble/install/tf2_tools:/home/vboxuser/ros2_humble/install/examples_tf2_py:/home/vboxuser/ros2_humble/install/tf2_ros_py:/home/vboxuser/ros2_humble/install/sros2:/home/vboxuser/ros2_humble/install/rqt_topic:/home/vboxuser/ros2_humble/install/rqt_srv:/home/vboxuser/ros2_humble/install/rqt_shell:/home/vboxuser/ros2_humble/install/rqt_service_caller:/home/vboxuser/ros2_humble/install/rqt_reconfigure:/home/vboxuser/ros2_humble/install/rqt_py_console:/home/vboxuser/ros2_humble/install/rqt_publisher:/home/vboxuser/ros2_humble/install/rqt_plot:/home/vboxuser/ros2_humble/install/rqt_action:/home/vboxuser/ros2_humble/install/rqt_msg:/home/vboxuser/ros2_humble/install/rqt_console:/home/vboxuser/ros2_humble/install/rqt:/home/vboxuser/ros2_humble/install/rqt_graph:/home/vboxuser/ros2_humble/install/rqt_gui_py:/home/vboxuser/ros2_humble/install/rqt_gui:/home/vboxuser/ros2_humble/install/ros2trace:/home/vboxuser/ros2_humble/install/ros2topic:/home/vboxuser/ros2_humble/install/ros2test:/home/vboxuser/ros2_humble/install/ros2component:/home/vboxuser/ros2_humble/install/ros2param:/home/vboxuser/ros2_humble/install/ros2lifecycle:/home/vboxuser/ros2_humble/install/ros2service:/home/vboxuser/ros2_humble/install/ros2run:/home/vboxuser/ros2_humble/install/ros2launch:/home/vboxuser/ros2_humble/install/ros2pkg:/home/vboxuser/ros2_humble/install/ros2node:/home/vboxuser/ros2_humble/install/ros2multicast:/home/vboxuser/ros2_humble/install/ros2interface:/home/vboxuser/ros2_humble/install/ros2doctor:/home/vboxuser/ros2_humble/install/ros2action:/home/vboxuser/ros2_humble/install/ros2cli:/home/vboxuser/ros2_humble/install/quality_of_service_demo_py:/home/vboxuser/ros2_humble/install/lifecycle_py:/home/vboxuser/ros2_humble/install/launch_testing_ros:/home/vboxuser/ros2_humble/install/launch_ros:/home/vboxuser/ros2_humble/install/examples_rclpy_pointcloud_publisher:/home/vboxuser/ros2_humble/install/examples_rclpy_minimal_subscriber:/home/vboxuser/ros2_humble/install/examples_rclpy_minimal_service:/home/vboxuser/ros2_humble/install/examples_rclpy_minimal_publisher:/home/vboxuser/ros2_humble/install/examples_rclpy_minimal_client:/home/vboxuser/ros2_humble/install/examples_rclpy_minimal_action_server:/home/vboxuser/ros2_humble/install/examples_rclpy_minimal_action_client:/home/vboxuser/ros2_humble/install/examples_rclpy_guard_conditions:/home/vboxuser/ros2_humble/install/examples_rclpy_executors:/home/vboxuser/ros2_humble/install/demo_nodes_py:/home/vboxuser/ros2_humble/install/action_tutorials_py:/home/vboxuser/ros2_humble/install/ament_uncrustify:/home/vboxuser/ros2_humble/install/tracetools_trace:/home/vboxuser/ros2_humble/install/tracetools_read:/home/vboxuser/ros2_humble/install/test_tracetools_launch:/home/vboxuser/ros2_humble/install/test_launch_ros:/home/vboxuser/ros2_humble/install/sensor_msgs_py:/home/vboxuser/ros2_humble/install/rpyutils:/home/vboxuser/ros2_humble/install/rosidl_runtime_py:/home/vboxuser/ros2_humble/install/rosidl_cli:/home/vboxuser/ros2_humble/install/launch_pytest:/home/vboxuser/ros2_humble/install/launch_testing:/home/vboxuser/ros2_humble/install/launch_yaml:/home/vboxuser/ros2_humble/install/launch_xml:/home/vboxuser/ros2_humble/install/launch:/home/vboxuser/ros2_humble/install/osrf_pycommon:/home/vboxuser/ros2_humble/install/launch_testing_examples:/home/vboxuser/ros2_humble/install/domain_coordinator:/home/vboxuser/ros2_humble/install/ament_xmllint:/home/vboxuser/ros2_humble/install/ament_pyflakes:/home/vboxuser/ros2_humble/install/ament_pycodestyle:/home/vboxuser/ros2_humble/install/ament_pep257:/home/vboxuser/ros2_humble/install/ament_pclint:/home/vboxuser/ros2_humble/install/ament_package:/home/vboxuser/ros2_humble/install/ament_mypy:/home/vboxuser/ros2_humble/install/ament_lint_cmake:/home/vboxuser/ros2_humble/install/ament_flake8:/home/vboxuser/ros2_humble/install/ament_copyright:/home/vboxuser/ros2_humble/install/ament_lint:/home/vboxuser/ros2_humble/install/ament_index_python:/home/vboxuser/ros2_humble/install/ament_cpplint:/home/vboxuser/ros2_humble/install/ament_cppcheck:/home/vboxuser/ros2_humble/install/ament_clang_tidy:/home/vboxuser/ros2_humble/install/ament_clang_format /usr/bin/cmake --build /home/vboxuser/ros2_ws/build/turtlesim -- -j4 -l4
[0.557s] [  1%] Built target turtlesim__cpp
[0.661s] [  1%] Built target ament_cmake_python_copy_turtlesim
[0.664s] [ 11%] Built target turtlesim__rosidl_typesupport_cpp
[0.664s] [ 21%] Built target turtlesim__rosidl_generator_c
[0.704s] [ 31%] Built target turtlesim__rosidl_typesupport_fastrtps_cpp
[0.788s] [ 41%] Built target turtlesim__rosidl_typesupport_introspection_cpp
[0.974s] [ 43%] Built target turtle_teleop_key
[0.992s] [ 45%] Built target draw_square
[1.002s] [ 51%] Built target turtlesim_node
[1.059s] [ 53%] Built target mimic
[1.113s] [ 63%] Built target turtlesim__rosidl_typesupport_fastrtps_c
[1.139s] [ 73%] Built target turtlesim__rosidl_typesupport_introspection_c
[1.143s] [ 83%] Built target turtlesim__rosidl_typesupport_c
[1.201s] [ 83%] Built target turtlesim
[1.269s] [ 84%] Built target turtlesim__py
[1.329s] [ 93%] Built target turtlesim__rosidl_generator_py
[1.370s] running egg_info
[1.380s] writing turtlesim.egg-info/PKG-INFO
[1.384s] writing dependency_links to turtlesim.egg-info/dependency_links.txt
[1.384s] writing top-level names to turtlesim.egg-info/top_level.txt
[1.397s] reading manifest file 'turtlesim.egg-info/SOURCES.txt'
[1.411s] writing manifest file 'turtlesim.egg-info/SOURCES.txt'
[1.420s] [ 95%] Built target turtlesim__rosidl_typesupport_fastrtps_c__pyext
[1.444s] [ 95%] Built target ament_cmake_python_build_turtlesim_egg
[1.451s] [ 97%] Built target turtlesim__rosidl_typesupport_introspection_c__pyext
[1.455s] [100%] Built target turtlesim__rosidl_typesupport_c__pyext
[1.487s] Invoked command in '/home/vboxuser/ros2_ws/build/turtlesim' returned '0': CMAKE_PREFIX_PATH=${CMAKE_PREFIX_PATH}:/home/vboxuser/ros2_humble/install/rqt_bag_plugins:/home/vboxuser/ros2_humble/install/rqt_bag:/home/vboxuser/ros2_humble/install/ros2bag:/home/vboxuser/ros2_humble/install/tracetools_test:/home/vboxuser/ros2_humble/install/tracetools_launch:/home/vboxuser/ros2_humble/install/topic_monitor:/home/vboxuser/ros2_humble/install/tf2_tools:/home/vboxuser/ros2_humble/install/examples_tf2_py:/home/vboxuser/ros2_humble/install/tf2_ros_py:/home/vboxuser/ros2_humble/install/sros2:/home/vboxuser/ros2_humble/install/rqt_topic:/home/vboxuser/ros2_humble/install/rqt_srv:/home/vboxuser/ros2_humble/install/rqt_shell:/home/vboxuser/ros2_humble/install/rqt_service_caller:/home/vboxuser/ros2_humble/install/rqt_reconfigure:/home/vboxuser/ros2_humble/install/rqt_py_console:/home/vboxuser/ros2_humble/install/rqt_publisher:/home/vboxuser/ros2_humble/install/rqt_plot:/home/vboxuser/ros2_humble/install/rqt_action:/home/vboxuser/ros2_humble/install/rqt_msg:/home/vboxuser/ros2_humble/install/rqt_console:/home/vboxuser/ros2_humble/install/rqt:/home/vboxuser/ros2_humble/install/rqt_graph:/home/vboxuser/ros2_humble/install/rqt_gui_py:/home/vboxuser/ros2_humble/install/rqt_gui:/home/vboxuser/ros2_humble/install/ros2trace:/home/vboxuser/ros2_humble/install/ros2topic:/home/vboxuser/ros2_humble/install/ros2test:/home/vboxuser/ros2_humble/install/ros2component:/home/vboxuser/ros2_humble/install/ros2param:/home/vboxuser/ros2_humble/install/ros2lifecycle:/home/vboxuser/ros2_humble/install/ros2service:/home/vboxuser/ros2_humble/install/ros2run:/home/vboxuser/ros2_humble/install/ros2launch:/home/vboxuser/ros2_humble/install/ros2pkg:/home/vboxuser/ros2_humble/install/ros2node:/home/vboxuser/ros2_humble/install/ros2multicast:/home/vboxuser/ros2_humble/install/ros2interface:/home/vboxuser/ros2_humble/install/ros2doctor:/home/vboxuser/ros2_humble/install/ros2action:/home/vboxuser/ros2_humble/install/ros2cli:/home/vboxuser/ros2_humble/install/quality_of_service_demo_py:/home/vboxuser/ros2_humble/install/lifecycle_py:/home/vboxuser/ros2_humble/install/launch_testing_ros:/home/vboxuser/ros2_humble/install/launch_ros:/home/vboxuser/ros2_humble/install/examples_rclpy_pointcloud_publisher:/home/vboxuser/ros2_humble/install/examples_rclpy_minimal_subscriber:/home/vboxuser/ros2_humble/install/examples_rclpy_minimal_service:/home/vboxuser/ros2_humble/install/examples_rclpy_minimal_publisher:/home/vboxuser/ros2_humble/install/examples_rclpy_minimal_client:/home/vboxuser/ros2_humble/install/examples_rclpy_minimal_action_server:/home/vboxuser/ros2_humble/install/examples_rclpy_minimal_action_client:/home/vboxuser/ros2_humble/install/examples_rclpy_guard_conditions:/home/vboxuser/ros2_humble/install/examples_rclpy_executors:/home/vboxuser/ros2_humble/install/demo_nodes_py:/home/vboxuser/ros2_humble/install/action_tutorials_py:/home/vboxuser/ros2_humble/install/ament_uncrustify:/home/vboxuser/ros2_humble/install/tracetools_trace:/home/vboxuser/ros2_humble/install/tracetools_read:/home/vboxuser/ros2_humble/install/test_tracetools_launch:/home/vboxuser/ros2_humble/install/test_launch_ros:/home/vboxuser/ros2_humble/install/sensor_msgs_py:/home/vboxuser/ros2_humble/install/rpyutils:/home/vboxuser/ros2_humble/install/rosidl_runtime_py:/home/vboxuser/ros2_humble/install/rosidl_cli:/home/vboxuser/ros2_humble/install/launch_pytest:/home/vboxuser/ros2_humble/install/launch_testing:/home/vboxuser/ros2_humble/install/launch_yaml:/home/vboxuser/ros2_humble/install/launch_xml:/home/vboxuser/ros2_humble/install/launch:/home/vboxuser/ros2_humble/install/osrf_pycommon:/home/vboxuser/ros2_humble/install/launch_testing_examples:/home/vboxuser/ros2_humble/install/domain_coordinator:/home/vboxuser/ros2_humble/install/ament_xmllint:/home/vboxuser/ros2_humble/install/ament_pyflakes:/home/vboxuser/ros2_humble/install/ament_pycodestyle:/home/vboxuser/ros2_humble/install/ament_pep257:/home/vboxuser/ros2_humble/install/ament_pclint:/home/vboxuser/ros2_humble/install/ament_package:/home/vboxuser/ros2_humble/install/ament_mypy:/home/vboxuser/ros2_humble/install/ament_lint_cmake:/home/vboxuser/ros2_humble/install/ament_flake8:/home/vboxuser/ros2_humble/install/ament_copyright:/home/vboxuser/ros2_humble/install/ament_lint:/home/vboxuser/ros2_humble/install/ament_index_python:/home/vboxuser/ros2_humble/install/ament_cpplint:/home/vboxuser/ros2_humble/install/ament_cppcheck:/home/vboxuser/ros2_humble/install/ament_clang_tidy:/home/vboxuser/ros2_humble/install/ament_clang_format /usr/bin/cmake --build /home/vboxuser/ros2_ws/build/turtlesim -- -j4 -l4
[2.538s] Invoking command in '/home/vboxuser/ros2_ws/build/turtlesim': CMAKE_PREFIX_PATH=${CMAKE_PREFIX_PATH}:/home/vboxuser/ros2_humble/install/rqt_bag_plugins:/home/vboxuser/ros2_humble/install/rqt_bag:/home/vboxuser/ros2_humble/install/ros2bag:/home/vboxuser/ros2_humble/install/tracetools_test:/home/vboxuser/ros2_humble/install/tracetools_launch:/home/vboxuser/ros2_humble/install/topic_monitor:/home/vboxuser/ros2_humble/install/tf2_tools:/home/vboxuser/ros2_humble/install/examples_tf2_py:/home/vboxuser/ros2_humble/install/tf2_ros_py:/home/vboxuser/ros2_humble/install/sros2:/home/vboxuser/ros2_humble/install/rqt_topic:/home/vboxuser/ros2_humble/install/rqt_srv:/home/vboxuser/ros2_humble/install/rqt_shell:/home/vboxuser/ros2_humble/install/rqt_service_caller:/home/vboxuser/ros2_humble/install/rqt_reconfigure:/home/vboxuser/ros2_humble/install/rqt_py_console:/home/vboxuser/ros2_humble/install/rqt_publisher:/home/vboxuser/ros2_humble/install/rqt_plot:/home/vboxuser/ros2_humble/install/rqt_action:/home/vboxuser/ros2_humble/install/rqt_msg:/home/vboxuser/ros2_humble/install/rqt_console:/home/vboxuser/ros2_humble/install/rqt:/home/vboxuser/ros2_humble/install/rqt_graph:/home/vboxuser/ros2_humble/install/rqt_gui_py:/home/vboxuser/ros2_humble/install/rqt_gui:/home/vboxuser/ros2_humble/install/ros2trace:/home/vboxuser/ros2_humble/install/ros2topic:/home/vboxuser/ros2_humble/install/ros2test:/home/vboxuser/ros2_humble/install/ros2component:/home/vboxuser/ros2_humble/install/ros2param:/home/vboxuser/ros2_humble/install/ros2lifecycle:/home/vboxuser/ros2_humble/install/ros2service:/home/vboxuser/ros2_humble/install/ros2run:/home/vboxuser/ros2_humble/install/ros2launch:/home/vboxuser/ros2_humble/install/ros2pkg:/home/vboxuser/ros2_humble/install/ros2node:/home/vboxuser/ros2_humble/install/ros2multicast:/home/vboxuser/ros2_humble/install/ros2interface:/home/vboxuser/ros2_humble/install/ros2doctor:/home/vboxuser/ros2_humble/install/ros2action:/home/vboxuser/ros2_humble/install/ros2cli:/home/vboxuser/ros2_humble/install/quality_of_service_demo_py:/home/vboxuser/ros2_humble/install/lifecycle_py:/home/vboxuser/ros2_humble/install/launch_testing_ros:/home/vboxuser/ros2_humble/install/launch_ros:/home/vboxuser/ros2_humble/install/examples_rclpy_pointcloud_publisher:/home/vboxuser/ros2_humble/install/examples_rclpy_minimal_subscriber:/home/vboxuser/ros2_humble/install/examples_rclpy_minimal_service:/home/vboxuser/ros2_humble/install/examples_rclpy_minimal_publisher:/home/vboxuser/ros2_humble/install/examples_rclpy_minimal_client:/home/vboxuser/ros2_humble/install/examples_rclpy_minimal_action_server:/home/vboxuser/ros2_humble/install/examples_rclpy_minimal_action_client:/home/vboxuser/ros2_humble/install/examples_rclpy_guard_conditions:/home/vboxuser/ros2_humble/install/examples_rclpy_executors:/home/vboxuser/ros2_humble/install/demo_nodes_py:/home/vboxuser/ros2_humble/install/action_tutorials_py:/home/vboxuser/ros2_humble/install/ament_uncrustify:/home/vboxuser/ros2_humble/install/tracetools_trace:/home/vboxuser/ros2_humble/install/tracetools_read:/home/vboxuser/ros2_humble/install/test_tracetools_launch:/home/vboxuser/ros2_humble/install/test_launch_ros:/home/vboxuser/ros2_humble/install/sensor_msgs_py:/home/vboxuser/ros2_humble/install/rpyutils:/home/vboxuser/ros2_humble/install/rosidl_runtime_py:/home/vboxuser/ros2_humble/install/rosidl_cli:/home/vboxuser/ros2_humble/install/launch_pytest:/home/vboxuser/ros2_humble/install/launch_testing:/home/vboxuser/ros2_humble/install/launch_yaml:/home/vboxuser/ros2_humble/install/launch_xml:/home/vboxuser/ros2_humble/install/launch:/home/vboxuser/ros2_humble/install/osrf_pycommon:/home/vboxuser/ros2_humble/install/launch_testing_examples:/home/vboxuser/ros2_humble/install/domain_coordinator:/home/vboxuser/ros2_humble/install/ament_xmllint:/home/vboxuser/ros2_humble/install/ament_pyflakes:/home/vboxuser/ros2_humble/install/ament_pycodestyle:/home/vboxuser/ros2_humble/install/ament_pep257:/home/vboxuser/ros2_humble/install/ament_pclint:/home/vboxuser/ros2_humble/install/ament_package:/home/vboxuser/ros2_humble/install/ament_mypy:/home/vboxuser/ros2_humble/install/ament_lint_cmake:/home/vboxuser/ros2_humble/install/ament_flake8:/home/vboxuser/ros2_humble/install/ament_copyright:/home/vboxuser/ros2_humble/install/ament_lint:/home/vboxuser/ros2_humble/install/ament_index_python:/home/vboxuser/ros2_humble/install/ament_cpplint:/home/vboxuser/ros2_humble/install/ament_cppcheck:/home/vboxuser/ros2_humble/install/ament_clang_tidy:/home/vboxuser/ros2_humble/install/ament_clang_format /usr/bin/cmake --install /home/vboxuser/ros2_ws/build/turtlesim
[2.553s] -- Install configuration: ""
[2.554s] -- Up-to-date: /home/vboxuser/ros2_ws/install/turtlesim/share/ament_index/resource_index/rosidl_interfaces/turtlesim
[2.555s] -- Up-to-date: /home/vboxuser/ros2_ws/install/turtlesim/include/turtlesim/turtlesim
[2.556s] -- Up-to-date: /home/vboxuser/ros2_ws/install/turtlesim/include/turtlesim/turtlesim/msg
[2.557s] -- Up-to-date: /home/vboxuser/ros2_ws/install/turtlesim/include/turtlesim/turtlesim/msg/rosidl_generator_c__visibility_control.h
[2.557s] -- Up-to-date: /home/vboxuser/ros2_ws/install/turtlesim/include/turtlesim/turtlesim/msg/detail
[2.558s] -- Up-to-date: /home/vboxuser/ros2_ws/install/turtlesim/include/turtlesim/turtlesim/msg/detail/color__struct.h
[2.558s] -- Up-to-date: /home/vboxuser/ros2_ws/install/turtlesim/include/turtlesim/turtlesim/msg/detail/pose__struct.h
[2.559s] -- Up-to-date: /home/vboxuser/ros2_ws/install/turtlesim/include/turtlesim/turtlesim/msg/detail/color__functions.c
[2.559s] -- Up-to-date: /home/vboxuser/ros2_ws/install/turtlesim/include/turtlesim/turtlesim/msg/detail/pose__functions.h
[2.559s] -- Up-to-date: /home/vboxuser/ros2_ws/install/turtlesim/include/turtlesim/turtlesim/msg/detail/color__type_support.h
[2.559s] -- Up-to-date: /home/vboxuser/ros2_ws/install/turtlesim/include/turtlesim/turtlesim/msg/detail/color__functions.h
[2.559s] -- Up-to-date: /home/vboxuser/ros2_ws/install/turtlesim/include/turtlesim/turtlesim/msg/detail/pose__functions.c
[2.559s] -- Up-to-date: /home/vboxuser/ros2_ws/install/turtlesim/include/turtlesim/turtlesim/msg/detail/pose__type_support.h
[2.559s] -- Up-to-date: /home/vboxuser/ros2_ws/install/turtlesim/include/turtlesim/turtlesim/msg/pose.h
[2.559s] -- Up-to-date: /home/vboxuser/ros2_ws/install/turtlesim/include/turtlesim/turtlesim/msg/color.h
[2.559s] -- Up-to-date: /home/vboxuser/ros2_ws/install/turtlesim/include/turtlesim/turtlesim/action
[2.560s] -- Up-to-date: /home/vboxuser/ros2_ws/install/turtlesim/include/turtlesim/turtlesim/action/detail
[2.561s] -- Up-to-date: /home/vboxuser/ros2_ws/install/turtlesim/include/turtlesim/turtlesim/action/detail/rotate_absolute__functions.h
[2.561s] -- Up-to-date: /home/vboxuser/ros2_ws/install/turtlesim/include/turtlesim/turtlesim/action/detail/rotate_absolute__functions.c
[2.561s] -- Up-to-date: /home/vboxuser/ros2_ws/install/turtlesim/include/turtlesim/turtlesim/action/detail/rotate_absolute__type_support.h
[2.561s] -- Up-to-date: /home/vboxuser/ros2_ws/install/turtlesim/include/turtlesim/turtlesim/action/detail/rotate_absolute__struct.h
[2.561s] -- Up-to-date: /home/vboxuser/ros2_ws/install/turtlesim/include/turtlesim/turtlesim/action/rotate_absolute.h
[2.561s] -- Up-to-date: /home/vboxuser/ros2_ws/install/turtlesim/include/turtlesim/turtlesim/srv
[2.562s] -- Up-to-date: /home/vboxuser/ros2_ws/install/turtlesim/include/turtlesim/turtlesim/srv/detail
[2.563s] -- Up-to-date: /home/vboxuser/ros2_ws/install/turtlesim/include/turtlesim/turtlesim/srv/detail/set_pen__type_support.h
[2.563s] -- Up-to-date: /home/vboxuser/ros2_ws/install/turtlesim/include/turtlesim/turtlesim/srv/detail/teleport_absolute__functions.c
[2.563s] -- Up-to-date: /home/vboxuser/ros2_ws/install/turtlesim/include/turtlesim/turtlesim/srv/detail/set_pen__struct.h
[2.563s] -- Up-to-date: /home/vboxuser/ros2_ws/install/turtlesim/include/turtlesim/turtlesim/srv/detail/teleport_relative__type_support.h
[2.563s] -- Up-to-date: /home/vboxuser/ros2_ws/install/turtlesim/include/turtlesim/turtlesim/srv/detail/kill__type_support.h
[2.563s] -- Up-to-date: /home/vboxuser/ros2_ws/install/turtlesim/include/turtlesim/turtlesim/srv/detail/kill__struct.h
[2.563s] -- Up-to-date: /home/vboxuser/ros2_ws/install/turtlesim/include/turtlesim/turtlesim/srv/detail/teleport_relative__functions.h
[2.563s] -- Up-to-date: /home/vboxuser/ros2_ws/install/turtlesim/include/turtlesim/turtlesim/srv/detail/kill__functions.c
[2.564s] -- Up-to-date: /home/vboxuser/ros2_ws/install/turtlesim/include/turtlesim/turtlesim/srv/detail/spawn__struct.h
[2.564s] -- Up-to-date: /home/vboxuser/ros2_ws/install/turtlesim/include/turtlesim/turtlesim/srv/detail/teleport_absolute__functions.h
[2.564s] -- Up-to-date: /home/vboxuser/ros2_ws/install/turtlesim/include/turtlesim/turtlesim/srv/detail/teleport_relative__functions.c
[2.564s] -- Up-to-date: /home/vboxuser/ros2_ws/install/turtlesim/include/turtlesim/turtlesim/srv/detail/set_pen__functions.c
[2.564s] -- Up-to-date: /home/vboxuser/ros2_ws/install/turtlesim/include/turtlesim/turtlesim/srv/detail/teleport_absolute__struct.h
[2.565s] -- Up-to-date: /home/vboxuser/ros2_ws/install/turtlesim/include/turtlesim/turtlesim/srv/detail/spawn__type_support.h
[2.565s] -- Up-to-date: /home/vboxuser/ros2_ws/install/turtlesim/include/turtlesim/turtlesim/srv/detail/teleport_relative__struct.h
[2.565s] -- Up-to-date: /home/vboxuser/ros2_ws/install/turtlesim/include/turtlesim/turtlesim/srv/detail/teleport_absolute__type_support.h
[2.565s] -- Up-to-date: /home/vboxuser/ros2_ws/install/turtlesim/include/turtlesim/turtlesim/srv/detail/set_pen__functions.h
[2.565s] -- Up-to-date: /home/vboxuser/ros2_ws/install/turtlesim/include/turtlesim/turtlesim/srv/detail/spawn__functions.c
[2.565s] -- Up-to-date: /home/vboxuser/ros2_ws/install/turtlesim/include/turtlesim/turtlesim/srv/detail/kill__functions.h
[2.565s] -- Up-to-date: /home/vboxuser/ros2_ws/install/turtlesim/include/turtlesim/turtlesim/srv/detail/spawn__functions.h
[2.565s] -- Up-to-date: /home/vboxuser/ros2_ws/install/turtlesim/include/turtlesim/turtlesim/srv/set_pen.h
[2.565s] -- Up-to-date: /home/vboxuser/ros2_ws/install/turtlesim/include/turtlesim/turtlesim/srv/teleport_absolute.h
[2.565s] -- Up-to-date: /home/vboxuser/ros2_ws/install/turtlesim/include/turtlesim/turtlesim/srv/spawn.h
[2.565s] -- Up-to-date: /home/vboxuser/ros2_ws/install/turtlesim/include/turtlesim/turtlesim/srv/teleport_relative.h
[2.565s] -- Up-to-date: /home/vboxuser/ros2_ws/install/turtlesim/include/turtlesim/turtlesim/srv/kill.h
[2.565s] -- Up-to-date: /home/vboxuser/ros2_ws/install/turtlesim/share/turtlesim/environment/library_path.sh
[2.566s] -- Up-to-date: /home/vboxuser/ros2_ws/install/turtlesim/share/turtlesim/environment/library_path.dsv
[2.568s] -- Up-to-date: /home/vboxuser/ros2_ws/install/turtlesim/lib/libturtlesim__rosidl_generator_c.so
[2.569s] -- Up-to-date: /home/vboxuser/ros2_ws/install/turtlesim/include/turtlesim/turtlesim
[2.569s] -- Up-to-date: /home/vboxuser/ros2_ws/install/turtlesim/include/turtlesim/turtlesim/msg
[2.569s] -- Up-to-date: /home/vboxuser/ros2_ws/install/turtlesim/include/turtlesim/turtlesim/msg/detail
[2.569s] -- Up-to-date: /home/vboxuser/ros2_ws/install/turtlesim/include/turtlesim/turtlesim/msg/detail/color__rosidl_typesupport_fastrtps_c.h
[2.569s] -- Up-to-date: /home/vboxuser/ros2_ws/install/turtlesim/include/turtlesim/turtlesim/msg/detail/pose__rosidl_typesupport_fastrtps_c.h
[2.569s] -- Up-to-date: /home/vboxuser/ros2_ws/install/turtlesim/include/turtlesim/turtlesim/msg/rosidl_typesupport_fastrtps_c__visibility_control.h
[2.570s] -- Up-to-date: /home/vboxuser/ros2_ws/install/turtlesim/include/turtlesim/turtlesim/action
[2.570s] -- Up-to-date: /home/vboxuser/ros2_ws/install/turtlesim/include/turtlesim/turtlesim/action/detail
[2.570s] -- Up-to-date: /home/vboxuser/ros2_ws/install/turtlesim/include/turtlesim/turtlesim/action/detail/rotate_absolute__rosidl_typesupport_fastrtps_c.h
[2.570s] -- Up-to-date: /home/vboxuser/ros2_ws/install/turtlesim/include/turtlesim/turtlesim/srv
[2.570s] -- Up-to-date: /home/vboxuser/ros2_ws/install/turtlesim/include/turtlesim/turtlesim/srv/detail
[2.570s] -- Up-to-date: /home/vboxuser/ros2_ws/install/turtlesim/include/turtlesim/turtlesim/srv/detail/teleport_absolute__rosidl_typesupport_fastrtps_c.h
[2.570s] -- Up-to-date: /home/vboxuser/ros2_ws/install/turtlesim/include/turtlesim/turtlesim/srv/detail/spawn__rosidl_typesupport_fastrtps_c.h
[2.571s] -- Up-to-date: /home/vboxuser/ros2_ws/install/turtlesim/include/turtlesim/turtlesim/srv/detail/kill__rosidl_typesupport_fastrtps_c.h
[2.571s] -- Up-to-date: /home/vboxuser/ros2_ws/install/turtlesim/include/turtlesim/turtlesim/srv/detail/teleport_relative__rosidl_typesupport_fastrtps_c.h
[2.571s] -- Up-to-date: /home/vboxuser/ros2_ws/install/turtlesim/include/turtlesim/turtlesim/srv/detail/set_pen__rosidl_typesupport_fastrtps_c.h
[2.573s] -- Up-to-date: /home/vboxuser/ros2_ws/install/turtlesim/lib/libturtlesim__rosidl_typesupport_fastrtps_c.so
[2.573s] -- Up-to-date: /home/vboxuser/ros2_ws/install/turtlesim/include/turtlesim/turtlesim
[2.573s] -- Up-to-date: /home/vboxuser/ros2_ws/install/turtlesim/include/turtlesim/turtlesim/msg
[2.573s] -- Up-to-date: /home/vboxuser/ros2_ws/install/turtlesim/include/turtlesim/turtlesim/msg/pose.hpp
[2.573s] -- Up-to-date: /home/vboxuser/ros2_ws/install/turtlesim/include/turtlesim/turtlesim/msg/detail
[2.573s] -- Up-to-date: /home/vboxuser/ros2_ws/install/turtlesim/include/turtlesim/turtlesim/msg/detail/pose__builder.hpp
[2.573s] -- Up-to-date: /home/vboxuser/ros2_ws/install/turtlesim/include/turtlesim/turtlesim/msg/detail/color__builder.hpp
[2.574s] -- Up-to-date: /home/vboxuser/ros2_ws/install/turtlesim/include/turtlesim/turtlesim/msg/detail/color__traits.hpp
[2.574s] -- Up-to-date: /home/vboxuser/ros2_ws/install/turtlesim/include/turtlesim/turtlesim/msg/detail/pose__struct.hpp
[2.574s] -- Up-to-date: /home/vboxuser/ros2_ws/install/turtlesim/include/turtlesim/turtlesim/msg/detail/pose__traits.hpp
[2.574s] -- Up-to-date: /home/vboxuser/ros2_ws/install/turtlesim/include/turtlesim/turtlesim/msg/detail/color__struct.hpp
[2.574s] -- Up-to-date: /home/vboxuser/ros2_ws/install/turtlesim/include/turtlesim/turtlesim/msg/color.hpp
[2.575s] -- Up-to-date: /home/vboxuser/ros2_ws/install/turtlesim/include/turtlesim/turtlesim/action
[2.575s] -- Up-to-date: /home/vboxuser/ros2_ws/install/turtlesim/include/turtlesim/turtlesim/action/detail
[2.575s] -- Up-to-date: /home/vboxuser/ros2_ws/install/turtlesim/include/turtlesim/turtlesim/action/detail/rotate_absolute__traits.hpp
[2.575s] -- Up-to-date: /home/vboxuser/ros2_ws/install/turtlesim/include/turtlesim/turtlesim/action/detail/rotate_absolute__struct.hpp
[2.575s] -- Up-to-date: /home/vboxuser/ros2_ws/install/turtlesim/include/turtlesim/turtlesim/action/detail/rotate_absolute__builder.hpp
[2.575s] -- Up-to-date: /home/vboxuser/ros2_ws/install/turtlesim/include/turtlesim/turtlesim/action/rotate_absolute.hpp
[2.575s] -- Up-to-date: /home/vboxuser/ros2_ws/install/turtlesim/include/turtlesim/turtlesim/srv
[2.575s] -- Up-to-date: /home/vboxuser/ros2_ws/install/turtlesim/include/turtlesim/turtlesim/srv/spawn.hpp
[2.575s] -- Up-to-date: /home/vboxuser/ros2_ws/install/turtlesim/include/turtlesim/turtlesim/srv/detail
[2.575s] -- Up-to-date: /home/vboxuser/ros2_ws/install/turtlesim/include/turtlesim/turtlesim/srv/detail/teleport_relative__builder.hpp
[2.576s] -- Up-to-date: /home/vboxuser/ros2_ws/install/turtlesim/include/turtlesim/turtlesim/srv/detail/set_pen__traits.hpp
[2.576s] -- Up-to-date: /home/vboxuser/ros2_ws/install/turtlesim/include/turtlesim/turtlesim/srv/detail/spawn__builder.hpp
[2.576s] -- Up-to-date: /home/vboxuser/ros2_ws/install/turtlesim/include/turtlesim/turtlesim/srv/detail/teleport_absolute__traits.hpp
[2.576s] -- Up-to-date: /home/vboxuser/ros2_ws/install/turtlesim/include/turtlesim/turtlesim/srv/detail/set_pen__builder.hpp
[2.576s] -- Up-to-date: /home/vboxuser/ros2_ws/install/turtlesim/include/turtlesim/turtlesim/srv/detail/spawn__traits.hpp
[2.576s] -- Up-to-date: /home/vboxuser/ros2_ws/install/turtlesim/include/turtlesim/turtlesim/srv/detail/set_pen__struct.hpp
[2.576s] -- Up-to-date: /home/vboxuser/ros2_ws/install/turtlesim/include/turtlesim/turtlesim/srv/detail/teleport_relative__struct.hpp
[2.576s] -- Up-to-date: /home/vboxuser/ros2_ws/install/turtlesim/include/turtlesim/turtlesim/srv/detail/teleport_absolute__struct.hpp
[2.576s] -- Up-to-date: /home/vboxuser/ros2_ws/install/turtlesim/include/turtlesim/turtlesim/srv/detail/kill__builder.hpp
[2.577s] -- Up-to-date: /home/vboxuser/ros2_ws/install/turtlesim/include/turtlesim/turtlesim/srv/detail/spawn__struct.hpp
[2.577s] -- Up-to-date: /home/vboxuser/ros2_ws/install/turtlesim/include/turtlesim/turtlesim/srv/detail/teleport_absolute__builder.hpp
[2.577s] -- Up-to-date: /home/vboxuser/ros2_ws/install/turtlesim/include/turtlesim/turtlesim/srv/detail/teleport_relative__traits.hpp
[2.577s] -- Up-to-date: /home/vboxuser/ros2_ws/install/turtlesim/include/turtlesim/turtlesim/srv/detail/kill__traits.hpp
[2.577s] -- Up-to-date: /home/vboxuser/ros2_ws/install/turtlesim/include/turtlesim/turtlesim/srv/detail/kill__struct.hpp
[2.577s] -- Up-to-date: /home/vboxuser/ros2_ws/install/turtlesim/include/turtlesim/turtlesim/srv/teleport_relative.hpp
[2.577s] -- Up-to-date: /home/vboxuser/ros2_ws/install/turtlesim/include/turtlesim/turtlesim/srv/teleport_absolute.hpp
[2.578s] -- Up-to-date: /home/vboxuser/ros2_ws/install/turtlesim/include/turtlesim/turtlesim/srv/kill.hpp
[2.578s] -- Up-to-date: /home/vboxuser/ros2_ws/install/turtlesim/include/turtlesim/turtlesim/srv/set_pen.hpp
[2.578s] -- Up-to-date: /home/vboxuser/ros2_ws/install/turtlesim/include/turtlesim/turtlesim
[2.578s] -- Up-to-date: /home/vboxuser/ros2_ws/install/turtlesim/include/turtlesim/turtlesim/msg
[2.578s] -- Up-to-date: /home/vboxuser/ros2_ws/install/turtlesim/include/turtlesim/turtlesim/msg/rosidl_typesupport_fastrtps_cpp__visibility_control.h
[2.578s] -- Up-to-date: /home/vboxuser/ros2_ws/install/turtlesim/include/turtlesim/turtlesim/msg/detail
[2.578s] -- Up-to-date: /home/vboxuser/ros2_ws/install/turtlesim/include/turtlesim/turtlesim/msg/detail/dds_fastrtps
[2.578s] -- Up-to-date: /home/vboxuser/ros2_ws/install/turtlesim/include/turtlesim/turtlesim/msg/detail/pose__rosidl_typesupport_fastrtps_cpp.hpp
[2.578s] -- Up-to-date: /home/vboxuser/ros2_ws/install/turtlesim/include/turtlesim/turtlesim/msg/detail/color__rosidl_typesupport_fastrtps_cpp.hpp
[2.578s] -- Up-to-date: /home/vboxuser/ros2_ws/install/turtlesim/include/turtlesim/turtlesim/action
[2.579s] -- Up-to-date: /home/vboxuser/ros2_ws/install/turtlesim/include/turtlesim/turtlesim/action/detail
[2.579s] -- Up-to-date: /home/vboxuser/ros2_ws/install/turtlesim/include/turtlesim/turtlesim/action/detail/dds_fastrtps
[2.579s] -- Up-to-date: /home/vboxuser/ros2_ws/install/turtlesim/include/turtlesim/turtlesim/action/detail/rotate_absolute__rosidl_typesupport_fastrtps_cpp.hpp
[2.579s] -- Up-to-date: /home/vboxuser/ros2_ws/install/turtlesim/include/turtlesim/turtlesim/srv
[2.579s] -- Up-to-date: /home/vboxuser/ros2_ws/install/turtlesim/include/turtlesim/turtlesim/srv/detail
[2.579s] -- Up-to-date: /home/vboxuser/ros2_ws/install/turtlesim/include/turtlesim/turtlesim/srv/detail/teleport_relative__rosidl_typesupport_fastrtps_cpp.hpp
[2.579s] -- Up-to-date: /home/vboxuser/ros2_ws/install/turtlesim/include/turtlesim/turtlesim/srv/detail/dds_fastrtps
[2.579s] -- Up-to-date: /home/vboxuser/ros2_ws/install/turtlesim/include/turtlesim/turtlesim/srv/detail/spawn__rosidl_typesupport_fastrtps_cpp.hpp
[2.579s] -- Up-to-date: /home/vboxuser/ros2_ws/install/turtlesim/include/turtlesim/turtlesim/srv/detail/set_pen__rosidl_typesupport_fastrtps_cpp.hpp
[2.579s] -- Up-to-date: /home/vboxuser/ros2_ws/install/turtlesim/include/turtlesim/turtlesim/srv/detail/kill__rosidl_typesupport_fastrtps_cpp.hpp
[2.579s] -- Up-to-date: /home/vboxuser/ros2_ws/install/turtlesim/include/turtlesim/turtlesim/srv/detail/teleport_absolute__rosidl_typesupport_fastrtps_cpp.hpp
[2.581s] -- Up-to-date: /home/vboxuser/ros2_ws/install/turtlesim/lib/libturtlesim__rosidl_typesupport_fastrtps_cpp.so
[2.581s] -- Up-to-date: /home/vboxuser/ros2_ws/install/turtlesim/include/turtlesim/turtlesim
[2.581s] -- Up-to-date: /home/vboxuser/ros2_ws/install/turtlesim/include/turtlesim/turtlesim/msg
[2.582s] -- Up-to-date: /home/vboxuser/ros2_ws/install/turtlesim/include/turtlesim/turtlesim/msg/detail
[2.582s] -- Up-to-date: /home/vboxuser/ros2_ws/install/turtlesim/include/turtlesim/turtlesim/msg/detail/color__type_support.c
[2.582s] -- Up-to-date: /home/vboxuser/ros2_ws/install/turtlesim/include/turtlesim/turtlesim/msg/detail/pose__rosidl_typesupport_introspection_c.h
[2.582s] -- Up-to-date: /home/vboxuser/ros2_ws/install/turtlesim/include/turtlesim/turtlesim/msg/detail/color__rosidl_typesupport_introspection_c.h
[2.583s] -- Up-to-date: /home/vboxuser/ros2_ws/install/turtlesim/include/turtlesim/turtlesim/msg/detail/pose__type_support.c
[2.583s] -- Up-to-date: /home/vboxuser/ros2_ws/install/turtlesim/include/turtlesim/turtlesim/msg/rosidl_typesupport_introspection_c__visibility_control.h
[2.583s] -- Up-to-date: /home/vboxuser/ros2_ws/install/turtlesim/include/turtlesim/turtlesim/action
[2.583s] -- Up-to-date: /home/vboxuser/ros2_ws/install/turtlesim/include/turtlesim/turtlesim/action/detail
[2.584s] -- Up-to-date: /home/vboxuser/ros2_ws/install/turtlesim/include/turtlesim/turtlesim/action/detail/rotate_absolute__rosidl_typesupport_introspection_c.h
[2.584s] -- Up-to-date: /home/vboxuser/ros2_ws/install/turtlesim/include/turtlesim/turtlesim/action/detail/rotate_absolute__type_support.c
[2.584s] -- Up-to-date: /home/vboxuser/ros2_ws/install/turtlesim/include/turtlesim/turtlesim/srv
[2.584s] -- Up-to-date: /home/vboxuser/ros2_ws/install/turtlesim/include/turtlesim/turtlesim/srv/detail
[2.585s] -- Up-to-date: /home/vboxuser/ros2_ws/install/turtlesim/include/turtlesim/turtlesim/srv/detail/teleport_absolute__type_support.c
[2.585s] -- Up-to-date: /home/vboxuser/ros2_ws/install/turtlesim/include/turtlesim/turtlesim/srv/detail/kill__type_support.c
[2.585s] -- Up-to-date: /home/vboxuser/ros2_ws/install/turtlesim/include/turtlesim/turtlesim/srv/detail/spawn__type_support.c
[2.585s] -- Up-to-date: /home/vboxuser/ros2_ws/install/turtlesim/include/turtlesim/turtlesim/srv/detail/spawn__rosidl_typesupport_introspection_c.h
[2.585s] -- Up-to-date: /home/vboxuser/ros2_ws/install/turtlesim/include/turtlesim/turtlesim/srv/detail/kill__rosidl_typesupport_introspection_c.h
[2.585s] -- Up-to-date: /home/vboxuser/ros2_ws/install/turtlesim/include/turtlesim/turtlesim/srv/detail/set_pen__type_support.c
[2.585s] -- Up-to-date: /home/vboxuser/ros2_ws/install/turtlesim/include/turtlesim/turtlesim/srv/detail/teleport_relative__rosidl_typesupport_introspection_c.h
[2.585s] -- Up-to-date: /home/vboxuser/ros2_ws/install/turtlesim/include/turtlesim/turtlesim/srv/detail/teleport_absolute__rosidl_typesupport_introspection_c.h
[2.585s] -- Up-to-date: /home/vboxuser/ros2_ws/install/turtlesim/include/turtlesim/turtlesim/srv/detail/teleport_relative__type_support.c
[2.586s] -- Up-to-date: /home/vboxuser/ros2_ws/install/turtlesim/include/turtlesim/turtlesim/srv/detail/set_pen__rosidl_typesupport_introspection_c.h
[2.586s] -- Up-to-date: /home/vboxuser/ros2_ws/install/turtlesim/lib/libturtlesim__rosidl_typesupport_introspection_c.so
[2.588s] -- Up-to-date: /home/vboxuser/ros2_ws/install/turtlesim/lib/libturtlesim__rosidl_typesupport_c.so
[2.589s] -- Up-to-date: /home/vboxuser/ros2_ws/install/turtlesim/include/turtlesim/turtlesim
[2.589s] -- Up-to-date: /home/vboxuser/ros2_ws/install/turtlesim/include/turtlesim/turtlesim/msg
[2.589s] -- Up-to-date: /home/vboxuser/ros2_ws/install/turtlesim/include/turtlesim/turtlesim/msg/detail
[2.589s] -- Up-to-date: /home/vboxuser/ros2_ws/install/turtlesim/include/turtlesim/turtlesim/msg/detail/color__rosidl_typesupport_introspection_cpp.hpp
[2.589s] -- Up-to-date: /home/vboxuser/ros2_ws/install/turtlesim/include/turtlesim/turtlesim/msg/detail/pose__type_support.cpp
[2.589s] -- Up-to-date: /home/vboxuser/ros2_ws/install/turtlesim/include/turtlesim/turtlesim/msg/detail/color__type_support.cpp
[2.589s] -- Up-to-date: /home/vboxuser/ros2_ws/install/turtlesim/include/turtlesim/turtlesim/msg/detail/pose__rosidl_typesupport_introspection_cpp.hpp
[2.589s] -- Up-to-date: /home/vboxuser/ros2_ws/install/turtlesim/include/turtlesim/turtlesim/action
[2.590s] -- Up-to-date: /home/vboxuser/ros2_ws/install/turtlesim/include/turtlesim/turtlesim/action/detail
[2.590s] -- Up-to-date: /home/vboxuser/ros2_ws/install/turtlesim/include/turtlesim/turtlesim/action/detail/rotate_absolute__rosidl_typesupport_introspection_cpp.hpp
[2.590s] -- Up-to-date: /home/vboxuser/ros2_ws/install/turtlesim/include/turtlesim/turtlesim/action/detail/rotate_absolute__type_support.cpp
[2.590s] -- Up-to-date: /home/vboxuser/ros2_ws/install/turtlesim/include/turtlesim/turtlesim/srv
[2.590s] -- Up-to-date: /home/vboxuser/ros2_ws/install/turtlesim/include/turtlesim/turtlesim/srv/detail
[2.590s] -- Up-to-date: /home/vboxuser/ros2_ws/install/turtlesim/include/turtlesim/turtlesim/srv/detail/teleport_relative__rosidl_typesupport_introspection_cpp.hpp
[2.590s] -- Up-to-date: /home/vboxuser/ros2_ws/install/turtlesim/include/turtlesim/turtlesim/srv/detail/set_pen__rosidl_typesupport_introspection_cpp.hpp
[2.590s] -- Up-to-date: /home/vboxuser/ros2_ws/install/turtlesim/include/turtlesim/turtlesim/srv/detail/kill__type_support.cpp
[2.590s] -- Up-to-date: /home/vboxuser/ros2_ws/install/turtlesim/include/turtlesim/turtlesim/srv/detail/kill__rosidl_typesupport_introspection_cpp.hpp
[2.591s] -- Up-to-date: /home/vboxuser/ros2_ws/install/turtlesim/include/turtlesim/turtlesim/srv/detail/teleport_absolute__rosidl_typesupport_introspection_cpp.hpp
[2.591s] -- Up-to-date: /home/vboxuser/ros2_ws/install/turtlesim/include/turtlesim/turtlesim/srv/detail/spawn__rosidl_typesupport_introspection_cpp.hpp
[2.591s] -- Up-to-date: /home/vboxuser/ros2_ws/install/turtlesim/include/turtlesim/turtlesim/srv/detail/teleport_absolute__type_support.cpp
[2.591s] -- Up-to-date: /home/vboxuser/ros2_ws/install/turtlesim/include/turtlesim/turtlesim/srv/detail/set_pen__type_support.cpp
[2.591s] -- Up-to-date: /home/vboxuser/ros2_ws/install/turtlesim/include/turtlesim/turtlesim/srv/detail/spawn__type_support.cpp
[2.591s] -- Up-to-date: /home/vboxuser/ros2_ws/install/turtlesim/include/turtlesim/turtlesim/srv/detail/teleport_relative__type_support.cpp
[2.593s] -- Up-to-date: /home/vboxuser/ros2_ws/install/turtlesim/lib/libturtlesim__rosidl_typesupport_introspection_cpp.so
[2.595s] -- Up-to-date: /home/vboxuser/ros2_ws/install/turtlesim/lib/libturtlesim__rosidl_typesupport_cpp.so
[2.596s] -- Up-to-date: /home/vboxuser/ros2_ws/install/turtlesim/share/turtlesim/environment/pythonpath.sh
[2.596s] -- Up-to-date: /home/vboxuser/ros2_ws/install/turtlesim/share/turtlesim/environment/pythonpath.dsv
[2.596s] -- Up-to-date: /home/vboxuser/ros2_ws/install/turtlesim/local/lib/python3.10/dist-packages/turtlesim-1.4.1-py3.10.egg-info
[2.596s] -- Installing: /home/vboxuser/ros2_ws/install/turtlesim/local/lib/python3.10/dist-packages/turtlesim-1.4.1-py3.10.egg-info/PKG-INFO
[2.596s] -- Installing: /home/vboxuser/ros2_ws/install/turtlesim/local/lib/python3.10/dist-packages/turtlesim-1.4.1-py3.10.egg-info/SOURCES.txt
[2.597s] -- Installing: /home/vboxuser/ros2_ws/install/turtlesim/local/lib/python3.10/dist-packages/turtlesim-1.4.1-py3.10.egg-info/dependency_links.txt
[2.597s] -- Installing: /home/vboxuser/ros2_ws/install/turtlesim/local/lib/python3.10/dist-packages/turtlesim-1.4.1-py3.10.egg-info/top_level.txt
[2.597s] -- Up-to-date: /home/vboxuser/ros2_ws/install/turtlesim/local/lib/python3.10/dist-packages/turtlesim
[2.598s] -- Up-to-date: /home/vboxuser/ros2_ws/install/turtlesim/local/lib/python3.10/dist-packages/turtlesim/_turtlesim_s.ep.rosidl_typesupport_fastrtps_c.c
[2.599s] -- Up-to-date: /home/vboxuser/ros2_ws/install/turtlesim/local/lib/python3.10/dist-packages/turtlesim/turtlesim_s__rosidl_typesupport_introspection_c.cpython-310-x86_64-linux-gnu.so
[2.599s] -- Up-to-date: /home/vboxuser/ros2_ws/install/turtlesim/local/lib/python3.10/dist-packages/turtlesim/_turtlesim_s.ep.rosidl_typesupport_c.c
[2.599s] -- Up-to-date: /home/vboxuser/ros2_ws/install/turtlesim/local/lib/python3.10/dist-packages/turtlesim/msg
[2.599s] -- Up-to-date: /home/vboxuser/ros2_ws/install/turtlesim/local/lib/python3.10/dist-packages/turtlesim/msg/_pose.py
[2.599s] -- Up-to-date: /home/vboxuser/ros2_ws/install/turtlesim/local/lib/python3.10/dist-packages/turtlesim/msg/_color.py
[2.599s] -- Up-to-date: /home/vboxuser/ros2_ws/install/turtlesim/local/lib/python3.10/dist-packages/turtlesim/msg/_pose_s.c
[2.599s] -- Up-to-date: /home/vboxuser/ros2_ws/install/turtlesim/local/lib/python3.10/dist-packages/turtlesim/msg/_color_s.c
[2.599s] -- Up-to-date: /home/vboxuser/ros2_ws/install/turtlesim/local/lib/python3.10/dist-packages/turtlesim/msg/__init__.py
[2.599s] -- Up-to-date: /home/vboxuser/ros2_ws/install/turtlesim/local/lib/python3.10/dist-packages/turtlesim/turtlesim_s__rosidl_typesupport_c.cpython-310-x86_64-linux-gnu.so
[2.599s] -- Up-to-date: /home/vboxuser/ros2_ws/install/turtlesim/local/lib/python3.10/dist-packages/turtlesim/turtlesim_s__rosidl_typesupport_fastrtps_c.cpython-310-x86_64-linux-gnu.so
[2.599s] -- Up-to-date: /home/vboxuser/ros2_ws/install/turtlesim/local/lib/python3.10/dist-packages/turtlesim/action
[2.600s] -- Up-to-date: /home/vboxuser/ros2_ws/install/turtlesim/local/lib/python3.10/dist-packages/turtlesim/action/_rotate_absolute_s.c
[2.600s] -- Up-to-date: /home/vboxuser/ros2_ws/install/turtlesim/local/lib/python3.10/dist-packages/turtlesim/action/__init__.py
[2.600s] -- Up-to-date: /home/vboxuser/ros2_ws/install/turtlesim/local/lib/python3.10/dist-packages/turtlesim/action/_rotate_absolute.py
[2.600s] -- Up-to-date: /home/vboxuser/ros2_ws/install/turtlesim/local/lib/python3.10/dist-packages/turtlesim/srv
[2.601s] -- Up-to-date: /home/vboxuser/ros2_ws/install/turtlesim/local/lib/python3.10/dist-packages/turtlesim/srv/_kill_s.c
[2.601s] -- Up-to-date: /home/vboxuser/ros2_ws/install/turtlesim/local/lib/python3.10/dist-packages/turtlesim/srv/_set_pen.py
[2.601s] -- Up-to-date: /home/vboxuser/ros2_ws/install/turtlesim/local/lib/python3.10/dist-packages/turtlesim/srv/_teleport_relative_s.c
[2.601s] -- Up-to-date: /home/vboxuser/ros2_ws/install/turtlesim/local/lib/python3.10/dist-packages/turtlesim/srv/_teleport_absolute.py
[2.601s] -- Up-to-date: /home/vboxuser/ros2_ws/install/turtlesim/local/lib/python3.10/dist-packages/turtlesim/srv/_spawn.py
[2.601s] -- Up-to-date: /home/vboxuser/ros2_ws/install/turtlesim/local/lib/python3.10/dist-packages/turtlesim/srv/_kill.py
[2.601s] -- Up-to-date: /home/vboxuser/ros2_ws/install/turtlesim/local/lib/python3.10/dist-packages/turtlesim/srv/_teleport_relative.py
[2.601s] -- Up-to-date: /home/vboxuser/ros2_ws/install/turtlesim/local/lib/python3.10/dist-packages/turtlesim/srv/__init__.py
[2.601s] -- Up-to-date: /home/vboxuser/ros2_ws/install/turtlesim/local/lib/python3.10/dist-packages/turtlesim/srv/_set_pen_s.c
[2.601s] -- Up-to-date: /home/vboxuser/ros2_ws/install/turtlesim/local/lib/python3.10/dist-packages/turtlesim/srv/_spawn_s.c
[2.601s] -- Up-to-date: /home/vboxuser/ros2_ws/install/turtlesim/local/lib/python3.10/dist-packages/turtlesim/srv/_teleport_absolute_s.c
[2.601s] -- Up-to-date: /home/vboxuser/ros2_ws/install/turtlesim/local/lib/python3.10/dist-packages/turtlesim/_turtlesim_s.ep.rosidl_typesupport_introspection_c.c
[2.602s] -- Up-to-date: /home/vboxuser/ros2_ws/install/turtlesim/local/lib/python3.10/dist-packages/turtlesim/__init__.py
[2.602s] -- Up-to-date: /home/vboxuser/ros2_ws/install/turtlesim/local/lib/python3.10/dist-packages/turtlesim/libturtlesim__rosidl_generator_py.so
[2.745s] Listing '/home/vboxuser/ros2_ws/install/turtlesim/local/lib/python3.10/dist-packages/turtlesim'...
[2.746s] Listing '/home/vboxuser/ros2_ws/install/turtlesim/local/lib/python3.10/dist-packages/turtlesim/action'...
[2.746s] Listing '/home/vboxuser/ros2_ws/install/turtlesim/local/lib/python3.10/dist-packages/turtlesim/msg'...
[2.746s] Listing '/home/vboxuser/ros2_ws/install/turtlesim/local/lib/python3.10/dist-packages/turtlesim/srv'...
[2.752s] -- Up-to-date: /home/vboxuser/ros2_ws/install/turtlesim/local/lib/python3.10/dist-packages/turtlesim/turtlesim_s__rosidl_typesupport_introspection_c.cpython-310-x86_64-linux-gnu.so
[2.755s] -- Up-to-date: /home/vboxuser/ros2_ws/install/turtlesim/local/lib/python3.10/dist-packages/turtlesim/turtlesim_s__rosidl_typesupport_fastrtps_c.cpython-310-x86_64-linux-gnu.so
[2.758s] -- Up-to-date: /home/vboxuser/ros2_ws/install/turtlesim/local/lib/python3.10/dist-packages/turtlesim/turtlesim_s__rosidl_typesupport_c.cpython-310-x86_64-linux-gnu.so
[2.760s] -- Up-to-date: /home/vboxuser/ros2_ws/install/turtlesim/lib/libturtlesim__rosidl_generator_py.so
[2.761s] -- Up-to-date: /home/vboxuser/ros2_ws/install/turtlesim/share/turtlesim/action/RotateAbsolute.idl
[2.761s] -- Up-to-date: /home/vboxuser/ros2_ws/install/turtlesim/share/turtlesim/msg/Color.idl
[2.762s] -- Up-to-date: /home/vboxuser/ros2_ws/install/turtlesim/share/turtlesim/msg/Pose.idl
[2.762s] -- Up-to-date: /home/vboxuser/ros2_ws/install/turtlesim/share/turtlesim/srv/Kill.idl
[2.762s] -- Up-to-date: /home/vboxuser/ros2_ws/install/turtlesim/share/turtlesim/srv/SetPen.idl
[2.762s] -- Up-to-date: /home/vboxuser/ros2_ws/install/turtlesim/share/turtlesim/srv/Spawn.idl
[2.762s] -- Up-to-date: /home/vboxuser/ros2_ws/install/turtlesim/share/turtlesim/srv/TeleportAbsolute.idl
[2.763s] -- Up-to-date: /home/vboxuser/ros2_ws/install/turtlesim/share/turtlesim/srv/TeleportRelative.idl
[2.763s] -- Up-to-date: /home/vboxuser/ros2_ws/install/turtlesim/share/turtlesim/action/RotateAbsolute.action
[2.763s] -- Up-to-date: /home/vboxuser/ros2_ws/install/turtlesim/share/turtlesim/msg/Color.msg
[2.763s] -- Up-to-date: /home/vboxuser/ros2_ws/install/turtlesim/share/turtlesim/msg/Pose.msg
[2.763s] -- Up-to-date: /home/vboxuser/ros2_ws/install/turtlesim/share/turtlesim/srv/Kill.srv
[2.763s] -- Up-to-date: /home/vboxuser/ros2_ws/install/turtlesim/share/turtlesim/srv/Kill_Request.msg
[2.763s] -- Up-to-date: /home/vboxuser/ros2_ws/install/turtlesim/share/turtlesim/srv/Kill_Response.msg
[2.764s] -- Up-to-date: /home/vboxuser/ros2_ws/install/turtlesim/share/turtlesim/srv/SetPen.srv
[2.764s] -- Up-to-date: /home/vboxuser/ros2_ws/install/turtlesim/share/turtlesim/srv/SetPen_Request.msg
[2.764s] -- Up-to-date: /home/vboxuser/ros2_ws/install/turtlesim/share/turtlesim/srv/SetPen_Response.msg
[2.764s] -- Up-to-date: /home/vboxuser/ros2_ws/install/turtlesim/share/turtlesim/srv/Spawn.srv
[2.764s] -- Up-to-date: /home/vboxuser/ros2_ws/install/turtlesim/share/turtlesim/srv/Spawn_Request.msg
[2.765s] -- Up-to-date: /home/vboxuser/ros2_ws/install/turtlesim/share/turtlesim/srv/Spawn_Response.msg
[2.765s] -- Up-to-date: /home/vboxuser/ros2_ws/install/turtlesim/share/turtlesim/srv/TeleportAbsolute.srv
[2.765s] -- Up-to-date: /home/vboxuser/ros2_ws/install/turtlesim/share/turtlesim/srv/TeleportAbsolute_Request.msg
[2.765s] -- Up-to-date: /home/vboxuser/ros2_ws/install/turtlesim/share/turtlesim/srv/TeleportAbsolute_Response.msg
[2.765s] -- Up-to-date: /home/vboxuser/ros2_ws/install/turtlesim/share/turtlesim/srv/TeleportRelative.srv
[2.765s] -- Up-to-date: /home/vboxuser/ros2_ws/install/turtlesim/share/turtlesim/srv/TeleportRelative_Request.msg
[2.766s] -- Up-to-date: /home/vboxuser/ros2_ws/install/turtlesim/share/turtlesim/srv/TeleportRelative_Response.msg
[2.769s] -- Up-to-date: /home/vboxuser/ros2_ws/install/turtlesim/lib/turtlesim/turtlesim_node
[2.773s] -- Up-to-date: /home/vboxuser/ros2_ws/install/turtlesim/lib/turtlesim/turtle_teleop_key
[2.776s] -- Up-to-date: /home/vboxuser/ros2_ws/install/turtlesim/lib/turtlesim/draw_square
[2.780s] -- Up-to-date: /home/vboxuser/ros2_ws/install/turtlesim/lib/turtlesim/mimic
[2.780s] -- Up-to-date: /home/vboxuser/ros2_ws/install/turtlesim/share/turtlesim/images
[2.786s] -- Up-to-date: /home/vboxuser/ros2_ws/install/turtlesim/share/turtlesim/images/eloquent.png
[2.787s] -- Up-to-date: /home/vboxuser/ros2_ws/install/turtlesim/share/turtlesim/images/ardent.png
[2.787s] -- Up-to-date: /home/vboxuser/ros2_ws/install/turtlesim/share/turtlesim/images/foxy.png
[2.787s] -- Up-to-date: /home/vboxuser/ros2_ws/install/turtlesim/share/turtlesim/images/bouncy.png
[2.787s] -- Up-to-date: /home/vboxuser/ros2_ws/install/turtlesim/share/turtlesim/images/humble.png
[2.787s] -- Up-to-date: /home/vboxuser/ros2_ws/install/turtlesim/share/turtlesim/images/crystal.png
[2.789s] -- Up-to-date: /home/vboxuser/ros2_ws/install/turtlesim/share/turtlesim/images/dashing.png
[2.789s] -- Up-to-date: /home/vboxuser/ros2_ws/install/turtlesim/share/turtlesim/images/rolling.png
[2.789s] -- Up-to-date: /home/vboxuser/ros2_ws/install/turtlesim/share/turtlesim/images/galactic.png
[2.789s] -- Up-to-date: /home/vboxuser/ros2_ws/install/turtlesim/share/turtlesim/launch
[2.798s] -- Up-to-date: /home/vboxuser/ros2_ws/install/turtlesim/share/turtlesim/launch/multisim.launch.py
[2.798s] -- Up-to-date: /home/vboxuser/ros2_ws/install/turtlesim/share/ament_index/resource_index/package_run_dependencies/turtlesim
[2.799s] -- Up-to-date: /home/vboxuser/ros2_ws/install/turtlesim/share/ament_index/resource_index/parent_prefix_path/turtlesim
[2.800s] -- Up-to-date: /home/vboxuser/ros2_ws/install/turtlesim/share/turtlesim/environment/ament_prefix_path.dsv
[2.800s] -- Up-to-date: /home/vboxuser/ros2_ws/install/turtlesim/share/turtlesim/environment/path.dsv
[2.800s] -- Up-to-date: /home/vboxuser/ros2_ws/install/turtlesim/share/turtlesim/local_setup.bash
[2.800s] -- Up-to-date: /home/vboxuser/ros2_ws/install/turtlesim/share/turtlesim/local_setup.sh
[2.801s] -- Up-to-date: /home/vboxuser/ros2_ws/install/turtlesim/share/turtlesim/local_setup.zsh
[2.801s] -- Up-to-date: /home/vboxuser/ros2_ws/install/turtlesim/share/turtlesim/local_setup.dsv
[2.801s] -- Installing: /home/vboxuser/ros2_ws/install/turtlesim/share/turtlesim/package.dsv
[2.802s] -- Up-to-date: /home/vboxuser/ros2_ws/install/turtlesim/share/ament_index/resource_index/packages/turtlesim
[2.805s] -- Up-to-date: /home/vboxuser/ros2_ws/install/turtlesim/share/turtlesim/cmake/export_turtlesim__rosidl_generator_cExport.cmake
[2.805s] -- Up-to-date: /home/vboxuser/ros2_ws/install/turtlesim/share/turtlesim/cmake/export_turtlesim__rosidl_generator_cExport-noconfig.cmake
[2.806s] -- Up-to-date: /home/vboxuser/ros2_ws/install/turtlesim/share/turtlesim/cmake/export_turtlesim__rosidl_typesupport_fastrtps_cExport.cmake
[2.809s] -- Up-to-date: /home/vboxuser/ros2_ws/install/turtlesim/share/turtlesim/cmake/export_turtlesim__rosidl_typesupport_fastrtps_cExport-noconfig.cmake
[2.810s] -- Up-to-date: /home/vboxuser/ros2_ws/install/turtlesim/share/turtlesim/cmake/export_turtlesim__rosidl_generator_cppExport.cmake
[2.810s] -- Up-to-date: /home/vboxuser/ros2_ws/install/turtlesim/share/turtlesim/cmake/export_turtlesim__rosidl_typesupport_fastrtps_cppExport.cmake
[2.810s] -- Up-to-date: /home/vboxuser/ros2_ws/install/turtlesim/share/turtlesim/cmake/export_turtlesim__rosidl_typesupport_fastrtps_cppExport-noconfig.cmake
[2.810s] -- Up-to-date: /home/vboxuser/ros2_ws/install/turtlesim/share/turtlesim/cmake/turtlesim__rosidl_typesupport_introspection_cExport.cmake
[2.811s] -- Up-to-date: /home/vboxuser/ros2_ws/install/turtlesim/share/turtlesim/cmake/turtlesim__rosidl_typesupport_introspection_cExport-noconfig.cmake
[2.811s] -- Up-to-date: /home/vboxuser/ros2_ws/install/turtlesim/share/turtlesim/cmake/turtlesim__rosidl_typesupport_cExport.cmake
[2.811s] -- Up-to-date: /home/vboxuser/ros2_ws/install/turtlesim/share/turtlesim/cmake/turtlesim__rosidl_typesupport_cExport-noconfig.cmake
[2.812s] -- Up-to-date: /home/vboxuser/ros2_ws/install/turtlesim/share/turtlesim/cmake/turtlesim__rosidl_typesupport_introspection_cppExport.cmake
[2.813s] -- Up-to-date: /home/vboxuser/ros2_ws/install/turtlesim/share/turtlesim/cmake/turtlesim__rosidl_typesupport_introspection_cppExport-noconfig.cmake
[2.813s] -- Up-to-date: /home/vboxuser/ros2_ws/install/turtlesim/share/turtlesim/cmake/turtlesim__rosidl_typesupport_cppExport.cmake
[2.813s] -- Up-to-date: /home/vboxuser/ros2_ws/install/turtlesim/share/turtlesim/cmake/turtlesim__rosidl_typesupport_cppExport-noconfig.cmake
[2.815s] -- Up-to-date: /home/vboxuser/ros2_ws/install/turtlesim/share/turtlesim/cmake/export_turtlesim__rosidl_generator_pyExport.cmake
[2.817s] -- Up-to-date: /home/vboxuser/ros2_ws/install/turtlesim/share/turtlesim/cmake/export_turtlesim__rosidl_generator_pyExport-noconfig.cmake
[2.817s] -- Up-to-date: /home/vboxuser/ros2_ws/install/turtlesim/share/turtlesim/cmake/rosidl_cmake-extras.cmake
[2.819s] -- Up-to-date: /home/vboxuser/ros2_ws/install/turtlesim/share/turtlesim/cmake/ament_cmake_export_dependencies-extras.cmake
[2.820s] -- Up-to-date: /home/vboxuser/ros2_ws/install/turtlesim/share/turtlesim/cmake/ament_cmake_export_include_directories-extras.cmake
[2.820s] -- Up-to-date: /home/vboxuser/ros2_ws/install/turtlesim/share/turtlesim/cmake/ament_cmake_export_libraries-extras.cmake
[2.820s] -- Up-to-date: /home/vboxuser/ros2_ws/install/turtlesim/share/turtlesim/cmake/ament_cmake_export_targets-extras.cmake
[2.820s] -- Up-to-date: /home/vboxuser/ros2_ws/install/turtlesim/share/turtlesim/cmake/rosidl_cmake_export_typesupport_targets-extras.cmake
[2.820s] -- Up-to-date: /home/vboxuser/ros2_ws/install/turtlesim/share/turtlesim/cmake/rosidl_cmake_export_typesupport_libraries-extras.cmake
[2.820s] -- Up-to-date: /home/vboxuser/ros2_ws/install/turtlesim/share/turtlesim/cmake/turtlesimConfig.cmake
[2.820s] -- Up-to-date: /home/vboxuser/ros2_ws/install/turtlesim/share/turtlesim/cmake/turtlesimConfig-version.cmake
[2.820s] -- Up-to-date: /home/vboxuser/ros2_ws/install/turtlesim/share/turtlesim/package.xml
[2.828s] Invoked command in '/home/vboxuser/ros2_ws/build/turtlesim' returned '0': CMAKE_PREFIX_PATH=${CMAKE_PREFIX_PATH}:/home/vboxuser/ros2_humble/install/rqt_bag_plugins:/home/vboxuser/ros2_humble/install/rqt_bag:/home/vboxuser/ros2_humble/install/ros2bag:/home/vboxuser/ros2_humble/install/tracetools_test:/home/vboxuser/ros2_humble/install/tracetools_launch:/home/vboxuser/ros2_humble/install/topic_monitor:/home/vboxuser/ros2_humble/install/tf2_tools:/home/vboxuser/ros2_humble/install/examples_tf2_py:/home/vboxuser/ros2_humble/install/tf2_ros_py:/home/vboxuser/ros2_humble/install/sros2:/home/vboxuser/ros2_humble/install/rqt_topic:/home/vboxuser/ros2_humble/install/rqt_srv:/home/vboxuser/ros2_humble/install/rqt_shell:/home/vboxuser/ros2_humble/install/rqt_service_caller:/home/vboxuser/ros2_humble/install/rqt_reconfigure:/home/vboxuser/ros2_humble/install/rqt_py_console:/home/vboxuser/ros2_humble/install/rqt_publisher:/home/vboxuser/ros2_humble/install/rqt_plot:/home/vboxuser/ros2_humble/install/rqt_action:/home/vboxuser/ros2_humble/install/rqt_msg:/home/vboxuser/ros2_humble/install/rqt_console:/home/vboxuser/ros2_humble/install/rqt:/home/vboxuser/ros2_humble/install/rqt_graph:/home/vboxuser/ros2_humble/install/rqt_gui_py:/home/vboxuser/ros2_humble/install/rqt_gui:/home/vboxuser/ros2_humble/install/ros2trace:/home/vboxuser/ros2_humble/install/ros2topic:/home/vboxuser/ros2_humble/install/ros2test:/home/vboxuser/ros2_humble/install/ros2component:/home/vboxuser/ros2_humble/install/ros2param:/home/vboxuser/ros2_humble/install/ros2lifecycle:/home/vboxuser/ros2_humble/install/ros2service:/home/vboxuser/ros2_humble/install/ros2run:/home/vboxuser/ros2_humble/install/ros2launch:/home/vboxuser/ros2_humble/install/ros2pkg:/home/vboxuser/ros2_humble/install/ros2node:/home/vboxuser/ros2_humble/install/ros2multicast:/home/vboxuser/ros2_humble/install/ros2interface:/home/vboxuser/ros2_humble/install/ros2doctor:/home/vboxuser/ros2_humble/install/ros2action:/home/vboxuser/ros2_humble/install/ros2cli:/home/vboxuser/ros2_humble/install/quality_of_service_demo_py:/home/vboxuser/ros2_humble/install/lifecycle_py:/home/vboxuser/ros2_humble/install/launch_testing_ros:/home/vboxuser/ros2_humble/install/launch_ros:/home/vboxuser/ros2_humble/install/examples_rclpy_pointcloud_publisher:/home/vboxuser/ros2_humble/install/examples_rclpy_minimal_subscriber:/home/vboxuser/ros2_humble/install/examples_rclpy_minimal_service:/home/vboxuser/ros2_humble/install/examples_rclpy_minimal_publisher:/home/vboxuser/ros2_humble/install/examples_rclpy_minimal_client:/home/vboxuser/ros2_humble/install/examples_rclpy_minimal_action_server:/home/vboxuser/ros2_humble/install/examples_rclpy_minimal_action_client:/home/vboxuser/ros2_humble/install/examples_rclpy_guard_conditions:/home/vboxuser/ros2_humble/install/examples_rclpy_executors:/home/vboxuser/ros2_humble/install/demo_nodes_py:/home/vboxuser/ros2_humble/install/action_tutorials_py:/home/vboxuser/ros2_humble/install/ament_uncrustify:/home/vboxuser/ros2_humble/install/tracetools_trace:/home/vboxuser/ros2_humble/install/tracetools_read:/home/vboxuser/ros2_humble/install/test_tracetools_launch:/home/vboxuser/ros2_humble/install/test_launch_ros:/home/vboxuser/ros2_humble/install/sensor_msgs_py:/home/vboxuser/ros2_humble/install/rpyutils:/home/vboxuser/ros2_humble/install/rosidl_runtime_py:/home/vboxuser/ros2_humble/install/rosidl_cli:/home/vboxuser/ros2_humble/install/launch_pytest:/home/vboxuser/ros2_humble/install/launch_testing:/home/vboxuser/ros2_humble/install/launch_yaml:/home/vboxuser/ros2_humble/install/launch_xml:/home/vboxuser/ros2_humble/install/launch:/home/vboxuser/ros2_humble/install/osrf_pycommon:/home/vboxuser/ros2_humble/install/launch_testing_examples:/home/vboxuser/ros2_humble/install/domain_coordinator:/home/vboxuser/ros2_humble/install/ament_xmllint:/home/vboxuser/ros2_humble/install/ament_pyflakes:/home/vboxuser/ros2_humble/install/ament_pycodestyle:/home/vboxuser/ros2_humble/install/ament_pep257:/home/vboxuser/ros2_humble/install/ament_pclint:/home/vboxuser/ros2_humble/install/ament_package:/home/vboxuser/ros2_humble/install/ament_mypy:/home/vboxuser/ros2_humble/install/ament_lint_cmake:/home/vboxuser/ros2_humble/install/ament_flake8:/home/vboxuser/ros2_humble/install/ament_copyright:/home/vboxuser/ros2_humble/install/ament_lint:/home/vboxuser/ros2_humble/install/ament_index_python:/home/vboxuser/ros2_humble/install/ament_cpplint:/home/vboxuser/ros2_humble/install/ament_cppcheck:/home/vboxuser/ros2_humble/install/ament_clang_tidy:/home/vboxuser/ros2_humble/install/ament_clang_format /usr/bin/cmake --install /home/vboxuser/ros2_ws/build/turtlesim
