-- The C compiler identification is GNU 11.3.0
-- The CXX compiler identification is GNU 11.3.0
-- Detecting C compiler ABI info
-- Detecting C compiler ABI info - done
-- Check for working C compiler: /usr/bin/cc - skipped
-- Detecting C compile features
-- Detecting C compile features - done
-- Detecting CXX compiler ABI info
-- Detecting CXX compiler ABI info - done
-- Check for working CXX compiler: /usr/bin/c++ - skipped
-- Detecting CXX compile features
-- Detecting CXX compile features - done
-- Found ament_cmake: 1.3.3 (/home/vboxuser/ros2_humble/install/ament_cmake/share/ament_cmake/cmake)
-- Found Python3: /usr/bin/python3.10 (found version "3.10.6") found components: Interpreter 
-- Found ament_lint_auto: 0.12.5 (/home/vboxuser/ros2_humble/install/ament_lint_auto/share/ament_lint_auto/cmake)
-- Added test 'cppcheck' to perform static code analysis on C / C++ code
-- Configured cppcheck include dirs: 
-- Configured cppcheck exclude dirs and/or files: 
-- Added test 'lint_cmake' to check CMake code style
-- Added test 'uncrustify' to check C / C++ code style
-- Configured uncrustify additional arguments: 
-- Added test 'xmllint' to check XML markup files
-- Configuring done
-- Generating done
-- Build files have been written to: /home/vboxuser/Haste/src/build/simple_motor_control
-- Install configuration: ""
-- Installing: /home/vboxuser/Haste/src/install/simple_motor_control/share/ament_index/resource_index/package_run_dependencies/simple_motor_control
-- Installing: /home/vboxuser/Haste/src/install/simple_motor_control/share/ament_index/resource_index/parent_prefix_path/simple_motor_control
-- Installing: /home/vboxuser/Haste/src/install/simple_motor_control/share/simple_motor_control/environment/ament_prefix_path.sh
-- Installing: /home/vboxuser/Haste/src/install/simple_motor_control/share/simple_motor_control/environment/ament_prefix_path.dsv
-- Installing: /home/vboxuser/Haste/src/install/simple_motor_control/share/simple_motor_control/environment/path.sh
-- Installing: /home/vboxuser/Haste/src/install/simple_motor_control/share/simple_motor_control/environment/path.dsv
-- Installing: /home/vboxuser/Haste/src/install/simple_motor_control/share/simple_motor_control/local_setup.bash
-- Installing: /home/vboxuser/Haste/src/install/simple_motor_control/share/simple_motor_control/local_setup.sh
-- Installing: /home/vboxuser/Haste/src/install/simple_motor_control/share/simple_motor_control/local_setup.zsh
-- Installing: /home/vboxuser/Haste/src/install/simple_motor_control/share/simple_motor_control/local_setup.dsv
-- Installing: /home/vboxuser/Haste/src/install/simple_motor_control/share/simple_motor_control/package.dsv
-- Installing: /home/vboxuser/Haste/src/install/simple_motor_control/share/ament_index/resource_index/packages/simple_motor_control
-- Installing: /home/vboxuser/Haste/src/install/simple_motor_control/share/simple_motor_control/cmake/simple_motor_controlConfig.cmake
-- Installing: /home/vboxuser/Haste/src/install/simple_motor_control/share/simple_motor_control/cmake/simple_motor_controlConfig-version.cmake
-- Installing: /home/vboxuser/Haste/src/install/simple_motor_control/share/simple_motor_control/package.xml
