[0.191s] Invoking command in '/home/vboxuser/ros2_ws/build/custom_interfaces': CMAKE_PREFIX_PATH=${CMAKE_PREFIX_PATH}:/home/vboxuser/ros2_humble/install/rqt_bag_plugins:/home/vboxuser/ros2_humble/install/rqt_bag:/home/vboxuser/ros2_humble/install/ros2bag:/home/vboxuser/ros2_humble/install/tracetools_test:/home/vboxuser/ros2_humble/install/tracetools_launch:/home/vboxuser/ros2_humble/install/topic_monitor:/home/vboxuser/ros2_humble/install/tf2_tools:/home/vboxuser/ros2_humble/install/examples_tf2_py:/home/vboxuser/ros2_humble/install/tf2_ros_py:/home/vboxuser/ros2_humble/install/sros2:/home/vboxuser/ros2_humble/install/rqt_topic:/home/vboxuser/ros2_humble/install/rqt_srv:/home/vboxuser/ros2_humble/install/rqt_shell:/home/vboxuser/ros2_humble/install/rqt_service_caller:/home/vboxuser/ros2_humble/install/rqt_reconfigure:/home/vboxuser/ros2_humble/install/rqt_py_console:/home/vboxuser/ros2_humble/install/rqt_publisher:/home/vboxuser/ros2_humble/install/rqt_plot:/home/vboxuser/ros2_humble/install/rqt_action:/home/vboxuser/ros2_humble/install/rqt_msg:/home/vboxuser/ros2_humble/install/rqt_console:/home/vboxuser/ros2_humble/install/rqt:/home/vboxuser/ros2_humble/install/rqt_graph:/home/vboxuser/ros2_humble/install/rqt_gui_py:/home/vboxuser/ros2_humble/install/rqt_gui:/home/vboxuser/ros2_humble/install/ros2trace:/home/vboxuser/ros2_humble/install/ros2topic:/home/vboxuser/ros2_humble/install/ros2test:/home/vboxuser/ros2_humble/install/ros2component:/home/vboxuser/ros2_humble/install/ros2param:/home/vboxuser/ros2_humble/install/ros2lifecycle:/home/vboxuser/ros2_humble/install/ros2service:/home/vboxuser/ros2_humble/install/ros2run:/home/vboxuser/ros2_humble/install/ros2launch:/home/vboxuser/ros2_humble/install/ros2pkg:/home/vboxuser/ros2_humble/install/ros2node:/home/vboxuser/ros2_humble/install/ros2multicast:/home/vboxuser/ros2_humble/install/ros2interface:/home/vboxuser/ros2_humble/install/ros2doctor:/home/vboxuser/ros2_humble/install/ros2action:/home/vboxuser/ros2_humble/install/ros2cli:/home/vboxuser/ros2_humble/install/quality_of_service_demo_py:/home/vboxuser/ros2_humble/install/lifecycle_py:/home/vboxuser/ros2_humble/install/launch_testing_ros:/home/vboxuser/ros2_humble/install/launch_ros:/home/vboxuser/ros2_humble/install/examples_rclpy_pointcloud_publisher:/home/vboxuser/ros2_humble/install/examples_rclpy_minimal_subscriber:/home/vboxuser/ros2_humble/install/examples_rclpy_minimal_service:/home/vboxuser/ros2_humble/install/examples_rclpy_minimal_publisher:/home/vboxuser/ros2_humble/install/examples_rclpy_minimal_client:/home/vboxuser/ros2_humble/install/examples_rclpy_minimal_action_server:/home/vboxuser/ros2_humble/install/examples_rclpy_minimal_action_client:/home/vboxuser/ros2_humble/install/examples_rclpy_guard_conditions:/home/vboxuser/ros2_humble/install/examples_rclpy_executors:/home/vboxuser/ros2_humble/install/demo_nodes_py:/home/vboxuser/ros2_humble/install/action_tutorials_py:/home/vboxuser/ros2_humble/install/ament_uncrustify:/home/vboxuser/ros2_humble/install/tracetools_trace:/home/vboxuser/ros2_humble/install/tracetools_read:/home/vboxuser/ros2_humble/install/test_tracetools_launch:/home/vboxuser/ros2_humble/install/test_launch_ros:/home/vboxuser/ros2_humble/install/sensor_msgs_py:/home/vboxuser/ros2_humble/install/rpyutils:/home/vboxuser/ros2_humble/install/rosidl_runtime_py:/home/vboxuser/ros2_humble/install/rosidl_cli:/home/vboxuser/ros2_humble/install/launch_pytest:/home/vboxuser/ros2_humble/install/launch_testing:/home/vboxuser/ros2_humble/install/launch_yaml:/home/vboxuser/ros2_humble/install/launch_xml:/home/vboxuser/ros2_humble/install/launch:/home/vboxuser/ros2_humble/install/osrf_pycommon:/home/vboxuser/ros2_humble/install/launch_testing_examples:/home/vboxuser/ros2_humble/install/domain_coordinator:/home/vboxuser/ros2_humble/install/ament_xmllint:/home/vboxuser/ros2_humble/install/ament_pyflakes:/home/vboxuser/ros2_humble/install/ament_pycodestyle:/home/vboxuser/ros2_humble/install/ament_pep257:/home/vboxuser/ros2_humble/install/ament_pclint:/home/vboxuser/ros2_humble/install/ament_package:/home/vboxuser/ros2_humble/install/ament_mypy:/home/vboxuser/ros2_humble/install/ament_lint_cmake:/home/vboxuser/ros2_humble/install/ament_flake8:/home/vboxuser/ros2_humble/install/ament_copyright:/home/vboxuser/ros2_humble/install/ament_lint:/home/vboxuser/ros2_humble/install/ament_index_python:/home/vboxuser/ros2_humble/install/ament_cpplint:/home/vboxuser/ros2_humble/install/ament_cppcheck:/home/vboxuser/ros2_humble/install/ament_clang_tidy:/home/vboxuser/ros2_humble/install/ament_clang_format /usr/bin/cmake --build /home/vboxuser/ros2_ws/build/custom_interfaces -- -j4 -l4
[0.263s] -- Found ament_cmake: 1.3.3 (/home/vboxuser/ros2_humble/install/ament_cmake/share/ament_cmake/cmake)
[1.086s] -- Found geometry_msgs: 4.2.3 (/home/vboxuser/ros2_humble/install/geometry_msgs/share/geometry_msgs/cmake)
[1.129s] -- Found rosidl_generator_c: 3.1.4 (/home/vboxuser/ros2_humble/install/rosidl_generator_c/share/rosidl_generator_c/cmake)
[1.134s] -- Found rosidl_adapter: 3.1.4 (/home/vboxuser/ros2_humble/install/rosidl_adapter/share/rosidl_adapter/cmake)
[1.147s] -- Found rosidl_generator_cpp: 3.1.4 (/home/vboxuser/ros2_humble/install/rosidl_generator_cpp/share/rosidl_generator_cpp/cmake)
[1.219s] -- Using all available rosidl_typesupport_c: rosidl_typesupport_introspection_c;rosidl_typesupport_fastrtps_c
[1.286s] -- Using all available rosidl_typesupport_cpp: rosidl_typesupport_introspection_cpp;rosidl_typesupport_fastrtps_cpp
[1.512s] -- Found rosidl_default_generators: 1.2.0 (/home/vboxuser/ros2_humble/install/rosidl_default_generators/share/rosidl_default_generators/cmake)
[2.994s] -- Found ament_cmake_ros: 0.10.0 (/home/vboxuser/ros2_humble/install/ament_cmake_ros/share/ament_cmake_ros/cmake)
[4.831s] -- Using all available rosidl_typesupport_c: rosidl_typesupport_introspection_c;rosidl_typesupport_fastrtps_c
[5.737s] -- Using all available rosidl_typesupport_cpp: rosidl_typesupport_introspection_cpp;rosidl_typesupport_fastrtps_cpp
[5.872s] -- Found python_cmake_module: 0.10.0 (/home/vboxuser/ros2_humble/install/python_cmake_module/share/python_cmake_module/cmake)
[6.026s] -- Using PYTHON_EXECUTABLE: /usr/bin/python3
[6.026s] -- Using PYTHON_INCLUDE_DIRS: /usr/include/python3.10
[6.027s] -- Using PYTHON_LIBRARIES: /usr/lib/x86_64-linux-gnu/libpython3.10.so
[6.771s] -- Found ament_lint_auto: 0.12.5 (/home/vboxuser/ros2_humble/install/ament_lint_auto/share/ament_lint_auto/cmake)
[6.787s] -- Added test 'lint_cmake' to check CMake code style
[6.789s] -- Added test 'xmllint' to check XML markup files
[6.792s] -- Configuring done
[6.955s] -- Generating done
[6.974s] -- Build files have been written to: /home/vboxuser/ros2_ws/build/custom_interfaces
[7.095s] [  1%] [34m[1mGenerating C code for ROS interfaces[0m
[7.153s] [  3%] [34m[1mGenerating C++ code for ROS interfaces[0m
[7.194s] [  3%] Built target ament_cmake_python_copy_custom_interfaces
[8.160s] running egg_info
[8.162s] writing custom_interfaces.egg-info/PKG-INFO
[8.163s] writing dependency_links to custom_interfaces.egg-info/dependency_links.txt
[8.164s] writing top-level names to custom_interfaces.egg-info/top_level.txt
[8.188s] reading manifest file 'custom_interfaces.egg-info/SOURCES.txt'
[8.189s] writing manifest file 'custom_interfaces.egg-info/SOURCES.txt'
[8.252s] [  3%] Built target ament_cmake_python_build_custom_interfaces_egg
[8.626s] [35m[1mConsolidate compiler generated dependencies of target custom_interfaces__rosidl_generator_c[0m
[8.705s] [  5%] [32mBuilding C object CMakeFiles/custom_interfaces__rosidl_generator_c.dir/rosidl_generator_c/custom_interfaces/msg/detail/num__functions.c.o[0m
[8.709s] [  7%] [32mBuilding C object CMakeFiles/custom_interfaces__rosidl_generator_c.dir/rosidl_generator_c/custom_interfaces/msg/detail/sphere__functions.c.o[0m
[8.711s] [  9%] [32mBuilding C object CMakeFiles/custom_interfaces__rosidl_generator_c.dir/rosidl_generator_c/custom_interfaces/srv/detail/add_three_ints__functions.c.o[0m
[8.729s] [  9%] Built target custom_interfaces__cpp
[8.792s] [ 10%] [34m[1mGenerating C++ type support dispatch for ROS interfaces[0m
[8.909s] [ 12%] [32mBuilding C object CMakeFiles/custom_interfaces__rosidl_generator_c.dir/rosidl_generator_c/custom_interfaces/srv/detail/scan_i2_cconnect__functions.c.o[0m
[8.956s] [ 14%] [34m[1mGenerating C++ type support for eProsima Fast-RTPS[0m
[8.978s] [ 16%] [34m[1mGenerating C++ introspection for ROS interfaces[0m
[9.130s] [ 18%] [32m[1mLinking C shared library libcustom_interfaces__rosidl_generator_c.so[0m
[9.371s] [ 18%] Built target custom_interfaces__rosidl_generator_c
[9.444s] [ 20%] [34m[1mGenerating C type support for eProsima Fast-RTPS[0m
[9.978s] [35m[1mConsolidate compiler generated dependencies of target custom_interfaces__rosidl_typesupport_cpp[0m
[10.202s] [ 21%] [32mBuilding CXX object CMakeFiles/custom_interfaces__rosidl_typesupport_cpp.dir/rosidl_typesupport_cpp/custom_interfaces/msg/num__type_support.cpp.o[0m
[10.506s] [35m[1mConsolidate compiler generated dependencies of target custom_interfaces__rosidl_typesupport_introspection_cpp[0m
[10.579s] [ 23%] [32mBuilding CXX object CMakeFiles/custom_interfaces__rosidl_typesupport_introspection_cpp.dir/rosidl_typesupport_introspection_cpp/custom_interfaces/msg/detail/num__type_support.cpp.o[0m
[10.613s] [35m[1mConsolidate compiler generated dependencies of target custom_interfaces__rosidl_typesupport_fastrtps_cpp[0m
[10.705s] [ 25%] [32mBuilding CXX object CMakeFiles/custom_interfaces__rosidl_typesupport_fastrtps_cpp.dir/rosidl_typesupport_fastrtps_cpp/custom_interfaces/msg/detail/dds_fastrtps/num__type_support.cpp.o[0m
[10.926s] [ 27%] [32mBuilding CXX object CMakeFiles/custom_interfaces__rosidl_typesupport_cpp.dir/rosidl_typesupport_cpp/custom_interfaces/msg/sphere__type_support.cpp.o[0m
[10.978s] [35m[1mConsolidate compiler generated dependencies of target custom_interfaces__rosidl_typesupport_fastrtps_c[0m
[11.101s] [ 29%] [32mBuilding CXX object CMakeFiles/custom_interfaces__rosidl_typesupport_fastrtps_c.dir/rosidl_typesupport_fastrtps_c/custom_interfaces/msg/detail/num__type_support_c.cpp.o[0m
[11.713s] [ 30%] [32mBuilding CXX object CMakeFiles/custom_interfaces__rosidl_typesupport_introspection_cpp.dir/rosidl_typesupport_introspection_cpp/custom_interfaces/msg/detail/sphere__type_support.cpp.o[0m
[11.874s] [ 32%] [32mBuilding CXX object CMakeFiles/custom_interfaces__rosidl_typesupport_cpp.dir/rosidl_typesupport_cpp/custom_interfaces/srv/add_three_ints__type_support.cpp.o[0m
[11.875s] [ 34%] [32mBuilding CXX object CMakeFiles/custom_interfaces__rosidl_typesupport_fastrtps_cpp.dir/rosidl_typesupport_fastrtps_cpp/custom_interfaces/msg/detail/dds_fastrtps/sphere__type_support.cpp.o[0m
[12.125s] [ 36%] [32mBuilding CXX object CMakeFiles/custom_interfaces__rosidl_typesupport_fastrtps_c.dir/rosidl_typesupport_fastrtps_c/custom_interfaces/msg/detail/sphere__type_support_c.cpp.o[0m
[12.498s] [ 38%] [32mBuilding CXX object CMakeFiles/custom_interfaces__rosidl_typesupport_cpp.dir/rosidl_typesupport_cpp/custom_interfaces/srv/scan_i2_cconnect__type_support.cpp.o[0m
[12.539s] [ 40%] [32mBuilding CXX object CMakeFiles/custom_interfaces__rosidl_typesupport_introspection_cpp.dir/rosidl_typesupport_introspection_cpp/custom_interfaces/srv/detail/add_three_ints__type_support.cpp.o[0m
[12.753s] [ 41%] [32mBuilding CXX object CMakeFiles/custom_interfaces__rosidl_typesupport_fastrtps_cpp.dir/rosidl_typesupport_fastrtps_cpp/custom_interfaces/srv/detail/dds_fastrtps/add_three_ints__type_support.cpp.o[0m
[12.968s] [ 43%] [32mBuilding CXX object CMakeFiles/custom_interfaces__rosidl_typesupport_fastrtps_c.dir/rosidl_typesupport_fastrtps_c/custom_interfaces/srv/detail/add_three_ints__type_support_c.cpp.o[0m
[13.248s] [ 45%] [32m[1mLinking CXX shared library libcustom_interfaces__rosidl_typesupport_cpp.so[0m
[13.490s] [ 45%] Built target custom_interfaces__rosidl_typesupport_cpp
[13.539s] [ 47%] [32mBuilding CXX object CMakeFiles/custom_interfaces__rosidl_typesupport_introspection_cpp.dir/rosidl_typesupport_introspection_cpp/custom_interfaces/srv/detail/scan_i2_cconnect__type_support.cpp.o[0m
[13.581s] [ 49%] [34m[1mGenerating C introspection for ROS interfaces[0m
[13.753s] [ 50%] [32mBuilding CXX object CMakeFiles/custom_interfaces__rosidl_typesupport_fastrtps_cpp.dir/rosidl_typesupport_fastrtps_cpp/custom_interfaces/srv/detail/dds_fastrtps/scan_i2_cconnect__type_support.cpp.o[0m
[14.043s] [ 52%] [32mBuilding CXX object CMakeFiles/custom_interfaces__rosidl_typesupport_fastrtps_c.dir/rosidl_typesupport_fastrtps_c/custom_interfaces/srv/detail/scan_i2_cconnect__type_support_c.cpp.o[0m
[14.336s] [ 54%] [32m[1mLinking CXX shared library libcustom_interfaces__rosidl_typesupport_introspection_cpp.so[0m
[14.591s] [ 54%] Built target custom_interfaces__rosidl_typesupport_introspection_cpp
[14.620s] [ 56%] [32m[1mLinking CXX shared library libcustom_interfaces__rosidl_typesupport_fastrtps_cpp.so[0m
[14.656s] [ 58%] [34m[1mGenerating C type support dispatch for ROS interfaces[0m
[14.906s] [ 58%] Built target custom_interfaces__rosidl_typesupport_fastrtps_cpp
[15.008s] [35m[1mConsolidate compiler generated dependencies of target custom_interfaces__rosidl_typesupport_introspection_c[0m
[15.038s] [ 60%] [32m[1mLinking CXX shared library libcustom_interfaces__rosidl_typesupport_fastrtps_c.so[0m
[15.086s] [ 61%] [32mBuilding C object CMakeFiles/custom_interfaces__rosidl_typesupport_introspection_c.dir/rosidl_typesupport_introspection_c/custom_interfaces/msg/detail/num__type_support.c.o[0m
[15.095s] [ 63%] [32mBuilding C object CMakeFiles/custom_interfaces__rosidl_typesupport_introspection_c.dir/rosidl_typesupport_introspection_c/custom_interfaces/msg/detail/sphere__type_support.c.o[0m
[15.221s] [ 65%] [32mBuilding C object CMakeFiles/custom_interfaces__rosidl_typesupport_introspection_c.dir/rosidl_typesupport_introspection_c/custom_interfaces/srv/detail/add_three_ints__type_support.c.o[0m
[15.244s] [ 67%] [32mBuilding C object CMakeFiles/custom_interfaces__rosidl_typesupport_introspection_c.dir/rosidl_typesupport_introspection_c/custom_interfaces/srv/detail/scan_i2_cconnect__type_support.c.o[0m
[15.294s] [ 67%] Built target custom_interfaces__rosidl_typesupport_fastrtps_c
[15.444s] [ 69%] [32m[1mLinking C shared library libcustom_interfaces__rosidl_typesupport_introspection_c.so[0m
[15.677s] [ 69%] Built target custom_interfaces__rosidl_typesupport_introspection_c
[15.867s] [35m[1mConsolidate compiler generated dependencies of target custom_interfaces__rosidl_typesupport_c[0m
[15.954s] [ 72%] [32mBuilding CXX object CMakeFiles/custom_interfaces__rosidl_typesupport_c.dir/rosidl_typesupport_c/custom_interfaces/msg/sphere__type_support.cpp.o[0m
[15.954s] [ 72%] [32mBuilding CXX object CMakeFiles/custom_interfaces__rosidl_typesupport_c.dir/rosidl_typesupport_c/custom_interfaces/srv/add_three_ints__type_support.cpp.o[0m
[15.978s] [ 76%] [32mBuilding CXX object CMakeFiles/custom_interfaces__rosidl_typesupport_c.dir/rosidl_typesupport_c/custom_interfaces/msg/num__type_support.cpp.o[0m
[15.978s] [ 76%] [32mBuilding CXX object CMakeFiles/custom_interfaces__rosidl_typesupport_c.dir/rosidl_typesupport_c/custom_interfaces/srv/scan_i2_cconnect__type_support.cpp.o[0m
[16.153s] [ 78%] [32m[1mLinking CXX shared library libcustom_interfaces__rosidl_typesupport_c.so[0m
[16.295s] [ 78%] Built target custom_interfaces__rosidl_typesupport_c
[16.391s] [ 78%] Built target custom_interfaces
[16.475s] [ 80%] [34m[1mGenerating Python code for ROS interfaces[0m
[17.805s] [ 80%] Built target custom_interfaces__py
[17.845s] [35m[1mConsolidate compiler generated dependencies of target custom_interfaces__rosidl_generator_py[0m
[17.900s] [ 83%] [32mBuilding C object CMakeFiles/custom_interfaces__rosidl_generator_py.dir/rosidl_generator_py/custom_interfaces/msg/_sphere_s.c.o[0m
[17.900s] [ 83%] [32mBuilding C object CMakeFiles/custom_interfaces__rosidl_generator_py.dir/rosidl_generator_py/custom_interfaces/msg/_num_s.c.o[0m
[17.917s] [ 85%] [32mBuilding C object CMakeFiles/custom_interfaces__rosidl_generator_py.dir/rosidl_generator_py/custom_interfaces/srv/_add_three_ints_s.c.o[0m
[17.924s] [ 87%] [32mBuilding C object CMakeFiles/custom_interfaces__rosidl_generator_py.dir/rosidl_generator_py/custom_interfaces/srv/_scan_i2_cconnect_s.c.o[0m
[18.209s] [ 89%] [32m[1mLinking C shared library rosidl_generator_py/custom_interfaces/libcustom_interfaces__rosidl_generator_py.so[0m
[18.358s] [ 89%] Built target custom_interfaces__rosidl_generator_py
[18.431s] [35m[1mConsolidate compiler generated dependencies of target custom_interfaces__rosidl_typesupport_fastrtps_c__pyext[0m
[18.439s] [35m[1mConsolidate compiler generated dependencies of target custom_interfaces__rosidl_typesupport_introspection_c__pyext[0m
[18.444s] [35m[1mConsolidate compiler generated dependencies of target custom_interfaces__rosidl_typesupport_c__pyext[0m
[18.499s] [ 90%] [32mBuilding C object CMakeFiles/custom_interfaces__rosidl_typesupport_c__pyext.dir/rosidl_generator_py/custom_interfaces/_custom_interfaces_s.ep.rosidl_typesupport_c.c.o[0m
[18.500s] [ 92%] [32mBuilding C object CMakeFiles/custom_interfaces__rosidl_typesupport_fastrtps_c__pyext.dir/rosidl_generator_py/custom_interfaces/_custom_interfaces_s.ep.rosidl_typesupport_fastrtps_c.c.o[0m
[18.502s] [ 94%] [32mBuilding C object CMakeFiles/custom_interfaces__rosidl_typesupport_introspection_c__pyext.dir/rosidl_generator_py/custom_interfaces/_custom_interfaces_s.ep.rosidl_typesupport_introspection_c.c.o[0m
[18.785s] [ 96%] [32m[1mLinking C shared library rosidl_generator_py/custom_interfaces/custom_interfaces_s__rosidl_typesupport_introspection_c.cpython-310-x86_64-linux-gnu.so[0m
[18.788s] [ 98%] [32m[1mLinking C shared library rosidl_generator_py/custom_interfaces/custom_interfaces_s__rosidl_typesupport_c.cpython-310-x86_64-linux-gnu.so[0m
[18.809s] [100%] [32m[1mLinking C shared library rosidl_generator_py/custom_interfaces/custom_interfaces_s__rosidl_typesupport_fastrtps_c.cpython-310-x86_64-linux-gnu.so[0m
[18.935s] [100%] Built target custom_interfaces__rosidl_typesupport_introspection_c__pyext
[18.941s] [100%] Built target custom_interfaces__rosidl_typesupport_c__pyext
[18.986s] [100%] Built target custom_interfaces__rosidl_typesupport_fastrtps_c__pyext
[19.076s] Invoked command in '/home/vboxuser/ros2_ws/build/custom_interfaces' returned '0': CMAKE_PREFIX_PATH=${CMAKE_PREFIX_PATH}:/home/vboxuser/ros2_humble/install/rqt_bag_plugins:/home/vboxuser/ros2_humble/install/rqt_bag:/home/vboxuser/ros2_humble/install/ros2bag:/home/vboxuser/ros2_humble/install/tracetools_test:/home/vboxuser/ros2_humble/install/tracetools_launch:/home/vboxuser/ros2_humble/install/topic_monitor:/home/vboxuser/ros2_humble/install/tf2_tools:/home/vboxuser/ros2_humble/install/examples_tf2_py:/home/vboxuser/ros2_humble/install/tf2_ros_py:/home/vboxuser/ros2_humble/install/sros2:/home/vboxuser/ros2_humble/install/rqt_topic:/home/vboxuser/ros2_humble/install/rqt_srv:/home/vboxuser/ros2_humble/install/rqt_shell:/home/vboxuser/ros2_humble/install/rqt_service_caller:/home/vboxuser/ros2_humble/install/rqt_reconfigure:/home/vboxuser/ros2_humble/install/rqt_py_console:/home/vboxuser/ros2_humble/install/rqt_publisher:/home/vboxuser/ros2_humble/install/rqt_plot:/home/vboxuser/ros2_humble/install/rqt_action:/home/vboxuser/ros2_humble/install/rqt_msg:/home/vboxuser/ros2_humble/install/rqt_console:/home/vboxuser/ros2_humble/install/rqt:/home/vboxuser/ros2_humble/install/rqt_graph:/home/vboxuser/ros2_humble/install/rqt_gui_py:/home/vboxuser/ros2_humble/install/rqt_gui:/home/vboxuser/ros2_humble/install/ros2trace:/home/vboxuser/ros2_humble/install/ros2topic:/home/vboxuser/ros2_humble/install/ros2test:/home/vboxuser/ros2_humble/install/ros2component:/home/vboxuser/ros2_humble/install/ros2param:/home/vboxuser/ros2_humble/install/ros2lifecycle:/home/vboxuser/ros2_humble/install/ros2service:/home/vboxuser/ros2_humble/install/ros2run:/home/vboxuser/ros2_humble/install/ros2launch:/home/vboxuser/ros2_humble/install/ros2pkg:/home/vboxuser/ros2_humble/install/ros2node:/home/vboxuser/ros2_humble/install/ros2multicast:/home/vboxuser/ros2_humble/install/ros2interface:/home/vboxuser/ros2_humble/install/ros2doctor:/home/vboxuser/ros2_humble/install/ros2action:/home/vboxuser/ros2_humble/install/ros2cli:/home/vboxuser/ros2_humble/install/quality_of_service_demo_py:/home/vboxuser/ros2_humble/install/lifecycle_py:/home/vboxuser/ros2_humble/install/launch_testing_ros:/home/vboxuser/ros2_humble/install/launch_ros:/home/vboxuser/ros2_humble/install/examples_rclpy_pointcloud_publisher:/home/vboxuser/ros2_humble/install/examples_rclpy_minimal_subscriber:/home/vboxuser/ros2_humble/install/examples_rclpy_minimal_service:/home/vboxuser/ros2_humble/install/examples_rclpy_minimal_publisher:/home/vboxuser/ros2_humble/install/examples_rclpy_minimal_client:/home/vboxuser/ros2_humble/install/examples_rclpy_minimal_action_server:/home/vboxuser/ros2_humble/install/examples_rclpy_minimal_action_client:/home/vboxuser/ros2_humble/install/examples_rclpy_guard_conditions:/home/vboxuser/ros2_humble/install/examples_rclpy_executors:/home/vboxuser/ros2_humble/install/demo_nodes_py:/home/vboxuser/ros2_humble/install/action_tutorials_py:/home/vboxuser/ros2_humble/install/ament_uncrustify:/home/vboxuser/ros2_humble/install/tracetools_trace:/home/vboxuser/ros2_humble/install/tracetools_read:/home/vboxuser/ros2_humble/install/test_tracetools_launch:/home/vboxuser/ros2_humble/install/test_launch_ros:/home/vboxuser/ros2_humble/install/sensor_msgs_py:/home/vboxuser/ros2_humble/install/rpyutils:/home/vboxuser/ros2_humble/install/rosidl_runtime_py:/home/vboxuser/ros2_humble/install/rosidl_cli:/home/vboxuser/ros2_humble/install/launch_pytest:/home/vboxuser/ros2_humble/install/launch_testing:/home/vboxuser/ros2_humble/install/launch_yaml:/home/vboxuser/ros2_humble/install/launch_xml:/home/vboxuser/ros2_humble/install/launch:/home/vboxuser/ros2_humble/install/osrf_pycommon:/home/vboxuser/ros2_humble/install/launch_testing_examples:/home/vboxuser/ros2_humble/install/domain_coordinator:/home/vboxuser/ros2_humble/install/ament_xmllint:/home/vboxuser/ros2_humble/install/ament_pyflakes:/home/vboxuser/ros2_humble/install/ament_pycodestyle:/home/vboxuser/ros2_humble/install/ament_pep257:/home/vboxuser/ros2_humble/install/ament_pclint:/home/vboxuser/ros2_humble/install/ament_package:/home/vboxuser/ros2_humble/install/ament_mypy:/home/vboxuser/ros2_humble/install/ament_lint_cmake:/home/vboxuser/ros2_humble/install/ament_flake8:/home/vboxuser/ros2_humble/install/ament_copyright:/home/vboxuser/ros2_humble/install/ament_lint:/home/vboxuser/ros2_humble/install/ament_index_python:/home/vboxuser/ros2_humble/install/ament_cpplint:/home/vboxuser/ros2_humble/install/ament_cppcheck:/home/vboxuser/ros2_humble/install/ament_clang_tidy:/home/vboxuser/ros2_humble/install/ament_clang_format /usr/bin/cmake --build /home/vboxuser/ros2_ws/build/custom_interfaces -- -j4 -l4
[20.272s] Invoking command in '/home/vboxuser/ros2_ws/build/custom_interfaces': CMAKE_PREFIX_PATH=${CMAKE_PREFIX_PATH}:/home/vboxuser/ros2_humble/install/rqt_bag_plugins:/home/vboxuser/ros2_humble/install/rqt_bag:/home/vboxuser/ros2_humble/install/ros2bag:/home/vboxuser/ros2_humble/install/tracetools_test:/home/vboxuser/ros2_humble/install/tracetools_launch:/home/vboxuser/ros2_humble/install/topic_monitor:/home/vboxuser/ros2_humble/install/tf2_tools:/home/vboxuser/ros2_humble/install/examples_tf2_py:/home/vboxuser/ros2_humble/install/tf2_ros_py:/home/vboxuser/ros2_humble/install/sros2:/home/vboxuser/ros2_humble/install/rqt_topic:/home/vboxuser/ros2_humble/install/rqt_srv:/home/vboxuser/ros2_humble/install/rqt_shell:/home/vboxuser/ros2_humble/install/rqt_service_caller:/home/vboxuser/ros2_humble/install/rqt_reconfigure:/home/vboxuser/ros2_humble/install/rqt_py_console:/home/vboxuser/ros2_humble/install/rqt_publisher:/home/vboxuser/ros2_humble/install/rqt_plot:/home/vboxuser/ros2_humble/install/rqt_action:/home/vboxuser/ros2_humble/install/rqt_msg:/home/vboxuser/ros2_humble/install/rqt_console:/home/vboxuser/ros2_humble/install/rqt:/home/vboxuser/ros2_humble/install/rqt_graph:/home/vboxuser/ros2_humble/install/rqt_gui_py:/home/vboxuser/ros2_humble/install/rqt_gui:/home/vboxuser/ros2_humble/install/ros2trace:/home/vboxuser/ros2_humble/install/ros2topic:/home/vboxuser/ros2_humble/install/ros2test:/home/vboxuser/ros2_humble/install/ros2component:/home/vboxuser/ros2_humble/install/ros2param:/home/vboxuser/ros2_humble/install/ros2lifecycle:/home/vboxuser/ros2_humble/install/ros2service:/home/vboxuser/ros2_humble/install/ros2run:/home/vboxuser/ros2_humble/install/ros2launch:/home/vboxuser/ros2_humble/install/ros2pkg:/home/vboxuser/ros2_humble/install/ros2node:/home/vboxuser/ros2_humble/install/ros2multicast:/home/vboxuser/ros2_humble/install/ros2interface:/home/vboxuser/ros2_humble/install/ros2doctor:/home/vboxuser/ros2_humble/install/ros2action:/home/vboxuser/ros2_humble/install/ros2cli:/home/vboxuser/ros2_humble/install/quality_of_service_demo_py:/home/vboxuser/ros2_humble/install/lifecycle_py:/home/vboxuser/ros2_humble/install/launch_testing_ros:/home/vboxuser/ros2_humble/install/launch_ros:/home/vboxuser/ros2_humble/install/examples_rclpy_pointcloud_publisher:/home/vboxuser/ros2_humble/install/examples_rclpy_minimal_subscriber:/home/vboxuser/ros2_humble/install/examples_rclpy_minimal_service:/home/vboxuser/ros2_humble/install/examples_rclpy_minimal_publisher:/home/vboxuser/ros2_humble/install/examples_rclpy_minimal_client:/home/vboxuser/ros2_humble/install/examples_rclpy_minimal_action_server:/home/vboxuser/ros2_humble/install/examples_rclpy_minimal_action_client:/home/vboxuser/ros2_humble/install/examples_rclpy_guard_conditions:/home/vboxuser/ros2_humble/install/examples_rclpy_executors:/home/vboxuser/ros2_humble/install/demo_nodes_py:/home/vboxuser/ros2_humble/install/action_tutorials_py:/home/vboxuser/ros2_humble/install/ament_uncrustify:/home/vboxuser/ros2_humble/install/tracetools_trace:/home/vboxuser/ros2_humble/install/tracetools_read:/home/vboxuser/ros2_humble/install/test_tracetools_launch:/home/vboxuser/ros2_humble/install/test_launch_ros:/home/vboxuser/ros2_humble/install/sensor_msgs_py:/home/vboxuser/ros2_humble/install/rpyutils:/home/vboxuser/ros2_humble/install/rosidl_runtime_py:/home/vboxuser/ros2_humble/install/rosidl_cli:/home/vboxuser/ros2_humble/install/launch_pytest:/home/vboxuser/ros2_humble/install/launch_testing:/home/vboxuser/ros2_humble/install/launch_yaml:/home/vboxuser/ros2_humble/install/launch_xml:/home/vboxuser/ros2_humble/install/launch:/home/vboxuser/ros2_humble/install/osrf_pycommon:/home/vboxuser/ros2_humble/install/launch_testing_examples:/home/vboxuser/ros2_humble/install/domain_coordinator:/home/vboxuser/ros2_humble/install/ament_xmllint:/home/vboxuser/ros2_humble/install/ament_pyflakes:/home/vboxuser/ros2_humble/install/ament_pycodestyle:/home/vboxuser/ros2_humble/install/ament_pep257:/home/vboxuser/ros2_humble/install/ament_pclint:/home/vboxuser/ros2_humble/install/ament_package:/home/vboxuser/ros2_humble/install/ament_mypy:/home/vboxuser/ros2_humble/install/ament_lint_cmake:/home/vboxuser/ros2_humble/install/ament_flake8:/home/vboxuser/ros2_humble/install/ament_copyright:/home/vboxuser/ros2_humble/install/ament_lint:/home/vboxuser/ros2_humble/install/ament_index_python:/home/vboxuser/ros2_humble/install/ament_cpplint:/home/vboxuser/ros2_humble/install/ament_cppcheck:/home/vboxuser/ros2_humble/install/ament_clang_tidy:/home/vboxuser/ros2_humble/install/ament_clang_format /usr/bin/cmake --install /home/vboxuser/ros2_ws/build/custom_interfaces
[20.299s] -- Install configuration: ""
[20.300s] -- Installing: /home/vboxuser/ros2_ws/install/custom_interfaces/share/ament_index/resource_index/rosidl_interfaces/custom_interfaces
[20.300s] -- Up-to-date: /home/vboxuser/ros2_ws/install/custom_interfaces/include/custom_interfaces/custom_interfaces
[20.301s] -- Up-to-date: /home/vboxuser/ros2_ws/install/custom_interfaces/include/custom_interfaces/custom_interfaces/msg
[20.301s] -- Up-to-date: /home/vboxuser/ros2_ws/install/custom_interfaces/include/custom_interfaces/custom_interfaces/msg/rosidl_generator_c__visibility_control.h
[20.301s] -- Installing: /home/vboxuser/ros2_ws/install/custom_interfaces/include/custom_interfaces/custom_interfaces/msg/sphere.h
[20.302s] -- Up-to-date: /home/vboxuser/ros2_ws/install/custom_interfaces/include/custom_interfaces/custom_interfaces/msg/detail
[20.302s] -- Installing: /home/vboxuser/ros2_ws/install/custom_interfaces/include/custom_interfaces/custom_interfaces/msg/detail/num__struct.h
[20.303s] -- Installing: /home/vboxuser/ros2_ws/install/custom_interfaces/include/custom_interfaces/custom_interfaces/msg/detail/sphere__struct.h
[20.304s] -- Installing: /home/vboxuser/ros2_ws/install/custom_interfaces/include/custom_interfaces/custom_interfaces/msg/detail/num__functions.c
[20.304s] -- Installing: /home/vboxuser/ros2_ws/install/custom_interfaces/include/custom_interfaces/custom_interfaces/msg/detail/sphere__functions.c
[20.304s] -- Installing: /home/vboxuser/ros2_ws/install/custom_interfaces/include/custom_interfaces/custom_interfaces/msg/detail/num__functions.h
[20.305s] -- Installing: /home/vboxuser/ros2_ws/install/custom_interfaces/include/custom_interfaces/custom_interfaces/msg/detail/num__type_support.h
[20.305s] -- Installing: /home/vboxuser/ros2_ws/install/custom_interfaces/include/custom_interfaces/custom_interfaces/msg/detail/sphere__type_support.h
[20.305s] -- Installing: /home/vboxuser/ros2_ws/install/custom_interfaces/include/custom_interfaces/custom_interfaces/msg/detail/sphere__functions.h
[20.306s] -- Installing: /home/vboxuser/ros2_ws/install/custom_interfaces/include/custom_interfaces/custom_interfaces/msg/num.h
[20.306s] -- Up-to-date: /home/vboxuser/ros2_ws/install/custom_interfaces/include/custom_interfaces/custom_interfaces/srv
[20.306s] -- Up-to-date: /home/vboxuser/ros2_ws/install/custom_interfaces/include/custom_interfaces/custom_interfaces/srv/detail
[20.306s] -- Installing: /home/vboxuser/ros2_ws/install/custom_interfaces/include/custom_interfaces/custom_interfaces/srv/detail/scan_i2_cconnect__functions.c
[20.306s] -- Installing: /home/vboxuser/ros2_ws/install/custom_interfaces/include/custom_interfaces/custom_interfaces/srv/detail/add_three_ints__struct.h
[20.307s] -- Installing: /home/vboxuser/ros2_ws/install/custom_interfaces/include/custom_interfaces/custom_interfaces/srv/detail/add_three_ints__functions.c
[20.307s] -- Installing: /home/vboxuser/ros2_ws/install/custom_interfaces/include/custom_interfaces/custom_interfaces/srv/detail/scan_i2_cconnect__functions.h
[20.308s] -- Installing: /home/vboxuser/ros2_ws/install/custom_interfaces/include/custom_interfaces/custom_interfaces/srv/detail/scan_i2_cconnect__type_support.h
[20.308s] -- Installing: /home/vboxuser/ros2_ws/install/custom_interfaces/include/custom_interfaces/custom_interfaces/srv/detail/scan_i2_cconnect__struct.h
[20.308s] -- Installing: /home/vboxuser/ros2_ws/install/custom_interfaces/include/custom_interfaces/custom_interfaces/srv/detail/add_three_ints__type_support.h
[20.308s] -- Installing: /home/vboxuser/ros2_ws/install/custom_interfaces/include/custom_interfaces/custom_interfaces/srv/detail/add_three_ints__functions.h
[20.309s] -- Installing: /home/vboxuser/ros2_ws/install/custom_interfaces/include/custom_interfaces/custom_interfaces/srv/add_three_ints.h
[20.309s] -- Installing: /home/vboxuser/ros2_ws/install/custom_interfaces/include/custom_interfaces/custom_interfaces/srv/scan_i2_cconnect.h
[20.310s] -- Up-to-date: /home/vboxuser/ros2_ws/install/custom_interfaces/share/custom_interfaces/environment/library_path.sh
[20.310s] -- Installing: /home/vboxuser/ros2_ws/install/custom_interfaces/share/custom_interfaces/environment/library_path.dsv
[20.310s] -- Installing: /home/vboxuser/ros2_ws/install/custom_interfaces/lib/libcustom_interfaces__rosidl_generator_c.so
[20.310s] -- Set runtime path of "/home/vboxuser/ros2_ws/install/custom_interfaces/lib/libcustom_interfaces__rosidl_generator_c.so" to ""
[20.310s] -- Up-to-date: /home/vboxuser/ros2_ws/install/custom_interfaces/include/custom_interfaces/custom_interfaces
[20.310s] -- Up-to-date: /home/vboxuser/ros2_ws/install/custom_interfaces/include/custom_interfaces/custom_interfaces/msg
[20.310s] -- Up-to-date: /home/vboxuser/ros2_ws/install/custom_interfaces/include/custom_interfaces/custom_interfaces/msg/detail
[20.311s] -- Installing: /home/vboxuser/ros2_ws/install/custom_interfaces/include/custom_interfaces/custom_interfaces/msg/detail/num__rosidl_typesupport_fastrtps_c.h
[20.311s] -- Installing: /home/vboxuser/ros2_ws/install/custom_interfaces/include/custom_interfaces/custom_interfaces/msg/detail/sphere__rosidl_typesupport_fastrtps_c.h
[20.311s] -- Up-to-date: /home/vboxuser/ros2_ws/install/custom_interfaces/include/custom_interfaces/custom_interfaces/msg/rosidl_typesupport_fastrtps_c__visibility_control.h
[20.311s] -- Up-to-date: /home/vboxuser/ros2_ws/install/custom_interfaces/include/custom_interfaces/custom_interfaces/srv
[20.311s] -- Up-to-date: /home/vboxuser/ros2_ws/install/custom_interfaces/include/custom_interfaces/custom_interfaces/srv/detail
[20.311s] -- Installing: /home/vboxuser/ros2_ws/install/custom_interfaces/include/custom_interfaces/custom_interfaces/srv/detail/scan_i2_cconnect__rosidl_typesupport_fastrtps_c.h
[20.312s] -- Installing: /home/vboxuser/ros2_ws/install/custom_interfaces/include/custom_interfaces/custom_interfaces/srv/detail/add_three_ints__rosidl_typesupport_fastrtps_c.h
[20.312s] -- Installing: /home/vboxuser/ros2_ws/install/custom_interfaces/lib/libcustom_interfaces__rosidl_typesupport_fastrtps_c.so
[20.312s] -- Set runtime path of "/home/vboxuser/ros2_ws/install/custom_interfaces/lib/libcustom_interfaces__rosidl_typesupport_fastrtps_c.so" to ""
[20.312s] -- Up-to-date: /home/vboxuser/ros2_ws/install/custom_interfaces/include/custom_interfaces/custom_interfaces
[20.313s] -- Up-to-date: /home/vboxuser/ros2_ws/install/custom_interfaces/include/custom_interfaces/custom_interfaces/msg
[20.313s] -- Installing: /home/vboxuser/ros2_ws/install/custom_interfaces/include/custom_interfaces/custom_interfaces/msg/num.hpp
[20.314s] -- Up-to-date: /home/vboxuser/ros2_ws/install/custom_interfaces/include/custom_interfaces/custom_interfaces/msg/detail
[20.315s] -- Installing: /home/vboxuser/ros2_ws/install/custom_interfaces/include/custom_interfaces/custom_interfaces/msg/detail/num__struct.hpp
[20.315s] -- Installing: /home/vboxuser/ros2_ws/install/custom_interfaces/include/custom_interfaces/custom_interfaces/msg/detail/num__traits.hpp
[20.315s] -- Installing: /home/vboxuser/ros2_ws/install/custom_interfaces/include/custom_interfaces/custom_interfaces/msg/detail/sphere__traits.hpp
[20.315s] -- Installing: /home/vboxuser/ros2_ws/install/custom_interfaces/include/custom_interfaces/custom_interfaces/msg/detail/sphere__builder.hpp
[20.316s] -- Installing: /home/vboxuser/ros2_ws/install/custom_interfaces/include/custom_interfaces/custom_interfaces/msg/detail/num__builder.hpp
[20.316s] -- Installing: /home/vboxuser/ros2_ws/install/custom_interfaces/include/custom_interfaces/custom_interfaces/msg/detail/sphere__struct.hpp
[20.317s] -- Installing: /home/vboxuser/ros2_ws/install/custom_interfaces/include/custom_interfaces/custom_interfaces/msg/sphere.hpp
[20.317s] -- Up-to-date: /home/vboxuser/ros2_ws/install/custom_interfaces/include/custom_interfaces/custom_interfaces/srv
[20.317s] -- Up-to-date: /home/vboxuser/ros2_ws/install/custom_interfaces/include/custom_interfaces/custom_interfaces/srv/detail
[20.317s] -- Installing: /home/vboxuser/ros2_ws/install/custom_interfaces/include/custom_interfaces/custom_interfaces/srv/detail/scan_i2_cconnect__traits.hpp
[20.318s] -- Installing: /home/vboxuser/ros2_ws/install/custom_interfaces/include/custom_interfaces/custom_interfaces/srv/detail/add_three_ints__traits.hpp
[20.319s] -- Installing: /home/vboxuser/ros2_ws/install/custom_interfaces/include/custom_interfaces/custom_interfaces/srv/detail/scan_i2_cconnect__struct.hpp
[20.320s] -- Installing: /home/vboxuser/ros2_ws/install/custom_interfaces/include/custom_interfaces/custom_interfaces/srv/detail/add_three_ints__struct.hpp
[20.320s] -- Installing: /home/vboxuser/ros2_ws/install/custom_interfaces/include/custom_interfaces/custom_interfaces/srv/detail/scan_i2_cconnect__builder.hpp
[20.320s] -- Installing: /home/vboxuser/ros2_ws/install/custom_interfaces/include/custom_interfaces/custom_interfaces/srv/detail/add_three_ints__builder.hpp
[20.320s] -- Installing: /home/vboxuser/ros2_ws/install/custom_interfaces/include/custom_interfaces/custom_interfaces/srv/scan_i2_cconnect.hpp
[20.320s] -- Installing: /home/vboxuser/ros2_ws/install/custom_interfaces/include/custom_interfaces/custom_interfaces/srv/add_three_ints.hpp
[20.320s] -- Up-to-date: /home/vboxuser/ros2_ws/install/custom_interfaces/include/custom_interfaces/custom_interfaces
[20.320s] -- Up-to-date: /home/vboxuser/ros2_ws/install/custom_interfaces/include/custom_interfaces/custom_interfaces/msg
[20.320s] -- Up-to-date: /home/vboxuser/ros2_ws/install/custom_interfaces/include/custom_interfaces/custom_interfaces/msg/rosidl_typesupport_fastrtps_cpp__visibility_control.h
[20.320s] -- Up-to-date: /home/vboxuser/ros2_ws/install/custom_interfaces/include/custom_interfaces/custom_interfaces/msg/detail
[20.321s] -- Up-to-date: /home/vboxuser/ros2_ws/install/custom_interfaces/include/custom_interfaces/custom_interfaces/msg/detail/dds_fastrtps
[20.321s] -- Installing: /home/vboxuser/ros2_ws/install/custom_interfaces/include/custom_interfaces/custom_interfaces/msg/detail/num__rosidl_typesupport_fastrtps_cpp.hpp
[20.321s] -- Installing: /home/vboxuser/ros2_ws/install/custom_interfaces/include/custom_interfaces/custom_interfaces/msg/detail/sphere__rosidl_typesupport_fastrtps_cpp.hpp
[20.321s] -- Up-to-date: /home/vboxuser/ros2_ws/install/custom_interfaces/include/custom_interfaces/custom_interfaces/srv
[20.321s] -- Up-to-date: /home/vboxuser/ros2_ws/install/custom_interfaces/include/custom_interfaces/custom_interfaces/srv/detail
[20.321s] -- Installing: /home/vboxuser/ros2_ws/install/custom_interfaces/include/custom_interfaces/custom_interfaces/srv/detail/scan_i2_cconnect__rosidl_typesupport_fastrtps_cpp.hpp
[20.321s] -- Installing: /home/vboxuser/ros2_ws/install/custom_interfaces/include/custom_interfaces/custom_interfaces/srv/detail/add_three_ints__rosidl_typesupport_fastrtps_cpp.hpp
[20.321s] -- Up-to-date: /home/vboxuser/ros2_ws/install/custom_interfaces/include/custom_interfaces/custom_interfaces/srv/detail/dds_fastrtps
[20.321s] -- Installing: /home/vboxuser/ros2_ws/install/custom_interfaces/lib/libcustom_interfaces__rosidl_typesupport_fastrtps_cpp.so
[20.321s] -- Set runtime path of "/home/vboxuser/ros2_ws/install/custom_interfaces/lib/libcustom_interfaces__rosidl_typesupport_fastrtps_cpp.so" to ""
[20.321s] -- Up-to-date: /home/vboxuser/ros2_ws/install/custom_interfaces/include/custom_interfaces/custom_interfaces
[20.321s] -- Up-to-date: /home/vboxuser/ros2_ws/install/custom_interfaces/include/custom_interfaces/custom_interfaces/msg
[20.321s] -- Up-to-date: /home/vboxuser/ros2_ws/install/custom_interfaces/include/custom_interfaces/custom_interfaces/msg/detail
[20.321s] -- Installing: /home/vboxuser/ros2_ws/install/custom_interfaces/include/custom_interfaces/custom_interfaces/msg/detail/num__rosidl_typesupport_introspection_c.h
[20.321s] -- Installing: /home/vboxuser/ros2_ws/install/custom_interfaces/include/custom_interfaces/custom_interfaces/msg/detail/sphere__type_support.c
[20.321s] -- Installing: /home/vboxuser/ros2_ws/install/custom_interfaces/include/custom_interfaces/custom_interfaces/msg/detail/sphere__rosidl_typesupport_introspection_c.h
[20.322s] -- Installing: /home/vboxuser/ros2_ws/install/custom_interfaces/include/custom_interfaces/custom_interfaces/msg/detail/num__type_support.c
[20.322s] -- Up-to-date: /home/vboxuser/ros2_ws/install/custom_interfaces/include/custom_interfaces/custom_interfaces/msg/rosidl_typesupport_introspection_c__visibility_control.h
[20.322s] -- Up-to-date: /home/vboxuser/ros2_ws/install/custom_interfaces/include/custom_interfaces/custom_interfaces/srv
[20.322s] -- Up-to-date: /home/vboxuser/ros2_ws/install/custom_interfaces/include/custom_interfaces/custom_interfaces/srv/detail
[20.322s] -- Installing: /home/vboxuser/ros2_ws/install/custom_interfaces/include/custom_interfaces/custom_interfaces/srv/detail/scan_i2_cconnect__rosidl_typesupport_introspection_c.h
[20.322s] -- Installing: /home/vboxuser/ros2_ws/install/custom_interfaces/include/custom_interfaces/custom_interfaces/srv/detail/add_three_ints__rosidl_typesupport_introspection_c.h
[20.322s] -- Installing: /home/vboxuser/ros2_ws/install/custom_interfaces/include/custom_interfaces/custom_interfaces/srv/detail/scan_i2_cconnect__type_support.c
[20.322s] -- Installing: /home/vboxuser/ros2_ws/install/custom_interfaces/include/custom_interfaces/custom_interfaces/srv/detail/add_three_ints__type_support.c
[20.331s] -- Installing: /home/vboxuser/ros2_ws/install/custom_interfaces/lib/libcustom_interfaces__rosidl_typesupport_introspection_c.so
[20.332s] -- Set runtime path of "/home/vboxuser/ros2_ws/install/custom_interfaces/lib/libcustom_interfaces__rosidl_typesupport_introspection_c.so" to ""
[20.332s] -- Installing: /home/vboxuser/ros2_ws/install/custom_interfaces/lib/libcustom_interfaces__rosidl_typesupport_c.so
[20.333s] -- Set runtime path of "/home/vboxuser/ros2_ws/install/custom_interfaces/lib/libcustom_interfaces__rosidl_typesupport_c.so" to ""
[20.333s] -- Up-to-date: /home/vboxuser/ros2_ws/install/custom_interfaces/include/custom_interfaces/custom_interfaces
[20.333s] -- Up-to-date: /home/vboxuser/ros2_ws/install/custom_interfaces/include/custom_interfaces/custom_interfaces/msg
[20.339s] -- Up-to-date: /home/vboxuser/ros2_ws/install/custom_interfaces/include/custom_interfaces/custom_interfaces/msg/detail
[20.340s] -- Installing: /home/vboxuser/ros2_ws/install/custom_interfaces/include/custom_interfaces/custom_interfaces/msg/detail/num__rosidl_typesupport_introspection_cpp.hpp
[20.340s] -- Installing: /home/vboxuser/ros2_ws/install/custom_interfaces/include/custom_interfaces/custom_interfaces/msg/detail/sphere__type_support.cpp
[20.340s] -- Installing: /home/vboxuser/ros2_ws/install/custom_interfaces/include/custom_interfaces/custom_interfaces/msg/detail/sphere__rosidl_typesupport_introspection_cpp.hpp
[20.340s] -- Installing: /home/vboxuser/ros2_ws/install/custom_interfaces/include/custom_interfaces/custom_interfaces/msg/detail/num__type_support.cpp
[20.341s] -- Up-to-date: /home/vboxuser/ros2_ws/install/custom_interfaces/include/custom_interfaces/custom_interfaces/srv
[20.341s] -- Up-to-date: /home/vboxuser/ros2_ws/install/custom_interfaces/include/custom_interfaces/custom_interfaces/srv/detail
[20.342s] -- Installing: /home/vboxuser/ros2_ws/install/custom_interfaces/include/custom_interfaces/custom_interfaces/srv/detail/add_three_ints__rosidl_typesupport_introspection_cpp.hpp
[20.342s] -- Installing: /home/vboxuser/ros2_ws/install/custom_interfaces/include/custom_interfaces/custom_interfaces/srv/detail/add_three_ints__type_support.cpp
[20.343s] -- Installing: /home/vboxuser/ros2_ws/install/custom_interfaces/include/custom_interfaces/custom_interfaces/srv/detail/scan_i2_cconnect__type_support.cpp
[20.343s] -- Installing: /home/vboxuser/ros2_ws/install/custom_interfaces/include/custom_interfaces/custom_interfaces/srv/detail/scan_i2_cconnect__rosidl_typesupport_introspection_cpp.hpp
[20.343s] -- Installing: /home/vboxuser/ros2_ws/install/custom_interfaces/lib/libcustom_interfaces__rosidl_typesupport_introspection_cpp.so
[20.343s] -- Set runtime path of "/home/vboxuser/ros2_ws/install/custom_interfaces/lib/libcustom_interfaces__rosidl_typesupport_introspection_cpp.so" to ""
[20.343s] -- Installing: /home/vboxuser/ros2_ws/install/custom_interfaces/lib/libcustom_interfaces__rosidl_typesupport_cpp.so
[20.343s] -- Set runtime path of "/home/vboxuser/ros2_ws/install/custom_interfaces/lib/libcustom_interfaces__rosidl_typesupport_cpp.so" to ""
[20.343s] -- Up-to-date: /home/vboxuser/ros2_ws/install/custom_interfaces/share/custom_interfaces/environment/pythonpath.sh
[20.343s] -- Installing: /home/vboxuser/ros2_ws/install/custom_interfaces/share/custom_interfaces/environment/pythonpath.dsv
[20.343s] -- Up-to-date: /home/vboxuser/ros2_ws/install/custom_interfaces/local/lib/python3.10/dist-packages/custom_interfaces-0.0.0-py3.10.egg-info
[20.344s] -- Installing: /home/vboxuser/ros2_ws/install/custom_interfaces/local/lib/python3.10/dist-packages/custom_interfaces-0.0.0-py3.10.egg-info/PKG-INFO
[20.344s] -- Installing: /home/vboxuser/ros2_ws/install/custom_interfaces/local/lib/python3.10/dist-packages/custom_interfaces-0.0.0-py3.10.egg-info/SOURCES.txt
[20.344s] -- Installing: /home/vboxuser/ros2_ws/install/custom_interfaces/local/lib/python3.10/dist-packages/custom_interfaces-0.0.0-py3.10.egg-info/dependency_links.txt
[20.344s] -- Installing: /home/vboxuser/ros2_ws/install/custom_interfaces/local/lib/python3.10/dist-packages/custom_interfaces-0.0.0-py3.10.egg-info/top_level.txt
[20.344s] -- Up-to-date: /home/vboxuser/ros2_ws/install/custom_interfaces/local/lib/python3.10/dist-packages/custom_interfaces
[20.344s] -- Installing: /home/vboxuser/ros2_ws/install/custom_interfaces/local/lib/python3.10/dist-packages/custom_interfaces/_custom_interfaces_s.ep.rosidl_typesupport_c.c
[20.344s] -- Up-to-date: /home/vboxuser/ros2_ws/install/custom_interfaces/local/lib/python3.10/dist-packages/custom_interfaces/msg
[20.344s] -- Installing: /home/vboxuser/ros2_ws/install/custom_interfaces/local/lib/python3.10/dist-packages/custom_interfaces/msg/_num_s.c
[20.344s] -- Installing: /home/vboxuser/ros2_ws/install/custom_interfaces/local/lib/python3.10/dist-packages/custom_interfaces/msg/_sphere_s.c
[20.344s] -- Installing: /home/vboxuser/ros2_ws/install/custom_interfaces/local/lib/python3.10/dist-packages/custom_interfaces/msg/_sphere.py
[20.344s] -- Installing: /home/vboxuser/ros2_ws/install/custom_interfaces/local/lib/python3.10/dist-packages/custom_interfaces/msg/_num.py
[20.345s] -- Installing: /home/vboxuser/ros2_ws/install/custom_interfaces/local/lib/python3.10/dist-packages/custom_interfaces/msg/__init__.py
[20.345s] -- Installing: /home/vboxuser/ros2_ws/install/custom_interfaces/local/lib/python3.10/dist-packages/custom_interfaces/custom_interfaces_s__rosidl_typesupport_fastrtps_c.cpython-310-x86_64-linux-gnu.so
[20.345s] -- Installing: /home/vboxuser/ros2_ws/install/custom_interfaces/local/lib/python3.10/dist-packages/custom_interfaces/custom_interfaces_s__rosidl_typesupport_c.cpython-310-x86_64-linux-gnu.so
[20.345s] -- Up-to-date: /home/vboxuser/ros2_ws/install/custom_interfaces/local/lib/python3.10/dist-packages/custom_interfaces/srv
[20.345s] -- Installing: /home/vboxuser/ros2_ws/install/custom_interfaces/local/lib/python3.10/dist-packages/custom_interfaces/srv/_add_three_ints_s.c
[20.345s] -- Installing: /home/vboxuser/ros2_ws/install/custom_interfaces/local/lib/python3.10/dist-packages/custom_interfaces/srv/_scan_i2_cconnect.py
[20.345s] -- Installing: /home/vboxuser/ros2_ws/install/custom_interfaces/local/lib/python3.10/dist-packages/custom_interfaces/srv/_add_three_ints.py
[20.345s] -- Installing: /home/vboxuser/ros2_ws/install/custom_interfaces/local/lib/python3.10/dist-packages/custom_interfaces/srv/__init__.py
[20.345s] -- Installing: /home/vboxuser/ros2_ws/install/custom_interfaces/local/lib/python3.10/dist-packages/custom_interfaces/srv/_scan_i2_cconnect_s.c
[20.345s] -- Installing: /home/vboxuser/ros2_ws/install/custom_interfaces/local/lib/python3.10/dist-packages/custom_interfaces/_custom_interfaces_s.ep.rosidl_typesupport_introspection_c.c
[20.345s] -- Installing: /home/vboxuser/ros2_ws/install/custom_interfaces/local/lib/python3.10/dist-packages/custom_interfaces/__init__.py
[20.345s] -- Installing: /home/vboxuser/ros2_ws/install/custom_interfaces/local/lib/python3.10/dist-packages/custom_interfaces/_custom_interfaces_s.ep.rosidl_typesupport_fastrtps_c.c
[20.346s] -- Installing: /home/vboxuser/ros2_ws/install/custom_interfaces/local/lib/python3.10/dist-packages/custom_interfaces/custom_interfaces_s__rosidl_typesupport_introspection_c.cpython-310-x86_64-linux-gnu.so
[20.346s] -- Installing: /home/vboxuser/ros2_ws/install/custom_interfaces/local/lib/python3.10/dist-packages/custom_interfaces/libcustom_interfaces__rosidl_generator_py.so
[20.615s] Listing '/home/vboxuser/ros2_ws/install/custom_interfaces/local/lib/python3.10/dist-packages/custom_interfaces'...
[20.615s] Compiling '/home/vboxuser/ros2_ws/install/custom_interfaces/local/lib/python3.10/dist-packages/custom_interfaces/__init__.py'...
[20.615s] Listing '/home/vboxuser/ros2_ws/install/custom_interfaces/local/lib/python3.10/dist-packages/custom_interfaces/msg'...
[20.615s] Compiling '/home/vboxuser/ros2_ws/install/custom_interfaces/local/lib/python3.10/dist-packages/custom_interfaces/msg/__init__.py'...
[20.615s] Compiling '/home/vboxuser/ros2_ws/install/custom_interfaces/local/lib/python3.10/dist-packages/custom_interfaces/msg/_num.py'...
[20.615s] Compiling '/home/vboxuser/ros2_ws/install/custom_interfaces/local/lib/python3.10/dist-packages/custom_interfaces/msg/_sphere.py'...
[20.615s] Listing '/home/vboxuser/ros2_ws/install/custom_interfaces/local/lib/python3.10/dist-packages/custom_interfaces/srv'...
[20.615s] Compiling '/home/vboxuser/ros2_ws/install/custom_interfaces/local/lib/python3.10/dist-packages/custom_interfaces/srv/__init__.py'...
[20.615s] Compiling '/home/vboxuser/ros2_ws/install/custom_interfaces/local/lib/python3.10/dist-packages/custom_interfaces/srv/_add_three_ints.py'...
[20.615s] Compiling '/home/vboxuser/ros2_ws/install/custom_interfaces/local/lib/python3.10/dist-packages/custom_interfaces/srv/_scan_i2_cconnect.py'...
[20.621s] -- Installing: /home/vboxuser/ros2_ws/install/custom_interfaces/local/lib/python3.10/dist-packages/custom_interfaces/custom_interfaces_s__rosidl_typesupport_introspection_c.cpython-310-x86_64-linux-gnu.so
[20.622s] -- Set runtime path of "/home/vboxuser/ros2_ws/install/custom_interfaces/local/lib/python3.10/dist-packages/custom_interfaces/custom_interfaces_s__rosidl_typesupport_introspection_c.cpython-310-x86_64-linux-gnu.so" to ""
[20.622s] -- Installing: /home/vboxuser/ros2_ws/install/custom_interfaces/local/lib/python3.10/dist-packages/custom_interfaces/custom_interfaces_s__rosidl_typesupport_fastrtps_c.cpython-310-x86_64-linux-gnu.so
[20.623s] -- Set runtime path of "/home/vboxuser/ros2_ws/install/custom_interfaces/local/lib/python3.10/dist-packages/custom_interfaces/custom_interfaces_s__rosidl_typesupport_fastrtps_c.cpython-310-x86_64-linux-gnu.so" to ""
[20.623s] -- Installing: /home/vboxuser/ros2_ws/install/custom_interfaces/local/lib/python3.10/dist-packages/custom_interfaces/custom_interfaces_s__rosidl_typesupport_c.cpython-310-x86_64-linux-gnu.so
[20.624s] -- Set runtime path of "/home/vboxuser/ros2_ws/install/custom_interfaces/local/lib/python3.10/dist-packages/custom_interfaces/custom_interfaces_s__rosidl_typesupport_c.cpython-310-x86_64-linux-gnu.so" to ""
[20.624s] -- Installing: /home/vboxuser/ros2_ws/install/custom_interfaces/lib/libcustom_interfaces__rosidl_generator_py.so
[20.625s] -- Set runtime path of "/home/vboxuser/ros2_ws/install/custom_interfaces/lib/libcustom_interfaces__rosidl_generator_py.so" to ""
[20.625s] -- Up-to-date: /home/vboxuser/ros2_ws/install/custom_interfaces/share/custom_interfaces/msg/Num.idl
[20.626s] -- Up-to-date: /home/vboxuser/ros2_ws/install/custom_interfaces/share/custom_interfaces/msg/Sphere.idl
[20.626s] -- Up-to-date: /home/vboxuser/ros2_ws/install/custom_interfaces/share/custom_interfaces/srv/AddThreeInts.idl
[20.626s] -- Installing: /home/vboxuser/ros2_ws/install/custom_interfaces/share/custom_interfaces/srv/ScanI2Cconnect.idl
[20.627s] -- Up-to-date: /home/vboxuser/ros2_ws/install/custom_interfaces/share/custom_interfaces/msg/Num.msg
[20.627s] -- Up-to-date: /home/vboxuser/ros2_ws/install/custom_interfaces/share/custom_interfaces/msg/Sphere.msg
[20.627s] -- Up-to-date: /home/vboxuser/ros2_ws/install/custom_interfaces/share/custom_interfaces/srv/AddThreeInts.srv
[20.627s] -- Up-to-date: /home/vboxuser/ros2_ws/install/custom_interfaces/share/custom_interfaces/srv/AddThreeInts_Request.msg
[20.627s] -- Up-to-date: /home/vboxuser/ros2_ws/install/custom_interfaces/share/custom_interfaces/srv/AddThreeInts_Response.msg
[20.627s] -- Installing: /home/vboxuser/ros2_ws/install/custom_interfaces/share/custom_interfaces/srv/ScanI2Cconnect.srv
[20.627s] -- Installing: /home/vboxuser/ros2_ws/install/custom_interfaces/share/custom_interfaces/srv/ScanI2Cconnect_Request.msg
[20.627s] -- Installing: /home/vboxuser/ros2_ws/install/custom_interfaces/share/custom_interfaces/srv/ScanI2Cconnect_Response.msg
[20.628s] -- Up-to-date: /home/vboxuser/ros2_ws/install/custom_interfaces/share/ament_index/resource_index/package_run_dependencies/custom_interfaces
[20.628s] -- Installing: /home/vboxuser/ros2_ws/install/custom_interfaces/share/ament_index/resource_index/parent_prefix_path/custom_interfaces
[20.628s] -- Installing: /home/vboxuser/ros2_ws/install/custom_interfaces/share/custom_interfaces/environment/ament_prefix_path.dsv
[20.628s] -- Installing: /home/vboxuser/ros2_ws/install/custom_interfaces/share/custom_interfaces/environment/path.dsv
[20.629s] -- Up-to-date: /home/vboxuser/ros2_ws/install/custom_interfaces/share/custom_interfaces/local_setup.bash
[20.629s] -- Up-to-date: /home/vboxuser/ros2_ws/install/custom_interfaces/share/custom_interfaces/local_setup.sh
[20.629s] -- Up-to-date: /home/vboxuser/ros2_ws/install/custom_interfaces/share/custom_interfaces/local_setup.zsh
[20.629s] -- Installing: /home/vboxuser/ros2_ws/install/custom_interfaces/share/custom_interfaces/local_setup.dsv
[20.630s] -- Installing: /home/vboxuser/ros2_ws/install/custom_interfaces/share/custom_interfaces/package.dsv
[20.630s] -- Up-to-date: /home/vboxuser/ros2_ws/install/custom_interfaces/share/ament_index/resource_index/packages/custom_interfaces
[20.630s] -- Up-to-date: /home/vboxuser/ros2_ws/install/custom_interfaces/share/custom_interfaces/cmake/export_custom_interfaces__rosidl_generator_cExport.cmake
[20.630s] -- Up-to-date: /home/vboxuser/ros2_ws/install/custom_interfaces/share/custom_interfaces/cmake/export_custom_interfaces__rosidl_generator_cExport-noconfig.cmake
[20.631s] -- Up-to-date: /home/vboxuser/ros2_ws/install/custom_interfaces/share/custom_interfaces/cmake/export_custom_interfaces__rosidl_typesupport_fastrtps_cExport.cmake
[20.631s] -- Up-to-date: /home/vboxuser/ros2_ws/install/custom_interfaces/share/custom_interfaces/cmake/export_custom_interfaces__rosidl_typesupport_fastrtps_cExport-noconfig.cmake
[20.631s] -- Up-to-date: /home/vboxuser/ros2_ws/install/custom_interfaces/share/custom_interfaces/cmake/export_custom_interfaces__rosidl_generator_cppExport.cmake
[20.632s] -- Up-to-date: /home/vboxuser/ros2_ws/install/custom_interfaces/share/custom_interfaces/cmake/export_custom_interfaces__rosidl_typesupport_fastrtps_cppExport.cmake
[20.632s] -- Up-to-date: /home/vboxuser/ros2_ws/install/custom_interfaces/share/custom_interfaces/cmake/export_custom_interfaces__rosidl_typesupport_fastrtps_cppExport-noconfig.cmake
[20.632s] -- Up-to-date: /home/vboxuser/ros2_ws/install/custom_interfaces/share/custom_interfaces/cmake/custom_interfaces__rosidl_typesupport_introspection_cExport.cmake
[20.632s] -- Up-to-date: /home/vboxuser/ros2_ws/install/custom_interfaces/share/custom_interfaces/cmake/custom_interfaces__rosidl_typesupport_introspection_cExport-noconfig.cmake
[20.632s] -- Up-to-date: /home/vboxuser/ros2_ws/install/custom_interfaces/share/custom_interfaces/cmake/custom_interfaces__rosidl_typesupport_cExport.cmake
[20.633s] -- Up-to-date: /home/vboxuser/ros2_ws/install/custom_interfaces/share/custom_interfaces/cmake/custom_interfaces__rosidl_typesupport_cExport-noconfig.cmake
[20.633s] -- Up-to-date: /home/vboxuser/ros2_ws/install/custom_interfaces/share/custom_interfaces/cmake/custom_interfaces__rosidl_typesupport_introspection_cppExport.cmake
[20.633s] -- Up-to-date: /home/vboxuser/ros2_ws/install/custom_interfaces/share/custom_interfaces/cmake/custom_interfaces__rosidl_typesupport_introspection_cppExport-noconfig.cmake
[20.633s] -- Up-to-date: /home/vboxuser/ros2_ws/install/custom_interfaces/share/custom_interfaces/cmake/custom_interfaces__rosidl_typesupport_cppExport.cmake
[20.633s] -- Up-to-date: /home/vboxuser/ros2_ws/install/custom_interfaces/share/custom_interfaces/cmake/custom_interfaces__rosidl_typesupport_cppExport-noconfig.cmake
[20.634s] -- Up-to-date: /home/vboxuser/ros2_ws/install/custom_interfaces/share/custom_interfaces/cmake/export_custom_interfaces__rosidl_generator_pyExport.cmake
[20.634s] -- Up-to-date: /home/vboxuser/ros2_ws/install/custom_interfaces/share/custom_interfaces/cmake/export_custom_interfaces__rosidl_generator_pyExport-noconfig.cmake
[20.634s] -- Installing: /home/vboxuser/ros2_ws/install/custom_interfaces/share/custom_interfaces/cmake/rosidl_cmake-extras.cmake
[20.634s] -- Up-to-date: /home/vboxuser/ros2_ws/install/custom_interfaces/share/custom_interfaces/cmake/ament_cmake_export_dependencies-extras.cmake
[20.634s] -- Up-to-date: /home/vboxuser/ros2_ws/install/custom_interfaces/share/custom_interfaces/cmake/ament_cmake_export_include_directories-extras.cmake
[20.634s] -- Up-to-date: /home/vboxuser/ros2_ws/install/custom_interfaces/share/custom_interfaces/cmake/ament_cmake_export_libraries-extras.cmake
[20.634s] -- Up-to-date: /home/vboxuser/ros2_ws/install/custom_interfaces/share/custom_interfaces/cmake/ament_cmake_export_targets-extras.cmake
[20.634s] -- Up-to-date: /home/vboxuser/ros2_ws/install/custom_interfaces/share/custom_interfaces/cmake/rosidl_cmake_export_typesupport_targets-extras.cmake
[20.635s] -- Up-to-date: /home/vboxuser/ros2_ws/install/custom_interfaces/share/custom_interfaces/cmake/rosidl_cmake_export_typesupport_libraries-extras.cmake
[20.635s] -- Up-to-date: /home/vboxuser/ros2_ws/install/custom_interfaces/share/custom_interfaces/cmake/custom_interfacesConfig.cmake
[20.635s] -- Up-to-date: /home/vboxuser/ros2_ws/install/custom_interfaces/share/custom_interfaces/cmake/custom_interfacesConfig-version.cmake
[20.635s] -- Up-to-date: /home/vboxuser/ros2_ws/install/custom_interfaces/share/custom_interfaces/package.xml
[20.639s] Invoked command in '/home/vboxuser/ros2_ws/build/custom_interfaces' returned '0': CMAKE_PREFIX_PATH=${CMAKE_PREFIX_PATH}:/home/vboxuser/ros2_humble/install/rqt_bag_plugins:/home/vboxuser/ros2_humble/install/rqt_bag:/home/vboxuser/ros2_humble/install/ros2bag:/home/vboxuser/ros2_humble/install/tracetools_test:/home/vboxuser/ros2_humble/install/tracetools_launch:/home/vboxuser/ros2_humble/install/topic_monitor:/home/vboxuser/ros2_humble/install/tf2_tools:/home/vboxuser/ros2_humble/install/examples_tf2_py:/home/vboxuser/ros2_humble/install/tf2_ros_py:/home/vboxuser/ros2_humble/install/sros2:/home/vboxuser/ros2_humble/install/rqt_topic:/home/vboxuser/ros2_humble/install/rqt_srv:/home/vboxuser/ros2_humble/install/rqt_shell:/home/vboxuser/ros2_humble/install/rqt_service_caller:/home/vboxuser/ros2_humble/install/rqt_reconfigure:/home/vboxuser/ros2_humble/install/rqt_py_console:/home/vboxuser/ros2_humble/install/rqt_publisher:/home/vboxuser/ros2_humble/install/rqt_plot:/home/vboxuser/ros2_humble/install/rqt_action:/home/vboxuser/ros2_humble/install/rqt_msg:/home/vboxuser/ros2_humble/install/rqt_console:/home/vboxuser/ros2_humble/install/rqt:/home/vboxuser/ros2_humble/install/rqt_graph:/home/vboxuser/ros2_humble/install/rqt_gui_py:/home/vboxuser/ros2_humble/install/rqt_gui:/home/vboxuser/ros2_humble/install/ros2trace:/home/vboxuser/ros2_humble/install/ros2topic:/home/vboxuser/ros2_humble/install/ros2test:/home/vboxuser/ros2_humble/install/ros2component:/home/vboxuser/ros2_humble/install/ros2param:/home/vboxuser/ros2_humble/install/ros2lifecycle:/home/vboxuser/ros2_humble/install/ros2service:/home/vboxuser/ros2_humble/install/ros2run:/home/vboxuser/ros2_humble/install/ros2launch:/home/vboxuser/ros2_humble/install/ros2pkg:/home/vboxuser/ros2_humble/install/ros2node:/home/vboxuser/ros2_humble/install/ros2multicast:/home/vboxuser/ros2_humble/install/ros2interface:/home/vboxuser/ros2_humble/install/ros2doctor:/home/vboxuser/ros2_humble/install/ros2action:/home/vboxuser/ros2_humble/install/ros2cli:/home/vboxuser/ros2_humble/install/quality_of_service_demo_py:/home/vboxuser/ros2_humble/install/lifecycle_py:/home/vboxuser/ros2_humble/install/launch_testing_ros:/home/vboxuser/ros2_humble/install/launch_ros:/home/vboxuser/ros2_humble/install/examples_rclpy_pointcloud_publisher:/home/vboxuser/ros2_humble/install/examples_rclpy_minimal_subscriber:/home/vboxuser/ros2_humble/install/examples_rclpy_minimal_service:/home/vboxuser/ros2_humble/install/examples_rclpy_minimal_publisher:/home/vboxuser/ros2_humble/install/examples_rclpy_minimal_client:/home/vboxuser/ros2_humble/install/examples_rclpy_minimal_action_server:/home/vboxuser/ros2_humble/install/examples_rclpy_minimal_action_client:/home/vboxuser/ros2_humble/install/examples_rclpy_guard_conditions:/home/vboxuser/ros2_humble/install/examples_rclpy_executors:/home/vboxuser/ros2_humble/install/demo_nodes_py:/home/vboxuser/ros2_humble/install/action_tutorials_py:/home/vboxuser/ros2_humble/install/ament_uncrustify:/home/vboxuser/ros2_humble/install/tracetools_trace:/home/vboxuser/ros2_humble/install/tracetools_read:/home/vboxuser/ros2_humble/install/test_tracetools_launch:/home/vboxuser/ros2_humble/install/test_launch_ros:/home/vboxuser/ros2_humble/install/sensor_msgs_py:/home/vboxuser/ros2_humble/install/rpyutils:/home/vboxuser/ros2_humble/install/rosidl_runtime_py:/home/vboxuser/ros2_humble/install/rosidl_cli:/home/vboxuser/ros2_humble/install/launch_pytest:/home/vboxuser/ros2_humble/install/launch_testing:/home/vboxuser/ros2_humble/install/launch_yaml:/home/vboxuser/ros2_humble/install/launch_xml:/home/vboxuser/ros2_humble/install/launch:/home/vboxuser/ros2_humble/install/osrf_pycommon:/home/vboxuser/ros2_humble/install/launch_testing_examples:/home/vboxuser/ros2_humble/install/domain_coordinator:/home/vboxuser/ros2_humble/install/ament_xmllint:/home/vboxuser/ros2_humble/install/ament_pyflakes:/home/vboxuser/ros2_humble/install/ament_pycodestyle:/home/vboxuser/ros2_humble/install/ament_pep257:/home/vboxuser/ros2_humble/install/ament_pclint:/home/vboxuser/ros2_humble/install/ament_package:/home/vboxuser/ros2_humble/install/ament_mypy:/home/vboxuser/ros2_humble/install/ament_lint_cmake:/home/vboxuser/ros2_humble/install/ament_flake8:/home/vboxuser/ros2_humble/install/ament_copyright:/home/vboxuser/ros2_humble/install/ament_lint:/home/vboxuser/ros2_humble/install/ament_index_python:/home/vboxuser/ros2_humble/install/ament_cpplint:/home/vboxuser/ros2_humble/install/ament_cppcheck:/home/vboxuser/ros2_humble/install/ament_clang_tidy:/home/vboxuser/ros2_humble/install/ament_clang_format /usr/bin/cmake --install /home/vboxuser/ros2_ws/build/custom_interfaces
