-- The C compiler identification is GNU 11.3.0
-- The CXX compiler identification is GNU 11.3.0
-- Detecting C compiler ABI info
-- Detecting C compiler ABI info - done
-- Check for working C compiler: /usr/bin/cc - skipped
-- Detecting C compile features
-- Detecting C compile features - done
-- Detecting CXX compiler ABI info
-- Detecting CXX compiler ABI info - done
-- Check for working CXX compiler: /usr/bin/c++ - skipped
-- Detecting CXX compile features
-- Detecting CXX compile features - done
-- Found ament_cmake: 1.3.3 (/home/vboxuser/ros2_humble/install/ament_cmake/share/ament_cmake/cmake)
-- Found Python3: /usr/bin/python3.10 (found version "3.10.6") found components: Interpreter 
-- Found ament_lint_auto: 0.12.5 (/home/vboxuser/ros2_humble/install/ament_lint_auto/share/ament_lint_auto/cmake)
-- Added test 'cppcheck' to perform static code analysis on C / C++ code
-- Configured cppcheck include dirs: /home/vboxuser/Haste/src/my_library/include
-- Configured cppcheck exclude dirs and/or files: 
-- Added test 'lint_cmake' to check CMake code style
-- Added test 'uncrustify' to check C / C++ code style
-- Configured uncrustify additional arguments: 
-- Added test 'xmllint' to check XML markup files
-- Configuring done
-- Generating done
-- Build files have been written to: /home/vboxuser/Haste/src/build/my_library
[ 50%] [32mBuilding CXX object CMakeFiles/my_library.dir/src/my_library.cpp.o[0m
[100%] [32m[1mLinking CXX static library libmy_library.a[0m
[100%] Built target my_library
-- Install configuration: ""
-- Installing: /home/vboxuser/Haste/src/install/my_library/share/my_library/environment/library_path.sh
-- Installing: /home/vboxuser/Haste/src/install/my_library/share/my_library/environment/library_path.dsv
-- Installing: /home/vboxuser/Haste/src/install/my_library/include/my_library
-- Installing: /home/vboxuser/Haste/src/install/my_library/include/my_library/my_library.hpp
-- Installing: /home/vboxuser/Haste/src/install/my_library/lib/libmy_library.a
-- Installing: /home/vboxuser/Haste/src/install/my_library/share/ament_index/resource_index/package_run_dependencies/my_library
-- Installing: /home/vboxuser/Haste/src/install/my_library/share/ament_index/resource_index/parent_prefix_path/my_library
-- Installing: /home/vboxuser/Haste/src/install/my_library/share/my_library/environment/ament_prefix_path.sh
-- Installing: /home/vboxuser/Haste/src/install/my_library/share/my_library/environment/ament_prefix_path.dsv
-- Installing: /home/vboxuser/Haste/src/install/my_library/share/my_library/environment/path.sh
-- Installing: /home/vboxuser/Haste/src/install/my_library/share/my_library/environment/path.dsv
-- Installing: /home/vboxuser/Haste/src/install/my_library/share/my_library/local_setup.bash
-- Installing: /home/vboxuser/Haste/src/install/my_library/share/my_library/local_setup.sh
-- Installing: /home/vboxuser/Haste/src/install/my_library/share/my_library/local_setup.zsh
-- Installing: /home/vboxuser/Haste/src/install/my_library/share/my_library/local_setup.dsv
-- Installing: /home/vboxuser/Haste/src/install/my_library/share/my_library/package.dsv
-- Installing: /home/vboxuser/Haste/src/install/my_library/share/ament_index/resource_index/packages/my_library
-- Installing: /home/vboxuser/Haste/src/install/my_library/share/my_library/cmake/my_libraryExport.cmake
-- Installing: /home/vboxuser/Haste/src/install/my_library/share/my_library/cmake/my_libraryExport-noconfig.cmake
-- Installing: /home/vboxuser/Haste/src/install/my_library/share/my_library/cmake/ament_cmake_export_targets-extras.cmake
-- Installing: /home/vboxuser/Haste/src/install/my_library/share/my_library/cmake/my_libraryConfig.cmake
-- Installing: /home/vboxuser/Haste/src/install/my_library/share/my_library/cmake/my_libraryConfig-version.cmake
-- Installing: /home/vboxuser/Haste/src/install/my_library/share/my_library/package.xml
